[2026-05-10T21:19:04.833+0000] {processor.py:186} INFO - Started process (PID=245) to work on /opt/airflow/dags/09_advanced/01_jinja_templating.py
[2026-05-10T21:19:04.834+0000] {processor.py:914} INFO - Processing file /opt/airflow/dags/09_advanced/01_jinja_templating.py for tasks to queue
[2026-05-10T21:19:04.835+0000] {logging_mixin.py:190} INFO - [2026-05-10T21:19:04.834+0000] {dagbag.py:588} INFO - Filling up the DagBag from /opt/airflow/dags/09_advanced/01_jinja_templating.py
[2026-05-10T21:19:04.842+0000] {processor.py:925} INFO - DAG(s) 'mod_09_01_jinja_templating' retrieved from /opt/airflow/dags/09_advanced/01_jinja_templating.py
[2026-05-10T21:19:04.896+0000] {logging_mixin.py:190} INFO - [2026-05-10T21:19:04.895+0000] {override.py:1912} INFO - Created Permission View: can delete on DAG:mod_09_01_jinja_templating
[2026-05-10T21:19:04.900+0000] {logging_mixin.py:190} INFO - [2026-05-10T21:19:04.900+0000] {override.py:1912} INFO - Created Permission View: can edit on DAG:mod_09_01_jinja_templating
[2026-05-10T21:19:04.902+0000] {logging_mixin.py:190} INFO - [2026-05-10T21:19:04.902+0000] {override.py:1912} INFO - Created Permission View: can read on DAG:mod_09_01_jinja_templating
[2026-05-10T21:19:04.905+0000] {logging_mixin.py:190} INFO - [2026-05-10T21:19:04.905+0000] {override.py:1912} INFO - Created Permission View: can delete on DAG Run:mod_09_01_jinja_templating
[2026-05-10T21:19:04.907+0000] {logging_mixin.py:190} INFO - [2026-05-10T21:19:04.907+0000] {override.py:1912} INFO - Created Permission View: menu access on DAG Run:mod_09_01_jinja_templating
[2026-05-10T21:19:04.909+0000] {logging_mixin.py:190} INFO - [2026-05-10T21:19:04.909+0000] {override.py:1912} INFO - Created Permission View: can create on DAG Run:mod_09_01_jinja_templating
[2026-05-10T21:19:04.912+0000] {logging_mixin.py:190} INFO - [2026-05-10T21:19:04.912+0000] {override.py:1912} INFO - Created Permission View: can read on DAG Run:mod_09_01_jinja_templating
[2026-05-10T21:19:04.912+0000] {logging_mixin.py:190} INFO - [2026-05-10T21:19:04.912+0000] {dag.py:3239} INFO - Sync 1 DAGs
[2026-05-10T21:19:04.917+0000] {logging_mixin.py:190} INFO - [2026-05-10T21:19:04.917+0000] {dag.py:3262} INFO - Creating ORM DAG for mod_09_01_jinja_templating
[2026-05-10T21:19:04.923+0000] {logging_mixin.py:190} INFO - [2026-05-10T21:19:04.923+0000] {dag.py:4180} INFO - Setting next_dagrun for mod_09_01_jinja_templating to 2026-05-09 00:00:00+00:00, run_after=2026-05-10 00:00:00+00:00
[2026-05-10T21:19:04.932+0000] {processor.py:208} INFO - Processing /opt/airflow/dags/09_advanced/01_jinja_templating.py took 0.102 seconds
[2026-05-10T21:19:35.419+0000] {processor.py:186} INFO - Started process (PID=446) to work on /opt/airflow/dags/09_advanced/01_jinja_templating.py
[2026-05-10T21:19:35.424+0000] {processor.py:914} INFO - Processing file /opt/airflow/dags/09_advanced/01_jinja_templating.py for tasks to queue
[2026-05-10T21:19:35.426+0000] {logging_mixin.py:190} INFO - [2026-05-10T21:19:35.426+0000] {dagbag.py:588} INFO - Filling up the DagBag from /opt/airflow/dags/09_advanced/01_jinja_templating.py
[2026-05-10T21:19:35.435+0000] {processor.py:925} INFO - DAG(s) 'mod_09_01_jinja_templating' retrieved from /opt/airflow/dags/09_advanced/01_jinja_templating.py
[2026-05-10T21:19:35.446+0000] {logging_mixin.py:190} INFO - [2026-05-10T21:19:35.445+0000] {dag.py:3239} INFO - Sync 1 DAGs
[2026-05-10T21:19:35.455+0000] {logging_mixin.py:190} INFO - [2026-05-10T21:19:35.454+0000] {dag.py:4180} INFO - Setting next_dagrun for mod_09_01_jinja_templating to 2026-05-09 00:00:00+00:00, run_after=2026-05-10 00:00:00+00:00
[2026-05-10T21:19:35.467+0000] {processor.py:208} INFO - Processing /opt/airflow/dags/09_advanced/01_jinja_templating.py took 0.051 seconds
[2026-05-10T21:20:05.915+0000] {processor.py:186} INFO - Started process (PID=649) to work on /opt/airflow/dags/09_advanced/01_jinja_templating.py
[2026-05-10T21:20:05.916+0000] {processor.py:914} INFO - Processing file /opt/airflow/dags/09_advanced/01_jinja_templating.py for tasks to queue
[2026-05-10T21:20:05.917+0000] {logging_mixin.py:190} INFO - [2026-05-10T21:20:05.917+0000] {dagbag.py:588} INFO - Filling up the DagBag from /opt/airflow/dags/09_advanced/01_jinja_templating.py
[2026-05-10T21:20:05.925+0000] {processor.py:925} INFO - DAG(s) 'mod_09_01_jinja_templating' retrieved from /opt/airflow/dags/09_advanced/01_jinja_templating.py
[2026-05-10T21:20:05.934+0000] {logging_mixin.py:190} INFO - [2026-05-10T21:20:05.934+0000] {dag.py:3239} INFO - Sync 1 DAGs
[2026-05-10T21:20:05.944+0000] {logging_mixin.py:190} INFO - [2026-05-10T21:20:05.944+0000] {dag.py:4180} INFO - Setting next_dagrun for mod_09_01_jinja_templating to 2026-05-09 00:00:00+00:00, run_after=2026-05-10 00:00:00+00:00
[2026-05-10T21:20:05.956+0000] {processor.py:208} INFO - Processing /opt/airflow/dags/09_advanced/01_jinja_templating.py took 0.043 seconds
[2026-05-10T21:20:36.428+0000] {processor.py:186} INFO - Started process (PID=852) to work on /opt/airflow/dags/09_advanced/01_jinja_templating.py
[2026-05-10T21:20:36.429+0000] {processor.py:914} INFO - Processing file /opt/airflow/dags/09_advanced/01_jinja_templating.py for tasks to queue
[2026-05-10T21:20:36.430+0000] {logging_mixin.py:190} INFO - [2026-05-10T21:20:36.430+0000] {dagbag.py:588} INFO - Filling up the DagBag from /opt/airflow/dags/09_advanced/01_jinja_templating.py
[2026-05-10T21:20:36.440+0000] {processor.py:925} INFO - DAG(s) 'mod_09_01_jinja_templating' retrieved from /opt/airflow/dags/09_advanced/01_jinja_templating.py
[2026-05-10T21:20:36.457+0000] {logging_mixin.py:190} INFO - [2026-05-10T21:20:36.457+0000] {dag.py:3239} INFO - Sync 1 DAGs
[2026-05-10T21:20:36.469+0000] {logging_mixin.py:190} INFO - [2026-05-10T21:20:36.468+0000] {dag.py:4180} INFO - Setting next_dagrun for mod_09_01_jinja_templating to 2026-05-09 00:00:00+00:00, run_after=2026-05-10 00:00:00+00:00
[2026-05-10T21:20:36.476+0000] {processor.py:208} INFO - Processing /opt/airflow/dags/09_advanced/01_jinja_templating.py took 0.052 seconds
[2026-05-10T21:21:06.983+0000] {processor.py:186} INFO - Started process (PID=1055) to work on /opt/airflow/dags/09_advanced/01_jinja_templating.py
[2026-05-10T21:21:06.983+0000] {processor.py:914} INFO - Processing file /opt/airflow/dags/09_advanced/01_jinja_templating.py for tasks to queue
[2026-05-10T21:21:06.985+0000] {logging_mixin.py:190} INFO - [2026-05-10T21:21:06.985+0000] {dagbag.py:588} INFO - Filling up the DagBag from /opt/airflow/dags/09_advanced/01_jinja_templating.py
[2026-05-10T21:21:06.992+0000] {processor.py:925} INFO - DAG(s) 'mod_09_01_jinja_templating' retrieved from /opt/airflow/dags/09_advanced/01_jinja_templating.py
[2026-05-10T21:21:07.004+0000] {logging_mixin.py:190} INFO - [2026-05-10T21:21:07.004+0000] {dag.py:3239} INFO - Sync 1 DAGs
[2026-05-10T21:21:07.015+0000] {logging_mixin.py:190} INFO - [2026-05-10T21:21:07.015+0000] {dag.py:4180} INFO - Setting next_dagrun for mod_09_01_jinja_templating to 2026-05-09 00:00:00+00:00, run_after=2026-05-10 00:00:00+00:00
[2026-05-10T21:21:07.023+0000] {processor.py:208} INFO - Processing /opt/airflow/dags/09_advanced/01_jinja_templating.py took 0.043 seconds
[2026-05-10T21:21:37.552+0000] {processor.py:186} INFO - Started process (PID=1258) to work on /opt/airflow/dags/09_advanced/01_jinja_templating.py
[2026-05-10T21:21:37.552+0000] {processor.py:914} INFO - Processing file /opt/airflow/dags/09_advanced/01_jinja_templating.py for tasks to queue
[2026-05-10T21:21:37.553+0000] {logging_mixin.py:190} INFO - [2026-05-10T21:21:37.553+0000] {dagbag.py:588} INFO - Filling up the DagBag from /opt/airflow/dags/09_advanced/01_jinja_templating.py
[2026-05-10T21:21:37.562+0000] {processor.py:925} INFO - DAG(s) 'mod_09_01_jinja_templating' retrieved from /opt/airflow/dags/09_advanced/01_jinja_templating.py
[2026-05-10T21:21:37.571+0000] {logging_mixin.py:190} INFO - [2026-05-10T21:21:37.571+0000] {dag.py:3239} INFO - Sync 1 DAGs
[2026-05-10T21:21:37.579+0000] {logging_mixin.py:190} INFO - [2026-05-10T21:21:37.579+0000] {dag.py:4180} INFO - Setting next_dagrun for mod_09_01_jinja_templating to 2026-05-09 00:00:00+00:00, run_after=2026-05-10 00:00:00+00:00
[2026-05-10T21:21:37.588+0000] {processor.py:208} INFO - Processing /opt/airflow/dags/09_advanced/01_jinja_templating.py took 0.040 seconds
[2026-05-10T21:22:08.045+0000] {processor.py:186} INFO - Started process (PID=1461) to work on /opt/airflow/dags/09_advanced/01_jinja_templating.py
[2026-05-10T21:22:08.046+0000] {processor.py:914} INFO - Processing file /opt/airflow/dags/09_advanced/01_jinja_templating.py for tasks to queue
[2026-05-10T21:22:08.047+0000] {logging_mixin.py:190} INFO - [2026-05-10T21:22:08.047+0000] {dagbag.py:588} INFO - Filling up the DagBag from /opt/airflow/dags/09_advanced/01_jinja_templating.py
[2026-05-10T21:22:08.054+0000] {processor.py:925} INFO - DAG(s) 'mod_09_01_jinja_templating' retrieved from /opt/airflow/dags/09_advanced/01_jinja_templating.py
[2026-05-10T21:22:08.064+0000] {logging_mixin.py:190} INFO - [2026-05-10T21:22:08.064+0000] {dag.py:3239} INFO - Sync 1 DAGs
[2026-05-10T21:22:08.075+0000] {logging_mixin.py:190} INFO - [2026-05-10T21:22:08.075+0000] {dag.py:4180} INFO - Setting next_dagrun for mod_09_01_jinja_templating to 2026-05-09 00:00:00+00:00, run_after=2026-05-10 00:00:00+00:00
[2026-05-10T21:22:08.085+0000] {processor.py:208} INFO - Processing /opt/airflow/dags/09_advanced/01_jinja_templating.py took 0.042 seconds
[2026-05-10T21:22:38.498+0000] {processor.py:186} INFO - Started process (PID=1664) to work on /opt/airflow/dags/09_advanced/01_jinja_templating.py
[2026-05-10T21:22:38.499+0000] {processor.py:914} INFO - Processing file /opt/airflow/dags/09_advanced/01_jinja_templating.py for tasks to queue
[2026-05-10T21:22:38.500+0000] {logging_mixin.py:190} INFO - [2026-05-10T21:22:38.500+0000] {dagbag.py:588} INFO - Filling up the DagBag from /opt/airflow/dags/09_advanced/01_jinja_templating.py
[2026-05-10T21:22:38.509+0000] {processor.py:925} INFO - DAG(s) 'mod_09_01_jinja_templating' retrieved from /opt/airflow/dags/09_advanced/01_jinja_templating.py
[2026-05-10T21:22:38.522+0000] {logging_mixin.py:190} INFO - [2026-05-10T21:22:38.521+0000] {dag.py:3239} INFO - Sync 1 DAGs
[2026-05-10T21:22:38.533+0000] {logging_mixin.py:190} INFO - [2026-05-10T21:22:38.533+0000] {dag.py:4180} INFO - Setting next_dagrun for mod_09_01_jinja_templating to 2026-05-09 00:00:00+00:00, run_after=2026-05-10 00:00:00+00:00
[2026-05-10T21:22:38.547+0000] {processor.py:208} INFO - Processing /opt/airflow/dags/09_advanced/01_jinja_templating.py took 0.051 seconds
[2026-05-10T21:23:08.954+0000] {processor.py:186} INFO - Started process (PID=1867) to work on /opt/airflow/dags/09_advanced/01_jinja_templating.py
[2026-05-10T21:23:08.955+0000] {processor.py:914} INFO - Processing file /opt/airflow/dags/09_advanced/01_jinja_templating.py for tasks to queue
[2026-05-10T21:23:08.956+0000] {logging_mixin.py:190} INFO - [2026-05-10T21:23:08.956+0000] {dagbag.py:588} INFO - Filling up the DagBag from /opt/airflow/dags/09_advanced/01_jinja_templating.py
[2026-05-10T21:23:08.965+0000] {processor.py:925} INFO - DAG(s) 'mod_09_01_jinja_templating' retrieved from /opt/airflow/dags/09_advanced/01_jinja_templating.py
[2026-05-10T21:23:08.974+0000] {logging_mixin.py:190} INFO - [2026-05-10T21:23:08.974+0000] {dag.py:3239} INFO - Sync 1 DAGs
[2026-05-10T21:23:08.984+0000] {logging_mixin.py:190} INFO - [2026-05-10T21:23:08.984+0000] {dag.py:4180} INFO - Setting next_dagrun for mod_09_01_jinja_templating to 2026-05-09 00:00:00+00:00, run_after=2026-05-10 00:00:00+00:00
[2026-05-10T21:23:08.995+0000] {processor.py:208} INFO - Processing /opt/airflow/dags/09_advanced/01_jinja_templating.py took 0.044 seconds
[2026-05-10T21:23:39.399+0000] {processor.py:186} INFO - Started process (PID=2070) to work on /opt/airflow/dags/09_advanced/01_jinja_templating.py
[2026-05-10T21:23:39.400+0000] {processor.py:914} INFO - Processing file /opt/airflow/dags/09_advanced/01_jinja_templating.py for tasks to queue
[2026-05-10T21:23:39.401+0000] {logging_mixin.py:190} INFO - [2026-05-10T21:23:39.400+0000] {dagbag.py:588} INFO - Filling up the DagBag from /opt/airflow/dags/09_advanced/01_jinja_templating.py
[2026-05-10T21:23:39.406+0000] {processor.py:925} INFO - DAG(s) 'mod_09_01_jinja_templating' retrieved from /opt/airflow/dags/09_advanced/01_jinja_templating.py
[2026-05-10T21:23:39.417+0000] {logging_mixin.py:190} INFO - [2026-05-10T21:23:39.417+0000] {dag.py:3239} INFO - Sync 1 DAGs
[2026-05-10T21:23:39.426+0000] {logging_mixin.py:190} INFO - [2026-05-10T21:23:39.426+0000] {dag.py:4180} INFO - Setting next_dagrun for mod_09_01_jinja_templating to 2026-05-09 00:00:00+00:00, run_after=2026-05-10 00:00:00+00:00
[2026-05-10T21:23:39.432+0000] {processor.py:208} INFO - Processing /opt/airflow/dags/09_advanced/01_jinja_templating.py took 0.037 seconds
[2026-05-10T21:24:09.953+0000] {processor.py:186} INFO - Started process (PID=2287) to work on /opt/airflow/dags/09_advanced/01_jinja_templating.py
[2026-05-10T21:24:09.954+0000] {processor.py:914} INFO - Processing file /opt/airflow/dags/09_advanced/01_jinja_templating.py for tasks to queue
[2026-05-10T21:24:09.956+0000] {logging_mixin.py:190} INFO - [2026-05-10T21:24:09.956+0000] {dagbag.py:588} INFO - Filling up the DagBag from /opt/airflow/dags/09_advanced/01_jinja_templating.py
[2026-05-10T21:24:09.964+0000] {processor.py:925} INFO - DAG(s) 'mod_09_01_jinja_templating' retrieved from /opt/airflow/dags/09_advanced/01_jinja_templating.py
[2026-05-10T21:24:09.973+0000] {logging_mixin.py:190} INFO - [2026-05-10T21:24:09.973+0000] {dag.py:3239} INFO - Sync 1 DAGs
[2026-05-10T21:24:09.986+0000] {logging_mixin.py:190} INFO - [2026-05-10T21:24:09.985+0000] {dag.py:4180} INFO - Setting next_dagrun for mod_09_01_jinja_templating to 2026-05-09 00:00:00+00:00, run_after=2026-05-10 00:00:00+00:00
[2026-05-10T21:24:09.998+0000] {processor.py:208} INFO - Processing /opt/airflow/dags/09_advanced/01_jinja_templating.py took 0.048 seconds
[2026-05-10T21:24:40.433+0000] {processor.py:186} INFO - Started process (PID=2490) to work on /opt/airflow/dags/09_advanced/01_jinja_templating.py
[2026-05-10T21:24:40.434+0000] {processor.py:914} INFO - Processing file /opt/airflow/dags/09_advanced/01_jinja_templating.py for tasks to queue
[2026-05-10T21:24:40.436+0000] {logging_mixin.py:190} INFO - [2026-05-10T21:24:40.436+0000] {dagbag.py:588} INFO - Filling up the DagBag from /opt/airflow/dags/09_advanced/01_jinja_templating.py
[2026-05-10T21:24:40.443+0000] {processor.py:925} INFO - DAG(s) 'mod_09_01_jinja_templating' retrieved from /opt/airflow/dags/09_advanced/01_jinja_templating.py
[2026-05-10T21:24:40.453+0000] {logging_mixin.py:190} INFO - [2026-05-10T21:24:40.453+0000] {dag.py:3239} INFO - Sync 1 DAGs
[2026-05-10T21:24:40.462+0000] {logging_mixin.py:190} INFO - [2026-05-10T21:24:40.462+0000] {dag.py:4180} INFO - Setting next_dagrun for mod_09_01_jinja_templating to 2026-05-09 00:00:00+00:00, run_after=2026-05-10 00:00:00+00:00
[2026-05-10T21:24:40.469+0000] {processor.py:208} INFO - Processing /opt/airflow/dags/09_advanced/01_jinja_templating.py took 0.038 seconds
[2026-05-10T21:25:10.921+0000] {processor.py:186} INFO - Started process (PID=2695) to work on /opt/airflow/dags/09_advanced/01_jinja_templating.py
[2026-05-10T21:25:10.922+0000] {processor.py:914} INFO - Processing file /opt/airflow/dags/09_advanced/01_jinja_templating.py for tasks to queue
[2026-05-10T21:25:10.922+0000] {logging_mixin.py:190} INFO - [2026-05-10T21:25:10.922+0000] {dagbag.py:588} INFO - Filling up the DagBag from /opt/airflow/dags/09_advanced/01_jinja_templating.py
[2026-05-10T21:25:10.928+0000] {processor.py:925} INFO - DAG(s) 'mod_09_01_jinja_templating' retrieved from /opt/airflow/dags/09_advanced/01_jinja_templating.py
[2026-05-10T21:25:10.935+0000] {logging_mixin.py:190} INFO - [2026-05-10T21:25:10.935+0000] {dag.py:3239} INFO - Sync 1 DAGs
[2026-05-10T21:25:10.943+0000] {logging_mixin.py:190} INFO - [2026-05-10T21:25:10.943+0000] {dag.py:4180} INFO - Setting next_dagrun for mod_09_01_jinja_templating to 2026-05-09 00:00:00+00:00, run_after=2026-05-10 00:00:00+00:00
[2026-05-10T21:25:10.948+0000] {processor.py:208} INFO - Processing /opt/airflow/dags/09_advanced/01_jinja_templating.py took 0.029 seconds
[2026-05-10T21:25:41.466+0000] {processor.py:186} INFO - Started process (PID=2896) to work on /opt/airflow/dags/09_advanced/01_jinja_templating.py
[2026-05-10T21:25:41.467+0000] {processor.py:914} INFO - Processing file /opt/airflow/dags/09_advanced/01_jinja_templating.py for tasks to queue
[2026-05-10T21:25:41.469+0000] {logging_mixin.py:190} INFO - [2026-05-10T21:25:41.468+0000] {dagbag.py:588} INFO - Filling up the DagBag from /opt/airflow/dags/09_advanced/01_jinja_templating.py
[2026-05-10T21:25:41.476+0000] {processor.py:925} INFO - DAG(s) 'mod_09_01_jinja_templating' retrieved from /opt/airflow/dags/09_advanced/01_jinja_templating.py
[2026-05-10T21:25:41.488+0000] {logging_mixin.py:190} INFO - [2026-05-10T21:25:41.488+0000] {dag.py:3239} INFO - Sync 1 DAGs
[2026-05-10T21:25:41.498+0000] {logging_mixin.py:190} INFO - [2026-05-10T21:25:41.498+0000] {dag.py:4180} INFO - Setting next_dagrun for mod_09_01_jinja_templating to 2026-05-09 00:00:00+00:00, run_after=2026-05-10 00:00:00+00:00
[2026-05-10T21:25:41.507+0000] {processor.py:208} INFO - Processing /opt/airflow/dags/09_advanced/01_jinja_templating.py took 0.043 seconds
[2026-05-10T21:26:12.078+0000] {processor.py:186} INFO - Started process (PID=3101) to work on /opt/airflow/dags/09_advanced/01_jinja_templating.py
[2026-05-10T21:26:12.078+0000] {processor.py:914} INFO - Processing file /opt/airflow/dags/09_advanced/01_jinja_templating.py for tasks to queue
[2026-05-10T21:26:12.079+0000] {logging_mixin.py:190} INFO - [2026-05-10T21:26:12.079+0000] {dagbag.py:588} INFO - Filling up the DagBag from /opt/airflow/dags/09_advanced/01_jinja_templating.py
[2026-05-10T21:26:12.089+0000] {processor.py:925} INFO - DAG(s) 'mod_09_01_jinja_templating' retrieved from /opt/airflow/dags/09_advanced/01_jinja_templating.py
[2026-05-10T21:26:12.098+0000] {logging_mixin.py:190} INFO - [2026-05-10T21:26:12.098+0000] {dag.py:3239} INFO - Sync 1 DAGs
[2026-05-10T21:26:12.110+0000] {logging_mixin.py:190} INFO - [2026-05-10T21:26:12.110+0000] {dag.py:4180} INFO - Setting next_dagrun for mod_09_01_jinja_templating to 2026-05-09 00:00:00+00:00, run_after=2026-05-10 00:00:00+00:00
[2026-05-10T21:26:12.124+0000] {processor.py:208} INFO - Processing /opt/airflow/dags/09_advanced/01_jinja_templating.py took 0.050 seconds
[2026-05-10T21:26:42.539+0000] {processor.py:186} INFO - Started process (PID=3302) to work on /opt/airflow/dags/09_advanced/01_jinja_templating.py
[2026-05-10T21:26:42.540+0000] {processor.py:914} INFO - Processing file /opt/airflow/dags/09_advanced/01_jinja_templating.py for tasks to queue
[2026-05-10T21:26:42.541+0000] {logging_mixin.py:190} INFO - [2026-05-10T21:26:42.541+0000] {dagbag.py:588} INFO - Filling up the DagBag from /opt/airflow/dags/09_advanced/01_jinja_templating.py
[2026-05-10T21:26:42.549+0000] {processor.py:925} INFO - DAG(s) 'mod_09_01_jinja_templating' retrieved from /opt/airflow/dags/09_advanced/01_jinja_templating.py
[2026-05-10T21:26:42.561+0000] {logging_mixin.py:190} INFO - [2026-05-10T21:26:42.561+0000] {dag.py:3239} INFO - Sync 1 DAGs
[2026-05-10T21:26:42.572+0000] {logging_mixin.py:190} INFO - [2026-05-10T21:26:42.572+0000] {dag.py:4180} INFO - Setting next_dagrun for mod_09_01_jinja_templating to 2026-05-09 00:00:00+00:00, run_after=2026-05-10 00:00:00+00:00
[2026-05-10T21:26:42.579+0000] {processor.py:208} INFO - Processing /opt/airflow/dags/09_advanced/01_jinja_templating.py took 0.043 seconds
[2026-05-10T21:27:13.152+0000] {processor.py:186} INFO - Started process (PID=3505) to work on /opt/airflow/dags/09_advanced/01_jinja_templating.py
[2026-05-10T21:27:13.152+0000] {processor.py:914} INFO - Processing file /opt/airflow/dags/09_advanced/01_jinja_templating.py for tasks to queue
[2026-05-10T21:27:13.156+0000] {logging_mixin.py:190} INFO - [2026-05-10T21:27:13.155+0000] {dagbag.py:588} INFO - Filling up the DagBag from /opt/airflow/dags/09_advanced/01_jinja_templating.py
[2026-05-10T21:27:13.162+0000] {processor.py:925} INFO - DAG(s) 'mod_09_01_jinja_templating' retrieved from /opt/airflow/dags/09_advanced/01_jinja_templating.py
[2026-05-10T21:27:13.176+0000] {logging_mixin.py:190} INFO - [2026-05-10T21:27:13.175+0000] {dag.py:3239} INFO - Sync 1 DAGs
[2026-05-10T21:27:13.186+0000] {logging_mixin.py:190} INFO - [2026-05-10T21:27:13.186+0000] {dag.py:4180} INFO - Setting next_dagrun for mod_09_01_jinja_templating to 2026-05-09 00:00:00+00:00, run_after=2026-05-10 00:00:00+00:00
[2026-05-10T21:27:13.198+0000] {processor.py:208} INFO - Processing /opt/airflow/dags/09_advanced/01_jinja_templating.py took 0.049 seconds
[2026-05-10T21:27:43.686+0000] {processor.py:186} INFO - Started process (PID=3708) to work on /opt/airflow/dags/09_advanced/01_jinja_templating.py
[2026-05-10T21:27:43.686+0000] {processor.py:914} INFO - Processing file /opt/airflow/dags/09_advanced/01_jinja_templating.py for tasks to queue
[2026-05-10T21:27:43.688+0000] {logging_mixin.py:190} INFO - [2026-05-10T21:27:43.688+0000] {dagbag.py:588} INFO - Filling up the DagBag from /opt/airflow/dags/09_advanced/01_jinja_templating.py
[2026-05-10T21:27:43.696+0000] {processor.py:925} INFO - DAG(s) 'mod_09_01_jinja_templating' retrieved from /opt/airflow/dags/09_advanced/01_jinja_templating.py
[2026-05-10T21:27:43.709+0000] {logging_mixin.py:190} INFO - [2026-05-10T21:27:43.709+0000] {dag.py:3239} INFO - Sync 1 DAGs
[2026-05-10T21:27:43.720+0000] {logging_mixin.py:190} INFO - [2026-05-10T21:27:43.720+0000] {dag.py:4180} INFO - Setting next_dagrun for mod_09_01_jinja_templating to 2026-05-09 00:00:00+00:00, run_after=2026-05-10 00:00:00+00:00
[2026-05-10T21:27:43.731+0000] {processor.py:208} INFO - Processing /opt/airflow/dags/09_advanced/01_jinja_templating.py took 0.048 seconds
[2026-05-10T21:28:14.145+0000] {processor.py:186} INFO - Started process (PID=3911) to work on /opt/airflow/dags/09_advanced/01_jinja_templating.py
[2026-05-10T21:28:14.146+0000] {processor.py:914} INFO - Processing file /opt/airflow/dags/09_advanced/01_jinja_templating.py for tasks to queue
[2026-05-10T21:28:14.147+0000] {logging_mixin.py:190} INFO - [2026-05-10T21:28:14.147+0000] {dagbag.py:588} INFO - Filling up the DagBag from /opt/airflow/dags/09_advanced/01_jinja_templating.py
[2026-05-10T21:28:14.155+0000] {processor.py:925} INFO - DAG(s) 'mod_09_01_jinja_templating' retrieved from /opt/airflow/dags/09_advanced/01_jinja_templating.py
[2026-05-10T21:28:14.167+0000] {logging_mixin.py:190} INFO - [2026-05-10T21:28:14.167+0000] {dag.py:3239} INFO - Sync 1 DAGs
[2026-05-10T21:28:14.177+0000] {logging_mixin.py:190} INFO - [2026-05-10T21:28:14.177+0000] {dag.py:4180} INFO - Setting next_dagrun for mod_09_01_jinja_templating to 2026-05-09 00:00:00+00:00, run_after=2026-05-10 00:00:00+00:00
[2026-05-10T21:28:14.186+0000] {processor.py:208} INFO - Processing /opt/airflow/dags/09_advanced/01_jinja_templating.py took 0.043 seconds
[2026-05-10T21:28:44.668+0000] {processor.py:186} INFO - Started process (PID=4114) to work on /opt/airflow/dags/09_advanced/01_jinja_templating.py
[2026-05-10T21:28:44.669+0000] {processor.py:914} INFO - Processing file /opt/airflow/dags/09_advanced/01_jinja_templating.py for tasks to queue
[2026-05-10T21:28:44.670+0000] {logging_mixin.py:190} INFO - [2026-05-10T21:28:44.670+0000] {dagbag.py:588} INFO - Filling up the DagBag from /opt/airflow/dags/09_advanced/01_jinja_templating.py
[2026-05-10T21:28:44.678+0000] {processor.py:925} INFO - DAG(s) 'mod_09_01_jinja_templating' retrieved from /opt/airflow/dags/09_advanced/01_jinja_templating.py
[2026-05-10T21:28:44.688+0000] {logging_mixin.py:190} INFO - [2026-05-10T21:28:44.688+0000] {dag.py:3239} INFO - Sync 1 DAGs
[2026-05-10T21:28:44.697+0000] {logging_mixin.py:190} INFO - [2026-05-10T21:28:44.697+0000] {dag.py:4180} INFO - Setting next_dagrun for mod_09_01_jinja_templating to 2026-05-09 00:00:00+00:00, run_after=2026-05-10 00:00:00+00:00
[2026-05-10T21:28:44.708+0000] {processor.py:208} INFO - Processing /opt/airflow/dags/09_advanced/01_jinja_templating.py took 0.042 seconds
[2026-05-10T21:29:15.256+0000] {processor.py:186} INFO - Started process (PID=4317) to work on /opt/airflow/dags/09_advanced/01_jinja_templating.py
[2026-05-10T21:29:15.256+0000] {processor.py:914} INFO - Processing file /opt/airflow/dags/09_advanced/01_jinja_templating.py for tasks to queue
[2026-05-10T21:29:15.258+0000] {logging_mixin.py:190} INFO - [2026-05-10T21:29:15.258+0000] {dagbag.py:588} INFO - Filling up the DagBag from /opt/airflow/dags/09_advanced/01_jinja_templating.py
[2026-05-10T21:29:15.266+0000] {processor.py:925} INFO - DAG(s) 'mod_09_01_jinja_templating' retrieved from /opt/airflow/dags/09_advanced/01_jinja_templating.py
[2026-05-10T21:29:15.277+0000] {logging_mixin.py:190} INFO - [2026-05-10T21:29:15.277+0000] {dag.py:3239} INFO - Sync 1 DAGs
[2026-05-10T21:29:15.288+0000] {logging_mixin.py:190} INFO - [2026-05-10T21:29:15.288+0000] {dag.py:4180} INFO - Setting next_dagrun for mod_09_01_jinja_templating to 2026-05-09 00:00:00+00:00, run_after=2026-05-10 00:00:00+00:00
[2026-05-10T21:29:15.299+0000] {processor.py:208} INFO - Processing /opt/airflow/dags/09_advanced/01_jinja_templating.py took 0.046 seconds
[2026-05-10T21:29:45.829+0000] {processor.py:186} INFO - Started process (PID=4520) to work on /opt/airflow/dags/09_advanced/01_jinja_templating.py
[2026-05-10T21:29:45.830+0000] {processor.py:914} INFO - Processing file /opt/airflow/dags/09_advanced/01_jinja_templating.py for tasks to queue
[2026-05-10T21:29:45.831+0000] {logging_mixin.py:190} INFO - [2026-05-10T21:29:45.831+0000] {dagbag.py:588} INFO - Filling up the DagBag from /opt/airflow/dags/09_advanced/01_jinja_templating.py
[2026-05-10T21:29:45.837+0000] {processor.py:925} INFO - DAG(s) 'mod_09_01_jinja_templating' retrieved from /opt/airflow/dags/09_advanced/01_jinja_templating.py
[2026-05-10T21:29:45.846+0000] {logging_mixin.py:190} INFO - [2026-05-10T21:29:45.846+0000] {dag.py:3239} INFO - Sync 1 DAGs
[2026-05-10T21:29:45.858+0000] {logging_mixin.py:190} INFO - [2026-05-10T21:29:45.857+0000] {dag.py:4180} INFO - Setting next_dagrun for mod_09_01_jinja_templating to 2026-05-09 00:00:00+00:00, run_after=2026-05-10 00:00:00+00:00
[2026-05-10T21:29:45.865+0000] {processor.py:208} INFO - Processing /opt/airflow/dags/09_advanced/01_jinja_templating.py took 0.038 seconds
[2026-05-10T21:30:16.291+0000] {processor.py:186} INFO - Started process (PID=4723) to work on /opt/airflow/dags/09_advanced/01_jinja_templating.py
[2026-05-10T21:30:16.291+0000] {processor.py:914} INFO - Processing file /opt/airflow/dags/09_advanced/01_jinja_templating.py for tasks to queue
[2026-05-10T21:30:16.294+0000] {logging_mixin.py:190} INFO - [2026-05-10T21:30:16.294+0000] {dagbag.py:588} INFO - Filling up the DagBag from /opt/airflow/dags/09_advanced/01_jinja_templating.py
[2026-05-10T21:30:16.300+0000] {processor.py:925} INFO - DAG(s) 'mod_09_01_jinja_templating' retrieved from /opt/airflow/dags/09_advanced/01_jinja_templating.py
[2026-05-10T21:30:16.312+0000] {logging_mixin.py:190} INFO - [2026-05-10T21:30:16.312+0000] {dag.py:3239} INFO - Sync 1 DAGs
[2026-05-10T21:30:16.324+0000] {logging_mixin.py:190} INFO - [2026-05-10T21:30:16.324+0000] {dag.py:4180} INFO - Setting next_dagrun for mod_09_01_jinja_templating to 2026-05-09 00:00:00+00:00, run_after=2026-05-10 00:00:00+00:00
[2026-05-10T21:30:16.338+0000] {processor.py:208} INFO - Processing /opt/airflow/dags/09_advanced/01_jinja_templating.py took 0.050 seconds
