[2026-05-10T21:19:04.755+0000] {processor.py:186} INFO - Started process (PID=240) to work on /opt/airflow/dags/09_advanced/02_params_ui_form.py
[2026-05-10T21:19:04.756+0000] {processor.py:914} INFO - Processing file /opt/airflow/dags/09_advanced/02_params_ui_form.py for tasks to queue
[2026-05-10T21:19:04.757+0000] {logging_mixin.py:190} INFO - [2026-05-10T21:19:04.757+0000] {dagbag.py:588} INFO - Filling up the DagBag from /opt/airflow/dags/09_advanced/02_params_ui_form.py
[2026-05-10T21:19:04.762+0000] {processor.py:925} INFO - DAG(s) 'mod_09_02_params_ui_form' retrieved from /opt/airflow/dags/09_advanced/02_params_ui_form.py
[2026-05-10T21:19:04.802+0000] {logging_mixin.py:190} INFO - [2026-05-10T21:19:04.801+0000] {override.py:1912} INFO - Created Permission View: can delete on DAG:mod_09_02_params_ui_form
[2026-05-10T21:19:04.804+0000] {logging_mixin.py:190} INFO - [2026-05-10T21:19:04.804+0000] {override.py:1912} INFO - Created Permission View: can edit on DAG:mod_09_02_params_ui_form
[2026-05-10T21:19:04.806+0000] {logging_mixin.py:190} INFO - [2026-05-10T21:19:04.806+0000] {override.py:1912} INFO - Created Permission View: can read on DAG:mod_09_02_params_ui_form
[2026-05-10T21:19:04.807+0000] {logging_mixin.py:190} INFO - [2026-05-10T21:19:04.807+0000] {override.py:1912} INFO - Created Permission View: can delete on DAG Run:mod_09_02_params_ui_form
[2026-05-10T21:19:04.809+0000] {logging_mixin.py:190} INFO - [2026-05-10T21:19:04.809+0000] {override.py:1912} INFO - Created Permission View: menu access on DAG Run:mod_09_02_params_ui_form
[2026-05-10T21:19:04.810+0000] {logging_mixin.py:190} INFO - [2026-05-10T21:19:04.810+0000] {override.py:1912} INFO - Created Permission View: can create on DAG Run:mod_09_02_params_ui_form
[2026-05-10T21:19:04.811+0000] {logging_mixin.py:190} INFO - [2026-05-10T21:19:04.811+0000] {override.py:1912} INFO - Created Permission View: can read on DAG Run:mod_09_02_params_ui_form
[2026-05-10T21:19:04.812+0000] {logging_mixin.py:190} INFO - [2026-05-10T21:19:04.812+0000] {dag.py:3239} INFO - Sync 1 DAGs
[2026-05-10T21:19:04.816+0000] {logging_mixin.py:190} INFO - [2026-05-10T21:19:04.816+0000] {dag.py:3262} INFO - Creating ORM DAG for mod_09_02_params_ui_form
[2026-05-10T21:19:04.816+0000] {logging_mixin.py:190} INFO - [2026-05-10T21:19:04.816+0000] {dag.py:4180} INFO - Setting next_dagrun for mod_09_02_params_ui_form to None, run_after=None
[2026-05-10T21:19:04.821+0000] {processor.py:208} INFO - Processing /opt/airflow/dags/09_advanced/02_params_ui_form.py took 0.068 seconds
[2026-05-10T21:19:35.406+0000] {processor.py:186} INFO - Started process (PID=441) to work on /opt/airflow/dags/09_advanced/02_params_ui_form.py
[2026-05-10T21:19:35.407+0000] {processor.py:914} INFO - Processing file /opt/airflow/dags/09_advanced/02_params_ui_form.py for tasks to queue
[2026-05-10T21:19:35.408+0000] {logging_mixin.py:190} INFO - [2026-05-10T21:19:35.408+0000] {dagbag.py:588} INFO - Filling up the DagBag from /opt/airflow/dags/09_advanced/02_params_ui_form.py
[2026-05-10T21:19:35.415+0000] {processor.py:925} INFO - DAG(s) 'mod_09_02_params_ui_form' retrieved from /opt/airflow/dags/09_advanced/02_params_ui_form.py
[2026-05-10T21:19:35.424+0000] {logging_mixin.py:190} INFO - [2026-05-10T21:19:35.424+0000] {dag.py:3239} INFO - Sync 1 DAGs
[2026-05-10T21:19:35.433+0000] {logging_mixin.py:190} INFO - [2026-05-10T21:19:35.433+0000] {dag.py:4180} INFO - Setting next_dagrun for mod_09_02_params_ui_form to None, run_after=None
[2026-05-10T21:19:35.445+0000] {processor.py:208} INFO - Processing /opt/airflow/dags/09_advanced/02_params_ui_form.py took 0.042 seconds
[2026-05-10T21:20:05.878+0000] {processor.py:186} INFO - Started process (PID=644) to work on /opt/airflow/dags/09_advanced/02_params_ui_form.py
[2026-05-10T21:20:05.879+0000] {processor.py:914} INFO - Processing file /opt/airflow/dags/09_advanced/02_params_ui_form.py for tasks to queue
[2026-05-10T21:20:05.881+0000] {logging_mixin.py:190} INFO - [2026-05-10T21:20:05.881+0000] {dagbag.py:588} INFO - Filling up the DagBag from /opt/airflow/dags/09_advanced/02_params_ui_form.py
[2026-05-10T21:20:05.888+0000] {processor.py:925} INFO - DAG(s) 'mod_09_02_params_ui_form' retrieved from /opt/airflow/dags/09_advanced/02_params_ui_form.py
[2026-05-10T21:20:05.902+0000] {logging_mixin.py:190} INFO - [2026-05-10T21:20:05.902+0000] {dag.py:3239} INFO - Sync 1 DAGs
[2026-05-10T21:20:05.907+0000] {logging_mixin.py:190} INFO - [2026-05-10T21:20:05.907+0000] {dag.py:4180} INFO - Setting next_dagrun for mod_09_02_params_ui_form to None, run_after=None
[2026-05-10T21:20:05.914+0000] {processor.py:208} INFO - Processing /opt/airflow/dags/09_advanced/02_params_ui_form.py took 0.039 seconds
[2026-05-10T21:20:36.416+0000] {processor.py:186} INFO - Started process (PID=847) to work on /opt/airflow/dags/09_advanced/02_params_ui_form.py
[2026-05-10T21:20:36.417+0000] {processor.py:914} INFO - Processing file /opt/airflow/dags/09_advanced/02_params_ui_form.py for tasks to queue
[2026-05-10T21:20:36.419+0000] {logging_mixin.py:190} INFO - [2026-05-10T21:20:36.418+0000] {dagbag.py:588} INFO - Filling up the DagBag from /opt/airflow/dags/09_advanced/02_params_ui_form.py
[2026-05-10T21:20:36.425+0000] {processor.py:925} INFO - DAG(s) 'mod_09_02_params_ui_form' retrieved from /opt/airflow/dags/09_advanced/02_params_ui_form.py
[2026-05-10T21:20:36.440+0000] {logging_mixin.py:190} INFO - [2026-05-10T21:20:36.440+0000] {dag.py:3239} INFO - Sync 1 DAGs
[2026-05-10T21:20:36.446+0000] {logging_mixin.py:190} INFO - [2026-05-10T21:20:36.445+0000] {dag.py:4180} INFO - Setting next_dagrun for mod_09_02_params_ui_form to None, run_after=None
[2026-05-10T21:20:36.456+0000] {processor.py:208} INFO - Processing /opt/airflow/dags/09_advanced/02_params_ui_form.py took 0.044 seconds
[2026-05-10T21:21:06.981+0000] {processor.py:186} INFO - Started process (PID=1052) to work on /opt/airflow/dags/09_advanced/02_params_ui_form.py
[2026-05-10T21:21:06.982+0000] {processor.py:914} INFO - Processing file /opt/airflow/dags/09_advanced/02_params_ui_form.py for tasks to queue
[2026-05-10T21:21:06.983+0000] {logging_mixin.py:190} INFO - [2026-05-10T21:21:06.982+0000] {dagbag.py:588} INFO - Filling up the DagBag from /opt/airflow/dags/09_advanced/02_params_ui_form.py
[2026-05-10T21:21:06.988+0000] {processor.py:925} INFO - DAG(s) 'mod_09_02_params_ui_form' retrieved from /opt/airflow/dags/09_advanced/02_params_ui_form.py
[2026-05-10T21:21:07.004+0000] {logging_mixin.py:190} INFO - [2026-05-10T21:21:07.004+0000] {dag.py:3239} INFO - Sync 1 DAGs
[2026-05-10T21:21:07.009+0000] {logging_mixin.py:190} INFO - [2026-05-10T21:21:07.009+0000] {dag.py:4180} INFO - Setting next_dagrun for mod_09_02_params_ui_form to None, run_after=None
[2026-05-10T21:21:07.017+0000] {processor.py:208} INFO - Processing /opt/airflow/dags/09_advanced/02_params_ui_form.py took 0.038 seconds
[2026-05-10T21:21:37.516+0000] {processor.py:186} INFO - Started process (PID=1253) to work on /opt/airflow/dags/09_advanced/02_params_ui_form.py
[2026-05-10T21:21:37.517+0000] {processor.py:914} INFO - Processing file /opt/airflow/dags/09_advanced/02_params_ui_form.py for tasks to queue
[2026-05-10T21:21:37.519+0000] {logging_mixin.py:190} INFO - [2026-05-10T21:21:37.518+0000] {dagbag.py:588} INFO - Filling up the DagBag from /opt/airflow/dags/09_advanced/02_params_ui_form.py
[2026-05-10T21:21:37.527+0000] {processor.py:925} INFO - DAG(s) 'mod_09_02_params_ui_form' retrieved from /opt/airflow/dags/09_advanced/02_params_ui_form.py
[2026-05-10T21:21:37.539+0000] {logging_mixin.py:190} INFO - [2026-05-10T21:21:37.539+0000] {dag.py:3239} INFO - Sync 1 DAGs
[2026-05-10T21:21:37.544+0000] {logging_mixin.py:190} INFO - [2026-05-10T21:21:37.544+0000] {dag.py:4180} INFO - Setting next_dagrun for mod_09_02_params_ui_form to None, run_after=None
[2026-05-10T21:21:37.552+0000] {processor.py:208} INFO - Processing /opt/airflow/dags/09_advanced/02_params_ui_form.py took 0.039 seconds
[2026-05-10T21:22:08.011+0000] {processor.py:186} INFO - Started process (PID=1456) to work on /opt/airflow/dags/09_advanced/02_params_ui_form.py
[2026-05-10T21:22:08.013+0000] {processor.py:914} INFO - Processing file /opt/airflow/dags/09_advanced/02_params_ui_form.py for tasks to queue
[2026-05-10T21:22:08.013+0000] {logging_mixin.py:190} INFO - [2026-05-10T21:22:08.013+0000] {dagbag.py:588} INFO - Filling up the DagBag from /opt/airflow/dags/09_advanced/02_params_ui_form.py
[2026-05-10T21:22:08.021+0000] {processor.py:925} INFO - DAG(s) 'mod_09_02_params_ui_form' retrieved from /opt/airflow/dags/09_advanced/02_params_ui_form.py
[2026-05-10T21:22:08.034+0000] {logging_mixin.py:190} INFO - [2026-05-10T21:22:08.034+0000] {dag.py:3239} INFO - Sync 1 DAGs
[2026-05-10T21:22:08.039+0000] {logging_mixin.py:190} INFO - [2026-05-10T21:22:08.039+0000] {dag.py:4180} INFO - Setting next_dagrun for mod_09_02_params_ui_form to None, run_after=None
[2026-05-10T21:22:08.045+0000] {processor.py:208} INFO - Processing /opt/airflow/dags/09_advanced/02_params_ui_form.py took 0.037 seconds
[2026-05-10T21:22:38.462+0000] {processor.py:186} INFO - Started process (PID=1659) to work on /opt/airflow/dags/09_advanced/02_params_ui_form.py
[2026-05-10T21:22:38.462+0000] {processor.py:914} INFO - Processing file /opt/airflow/dags/09_advanced/02_params_ui_form.py for tasks to queue
[2026-05-10T21:22:38.464+0000] {logging_mixin.py:190} INFO - [2026-05-10T21:22:38.463+0000] {dagbag.py:588} INFO - Filling up the DagBag from /opt/airflow/dags/09_advanced/02_params_ui_form.py
[2026-05-10T21:22:38.470+0000] {processor.py:925} INFO - DAG(s) 'mod_09_02_params_ui_form' retrieved from /opt/airflow/dags/09_advanced/02_params_ui_form.py
[2026-05-10T21:22:38.482+0000] {logging_mixin.py:190} INFO - [2026-05-10T21:22:38.482+0000] {dag.py:3239} INFO - Sync 1 DAGs
[2026-05-10T21:22:38.488+0000] {logging_mixin.py:190} INFO - [2026-05-10T21:22:38.488+0000] {dag.py:4180} INFO - Setting next_dagrun for mod_09_02_params_ui_form to None, run_after=None
[2026-05-10T21:22:38.495+0000] {processor.py:208} INFO - Processing /opt/airflow/dags/09_advanced/02_params_ui_form.py took 0.036 seconds
[2026-05-10T21:23:08.920+0000] {processor.py:186} INFO - Started process (PID=1862) to work on /opt/airflow/dags/09_advanced/02_params_ui_form.py
[2026-05-10T21:23:08.921+0000] {processor.py:914} INFO - Processing file /opt/airflow/dags/09_advanced/02_params_ui_form.py for tasks to queue
[2026-05-10T21:23:08.922+0000] {logging_mixin.py:190} INFO - [2026-05-10T21:23:08.922+0000] {dagbag.py:588} INFO - Filling up the DagBag from /opt/airflow/dags/09_advanced/02_params_ui_form.py
[2026-05-10T21:23:08.929+0000] {processor.py:925} INFO - DAG(s) 'mod_09_02_params_ui_form' retrieved from /opt/airflow/dags/09_advanced/02_params_ui_form.py
[2026-05-10T21:23:08.942+0000] {logging_mixin.py:190} INFO - [2026-05-10T21:23:08.942+0000] {dag.py:3239} INFO - Sync 1 DAGs
[2026-05-10T21:23:08.948+0000] {logging_mixin.py:190} INFO - [2026-05-10T21:23:08.948+0000] {dag.py:4180} INFO - Setting next_dagrun for mod_09_02_params_ui_form to None, run_after=None
[2026-05-10T21:23:08.954+0000] {processor.py:208} INFO - Processing /opt/airflow/dags/09_advanced/02_params_ui_form.py took 0.037 seconds
[2026-05-10T21:23:39.385+0000] {processor.py:186} INFO - Started process (PID=2065) to work on /opt/airflow/dags/09_advanced/02_params_ui_form.py
[2026-05-10T21:23:39.386+0000] {processor.py:914} INFO - Processing file /opt/airflow/dags/09_advanced/02_params_ui_form.py for tasks to queue
[2026-05-10T21:23:39.387+0000] {logging_mixin.py:190} INFO - [2026-05-10T21:23:39.387+0000] {dagbag.py:588} INFO - Filling up the DagBag from /opt/airflow/dags/09_advanced/02_params_ui_form.py
[2026-05-10T21:23:39.391+0000] {processor.py:925} INFO - DAG(s) 'mod_09_02_params_ui_form' retrieved from /opt/airflow/dags/09_advanced/02_params_ui_form.py
[2026-05-10T21:23:39.403+0000] {logging_mixin.py:190} INFO - [2026-05-10T21:23:39.403+0000] {dag.py:3239} INFO - Sync 1 DAGs
[2026-05-10T21:23:39.409+0000] {logging_mixin.py:190} INFO - [2026-05-10T21:23:39.409+0000] {dag.py:4180} INFO - Setting next_dagrun for mod_09_02_params_ui_form to None, run_after=None
[2026-05-10T21:23:39.421+0000] {processor.py:208} INFO - Processing /opt/airflow/dags/09_advanced/02_params_ui_form.py took 0.040 seconds
[2026-05-10T21:24:09.920+0000] {processor.py:186} INFO - Started process (PID=2282) to work on /opt/airflow/dags/09_advanced/02_params_ui_form.py
[2026-05-10T21:24:09.922+0000] {processor.py:914} INFO - Processing file /opt/airflow/dags/09_advanced/02_params_ui_form.py for tasks to queue
[2026-05-10T21:24:09.923+0000] {logging_mixin.py:190} INFO - [2026-05-10T21:24:09.923+0000] {dagbag.py:588} INFO - Filling up the DagBag from /opt/airflow/dags/09_advanced/02_params_ui_form.py
[2026-05-10T21:24:09.930+0000] {processor.py:925} INFO - DAG(s) 'mod_09_02_params_ui_form' retrieved from /opt/airflow/dags/09_advanced/02_params_ui_form.py
[2026-05-10T21:24:09.942+0000] {logging_mixin.py:190} INFO - [2026-05-10T21:24:09.942+0000] {dag.py:3239} INFO - Sync 1 DAGs
[2026-05-10T21:24:09.949+0000] {logging_mixin.py:190} INFO - [2026-05-10T21:24:09.949+0000] {dag.py:4180} INFO - Setting next_dagrun for mod_09_02_params_ui_form to None, run_after=None
[2026-05-10T21:24:09.958+0000] {processor.py:208} INFO - Processing /opt/airflow/dags/09_advanced/02_params_ui_form.py took 0.040 seconds
[2026-05-10T21:24:40.419+0000] {processor.py:186} INFO - Started process (PID=2485) to work on /opt/airflow/dags/09_advanced/02_params_ui_form.py
[2026-05-10T21:24:40.420+0000] {processor.py:914} INFO - Processing file /opt/airflow/dags/09_advanced/02_params_ui_form.py for tasks to queue
[2026-05-10T21:24:40.422+0000] {logging_mixin.py:190} INFO - [2026-05-10T21:24:40.422+0000] {dagbag.py:588} INFO - Filling up the DagBag from /opt/airflow/dags/09_advanced/02_params_ui_form.py
[2026-05-10T21:24:40.426+0000] {processor.py:925} INFO - DAG(s) 'mod_09_02_params_ui_form' retrieved from /opt/airflow/dags/09_advanced/02_params_ui_form.py
[2026-05-10T21:24:40.436+0000] {logging_mixin.py:190} INFO - [2026-05-10T21:24:40.436+0000] {dag.py:3239} INFO - Sync 1 DAGs
[2026-05-10T21:24:40.442+0000] {logging_mixin.py:190} INFO - [2026-05-10T21:24:40.442+0000] {dag.py:4180} INFO - Setting next_dagrun for mod_09_02_params_ui_form to None, run_after=None
[2026-05-10T21:24:40.452+0000] {processor.py:208} INFO - Processing /opt/airflow/dags/09_advanced/02_params_ui_form.py took 0.036 seconds
[2026-05-10T21:25:10.886+0000] {processor.py:186} INFO - Started process (PID=2690) to work on /opt/airflow/dags/09_advanced/02_params_ui_form.py
[2026-05-10T21:25:10.886+0000] {processor.py:914} INFO - Processing file /opt/airflow/dags/09_advanced/02_params_ui_form.py for tasks to queue
[2026-05-10T21:25:10.887+0000] {logging_mixin.py:190} INFO - [2026-05-10T21:25:10.887+0000] {dagbag.py:588} INFO - Filling up the DagBag from /opt/airflow/dags/09_advanced/02_params_ui_form.py
[2026-05-10T21:25:10.891+0000] {processor.py:925} INFO - DAG(s) 'mod_09_02_params_ui_form' retrieved from /opt/airflow/dags/09_advanced/02_params_ui_form.py
[2026-05-10T21:25:10.900+0000] {logging_mixin.py:190} INFO - [2026-05-10T21:25:10.900+0000] {dag.py:3239} INFO - Sync 1 DAGs
[2026-05-10T21:25:10.905+0000] {logging_mixin.py:190} INFO - [2026-05-10T21:25:10.905+0000] {dag.py:4180} INFO - Setting next_dagrun for mod_09_02_params_ui_form to None, run_after=None
[2026-05-10T21:25:10.911+0000] {processor.py:208} INFO - Processing /opt/airflow/dags/09_advanced/02_params_ui_form.py took 0.027 seconds
[2026-05-10T21:25:41.458+0000] {processor.py:186} INFO - Started process (PID=2891) to work on /opt/airflow/dags/09_advanced/02_params_ui_form.py
[2026-05-10T21:25:41.459+0000] {processor.py:914} INFO - Processing file /opt/airflow/dags/09_advanced/02_params_ui_form.py for tasks to queue
[2026-05-10T21:25:41.462+0000] {logging_mixin.py:190} INFO - [2026-05-10T21:25:41.462+0000] {dagbag.py:588} INFO - Filling up the DagBag from /opt/airflow/dags/09_advanced/02_params_ui_form.py
[2026-05-10T21:25:41.466+0000] {processor.py:925} INFO - DAG(s) 'mod_09_02_params_ui_form' retrieved from /opt/airflow/dags/09_advanced/02_params_ui_form.py
[2026-05-10T21:25:41.481+0000] {logging_mixin.py:190} INFO - [2026-05-10T21:25:41.481+0000] {dag.py:3239} INFO - Sync 1 DAGs
[2026-05-10T21:25:41.490+0000] {logging_mixin.py:190} INFO - [2026-05-10T21:25:41.489+0000] {dag.py:4180} INFO - Setting next_dagrun for mod_09_02_params_ui_form to None, run_after=None
[2026-05-10T21:25:41.500+0000] {processor.py:208} INFO - Processing /opt/airflow/dags/09_advanced/02_params_ui_form.py took 0.045 seconds
[2026-05-10T21:26:12.041+0000] {processor.py:186} INFO - Started process (PID=3096) to work on /opt/airflow/dags/09_advanced/02_params_ui_form.py
[2026-05-10T21:26:12.042+0000] {processor.py:914} INFO - Processing file /opt/airflow/dags/09_advanced/02_params_ui_form.py for tasks to queue
[2026-05-10T21:26:12.043+0000] {logging_mixin.py:190} INFO - [2026-05-10T21:26:12.043+0000] {dagbag.py:588} INFO - Filling up the DagBag from /opt/airflow/dags/09_advanced/02_params_ui_form.py
[2026-05-10T21:26:12.047+0000] {processor.py:925} INFO - DAG(s) 'mod_09_02_params_ui_form' retrieved from /opt/airflow/dags/09_advanced/02_params_ui_form.py
[2026-05-10T21:26:12.056+0000] {logging_mixin.py:190} INFO - [2026-05-10T21:26:12.056+0000] {dag.py:3239} INFO - Sync 1 DAGs
[2026-05-10T21:26:12.060+0000] {logging_mixin.py:190} INFO - [2026-05-10T21:26:12.060+0000] {dag.py:4180} INFO - Setting next_dagrun for mod_09_02_params_ui_form to None, run_after=None
[2026-05-10T21:26:12.066+0000] {processor.py:208} INFO - Processing /opt/airflow/dags/09_advanced/02_params_ui_form.py took 0.027 seconds
[2026-05-10T21:26:42.532+0000] {processor.py:186} INFO - Started process (PID=3297) to work on /opt/airflow/dags/09_advanced/02_params_ui_form.py
[2026-05-10T21:26:42.533+0000] {processor.py:914} INFO - Processing file /opt/airflow/dags/09_advanced/02_params_ui_form.py for tasks to queue
[2026-05-10T21:26:42.535+0000] {logging_mixin.py:190} INFO - [2026-05-10T21:26:42.535+0000] {dagbag.py:588} INFO - Filling up the DagBag from /opt/airflow/dags/09_advanced/02_params_ui_form.py
[2026-05-10T21:26:42.539+0000] {processor.py:925} INFO - DAG(s) 'mod_09_02_params_ui_form' retrieved from /opt/airflow/dags/09_advanced/02_params_ui_form.py
[2026-05-10T21:26:42.552+0000] {logging_mixin.py:190} INFO - [2026-05-10T21:26:42.552+0000] {dag.py:3239} INFO - Sync 1 DAGs
[2026-05-10T21:26:42.559+0000] {logging_mixin.py:190} INFO - [2026-05-10T21:26:42.558+0000] {dag.py:4180} INFO - Setting next_dagrun for mod_09_02_params_ui_form to None, run_after=None
[2026-05-10T21:26:42.570+0000] {processor.py:208} INFO - Processing /opt/airflow/dags/09_advanced/02_params_ui_form.py took 0.041 seconds
[2026-05-10T21:27:13.106+0000] {processor.py:186} INFO - Started process (PID=3500) to work on /opt/airflow/dags/09_advanced/02_params_ui_form.py
[2026-05-10T21:27:13.107+0000] {processor.py:914} INFO - Processing file /opt/airflow/dags/09_advanced/02_params_ui_form.py for tasks to queue
[2026-05-10T21:27:13.108+0000] {logging_mixin.py:190} INFO - [2026-05-10T21:27:13.108+0000] {dagbag.py:588} INFO - Filling up the DagBag from /opt/airflow/dags/09_advanced/02_params_ui_form.py
[2026-05-10T21:27:13.113+0000] {processor.py:925} INFO - DAG(s) 'mod_09_02_params_ui_form' retrieved from /opt/airflow/dags/09_advanced/02_params_ui_form.py
[2026-05-10T21:27:13.131+0000] {logging_mixin.py:190} INFO - [2026-05-10T21:27:13.131+0000] {dag.py:3239} INFO - Sync 1 DAGs
[2026-05-10T21:27:13.136+0000] {logging_mixin.py:190} INFO - [2026-05-10T21:27:13.136+0000] {dag.py:4180} INFO - Setting next_dagrun for mod_09_02_params_ui_form to None, run_after=None
[2026-05-10T21:27:13.146+0000] {processor.py:208} INFO - Processing /opt/airflow/dags/09_advanced/02_params_ui_form.py took 0.043 seconds
[2026-05-10T21:27:43.643+0000] {processor.py:186} INFO - Started process (PID=3703) to work on /opt/airflow/dags/09_advanced/02_params_ui_form.py
[2026-05-10T21:27:43.644+0000] {processor.py:914} INFO - Processing file /opt/airflow/dags/09_advanced/02_params_ui_form.py for tasks to queue
[2026-05-10T21:27:43.645+0000] {logging_mixin.py:190} INFO - [2026-05-10T21:27:43.645+0000] {dagbag.py:588} INFO - Filling up the DagBag from /opt/airflow/dags/09_advanced/02_params_ui_form.py
[2026-05-10T21:27:43.650+0000] {processor.py:925} INFO - DAG(s) 'mod_09_02_params_ui_form' retrieved from /opt/airflow/dags/09_advanced/02_params_ui_form.py
[2026-05-10T21:27:43.665+0000] {logging_mixin.py:190} INFO - [2026-05-10T21:27:43.665+0000] {dag.py:3239} INFO - Sync 1 DAGs
[2026-05-10T21:27:43.672+0000] {logging_mixin.py:190} INFO - [2026-05-10T21:27:43.672+0000] {dag.py:4180} INFO - Setting next_dagrun for mod_09_02_params_ui_form to None, run_after=None
[2026-05-10T21:27:43.682+0000] {processor.py:208} INFO - Processing /opt/airflow/dags/09_advanced/02_params_ui_form.py took 0.042 seconds
[2026-05-10T21:28:14.144+0000] {processor.py:186} INFO - Started process (PID=3908) to work on /opt/airflow/dags/09_advanced/02_params_ui_form.py
[2026-05-10T21:28:14.144+0000] {processor.py:914} INFO - Processing file /opt/airflow/dags/09_advanced/02_params_ui_form.py for tasks to queue
[2026-05-10T21:28:14.145+0000] {logging_mixin.py:190} INFO - [2026-05-10T21:28:14.145+0000] {dagbag.py:588} INFO - Filling up the DagBag from /opt/airflow/dags/09_advanced/02_params_ui_form.py
[2026-05-10T21:28:14.152+0000] {processor.py:925} INFO - DAG(s) 'mod_09_02_params_ui_form' retrieved from /opt/airflow/dags/09_advanced/02_params_ui_form.py
[2026-05-10T21:28:14.167+0000] {logging_mixin.py:190} INFO - [2026-05-10T21:28:14.167+0000] {dag.py:3239} INFO - Sync 1 DAGs
[2026-05-10T21:28:14.172+0000] {logging_mixin.py:190} INFO - [2026-05-10T21:28:14.172+0000] {dag.py:4180} INFO - Setting next_dagrun for mod_09_02_params_ui_form to None, run_after=None
[2026-05-10T21:28:14.181+0000] {processor.py:208} INFO - Processing /opt/airflow/dags/09_advanced/02_params_ui_form.py took 0.040 seconds
[2026-05-10T21:28:44.651+0000] {processor.py:186} INFO - Started process (PID=4109) to work on /opt/airflow/dags/09_advanced/02_params_ui_form.py
[2026-05-10T21:28:44.651+0000] {processor.py:914} INFO - Processing file /opt/airflow/dags/09_advanced/02_params_ui_form.py for tasks to queue
[2026-05-10T21:28:44.653+0000] {logging_mixin.py:190} INFO - [2026-05-10T21:28:44.653+0000] {dagbag.py:588} INFO - Filling up the DagBag from /opt/airflow/dags/09_advanced/02_params_ui_form.py
[2026-05-10T21:28:44.658+0000] {processor.py:925} INFO - DAG(s) 'mod_09_02_params_ui_form' retrieved from /opt/airflow/dags/09_advanced/02_params_ui_form.py
[2026-05-10T21:28:44.667+0000] {logging_mixin.py:190} INFO - [2026-05-10T21:28:44.667+0000] {dag.py:3239} INFO - Sync 1 DAGs
[2026-05-10T21:28:44.673+0000] {logging_mixin.py:190} INFO - [2026-05-10T21:28:44.673+0000] {dag.py:4180} INFO - Setting next_dagrun for mod_09_02_params_ui_form to None, run_after=None
[2026-05-10T21:28:44.682+0000] {processor.py:208} INFO - Processing /opt/airflow/dags/09_advanced/02_params_ui_form.py took 0.034 seconds
[2026-05-10T21:29:15.223+0000] {processor.py:186} INFO - Started process (PID=4312) to work on /opt/airflow/dags/09_advanced/02_params_ui_form.py
[2026-05-10T21:29:15.225+0000] {processor.py:914} INFO - Processing file /opt/airflow/dags/09_advanced/02_params_ui_form.py for tasks to queue
[2026-05-10T21:29:15.226+0000] {logging_mixin.py:190} INFO - [2026-05-10T21:29:15.226+0000] {dagbag.py:588} INFO - Filling up the DagBag from /opt/airflow/dags/09_advanced/02_params_ui_form.py
[2026-05-10T21:29:15.234+0000] {processor.py:925} INFO - DAG(s) 'mod_09_02_params_ui_form' retrieved from /opt/airflow/dags/09_advanced/02_params_ui_form.py
[2026-05-10T21:29:15.246+0000] {logging_mixin.py:190} INFO - [2026-05-10T21:29:15.246+0000] {dag.py:3239} INFO - Sync 1 DAGs
[2026-05-10T21:29:15.251+0000] {logging_mixin.py:190} INFO - [2026-05-10T21:29:15.251+0000] {dag.py:4180} INFO - Setting next_dagrun for mod_09_02_params_ui_form to None, run_after=None
[2026-05-10T21:29:15.258+0000] {processor.py:208} INFO - Processing /opt/airflow/dags/09_advanced/02_params_ui_form.py took 0.038 seconds
[2026-05-10T21:29:45.821+0000] {processor.py:186} INFO - Started process (PID=4515) to work on /opt/airflow/dags/09_advanced/02_params_ui_form.py
[2026-05-10T21:29:45.821+0000] {processor.py:914} INFO - Processing file /opt/airflow/dags/09_advanced/02_params_ui_form.py for tasks to queue
[2026-05-10T21:29:45.824+0000] {logging_mixin.py:190} INFO - [2026-05-10T21:29:45.824+0000] {dagbag.py:588} INFO - Filling up the DagBag from /opt/airflow/dags/09_advanced/02_params_ui_form.py
[2026-05-10T21:29:45.828+0000] {processor.py:925} INFO - DAG(s) 'mod_09_02_params_ui_form' retrieved from /opt/airflow/dags/09_advanced/02_params_ui_form.py
[2026-05-10T21:29:45.838+0000] {logging_mixin.py:190} INFO - [2026-05-10T21:29:45.838+0000] {dag.py:3239} INFO - Sync 1 DAGs
[2026-05-10T21:29:45.844+0000] {logging_mixin.py:190} INFO - [2026-05-10T21:29:45.844+0000] {dag.py:4180} INFO - Setting next_dagrun for mod_09_02_params_ui_form to None, run_after=None
[2026-05-10T21:29:45.850+0000] {processor.py:208} INFO - Processing /opt/airflow/dags/09_advanced/02_params_ui_form.py took 0.032 seconds
[2026-05-10T21:30:16.254+0000] {processor.py:186} INFO - Started process (PID=4718) to work on /opt/airflow/dags/09_advanced/02_params_ui_form.py
[2026-05-10T21:30:16.254+0000] {processor.py:914} INFO - Processing file /opt/airflow/dags/09_advanced/02_params_ui_form.py for tasks to queue
[2026-05-10T21:30:16.255+0000] {logging_mixin.py:190} INFO - [2026-05-10T21:30:16.255+0000] {dagbag.py:588} INFO - Filling up the DagBag from /opt/airflow/dags/09_advanced/02_params_ui_form.py
[2026-05-10T21:30:16.260+0000] {processor.py:925} INFO - DAG(s) 'mod_09_02_params_ui_form' retrieved from /opt/airflow/dags/09_advanced/02_params_ui_form.py
[2026-05-10T21:30:16.272+0000] {logging_mixin.py:190} INFO - [2026-05-10T21:30:16.272+0000] {dag.py:3239} INFO - Sync 1 DAGs
[2026-05-10T21:30:16.277+0000] {logging_mixin.py:190} INFO - [2026-05-10T21:30:16.277+0000] {dag.py:4180} INFO - Setting next_dagrun for mod_09_02_params_ui_form to None, run_after=None
[2026-05-10T21:30:16.285+0000] {processor.py:208} INFO - Processing /opt/airflow/dags/09_advanced/02_params_ui_form.py took 0.034 seconds
