[2026-05-10T21:19:04.456+0000] {processor.py:186} INFO - Started process (PID=223) to work on /opt/airflow/dags/09_advanced/05_custom_timetable.py
[2026-05-10T21:19:04.457+0000] {processor.py:914} INFO - Processing file /opt/airflow/dags/09_advanced/05_custom_timetable.py for tasks to queue
[2026-05-10T21:19:04.458+0000] {logging_mixin.py:190} INFO - [2026-05-10T21:19:04.458+0000] {dagbag.py:588} INFO - Filling up the DagBag from /opt/airflow/dags/09_advanced/05_custom_timetable.py
[2026-05-10T21:19:04.463+0000] {processor.py:925} INFO - DAG(s) 'mod_09_05_custom_timetable' retrieved from /opt/airflow/dags/09_advanced/05_custom_timetable.py
[2026-05-10T21:19:04.508+0000] {logging_mixin.py:190} INFO - [2026-05-10T21:19:04.508+0000] {override.py:1912} INFO - Created Permission View: can delete on DAG:mod_09_05_custom_timetable
[2026-05-10T21:19:04.512+0000] {logging_mixin.py:190} INFO - [2026-05-10T21:19:04.512+0000] {override.py:1912} INFO - Created Permission View: can edit on DAG:mod_09_05_custom_timetable
[2026-05-10T21:19:04.514+0000] {logging_mixin.py:190} INFO - [2026-05-10T21:19:04.514+0000] {override.py:1912} INFO - Created Permission View: can read on DAG:mod_09_05_custom_timetable
[2026-05-10T21:19:04.517+0000] {logging_mixin.py:190} INFO - [2026-05-10T21:19:04.517+0000] {override.py:1912} INFO - Created Permission View: can delete on DAG Run:mod_09_05_custom_timetable
[2026-05-10T21:19:04.519+0000] {logging_mixin.py:190} INFO - [2026-05-10T21:19:04.519+0000] {override.py:1912} INFO - Created Permission View: menu access on DAG Run:mod_09_05_custom_timetable
[2026-05-10T21:19:04.521+0000] {logging_mixin.py:190} INFO - [2026-05-10T21:19:04.521+0000] {override.py:1912} INFO - Created Permission View: can create on DAG Run:mod_09_05_custom_timetable
[2026-05-10T21:19:04.523+0000] {logging_mixin.py:190} INFO - [2026-05-10T21:19:04.523+0000] {override.py:1912} INFO - Created Permission View: can read on DAG Run:mod_09_05_custom_timetable
[2026-05-10T21:19:04.524+0000] {logging_mixin.py:190} INFO - [2026-05-10T21:19:04.524+0000] {dag.py:3239} INFO - Sync 1 DAGs
[2026-05-10T21:19:04.531+0000] {logging_mixin.py:190} INFO - [2026-05-10T21:19:04.531+0000] {dag.py:3262} INFO - Creating ORM DAG for mod_09_05_custom_timetable
[2026-05-10T21:19:04.536+0000] {logging_mixin.py:190} INFO - [2026-05-10T21:19:04.536+0000] {dag.py:4180} INFO - Setting next_dagrun for mod_09_05_custom_timetable to 2025-01-01 09:00:00+00:00, run_after=2025-01-02 09:00:00+00:00
[2026-05-10T21:19:04.542+0000] {processor.py:208} INFO - Processing /opt/airflow/dags/09_advanced/05_custom_timetable.py took 0.089 seconds
[2026-05-10T21:19:35.274+0000] {processor.py:186} INFO - Started process (PID=426) to work on /opt/airflow/dags/09_advanced/05_custom_timetable.py
[2026-05-10T21:19:35.275+0000] {processor.py:914} INFO - Processing file /opt/airflow/dags/09_advanced/05_custom_timetable.py for tasks to queue
[2026-05-10T21:19:35.277+0000] {logging_mixin.py:190} INFO - [2026-05-10T21:19:35.276+0000] {dagbag.py:588} INFO - Filling up the DagBag from /opt/airflow/dags/09_advanced/05_custom_timetable.py
[2026-05-10T21:19:35.283+0000] {processor.py:925} INFO - DAG(s) 'mod_09_05_custom_timetable' retrieved from /opt/airflow/dags/09_advanced/05_custom_timetable.py
[2026-05-10T21:19:35.291+0000] {logging_mixin.py:190} INFO - [2026-05-10T21:19:35.291+0000] {dag.py:3239} INFO - Sync 1 DAGs
[2026-05-10T21:19:35.300+0000] {logging_mixin.py:190} INFO - [2026-05-10T21:19:35.300+0000] {dag.py:4180} INFO - Setting next_dagrun for mod_09_05_custom_timetable to 2025-01-01 09:00:00+00:00, run_after=2025-01-02 09:00:00+00:00
[2026-05-10T21:19:35.306+0000] {processor.py:208} INFO - Processing /opt/airflow/dags/09_advanced/05_custom_timetable.py took 0.036 seconds
[2026-05-10T21:20:05.775+0000] {processor.py:186} INFO - Started process (PID=629) to work on /opt/airflow/dags/09_advanced/05_custom_timetable.py
[2026-05-10T21:20:05.776+0000] {processor.py:914} INFO - Processing file /opt/airflow/dags/09_advanced/05_custom_timetable.py for tasks to queue
[2026-05-10T21:20:05.776+0000] {logging_mixin.py:190} INFO - [2026-05-10T21:20:05.776+0000] {dagbag.py:588} INFO - Filling up the DagBag from /opt/airflow/dags/09_advanced/05_custom_timetable.py
[2026-05-10T21:20:05.781+0000] {processor.py:925} INFO - DAG(s) 'mod_09_05_custom_timetable' retrieved from /opt/airflow/dags/09_advanced/05_custom_timetable.py
[2026-05-10T21:20:05.789+0000] {logging_mixin.py:190} INFO - [2026-05-10T21:20:05.789+0000] {dag.py:3239} INFO - Sync 1 DAGs
[2026-05-10T21:20:05.797+0000] {logging_mixin.py:190} INFO - [2026-05-10T21:20:05.797+0000] {dag.py:4180} INFO - Setting next_dagrun for mod_09_05_custom_timetable to 2025-01-01 09:00:00+00:00, run_after=2025-01-02 09:00:00+00:00
[2026-05-10T21:20:05.803+0000] {processor.py:208} INFO - Processing /opt/airflow/dags/09_advanced/05_custom_timetable.py took 0.031 seconds
[2026-05-10T21:20:36.265+0000] {processor.py:186} INFO - Started process (PID=832) to work on /opt/airflow/dags/09_advanced/05_custom_timetable.py
[2026-05-10T21:20:36.266+0000] {processor.py:914} INFO - Processing file /opt/airflow/dags/09_advanced/05_custom_timetable.py for tasks to queue
[2026-05-10T21:20:36.267+0000] {logging_mixin.py:190} INFO - [2026-05-10T21:20:36.267+0000] {dagbag.py:588} INFO - Filling up the DagBag from /opt/airflow/dags/09_advanced/05_custom_timetable.py
[2026-05-10T21:20:36.272+0000] {processor.py:925} INFO - DAG(s) 'mod_09_05_custom_timetable' retrieved from /opt/airflow/dags/09_advanced/05_custom_timetable.py
[2026-05-10T21:20:36.282+0000] {logging_mixin.py:190} INFO - [2026-05-10T21:20:36.282+0000] {dag.py:3239} INFO - Sync 1 DAGs
[2026-05-10T21:20:36.294+0000] {logging_mixin.py:190} INFO - [2026-05-10T21:20:36.294+0000] {dag.py:4180} INFO - Setting next_dagrun for mod_09_05_custom_timetable to 2025-01-01 09:00:00+00:00, run_after=2025-01-02 09:00:00+00:00
[2026-05-10T21:20:36.302+0000] {processor.py:208} INFO - Processing /opt/airflow/dags/09_advanced/05_custom_timetable.py took 0.041 seconds
[2026-05-10T21:21:06.855+0000] {processor.py:186} INFO - Started process (PID=1035) to work on /opt/airflow/dags/09_advanced/05_custom_timetable.py
[2026-05-10T21:21:06.855+0000] {processor.py:914} INFO - Processing file /opt/airflow/dags/09_advanced/05_custom_timetable.py for tasks to queue
[2026-05-10T21:21:06.856+0000] {logging_mixin.py:190} INFO - [2026-05-10T21:21:06.856+0000] {dagbag.py:588} INFO - Filling up the DagBag from /opt/airflow/dags/09_advanced/05_custom_timetable.py
[2026-05-10T21:21:06.861+0000] {processor.py:925} INFO - DAG(s) 'mod_09_05_custom_timetable' retrieved from /opt/airflow/dags/09_advanced/05_custom_timetable.py
[2026-05-10T21:21:06.869+0000] {logging_mixin.py:190} INFO - [2026-05-10T21:21:06.869+0000] {dag.py:3239} INFO - Sync 1 DAGs
[2026-05-10T21:21:06.877+0000] {logging_mixin.py:190} INFO - [2026-05-10T21:21:06.877+0000] {dag.py:4180} INFO - Setting next_dagrun for mod_09_05_custom_timetable to 2025-01-01 09:00:00+00:00, run_after=2025-01-02 09:00:00+00:00
[2026-05-10T21:21:06.883+0000] {processor.py:208} INFO - Processing /opt/airflow/dags/09_advanced/05_custom_timetable.py took 0.031 seconds
[2026-05-10T21:21:37.386+0000] {processor.py:186} INFO - Started process (PID=1238) to work on /opt/airflow/dags/09_advanced/05_custom_timetable.py
[2026-05-10T21:21:37.386+0000] {processor.py:914} INFO - Processing file /opt/airflow/dags/09_advanced/05_custom_timetable.py for tasks to queue
[2026-05-10T21:21:37.388+0000] {logging_mixin.py:190} INFO - [2026-05-10T21:21:37.387+0000] {dagbag.py:588} INFO - Filling up the DagBag from /opt/airflow/dags/09_advanced/05_custom_timetable.py
[2026-05-10T21:21:37.392+0000] {processor.py:925} INFO - DAG(s) 'mod_09_05_custom_timetable' retrieved from /opt/airflow/dags/09_advanced/05_custom_timetable.py
[2026-05-10T21:21:37.403+0000] {logging_mixin.py:190} INFO - [2026-05-10T21:21:37.403+0000] {dag.py:3239} INFO - Sync 1 DAGs
[2026-05-10T21:21:37.412+0000] {logging_mixin.py:190} INFO - [2026-05-10T21:21:37.412+0000] {dag.py:4180} INFO - Setting next_dagrun for mod_09_05_custom_timetable to 2025-01-01 09:00:00+00:00, run_after=2025-01-02 09:00:00+00:00
[2026-05-10T21:21:37.419+0000] {processor.py:208} INFO - Processing /opt/airflow/dags/09_advanced/05_custom_timetable.py took 0.036 seconds
[2026-05-10T21:22:07.915+0000] {processor.py:186} INFO - Started process (PID=1441) to work on /opt/airflow/dags/09_advanced/05_custom_timetable.py
[2026-05-10T21:22:07.916+0000] {processor.py:914} INFO - Processing file /opt/airflow/dags/09_advanced/05_custom_timetable.py for tasks to queue
[2026-05-10T21:22:07.917+0000] {logging_mixin.py:190} INFO - [2026-05-10T21:22:07.916+0000] {dagbag.py:588} INFO - Filling up the DagBag from /opt/airflow/dags/09_advanced/05_custom_timetable.py
[2026-05-10T21:22:07.921+0000] {processor.py:925} INFO - DAG(s) 'mod_09_05_custom_timetable' retrieved from /opt/airflow/dags/09_advanced/05_custom_timetable.py
[2026-05-10T21:22:07.929+0000] {logging_mixin.py:190} INFO - [2026-05-10T21:22:07.929+0000] {dag.py:3239} INFO - Sync 1 DAGs
[2026-05-10T21:22:07.937+0000] {logging_mixin.py:190} INFO - [2026-05-10T21:22:07.937+0000] {dag.py:4180} INFO - Setting next_dagrun for mod_09_05_custom_timetable to 2025-01-01 09:00:00+00:00, run_after=2025-01-02 09:00:00+00:00
[2026-05-10T21:22:07.943+0000] {processor.py:208} INFO - Processing /opt/airflow/dags/09_advanced/05_custom_timetable.py took 0.030 seconds
[2026-05-10T21:22:38.366+0000] {processor.py:186} INFO - Started process (PID=1644) to work on /opt/airflow/dags/09_advanced/05_custom_timetable.py
[2026-05-10T21:22:38.366+0000] {processor.py:914} INFO - Processing file /opt/airflow/dags/09_advanced/05_custom_timetable.py for tasks to queue
[2026-05-10T21:22:38.368+0000] {logging_mixin.py:190} INFO - [2026-05-10T21:22:38.367+0000] {dagbag.py:588} INFO - Filling up the DagBag from /opt/airflow/dags/09_advanced/05_custom_timetable.py
[2026-05-10T21:22:38.372+0000] {processor.py:925} INFO - DAG(s) 'mod_09_05_custom_timetable' retrieved from /opt/airflow/dags/09_advanced/05_custom_timetable.py
[2026-05-10T21:22:38.380+0000] {logging_mixin.py:190} INFO - [2026-05-10T21:22:38.380+0000] {dag.py:3239} INFO - Sync 1 DAGs
[2026-05-10T21:22:38.388+0000] {logging_mixin.py:190} INFO - [2026-05-10T21:22:38.388+0000] {dag.py:4180} INFO - Setting next_dagrun for mod_09_05_custom_timetable to 2025-01-01 09:00:00+00:00, run_after=2025-01-02 09:00:00+00:00
[2026-05-10T21:22:38.394+0000] {processor.py:208} INFO - Processing /opt/airflow/dags/09_advanced/05_custom_timetable.py took 0.032 seconds
[2026-05-10T21:23:08.822+0000] {processor.py:186} INFO - Started process (PID=1847) to work on /opt/airflow/dags/09_advanced/05_custom_timetable.py
[2026-05-10T21:23:08.823+0000] {processor.py:914} INFO - Processing file /opt/airflow/dags/09_advanced/05_custom_timetable.py for tasks to queue
[2026-05-10T21:23:08.824+0000] {logging_mixin.py:190} INFO - [2026-05-10T21:23:08.824+0000] {dagbag.py:588} INFO - Filling up the DagBag from /opt/airflow/dags/09_advanced/05_custom_timetable.py
[2026-05-10T21:23:08.828+0000] {processor.py:925} INFO - DAG(s) 'mod_09_05_custom_timetable' retrieved from /opt/airflow/dags/09_advanced/05_custom_timetable.py
[2026-05-10T21:23:08.836+0000] {logging_mixin.py:190} INFO - [2026-05-10T21:23:08.836+0000] {dag.py:3239} INFO - Sync 1 DAGs
[2026-05-10T21:23:08.844+0000] {logging_mixin.py:190} INFO - [2026-05-10T21:23:08.844+0000] {dag.py:4180} INFO - Setting next_dagrun for mod_09_05_custom_timetable to 2025-01-01 09:00:00+00:00, run_after=2025-01-02 09:00:00+00:00
[2026-05-10T21:23:08.849+0000] {processor.py:208} INFO - Processing /opt/airflow/dags/09_advanced/05_custom_timetable.py took 0.030 seconds
[2026-05-10T21:23:39.263+0000] {processor.py:186} INFO - Started process (PID=2050) to work on /opt/airflow/dags/09_advanced/05_custom_timetable.py
[2026-05-10T21:23:39.263+0000] {processor.py:914} INFO - Processing file /opt/airflow/dags/09_advanced/05_custom_timetable.py for tasks to queue
[2026-05-10T21:23:39.265+0000] {logging_mixin.py:190} INFO - [2026-05-10T21:23:39.265+0000] {dagbag.py:588} INFO - Filling up the DagBag from /opt/airflow/dags/09_advanced/05_custom_timetable.py
[2026-05-10T21:23:39.270+0000] {processor.py:925} INFO - DAG(s) 'mod_09_05_custom_timetable' retrieved from /opt/airflow/dags/09_advanced/05_custom_timetable.py
[2026-05-10T21:23:39.280+0000] {logging_mixin.py:190} INFO - [2026-05-10T21:23:39.280+0000] {dag.py:3239} INFO - Sync 1 DAGs
[2026-05-10T21:23:39.289+0000] {logging_mixin.py:190} INFO - [2026-05-10T21:23:39.289+0000] {dag.py:4180} INFO - Setting next_dagrun for mod_09_05_custom_timetable to 2025-01-01 09:00:00+00:00, run_after=2025-01-02 09:00:00+00:00
[2026-05-10T21:23:39.295+0000] {processor.py:208} INFO - Processing /opt/airflow/dags/09_advanced/05_custom_timetable.py took 0.035 seconds
[2026-05-10T21:24:09.816+0000] {processor.py:186} INFO - Started process (PID=2267) to work on /opt/airflow/dags/09_advanced/05_custom_timetable.py
[2026-05-10T21:24:09.817+0000] {processor.py:914} INFO - Processing file /opt/airflow/dags/09_advanced/05_custom_timetable.py for tasks to queue
[2026-05-10T21:24:09.819+0000] {logging_mixin.py:190} INFO - [2026-05-10T21:24:09.819+0000] {dagbag.py:588} INFO - Filling up the DagBag from /opt/airflow/dags/09_advanced/05_custom_timetable.py
[2026-05-10T21:24:09.823+0000] {processor.py:925} INFO - DAG(s) 'mod_09_05_custom_timetable' retrieved from /opt/airflow/dags/09_advanced/05_custom_timetable.py
[2026-05-10T21:24:09.832+0000] {logging_mixin.py:190} INFO - [2026-05-10T21:24:09.832+0000] {dag.py:3239} INFO - Sync 1 DAGs
[2026-05-10T21:24:09.841+0000] {logging_mixin.py:190} INFO - [2026-05-10T21:24:09.841+0000] {dag.py:4180} INFO - Setting next_dagrun for mod_09_05_custom_timetable to 2025-01-01 09:00:00+00:00, run_after=2025-01-02 09:00:00+00:00
[2026-05-10T21:24:09.847+0000] {processor.py:208} INFO - Processing /opt/airflow/dags/09_advanced/05_custom_timetable.py took 0.034 seconds
[2026-05-10T21:24:40.294+0000] {processor.py:186} INFO - Started process (PID=2470) to work on /opt/airflow/dags/09_advanced/05_custom_timetable.py
[2026-05-10T21:24:40.295+0000] {processor.py:914} INFO - Processing file /opt/airflow/dags/09_advanced/05_custom_timetable.py for tasks to queue
[2026-05-10T21:24:40.296+0000] {logging_mixin.py:190} INFO - [2026-05-10T21:24:40.295+0000] {dagbag.py:588} INFO - Filling up the DagBag from /opt/airflow/dags/09_advanced/05_custom_timetable.py
[2026-05-10T21:24:40.300+0000] {processor.py:925} INFO - DAG(s) 'mod_09_05_custom_timetable' retrieved from /opt/airflow/dags/09_advanced/05_custom_timetable.py
[2026-05-10T21:24:40.309+0000] {logging_mixin.py:190} INFO - [2026-05-10T21:24:40.308+0000] {dag.py:3239} INFO - Sync 1 DAGs
[2026-05-10T21:24:40.317+0000] {logging_mixin.py:190} INFO - [2026-05-10T21:24:40.317+0000] {dag.py:4180} INFO - Setting next_dagrun for mod_09_05_custom_timetable to 2025-01-01 09:00:00+00:00, run_after=2025-01-02 09:00:00+00:00
[2026-05-10T21:24:40.323+0000] {processor.py:208} INFO - Processing /opt/airflow/dags/09_advanced/05_custom_timetable.py took 0.033 seconds
[2026-05-10T21:25:10.751+0000] {processor.py:186} INFO - Started process (PID=2673) to work on /opt/airflow/dags/09_advanced/05_custom_timetable.py
[2026-05-10T21:25:10.752+0000] {processor.py:914} INFO - Processing file /opt/airflow/dags/09_advanced/05_custom_timetable.py for tasks to queue
[2026-05-10T21:25:10.753+0000] {logging_mixin.py:190} INFO - [2026-05-10T21:25:10.753+0000] {dagbag.py:588} INFO - Filling up the DagBag from /opt/airflow/dags/09_advanced/05_custom_timetable.py
[2026-05-10T21:25:10.758+0000] {processor.py:925} INFO - DAG(s) 'mod_09_05_custom_timetable' retrieved from /opt/airflow/dags/09_advanced/05_custom_timetable.py
[2026-05-10T21:25:10.769+0000] {logging_mixin.py:190} INFO - [2026-05-10T21:25:10.769+0000] {dag.py:3239} INFO - Sync 1 DAGs
[2026-05-10T21:25:10.782+0000] {logging_mixin.py:190} INFO - [2026-05-10T21:25:10.781+0000] {dag.py:4180} INFO - Setting next_dagrun for mod_09_05_custom_timetable to 2025-01-01 09:00:00+00:00, run_after=2025-01-02 09:00:00+00:00
[2026-05-10T21:25:10.789+0000] {processor.py:208} INFO - Processing /opt/airflow/dags/09_advanced/05_custom_timetable.py took 0.045 seconds
[2026-05-10T21:25:41.332+0000] {processor.py:186} INFO - Started process (PID=2876) to work on /opt/airflow/dags/09_advanced/05_custom_timetable.py
[2026-05-10T21:25:41.332+0000] {processor.py:914} INFO - Processing file /opt/airflow/dags/09_advanced/05_custom_timetable.py for tasks to queue
[2026-05-10T21:25:41.333+0000] {logging_mixin.py:190} INFO - [2026-05-10T21:25:41.333+0000] {dagbag.py:588} INFO - Filling up the DagBag from /opt/airflow/dags/09_advanced/05_custom_timetable.py
[2026-05-10T21:25:41.338+0000] {processor.py:925} INFO - DAG(s) 'mod_09_05_custom_timetable' retrieved from /opt/airflow/dags/09_advanced/05_custom_timetable.py
[2026-05-10T21:25:41.349+0000] {logging_mixin.py:190} INFO - [2026-05-10T21:25:41.349+0000] {dag.py:3239} INFO - Sync 1 DAGs
[2026-05-10T21:25:41.357+0000] {logging_mixin.py:190} INFO - [2026-05-10T21:25:41.357+0000] {dag.py:4180} INFO - Setting next_dagrun for mod_09_05_custom_timetable to 2025-01-01 09:00:00+00:00, run_after=2025-01-02 09:00:00+00:00
[2026-05-10T21:25:41.364+0000] {processor.py:208} INFO - Processing /opt/airflow/dags/09_advanced/05_custom_timetable.py took 0.036 seconds
[2026-05-10T21:26:11.901+0000] {processor.py:186} INFO - Started process (PID=3079) to work on /opt/airflow/dags/09_advanced/05_custom_timetable.py
[2026-05-10T21:26:11.901+0000] {processor.py:914} INFO - Processing file /opt/airflow/dags/09_advanced/05_custom_timetable.py for tasks to queue
[2026-05-10T21:26:11.902+0000] {logging_mixin.py:190} INFO - [2026-05-10T21:26:11.902+0000] {dagbag.py:588} INFO - Filling up the DagBag from /opt/airflow/dags/09_advanced/05_custom_timetable.py
[2026-05-10T21:26:11.906+0000] {processor.py:925} INFO - DAG(s) 'mod_09_05_custom_timetable' retrieved from /opt/airflow/dags/09_advanced/05_custom_timetable.py
[2026-05-10T21:26:11.915+0000] {logging_mixin.py:190} INFO - [2026-05-10T21:26:11.915+0000] {dag.py:3239} INFO - Sync 1 DAGs
[2026-05-10T21:26:11.923+0000] {logging_mixin.py:190} INFO - [2026-05-10T21:26:11.923+0000] {dag.py:4180} INFO - Setting next_dagrun for mod_09_05_custom_timetable to 2025-01-01 09:00:00+00:00, run_after=2025-01-02 09:00:00+00:00
[2026-05-10T21:26:11.930+0000] {processor.py:208} INFO - Processing /opt/airflow/dags/09_advanced/05_custom_timetable.py took 0.039 seconds
[2026-05-10T21:26:42.407+0000] {processor.py:186} INFO - Started process (PID=3282) to work on /opt/airflow/dags/09_advanced/05_custom_timetable.py
[2026-05-10T21:26:42.407+0000] {processor.py:914} INFO - Processing file /opt/airflow/dags/09_advanced/05_custom_timetable.py for tasks to queue
[2026-05-10T21:26:42.409+0000] {logging_mixin.py:190} INFO - [2026-05-10T21:26:42.409+0000] {dagbag.py:588} INFO - Filling up the DagBag from /opt/airflow/dags/09_advanced/05_custom_timetable.py
[2026-05-10T21:26:42.414+0000] {processor.py:925} INFO - DAG(s) 'mod_09_05_custom_timetable' retrieved from /opt/airflow/dags/09_advanced/05_custom_timetable.py
[2026-05-10T21:26:42.424+0000] {logging_mixin.py:190} INFO - [2026-05-10T21:26:42.424+0000] {dag.py:3239} INFO - Sync 1 DAGs
[2026-05-10T21:26:42.432+0000] {logging_mixin.py:190} INFO - [2026-05-10T21:26:42.432+0000] {dag.py:4180} INFO - Setting next_dagrun for mod_09_05_custom_timetable to 2025-01-01 09:00:00+00:00, run_after=2025-01-02 09:00:00+00:00
[2026-05-10T21:26:42.438+0000] {processor.py:208} INFO - Processing /opt/airflow/dags/09_advanced/05_custom_timetable.py took 0.036 seconds
[2026-05-10T21:27:13.003+0000] {processor.py:186} INFO - Started process (PID=3485) to work on /opt/airflow/dags/09_advanced/05_custom_timetable.py
[2026-05-10T21:27:13.004+0000] {processor.py:914} INFO - Processing file /opt/airflow/dags/09_advanced/05_custom_timetable.py for tasks to queue
[2026-05-10T21:27:13.005+0000] {logging_mixin.py:190} INFO - [2026-05-10T21:27:13.005+0000] {dagbag.py:588} INFO - Filling up the DagBag from /opt/airflow/dags/09_advanced/05_custom_timetable.py
[2026-05-10T21:27:13.010+0000] {processor.py:925} INFO - DAG(s) 'mod_09_05_custom_timetable' retrieved from /opt/airflow/dags/09_advanced/05_custom_timetable.py
[2026-05-10T21:27:13.022+0000] {logging_mixin.py:190} INFO - [2026-05-10T21:27:13.022+0000] {dag.py:3239} INFO - Sync 1 DAGs
[2026-05-10T21:27:13.032+0000] {logging_mixin.py:190} INFO - [2026-05-10T21:27:13.032+0000] {dag.py:4180} INFO - Setting next_dagrun for mod_09_05_custom_timetable to 2025-01-01 09:00:00+00:00, run_after=2025-01-02 09:00:00+00:00
[2026-05-10T21:27:13.039+0000] {processor.py:208} INFO - Processing /opt/airflow/dags/09_advanced/05_custom_timetable.py took 0.040 seconds
[2026-05-10T21:27:43.546+0000] {processor.py:186} INFO - Started process (PID=3688) to work on /opt/airflow/dags/09_advanced/05_custom_timetable.py
[2026-05-10T21:27:43.547+0000] {processor.py:914} INFO - Processing file /opt/airflow/dags/09_advanced/05_custom_timetable.py for tasks to queue
[2026-05-10T21:27:43.548+0000] {logging_mixin.py:190} INFO - [2026-05-10T21:27:43.548+0000] {dagbag.py:588} INFO - Filling up the DagBag from /opt/airflow/dags/09_advanced/05_custom_timetable.py
[2026-05-10T21:27:43.552+0000] {processor.py:925} INFO - DAG(s) 'mod_09_05_custom_timetable' retrieved from /opt/airflow/dags/09_advanced/05_custom_timetable.py
[2026-05-10T21:27:43.560+0000] {logging_mixin.py:190} INFO - [2026-05-10T21:27:43.560+0000] {dag.py:3239} INFO - Sync 1 DAGs
[2026-05-10T21:27:43.568+0000] {logging_mixin.py:190} INFO - [2026-05-10T21:27:43.568+0000] {dag.py:4180} INFO - Setting next_dagrun for mod_09_05_custom_timetable to 2025-01-01 09:00:00+00:00, run_after=2025-01-02 09:00:00+00:00
[2026-05-10T21:27:43.573+0000] {processor.py:208} INFO - Processing /opt/airflow/dags/09_advanced/05_custom_timetable.py took 0.030 seconds
[2026-05-10T21:28:14.023+0000] {processor.py:186} INFO - Started process (PID=3891) to work on /opt/airflow/dags/09_advanced/05_custom_timetable.py
[2026-05-10T21:28:14.024+0000] {processor.py:914} INFO - Processing file /opt/airflow/dags/09_advanced/05_custom_timetable.py for tasks to queue
[2026-05-10T21:28:14.025+0000] {logging_mixin.py:190} INFO - [2026-05-10T21:28:14.025+0000] {dagbag.py:588} INFO - Filling up the DagBag from /opt/airflow/dags/09_advanced/05_custom_timetable.py
[2026-05-10T21:28:14.029+0000] {processor.py:925} INFO - DAG(s) 'mod_09_05_custom_timetable' retrieved from /opt/airflow/dags/09_advanced/05_custom_timetable.py
[2026-05-10T21:28:14.037+0000] {logging_mixin.py:190} INFO - [2026-05-10T21:28:14.037+0000] {dag.py:3239} INFO - Sync 1 DAGs
[2026-05-10T21:28:14.045+0000] {logging_mixin.py:190} INFO - [2026-05-10T21:28:14.045+0000] {dag.py:4180} INFO - Setting next_dagrun for mod_09_05_custom_timetable to 2025-01-01 09:00:00+00:00, run_after=2025-01-02 09:00:00+00:00
[2026-05-10T21:28:14.051+0000] {processor.py:208} INFO - Processing /opt/airflow/dags/09_advanced/05_custom_timetable.py took 0.030 seconds
[2026-05-10T21:28:44.517+0000] {processor.py:186} INFO - Started process (PID=4094) to work on /opt/airflow/dags/09_advanced/05_custom_timetable.py
[2026-05-10T21:28:44.518+0000] {processor.py:914} INFO - Processing file /opt/airflow/dags/09_advanced/05_custom_timetable.py for tasks to queue
[2026-05-10T21:28:44.519+0000] {logging_mixin.py:190} INFO - [2026-05-10T21:28:44.519+0000] {dagbag.py:588} INFO - Filling up the DagBag from /opt/airflow/dags/09_advanced/05_custom_timetable.py
[2026-05-10T21:28:44.523+0000] {processor.py:925} INFO - DAG(s) 'mod_09_05_custom_timetable' retrieved from /opt/airflow/dags/09_advanced/05_custom_timetable.py
[2026-05-10T21:28:44.532+0000] {logging_mixin.py:190} INFO - [2026-05-10T21:28:44.532+0000] {dag.py:3239} INFO - Sync 1 DAGs
[2026-05-10T21:28:44.543+0000] {logging_mixin.py:190} INFO - [2026-05-10T21:28:44.542+0000] {dag.py:4180} INFO - Setting next_dagrun for mod_09_05_custom_timetable to 2025-01-01 09:00:00+00:00, run_after=2025-01-02 09:00:00+00:00
[2026-05-10T21:28:44.549+0000] {processor.py:208} INFO - Processing /opt/airflow/dags/09_advanced/05_custom_timetable.py took 0.036 seconds
[2026-05-10T21:29:15.122+0000] {processor.py:186} INFO - Started process (PID=4297) to work on /opt/airflow/dags/09_advanced/05_custom_timetable.py
[2026-05-10T21:29:15.122+0000] {processor.py:914} INFO - Processing file /opt/airflow/dags/09_advanced/05_custom_timetable.py for tasks to queue
[2026-05-10T21:29:15.123+0000] {logging_mixin.py:190} INFO - [2026-05-10T21:29:15.123+0000] {dagbag.py:588} INFO - Filling up the DagBag from /opt/airflow/dags/09_advanced/05_custom_timetable.py
[2026-05-10T21:29:15.128+0000] {processor.py:925} INFO - DAG(s) 'mod_09_05_custom_timetable' retrieved from /opt/airflow/dags/09_advanced/05_custom_timetable.py
[2026-05-10T21:29:15.136+0000] {logging_mixin.py:190} INFO - [2026-05-10T21:29:15.136+0000] {dag.py:3239} INFO - Sync 1 DAGs
[2026-05-10T21:29:15.144+0000] {logging_mixin.py:190} INFO - [2026-05-10T21:29:15.144+0000] {dag.py:4180} INFO - Setting next_dagrun for mod_09_05_custom_timetable to 2025-01-01 09:00:00+00:00, run_after=2025-01-02 09:00:00+00:00
[2026-05-10T21:29:15.149+0000] {processor.py:208} INFO - Processing /opt/airflow/dags/09_advanced/05_custom_timetable.py took 0.030 seconds
[2026-05-10T21:29:45.700+0000] {processor.py:186} INFO - Started process (PID=4500) to work on /opt/airflow/dags/09_advanced/05_custom_timetable.py
[2026-05-10T21:29:45.700+0000] {processor.py:914} INFO - Processing file /opt/airflow/dags/09_advanced/05_custom_timetable.py for tasks to queue
[2026-05-10T21:29:45.702+0000] {logging_mixin.py:190} INFO - [2026-05-10T21:29:45.702+0000] {dagbag.py:588} INFO - Filling up the DagBag from /opt/airflow/dags/09_advanced/05_custom_timetable.py
[2026-05-10T21:29:45.706+0000] {processor.py:925} INFO - DAG(s) 'mod_09_05_custom_timetable' retrieved from /opt/airflow/dags/09_advanced/05_custom_timetable.py
[2026-05-10T21:29:45.715+0000] {logging_mixin.py:190} INFO - [2026-05-10T21:29:45.714+0000] {dag.py:3239} INFO - Sync 1 DAGs
[2026-05-10T21:29:45.722+0000] {logging_mixin.py:190} INFO - [2026-05-10T21:29:45.722+0000] {dag.py:4180} INFO - Setting next_dagrun for mod_09_05_custom_timetable to 2025-01-01 09:00:00+00:00, run_after=2025-01-02 09:00:00+00:00
[2026-05-10T21:29:45.728+0000] {processor.py:208} INFO - Processing /opt/airflow/dags/09_advanced/05_custom_timetable.py took 0.033 seconds
[2026-05-10T21:30:16.158+0000] {processor.py:186} INFO - Started process (PID=4703) to work on /opt/airflow/dags/09_advanced/05_custom_timetable.py
[2026-05-10T21:30:16.159+0000] {processor.py:914} INFO - Processing file /opt/airflow/dags/09_advanced/05_custom_timetable.py for tasks to queue
[2026-05-10T21:30:16.160+0000] {logging_mixin.py:190} INFO - [2026-05-10T21:30:16.160+0000] {dagbag.py:588} INFO - Filling up the DagBag from /opt/airflow/dags/09_advanced/05_custom_timetable.py
[2026-05-10T21:30:16.164+0000] {processor.py:925} INFO - DAG(s) 'mod_09_05_custom_timetable' retrieved from /opt/airflow/dags/09_advanced/05_custom_timetable.py
[2026-05-10T21:30:16.172+0000] {logging_mixin.py:190} INFO - [2026-05-10T21:30:16.172+0000] {dag.py:3239} INFO - Sync 1 DAGs
[2026-05-10T21:30:16.180+0000] {logging_mixin.py:190} INFO - [2026-05-10T21:30:16.180+0000] {dag.py:4180} INFO - Setting next_dagrun for mod_09_05_custom_timetable to 2025-01-01 09:00:00+00:00, run_after=2025-01-02 09:00:00+00:00
[2026-05-10T21:30:16.186+0000] {processor.py:208} INFO - Processing /opt/airflow/dags/09_advanced/05_custom_timetable.py took 0.030 seconds
[2026-05-10T21:30:46.705+0000] {processor.py:186} INFO - Started process (PID=4906) to work on /opt/airflow/dags/09_advanced/05_custom_timetable.py
[2026-05-10T21:30:46.705+0000] {processor.py:914} INFO - Processing file /opt/airflow/dags/09_advanced/05_custom_timetable.py for tasks to queue
[2026-05-10T21:30:46.706+0000] {logging_mixin.py:190} INFO - [2026-05-10T21:30:46.706+0000] {dagbag.py:588} INFO - Filling up the DagBag from /opt/airflow/dags/09_advanced/05_custom_timetable.py
[2026-05-10T21:30:46.710+0000] {processor.py:925} INFO - DAG(s) 'mod_09_05_custom_timetable' retrieved from /opt/airflow/dags/09_advanced/05_custom_timetable.py
[2026-05-10T21:30:46.718+0000] {logging_mixin.py:190} INFO - [2026-05-10T21:30:46.718+0000] {dag.py:3239} INFO - Sync 1 DAGs
[2026-05-10T21:30:46.726+0000] {logging_mixin.py:190} INFO - [2026-05-10T21:30:46.726+0000] {dag.py:4180} INFO - Setting next_dagrun for mod_09_05_custom_timetable to 2025-01-01 09:00:00+00:00, run_after=2025-01-02 09:00:00+00:00
[2026-05-10T21:30:46.731+0000] {processor.py:208} INFO - Processing /opt/airflow/dags/09_advanced/05_custom_timetable.py took 0.030 seconds
[2026-05-10T21:31:17.232+0000] {processor.py:186} INFO - Started process (PID=5109) to work on /opt/airflow/dags/09_advanced/05_custom_timetable.py
[2026-05-10T21:31:17.232+0000] {processor.py:914} INFO - Processing file /opt/airflow/dags/09_advanced/05_custom_timetable.py for tasks to queue
[2026-05-10T21:31:17.234+0000] {logging_mixin.py:190} INFO - [2026-05-10T21:31:17.234+0000] {dagbag.py:588} INFO - Filling up the DagBag from /opt/airflow/dags/09_advanced/05_custom_timetable.py
[2026-05-10T21:31:17.238+0000] {processor.py:925} INFO - DAG(s) 'mod_09_05_custom_timetable' retrieved from /opt/airflow/dags/09_advanced/05_custom_timetable.py
[2026-05-10T21:31:17.246+0000] {logging_mixin.py:190} INFO - [2026-05-10T21:31:17.246+0000] {dag.py:3239} INFO - Sync 1 DAGs
[2026-05-10T21:31:17.254+0000] {logging_mixin.py:190} INFO - [2026-05-10T21:31:17.254+0000] {dag.py:4180} INFO - Setting next_dagrun for mod_09_05_custom_timetable to 2025-01-01 09:00:00+00:00, run_after=2025-01-02 09:00:00+00:00
[2026-05-10T21:31:17.260+0000] {processor.py:208} INFO - Processing /opt/airflow/dags/09_advanced/05_custom_timetable.py took 0.032 seconds
[2026-05-10T21:31:47.781+0000] {processor.py:186} INFO - Started process (PID=5312) to work on /opt/airflow/dags/09_advanced/05_custom_timetable.py
[2026-05-10T21:31:47.781+0000] {processor.py:914} INFO - Processing file /opt/airflow/dags/09_advanced/05_custom_timetable.py for tasks to queue
[2026-05-10T21:31:47.782+0000] {logging_mixin.py:190} INFO - [2026-05-10T21:31:47.782+0000] {dagbag.py:588} INFO - Filling up the DagBag from /opt/airflow/dags/09_advanced/05_custom_timetable.py
[2026-05-10T21:31:47.786+0000] {processor.py:925} INFO - DAG(s) 'mod_09_05_custom_timetable' retrieved from /opt/airflow/dags/09_advanced/05_custom_timetable.py
[2026-05-10T21:31:47.795+0000] {logging_mixin.py:190} INFO - [2026-05-10T21:31:47.795+0000] {dag.py:3239} INFO - Sync 1 DAGs
[2026-05-10T21:31:47.803+0000] {logging_mixin.py:190} INFO - [2026-05-10T21:31:47.803+0000] {dag.py:4180} INFO - Setting next_dagrun for mod_09_05_custom_timetable to 2025-01-01 09:00:00+00:00, run_after=2025-01-02 09:00:00+00:00
[2026-05-10T21:31:47.809+0000] {processor.py:208} INFO - Processing /opt/airflow/dags/09_advanced/05_custom_timetable.py took 0.032 seconds
