[2026-05-10T21:19:04.364+0000] {processor.py:186} INFO - Started process (PID=218) to work on /opt/airflow/dags/09_advanced/06_variables_and_connections.py
[2026-05-10T21:19:04.365+0000] {processor.py:914} INFO - Processing file /opt/airflow/dags/09_advanced/06_variables_and_connections.py for tasks to queue
[2026-05-10T21:19:04.366+0000] {logging_mixin.py:190} INFO - [2026-05-10T21:19:04.366+0000] {dagbag.py:588} INFO - Filling up the DagBag from /opt/airflow/dags/09_advanced/06_variables_and_connections.py
[2026-05-10T21:19:04.371+0000] {processor.py:925} INFO - DAG(s) 'mod_09_06_variables_and_connections' retrieved from /opt/airflow/dags/09_advanced/06_variables_and_connections.py
[2026-05-10T21:19:04.415+0000] {logging_mixin.py:190} INFO - [2026-05-10T21:19:04.415+0000] {override.py:1912} INFO - Created Permission View: can delete on DAG:mod_09_06_variables_and_connections
[2026-05-10T21:19:04.418+0000] {logging_mixin.py:190} INFO - [2026-05-10T21:19:04.418+0000] {override.py:1912} INFO - Created Permission View: can edit on DAG:mod_09_06_variables_and_connections
[2026-05-10T21:19:04.420+0000] {logging_mixin.py:190} INFO - [2026-05-10T21:19:04.420+0000] {override.py:1912} INFO - Created Permission View: can read on DAG:mod_09_06_variables_and_connections
[2026-05-10T21:19:04.422+0000] {logging_mixin.py:190} INFO - [2026-05-10T21:19:04.422+0000] {override.py:1912} INFO - Created Permission View: can delete on DAG Run:mod_09_06_variables_and_connections
[2026-05-10T21:19:04.425+0000] {logging_mixin.py:190} INFO - [2026-05-10T21:19:04.424+0000] {override.py:1912} INFO - Created Permission View: menu access on DAG Run:mod_09_06_variables_and_connections
[2026-05-10T21:19:04.427+0000] {logging_mixin.py:190} INFO - [2026-05-10T21:19:04.427+0000] {override.py:1912} INFO - Created Permission View: can create on DAG Run:mod_09_06_variables_and_connections
[2026-05-10T21:19:04.429+0000] {logging_mixin.py:190} INFO - [2026-05-10T21:19:04.428+0000] {override.py:1912} INFO - Created Permission View: can read on DAG Run:mod_09_06_variables_and_connections
[2026-05-10T21:19:04.429+0000] {logging_mixin.py:190} INFO - [2026-05-10T21:19:04.429+0000] {dag.py:3239} INFO - Sync 1 DAGs
[2026-05-10T21:19:04.435+0000] {logging_mixin.py:190} INFO - [2026-05-10T21:19:04.435+0000] {dag.py:3262} INFO - Creating ORM DAG for mod_09_06_variables_and_connections
[2026-05-10T21:19:04.435+0000] {logging_mixin.py:190} INFO - [2026-05-10T21:19:04.435+0000] {dag.py:4180} INFO - Setting next_dagrun for mod_09_06_variables_and_connections to None, run_after=None
[2026-05-10T21:19:04.442+0000] {processor.py:208} INFO - Processing /opt/airflow/dags/09_advanced/06_variables_and_connections.py took 0.080 seconds
[2026-05-10T21:19:35.224+0000] {processor.py:186} INFO - Started process (PID=421) to work on /opt/airflow/dags/09_advanced/06_variables_and_connections.py
[2026-05-10T21:19:35.225+0000] {processor.py:914} INFO - Processing file /opt/airflow/dags/09_advanced/06_variables_and_connections.py for tasks to queue
[2026-05-10T21:19:35.226+0000] {logging_mixin.py:190} INFO - [2026-05-10T21:19:35.226+0000] {dagbag.py:588} INFO - Filling up the DagBag from /opt/airflow/dags/09_advanced/06_variables_and_connections.py
[2026-05-10T21:19:35.231+0000] {processor.py:925} INFO - DAG(s) 'mod_09_06_variables_and_connections' retrieved from /opt/airflow/dags/09_advanced/06_variables_and_connections.py
[2026-05-10T21:19:35.242+0000] {logging_mixin.py:190} INFO - [2026-05-10T21:19:35.242+0000] {dag.py:3239} INFO - Sync 1 DAGs
[2026-05-10T21:19:35.249+0000] {logging_mixin.py:190} INFO - [2026-05-10T21:19:35.249+0000] {dag.py:4180} INFO - Setting next_dagrun for mod_09_06_variables_and_connections to None, run_after=None
[2026-05-10T21:19:35.257+0000] {processor.py:208} INFO - Processing /opt/airflow/dags/09_advanced/06_variables_and_connections.py took 0.035 seconds
[2026-05-10T21:20:05.738+0000] {processor.py:186} INFO - Started process (PID=624) to work on /opt/airflow/dags/09_advanced/06_variables_and_connections.py
[2026-05-10T21:20:05.739+0000] {processor.py:914} INFO - Processing file /opt/airflow/dags/09_advanced/06_variables_and_connections.py for tasks to queue
[2026-05-10T21:20:05.740+0000] {logging_mixin.py:190} INFO - [2026-05-10T21:20:05.740+0000] {dagbag.py:588} INFO - Filling up the DagBag from /opt/airflow/dags/09_advanced/06_variables_and_connections.py
[2026-05-10T21:20:05.744+0000] {processor.py:925} INFO - DAG(s) 'mod_09_06_variables_and_connections' retrieved from /opt/airflow/dags/09_advanced/06_variables_and_connections.py
[2026-05-10T21:20:05.752+0000] {logging_mixin.py:190} INFO - [2026-05-10T21:20:05.752+0000] {dag.py:3239} INFO - Sync 1 DAGs
[2026-05-10T21:20:05.757+0000] {logging_mixin.py:190} INFO - [2026-05-10T21:20:05.757+0000] {dag.py:4180} INFO - Setting next_dagrun for mod_09_06_variables_and_connections to None, run_after=None
[2026-05-10T21:20:05.763+0000] {processor.py:208} INFO - Processing /opt/airflow/dags/09_advanced/06_variables_and_connections.py took 0.027 seconds
[2026-05-10T21:20:36.218+0000] {processor.py:186} INFO - Started process (PID=827) to work on /opt/airflow/dags/09_advanced/06_variables_and_connections.py
[2026-05-10T21:20:36.219+0000] {processor.py:914} INFO - Processing file /opt/airflow/dags/09_advanced/06_variables_and_connections.py for tasks to queue
[2026-05-10T21:20:36.220+0000] {logging_mixin.py:190} INFO - [2026-05-10T21:20:36.220+0000] {dagbag.py:588} INFO - Filling up the DagBag from /opt/airflow/dags/09_advanced/06_variables_and_connections.py
[2026-05-10T21:20:36.225+0000] {processor.py:925} INFO - DAG(s) 'mod_09_06_variables_and_connections' retrieved from /opt/airflow/dags/09_advanced/06_variables_and_connections.py
[2026-05-10T21:20:36.235+0000] {logging_mixin.py:190} INFO - [2026-05-10T21:20:36.235+0000] {dag.py:3239} INFO - Sync 1 DAGs
[2026-05-10T21:20:36.241+0000] {logging_mixin.py:190} INFO - [2026-05-10T21:20:36.241+0000] {dag.py:4180} INFO - Setting next_dagrun for mod_09_06_variables_and_connections to None, run_after=None
[2026-05-10T21:20:36.249+0000] {processor.py:208} INFO - Processing /opt/airflow/dags/09_advanced/06_variables_and_connections.py took 0.034 seconds
[2026-05-10T21:21:06.814+0000] {processor.py:186} INFO - Started process (PID=1030) to work on /opt/airflow/dags/09_advanced/06_variables_and_connections.py
[2026-05-10T21:21:06.815+0000] {processor.py:914} INFO - Processing file /opt/airflow/dags/09_advanced/06_variables_and_connections.py for tasks to queue
[2026-05-10T21:21:06.816+0000] {logging_mixin.py:190} INFO - [2026-05-10T21:21:06.816+0000] {dagbag.py:588} INFO - Filling up the DagBag from /opt/airflow/dags/09_advanced/06_variables_and_connections.py
[2026-05-10T21:21:06.820+0000] {processor.py:925} INFO - DAG(s) 'mod_09_06_variables_and_connections' retrieved from /opt/airflow/dags/09_advanced/06_variables_and_connections.py
[2026-05-10T21:21:06.829+0000] {logging_mixin.py:190} INFO - [2026-05-10T21:21:06.829+0000] {dag.py:3239} INFO - Sync 1 DAGs
[2026-05-10T21:21:06.834+0000] {logging_mixin.py:190} INFO - [2026-05-10T21:21:06.834+0000] {dag.py:4180} INFO - Setting next_dagrun for mod_09_06_variables_and_connections to None, run_after=None
[2026-05-10T21:21:06.842+0000] {processor.py:208} INFO - Processing /opt/airflow/dags/09_advanced/06_variables_and_connections.py took 0.030 seconds
[2026-05-10T21:21:37.342+0000] {processor.py:186} INFO - Started process (PID=1233) to work on /opt/airflow/dags/09_advanced/06_variables_and_connections.py
[2026-05-10T21:21:37.342+0000] {processor.py:914} INFO - Processing file /opt/airflow/dags/09_advanced/06_variables_and_connections.py for tasks to queue
[2026-05-10T21:21:37.344+0000] {logging_mixin.py:190} INFO - [2026-05-10T21:21:37.344+0000] {dagbag.py:588} INFO - Filling up the DagBag from /opt/airflow/dags/09_advanced/06_variables_and_connections.py
[2026-05-10T21:21:37.348+0000] {processor.py:925} INFO - DAG(s) 'mod_09_06_variables_and_connections' retrieved from /opt/airflow/dags/09_advanced/06_variables_and_connections.py
[2026-05-10T21:21:37.357+0000] {logging_mixin.py:190} INFO - [2026-05-10T21:21:37.357+0000] {dag.py:3239} INFO - Sync 1 DAGs
[2026-05-10T21:21:37.363+0000] {logging_mixin.py:190} INFO - [2026-05-10T21:21:37.363+0000] {dag.py:4180} INFO - Setting next_dagrun for mod_09_06_variables_and_connections to None, run_after=None
[2026-05-10T21:21:37.369+0000] {processor.py:208} INFO - Processing /opt/airflow/dags/09_advanced/06_variables_and_connections.py took 0.030 seconds
[2026-05-10T21:22:07.878+0000] {processor.py:186} INFO - Started process (PID=1436) to work on /opt/airflow/dags/09_advanced/06_variables_and_connections.py
[2026-05-10T21:22:07.878+0000] {processor.py:914} INFO - Processing file /opt/airflow/dags/09_advanced/06_variables_and_connections.py for tasks to queue
[2026-05-10T21:22:07.879+0000] {logging_mixin.py:190} INFO - [2026-05-10T21:22:07.879+0000] {dagbag.py:588} INFO - Filling up the DagBag from /opt/airflow/dags/09_advanced/06_variables_and_connections.py
[2026-05-10T21:22:07.884+0000] {processor.py:925} INFO - DAG(s) 'mod_09_06_variables_and_connections' retrieved from /opt/airflow/dags/09_advanced/06_variables_and_connections.py
[2026-05-10T21:22:07.892+0000] {logging_mixin.py:190} INFO - [2026-05-10T21:22:07.892+0000] {dag.py:3239} INFO - Sync 1 DAGs
[2026-05-10T21:22:07.897+0000] {logging_mixin.py:190} INFO - [2026-05-10T21:22:07.897+0000] {dag.py:4180} INFO - Setting next_dagrun for mod_09_06_variables_and_connections to None, run_after=None
[2026-05-10T21:22:07.903+0000] {processor.py:208} INFO - Processing /opt/airflow/dags/09_advanced/06_variables_and_connections.py took 0.028 seconds
[2026-05-10T21:22:38.329+0000] {processor.py:186} INFO - Started process (PID=1639) to work on /opt/airflow/dags/09_advanced/06_variables_and_connections.py
[2026-05-10T21:22:38.329+0000] {processor.py:914} INFO - Processing file /opt/airflow/dags/09_advanced/06_variables_and_connections.py for tasks to queue
[2026-05-10T21:22:38.330+0000] {logging_mixin.py:190} INFO - [2026-05-10T21:22:38.330+0000] {dagbag.py:588} INFO - Filling up the DagBag from /opt/airflow/dags/09_advanced/06_variables_and_connections.py
[2026-05-10T21:22:38.335+0000] {processor.py:925} INFO - DAG(s) 'mod_09_06_variables_and_connections' retrieved from /opt/airflow/dags/09_advanced/06_variables_and_connections.py
[2026-05-10T21:22:38.343+0000] {logging_mixin.py:190} INFO - [2026-05-10T21:22:38.343+0000] {dag.py:3239} INFO - Sync 1 DAGs
[2026-05-10T21:22:38.348+0000] {logging_mixin.py:190} INFO - [2026-05-10T21:22:38.348+0000] {dag.py:4180} INFO - Setting next_dagrun for mod_09_06_variables_and_connections to None, run_after=None
[2026-05-10T21:22:38.353+0000] {processor.py:208} INFO - Processing /opt/airflow/dags/09_advanced/06_variables_and_connections.py took 0.027 seconds
[2026-05-10T21:23:08.785+0000] {processor.py:186} INFO - Started process (PID=1842) to work on /opt/airflow/dags/09_advanced/06_variables_and_connections.py
[2026-05-10T21:23:08.786+0000] {processor.py:914} INFO - Processing file /opt/airflow/dags/09_advanced/06_variables_and_connections.py for tasks to queue
[2026-05-10T21:23:08.786+0000] {logging_mixin.py:190} INFO - [2026-05-10T21:23:08.786+0000] {dagbag.py:588} INFO - Filling up the DagBag from /opt/airflow/dags/09_advanced/06_variables_and_connections.py
[2026-05-10T21:23:08.791+0000] {processor.py:925} INFO - DAG(s) 'mod_09_06_variables_and_connections' retrieved from /opt/airflow/dags/09_advanced/06_variables_and_connections.py
[2026-05-10T21:23:08.799+0000] {logging_mixin.py:190} INFO - [2026-05-10T21:23:08.799+0000] {dag.py:3239} INFO - Sync 1 DAGs
[2026-05-10T21:23:08.804+0000] {logging_mixin.py:190} INFO - [2026-05-10T21:23:08.804+0000] {dag.py:4180} INFO - Setting next_dagrun for mod_09_06_variables_and_connections to None, run_after=None
[2026-05-10T21:23:08.811+0000] {processor.py:208} INFO - Processing /opt/airflow/dags/09_advanced/06_variables_and_connections.py took 0.029 seconds
[2026-05-10T21:23:39.217+0000] {processor.py:186} INFO - Started process (PID=2045) to work on /opt/airflow/dags/09_advanced/06_variables_and_connections.py
[2026-05-10T21:23:39.218+0000] {processor.py:914} INFO - Processing file /opt/airflow/dags/09_advanced/06_variables_and_connections.py for tasks to queue
[2026-05-10T21:23:39.219+0000] {logging_mixin.py:190} INFO - [2026-05-10T21:23:39.218+0000] {dagbag.py:588} INFO - Filling up the DagBag from /opt/airflow/dags/09_advanced/06_variables_and_connections.py
[2026-05-10T21:23:39.223+0000] {processor.py:925} INFO - DAG(s) 'mod_09_06_variables_and_connections' retrieved from /opt/airflow/dags/09_advanced/06_variables_and_connections.py
[2026-05-10T21:23:39.234+0000] {logging_mixin.py:190} INFO - [2026-05-10T21:23:39.234+0000] {dag.py:3239} INFO - Sync 1 DAGs
[2026-05-10T21:23:39.241+0000] {logging_mixin.py:190} INFO - [2026-05-10T21:23:39.241+0000] {dag.py:4180} INFO - Setting next_dagrun for mod_09_06_variables_and_connections to None, run_after=None
[2026-05-10T21:23:39.249+0000] {processor.py:208} INFO - Processing /opt/airflow/dags/09_advanced/06_variables_and_connections.py took 0.035 seconds
[2026-05-10T21:24:09.773+0000] {processor.py:186} INFO - Started process (PID=2262) to work on /opt/airflow/dags/09_advanced/06_variables_and_connections.py
[2026-05-10T21:24:09.774+0000] {processor.py:914} INFO - Processing file /opt/airflow/dags/09_advanced/06_variables_and_connections.py for tasks to queue
[2026-05-10T21:24:09.775+0000] {logging_mixin.py:190} INFO - [2026-05-10T21:24:09.775+0000] {dagbag.py:588} INFO - Filling up the DagBag from /opt/airflow/dags/09_advanced/06_variables_and_connections.py
[2026-05-10T21:24:09.780+0000] {processor.py:925} INFO - DAG(s) 'mod_09_06_variables_and_connections' retrieved from /opt/airflow/dags/09_advanced/06_variables_and_connections.py
[2026-05-10T21:24:09.789+0000] {logging_mixin.py:190} INFO - [2026-05-10T21:24:09.788+0000] {dag.py:3239} INFO - Sync 1 DAGs
[2026-05-10T21:24:09.795+0000] {logging_mixin.py:190} INFO - [2026-05-10T21:24:09.795+0000] {dag.py:4180} INFO - Setting next_dagrun for mod_09_06_variables_and_connections to None, run_after=None
[2026-05-10T21:24:09.802+0000] {processor.py:208} INFO - Processing /opt/airflow/dags/09_advanced/06_variables_and_connections.py took 0.031 seconds
[2026-05-10T21:24:40.249+0000] {processor.py:186} INFO - Started process (PID=2465) to work on /opt/airflow/dags/09_advanced/06_variables_and_connections.py
[2026-05-10T21:24:40.249+0000] {processor.py:914} INFO - Processing file /opt/airflow/dags/09_advanced/06_variables_and_connections.py for tasks to queue
[2026-05-10T21:24:40.251+0000] {logging_mixin.py:190} INFO - [2026-05-10T21:24:40.250+0000] {dagbag.py:588} INFO - Filling up the DagBag from /opt/airflow/dags/09_advanced/06_variables_and_connections.py
[2026-05-10T21:24:40.256+0000] {processor.py:925} INFO - DAG(s) 'mod_09_06_variables_and_connections' retrieved from /opt/airflow/dags/09_advanced/06_variables_and_connections.py
[2026-05-10T21:24:40.265+0000] {logging_mixin.py:190} INFO - [2026-05-10T21:24:40.265+0000] {dag.py:3239} INFO - Sync 1 DAGs
[2026-05-10T21:24:40.272+0000] {logging_mixin.py:190} INFO - [2026-05-10T21:24:40.272+0000] {dag.py:4180} INFO - Setting next_dagrun for mod_09_06_variables_and_connections to None, run_after=None
[2026-05-10T21:24:40.280+0000] {processor.py:208} INFO - Processing /opt/airflow/dags/09_advanced/06_variables_and_connections.py took 0.043 seconds
[2026-05-10T21:25:10.704+0000] {processor.py:186} INFO - Started process (PID=2668) to work on /opt/airflow/dags/09_advanced/06_variables_and_connections.py
[2026-05-10T21:25:10.704+0000] {processor.py:914} INFO - Processing file /opt/airflow/dags/09_advanced/06_variables_and_connections.py for tasks to queue
[2026-05-10T21:25:10.705+0000] {logging_mixin.py:190} INFO - [2026-05-10T21:25:10.705+0000] {dagbag.py:588} INFO - Filling up the DagBag from /opt/airflow/dags/09_advanced/06_variables_and_connections.py
[2026-05-10T21:25:10.710+0000] {processor.py:925} INFO - DAG(s) 'mod_09_06_variables_and_connections' retrieved from /opt/airflow/dags/09_advanced/06_variables_and_connections.py
[2026-05-10T21:25:10.719+0000] {logging_mixin.py:190} INFO - [2026-05-10T21:25:10.719+0000] {dag.py:3239} INFO - Sync 1 DAGs
[2026-05-10T21:25:10.727+0000] {logging_mixin.py:190} INFO - [2026-05-10T21:25:10.727+0000] {dag.py:4180} INFO - Setting next_dagrun for mod_09_06_variables_and_connections to None, run_after=None
[2026-05-10T21:25:10.734+0000] {processor.py:208} INFO - Processing /opt/airflow/dags/09_advanced/06_variables_and_connections.py took 0.034 seconds
[2026-05-10T21:25:41.282+0000] {processor.py:186} INFO - Started process (PID=2871) to work on /opt/airflow/dags/09_advanced/06_variables_and_connections.py
[2026-05-10T21:25:41.282+0000] {processor.py:914} INFO - Processing file /opt/airflow/dags/09_advanced/06_variables_and_connections.py for tasks to queue
[2026-05-10T21:25:41.284+0000] {logging_mixin.py:190} INFO - [2026-05-10T21:25:41.283+0000] {dagbag.py:588} INFO - Filling up the DagBag from /opt/airflow/dags/09_advanced/06_variables_and_connections.py
[2026-05-10T21:25:41.289+0000] {processor.py:925} INFO - DAG(s) 'mod_09_06_variables_and_connections' retrieved from /opt/airflow/dags/09_advanced/06_variables_and_connections.py
[2026-05-10T21:25:41.300+0000] {logging_mixin.py:190} INFO - [2026-05-10T21:25:41.300+0000] {dag.py:3239} INFO - Sync 1 DAGs
[2026-05-10T21:25:41.308+0000] {logging_mixin.py:190} INFO - [2026-05-10T21:25:41.308+0000] {dag.py:4180} INFO - Setting next_dagrun for mod_09_06_variables_and_connections to None, run_after=None
[2026-05-10T21:25:41.316+0000] {processor.py:208} INFO - Processing /opt/airflow/dags/09_advanced/06_variables_and_connections.py took 0.039 seconds
[2026-05-10T21:26:11.848+0000] {processor.py:186} INFO - Started process (PID=3074) to work on /opt/airflow/dags/09_advanced/06_variables_and_connections.py
[2026-05-10T21:26:11.849+0000] {processor.py:914} INFO - Processing file /opt/airflow/dags/09_advanced/06_variables_and_connections.py for tasks to queue
[2026-05-10T21:26:11.850+0000] {logging_mixin.py:190} INFO - [2026-05-10T21:26:11.850+0000] {dagbag.py:588} INFO - Filling up the DagBag from /opt/airflow/dags/09_advanced/06_variables_and_connections.py
[2026-05-10T21:26:11.855+0000] {processor.py:925} INFO - DAG(s) 'mod_09_06_variables_and_connections' retrieved from /opt/airflow/dags/09_advanced/06_variables_and_connections.py
[2026-05-10T21:26:11.866+0000] {logging_mixin.py:190} INFO - [2026-05-10T21:26:11.866+0000] {dag.py:3239} INFO - Sync 1 DAGs
[2026-05-10T21:26:11.872+0000] {logging_mixin.py:190} INFO - [2026-05-10T21:26:11.872+0000] {dag.py:4180} INFO - Setting next_dagrun for mod_09_06_variables_and_connections to None, run_after=None
[2026-05-10T21:26:11.879+0000] {processor.py:208} INFO - Processing /opt/airflow/dags/09_advanced/06_variables_and_connections.py took 0.034 seconds
[2026-05-10T21:26:42.356+0000] {processor.py:186} INFO - Started process (PID=3277) to work on /opt/airflow/dags/09_advanced/06_variables_and_connections.py
[2026-05-10T21:26:42.356+0000] {processor.py:914} INFO - Processing file /opt/airflow/dags/09_advanced/06_variables_and_connections.py for tasks to queue
[2026-05-10T21:26:42.357+0000] {logging_mixin.py:190} INFO - [2026-05-10T21:26:42.357+0000] {dagbag.py:588} INFO - Filling up the DagBag from /opt/airflow/dags/09_advanced/06_variables_and_connections.py
[2026-05-10T21:26:42.362+0000] {processor.py:925} INFO - DAG(s) 'mod_09_06_variables_and_connections' retrieved from /opt/airflow/dags/09_advanced/06_variables_and_connections.py
[2026-05-10T21:26:42.373+0000] {logging_mixin.py:190} INFO - [2026-05-10T21:26:42.372+0000] {dag.py:3239} INFO - Sync 1 DAGs
[2026-05-10T21:26:42.381+0000] {logging_mixin.py:190} INFO - [2026-05-10T21:26:42.381+0000] {dag.py:4180} INFO - Setting next_dagrun for mod_09_06_variables_and_connections to None, run_after=None
[2026-05-10T21:26:42.390+0000] {processor.py:208} INFO - Processing /opt/airflow/dags/09_advanced/06_variables_and_connections.py took 0.038 seconds
[2026-05-10T21:27:12.960+0000] {processor.py:186} INFO - Started process (PID=3480) to work on /opt/airflow/dags/09_advanced/06_variables_and_connections.py
[2026-05-10T21:27:12.960+0000] {processor.py:914} INFO - Processing file /opt/airflow/dags/09_advanced/06_variables_and_connections.py for tasks to queue
[2026-05-10T21:27:12.961+0000] {logging_mixin.py:190} INFO - [2026-05-10T21:27:12.961+0000] {dagbag.py:588} INFO - Filling up the DagBag from /opt/airflow/dags/09_advanced/06_variables_and_connections.py
[2026-05-10T21:27:12.966+0000] {processor.py:925} INFO - DAG(s) 'mod_09_06_variables_and_connections' retrieved from /opt/airflow/dags/09_advanced/06_variables_and_connections.py
[2026-05-10T21:27:12.977+0000] {logging_mixin.py:190} INFO - [2026-05-10T21:27:12.977+0000] {dag.py:3239} INFO - Sync 1 DAGs
[2026-05-10T21:27:12.982+0000] {logging_mixin.py:190} INFO - [2026-05-10T21:27:12.982+0000] {dag.py:4180} INFO - Setting next_dagrun for mod_09_06_variables_and_connections to None, run_after=None
[2026-05-10T21:27:12.989+0000] {processor.py:208} INFO - Processing /opt/airflow/dags/09_advanced/06_variables_and_connections.py took 0.031 seconds
[2026-05-10T21:27:43.509+0000] {processor.py:186} INFO - Started process (PID=3683) to work on /opt/airflow/dags/09_advanced/06_variables_and_connections.py
[2026-05-10T21:27:43.509+0000] {processor.py:914} INFO - Processing file /opt/airflow/dags/09_advanced/06_variables_and_connections.py for tasks to queue
[2026-05-10T21:27:43.510+0000] {logging_mixin.py:190} INFO - [2026-05-10T21:27:43.510+0000] {dagbag.py:588} INFO - Filling up the DagBag from /opt/airflow/dags/09_advanced/06_variables_and_connections.py
[2026-05-10T21:27:43.515+0000] {processor.py:925} INFO - DAG(s) 'mod_09_06_variables_and_connections' retrieved from /opt/airflow/dags/09_advanced/06_variables_and_connections.py
[2026-05-10T21:27:43.523+0000] {logging_mixin.py:190} INFO - [2026-05-10T21:27:43.523+0000] {dag.py:3239} INFO - Sync 1 DAGs
[2026-05-10T21:27:43.528+0000] {logging_mixin.py:190} INFO - [2026-05-10T21:27:43.528+0000] {dag.py:4180} INFO - Setting next_dagrun for mod_09_06_variables_and_connections to None, run_after=None
[2026-05-10T21:27:43.534+0000] {processor.py:208} INFO - Processing /opt/airflow/dags/09_advanced/06_variables_and_connections.py took 0.028 seconds
[2026-05-10T21:28:13.987+0000] {processor.py:186} INFO - Started process (PID=3886) to work on /opt/airflow/dags/09_advanced/06_variables_and_connections.py
[2026-05-10T21:28:13.987+0000] {processor.py:914} INFO - Processing file /opt/airflow/dags/09_advanced/06_variables_and_connections.py for tasks to queue
[2026-05-10T21:28:13.988+0000] {logging_mixin.py:190} INFO - [2026-05-10T21:28:13.988+0000] {dagbag.py:588} INFO - Filling up the DagBag from /opt/airflow/dags/09_advanced/06_variables_and_connections.py
[2026-05-10T21:28:13.992+0000] {processor.py:925} INFO - DAG(s) 'mod_09_06_variables_and_connections' retrieved from /opt/airflow/dags/09_advanced/06_variables_and_connections.py
[2026-05-10T21:28:14.001+0000] {logging_mixin.py:190} INFO - [2026-05-10T21:28:14.000+0000] {dag.py:3239} INFO - Sync 1 DAGs
[2026-05-10T21:28:14.006+0000] {logging_mixin.py:190} INFO - [2026-05-10T21:28:14.006+0000] {dag.py:4180} INFO - Setting next_dagrun for mod_09_06_variables_and_connections to None, run_after=None
[2026-05-10T21:28:14.012+0000] {processor.py:208} INFO - Processing /opt/airflow/dags/09_advanced/06_variables_and_connections.py took 0.028 seconds
[2026-05-10T21:28:44.476+0000] {processor.py:186} INFO - Started process (PID=4089) to work on /opt/airflow/dags/09_advanced/06_variables_and_connections.py
[2026-05-10T21:28:44.476+0000] {processor.py:914} INFO - Processing file /opt/airflow/dags/09_advanced/06_variables_and_connections.py for tasks to queue
[2026-05-10T21:28:44.477+0000] {logging_mixin.py:190} INFO - [2026-05-10T21:28:44.477+0000] {dagbag.py:588} INFO - Filling up the DagBag from /opt/airflow/dags/09_advanced/06_variables_and_connections.py
[2026-05-10T21:28:44.481+0000] {processor.py:925} INFO - DAG(s) 'mod_09_06_variables_and_connections' retrieved from /opt/airflow/dags/09_advanced/06_variables_and_connections.py
[2026-05-10T21:28:44.490+0000] {logging_mixin.py:190} INFO - [2026-05-10T21:28:44.490+0000] {dag.py:3239} INFO - Sync 1 DAGs
[2026-05-10T21:28:44.496+0000] {logging_mixin.py:190} INFO - [2026-05-10T21:28:44.496+0000] {dag.py:4180} INFO - Setting next_dagrun for mod_09_06_variables_and_connections to None, run_after=None
[2026-05-10T21:28:44.503+0000] {processor.py:208} INFO - Processing /opt/airflow/dags/09_advanced/06_variables_and_connections.py took 0.031 seconds
[2026-05-10T21:29:15.085+0000] {processor.py:186} INFO - Started process (PID=4292) to work on /opt/airflow/dags/09_advanced/06_variables_and_connections.py
[2026-05-10T21:29:15.086+0000] {processor.py:914} INFO - Processing file /opt/airflow/dags/09_advanced/06_variables_and_connections.py for tasks to queue
[2026-05-10T21:29:15.087+0000] {logging_mixin.py:190} INFO - [2026-05-10T21:29:15.087+0000] {dagbag.py:588} INFO - Filling up the DagBag from /opt/airflow/dags/09_advanced/06_variables_and_connections.py
[2026-05-10T21:29:15.091+0000] {processor.py:925} INFO - DAG(s) 'mod_09_06_variables_and_connections' retrieved from /opt/airflow/dags/09_advanced/06_variables_and_connections.py
[2026-05-10T21:29:15.099+0000] {logging_mixin.py:190} INFO - [2026-05-10T21:29:15.099+0000] {dag.py:3239} INFO - Sync 1 DAGs
[2026-05-10T21:29:15.105+0000] {logging_mixin.py:190} INFO - [2026-05-10T21:29:15.104+0000] {dag.py:4180} INFO - Setting next_dagrun for mod_09_06_variables_and_connections to None, run_after=None
[2026-05-10T21:29:15.110+0000] {processor.py:208} INFO - Processing /opt/airflow/dags/09_advanced/06_variables_and_connections.py took 0.028 seconds
[2026-05-10T21:29:45.650+0000] {processor.py:186} INFO - Started process (PID=4495) to work on /opt/airflow/dags/09_advanced/06_variables_and_connections.py
[2026-05-10T21:29:45.650+0000] {processor.py:914} INFO - Processing file /opt/airflow/dags/09_advanced/06_variables_and_connections.py for tasks to queue
[2026-05-10T21:29:45.652+0000] {logging_mixin.py:190} INFO - [2026-05-10T21:29:45.651+0000] {dagbag.py:588} INFO - Filling up the DagBag from /opt/airflow/dags/09_advanced/06_variables_and_connections.py
[2026-05-10T21:29:45.657+0000] {processor.py:925} INFO - DAG(s) 'mod_09_06_variables_and_connections' retrieved from /opt/airflow/dags/09_advanced/06_variables_and_connections.py
[2026-05-10T21:29:45.669+0000] {logging_mixin.py:190} INFO - [2026-05-10T21:29:45.668+0000] {dag.py:3239} INFO - Sync 1 DAGs
[2026-05-10T21:29:45.677+0000] {logging_mixin.py:190} INFO - [2026-05-10T21:29:45.676+0000] {dag.py:4180} INFO - Setting next_dagrun for mod_09_06_variables_and_connections to None, run_after=None
[2026-05-10T21:29:45.684+0000] {processor.py:208} INFO - Processing /opt/airflow/dags/09_advanced/06_variables_and_connections.py took 0.039 seconds
[2026-05-10T21:30:16.120+0000] {processor.py:186} INFO - Started process (PID=4698) to work on /opt/airflow/dags/09_advanced/06_variables_and_connections.py
[2026-05-10T21:30:16.120+0000] {processor.py:914} INFO - Processing file /opt/airflow/dags/09_advanced/06_variables_and_connections.py for tasks to queue
[2026-05-10T21:30:16.121+0000] {logging_mixin.py:190} INFO - [2026-05-10T21:30:16.121+0000] {dagbag.py:588} INFO - Filling up the DagBag from /opt/airflow/dags/09_advanced/06_variables_and_connections.py
[2026-05-10T21:30:16.126+0000] {processor.py:925} INFO - DAG(s) 'mod_09_06_variables_and_connections' retrieved from /opt/airflow/dags/09_advanced/06_variables_and_connections.py
[2026-05-10T21:30:16.134+0000] {logging_mixin.py:190} INFO - [2026-05-10T21:30:16.134+0000] {dag.py:3239} INFO - Sync 1 DAGs
[2026-05-10T21:30:16.140+0000] {logging_mixin.py:190} INFO - [2026-05-10T21:30:16.140+0000] {dag.py:4180} INFO - Setting next_dagrun for mod_09_06_variables_and_connections to None, run_after=None
[2026-05-10T21:30:16.146+0000] {processor.py:208} INFO - Processing /opt/airflow/dags/09_advanced/06_variables_and_connections.py took 0.029 seconds
[2026-05-10T21:30:46.666+0000] {processor.py:186} INFO - Started process (PID=4901) to work on /opt/airflow/dags/09_advanced/06_variables_and_connections.py
[2026-05-10T21:30:46.667+0000] {processor.py:914} INFO - Processing file /opt/airflow/dags/09_advanced/06_variables_and_connections.py for tasks to queue
[2026-05-10T21:30:46.668+0000] {logging_mixin.py:190} INFO - [2026-05-10T21:30:46.668+0000] {dagbag.py:588} INFO - Filling up the DagBag from /opt/airflow/dags/09_advanced/06_variables_and_connections.py
[2026-05-10T21:30:46.673+0000] {processor.py:925} INFO - DAG(s) 'mod_09_06_variables_and_connections' retrieved from /opt/airflow/dags/09_advanced/06_variables_and_connections.py
[2026-05-10T21:30:46.681+0000] {logging_mixin.py:190} INFO - [2026-05-10T21:30:46.681+0000] {dag.py:3239} INFO - Sync 1 DAGs
[2026-05-10T21:30:46.686+0000] {logging_mixin.py:190} INFO - [2026-05-10T21:30:46.685+0000] {dag.py:4180} INFO - Setting next_dagrun for mod_09_06_variables_and_connections to None, run_after=None
[2026-05-10T21:30:46.692+0000] {processor.py:208} INFO - Processing /opt/airflow/dags/09_advanced/06_variables_and_connections.py took 0.029 seconds
[2026-05-10T21:31:17.183+0000] {processor.py:186} INFO - Started process (PID=5104) to work on /opt/airflow/dags/09_advanced/06_variables_and_connections.py
[2026-05-10T21:31:17.184+0000] {processor.py:914} INFO - Processing file /opt/airflow/dags/09_advanced/06_variables_and_connections.py for tasks to queue
[2026-05-10T21:31:17.185+0000] {logging_mixin.py:190} INFO - [2026-05-10T21:31:17.185+0000] {dagbag.py:588} INFO - Filling up the DagBag from /opt/airflow/dags/09_advanced/06_variables_and_connections.py
[2026-05-10T21:31:17.190+0000] {processor.py:925} INFO - DAG(s) 'mod_09_06_variables_and_connections' retrieved from /opt/airflow/dags/09_advanced/06_variables_and_connections.py
[2026-05-10T21:31:17.201+0000] {logging_mixin.py:190} INFO - [2026-05-10T21:31:17.201+0000] {dag.py:3239} INFO - Sync 1 DAGs
[2026-05-10T21:31:17.209+0000] {logging_mixin.py:190} INFO - [2026-05-10T21:31:17.209+0000] {dag.py:4180} INFO - Setting next_dagrun for mod_09_06_variables_and_connections to None, run_after=None
[2026-05-10T21:31:17.217+0000] {processor.py:208} INFO - Processing /opt/airflow/dags/09_advanced/06_variables_and_connections.py took 0.037 seconds
[2026-05-10T21:31:47.737+0000] {processor.py:186} INFO - Started process (PID=5307) to work on /opt/airflow/dags/09_advanced/06_variables_and_connections.py
[2026-05-10T21:31:47.737+0000] {processor.py:914} INFO - Processing file /opt/airflow/dags/09_advanced/06_variables_and_connections.py for tasks to queue
[2026-05-10T21:31:47.739+0000] {logging_mixin.py:190} INFO - [2026-05-10T21:31:47.739+0000] {dagbag.py:588} INFO - Filling up the DagBag from /opt/airflow/dags/09_advanced/06_variables_and_connections.py
[2026-05-10T21:31:47.744+0000] {processor.py:925} INFO - DAG(s) 'mod_09_06_variables_and_connections' retrieved from /opt/airflow/dags/09_advanced/06_variables_and_connections.py
[2026-05-10T21:31:47.754+0000] {logging_mixin.py:190} INFO - [2026-05-10T21:31:47.754+0000] {dag.py:3239} INFO - Sync 1 DAGs
[2026-05-10T21:31:47.761+0000] {logging_mixin.py:190} INFO - [2026-05-10T21:31:47.760+0000] {dag.py:4180} INFO - Setting next_dagrun for mod_09_06_variables_and_connections to None, run_after=None
[2026-05-10T21:31:47.768+0000] {processor.py:208} INFO - Processing /opt/airflow/dags/09_advanced/06_variables_and_connections.py took 0.034 seconds
