[2026-05-10T21:19:06.590+0000] {processor.py:186} INFO - Started process (PID=388) to work on /opt/airflow/dags/01_basics/01_hello_world_dag.py
[2026-05-10T21:19:06.592+0000] {processor.py:914} INFO - Processing file /opt/airflow/dags/01_basics/01_hello_world_dag.py for tasks to queue
[2026-05-10T21:19:06.594+0000] {logging_mixin.py:190} INFO - [2026-05-10T21:19:06.594+0000] {dagbag.py:588} INFO - Filling up the DagBag from /opt/airflow/dags/01_basics/01_hello_world_dag.py
[2026-05-10T21:19:06.602+0000] {processor.py:925} INFO - DAG(s) 'mod_01_01_hello_world' retrieved from /opt/airflow/dags/01_basics/01_hello_world_dag.py
[2026-05-10T21:19:06.649+0000] {logging_mixin.py:190} INFO - [2026-05-10T21:19:06.649+0000] {override.py:1912} INFO - Created Permission View: can delete on DAG:mod_01_01_hello_world
[2026-05-10T21:19:06.655+0000] {logging_mixin.py:190} INFO - [2026-05-10T21:19:06.655+0000] {override.py:1912} INFO - Created Permission View: can edit on DAG:mod_01_01_hello_world
[2026-05-10T21:19:06.658+0000] {logging_mixin.py:190} INFO - [2026-05-10T21:19:06.658+0000] {override.py:1912} INFO - Created Permission View: can read on DAG:mod_01_01_hello_world
[2026-05-10T21:19:06.661+0000] {logging_mixin.py:190} INFO - [2026-05-10T21:19:06.661+0000] {override.py:1912} INFO - Created Permission View: can delete on DAG Run:mod_01_01_hello_world
[2026-05-10T21:19:06.664+0000] {logging_mixin.py:190} INFO - [2026-05-10T21:19:06.664+0000] {override.py:1912} INFO - Created Permission View: menu access on DAG Run:mod_01_01_hello_world
[2026-05-10T21:19:06.668+0000] {logging_mixin.py:190} INFO - [2026-05-10T21:19:06.668+0000] {override.py:1912} INFO - Created Permission View: can create on DAG Run:mod_01_01_hello_world
[2026-05-10T21:19:06.672+0000] {logging_mixin.py:190} INFO - [2026-05-10T21:19:06.671+0000] {override.py:1912} INFO - Created Permission View: can read on DAG Run:mod_01_01_hello_world
[2026-05-10T21:19:06.672+0000] {logging_mixin.py:190} INFO - [2026-05-10T21:19:06.672+0000] {dag.py:3239} INFO - Sync 1 DAGs
[2026-05-10T21:19:06.678+0000] {logging_mixin.py:190} INFO - [2026-05-10T21:19:06.678+0000] {dag.py:3262} INFO - Creating ORM DAG for mod_01_01_hello_world
[2026-05-10T21:19:06.678+0000] {logging_mixin.py:190} INFO - [2026-05-10T21:19:06.678+0000] {dag.py:4180} INFO - Setting next_dagrun for mod_01_01_hello_world to None, run_after=None
[2026-05-10T21:19:06.684+0000] {processor.py:208} INFO - Processing /opt/airflow/dags/01_basics/01_hello_world_dag.py took 0.097 seconds
[2026-05-10T21:19:37.218+0000] {processor.py:186} INFO - Started process (PID=591) to work on /opt/airflow/dags/01_basics/01_hello_world_dag.py
[2026-05-10T21:19:37.219+0000] {processor.py:914} INFO - Processing file /opt/airflow/dags/01_basics/01_hello_world_dag.py for tasks to queue
[2026-05-10T21:19:37.220+0000] {logging_mixin.py:190} INFO - [2026-05-10T21:19:37.220+0000] {dagbag.py:588} INFO - Filling up the DagBag from /opt/airflow/dags/01_basics/01_hello_world_dag.py
[2026-05-10T21:19:37.225+0000] {processor.py:925} INFO - DAG(s) 'mod_01_01_hello_world' retrieved from /opt/airflow/dags/01_basics/01_hello_world_dag.py
[2026-05-10T21:19:37.238+0000] {logging_mixin.py:190} INFO - [2026-05-10T21:19:37.238+0000] {dag.py:3239} INFO - Sync 1 DAGs
[2026-05-10T21:19:37.243+0000] {logging_mixin.py:190} INFO - [2026-05-10T21:19:37.243+0000] {dag.py:4180} INFO - Setting next_dagrun for mod_01_01_hello_world to None, run_after=None
[2026-05-10T21:19:37.251+0000] {processor.py:208} INFO - Processing /opt/airflow/dags/01_basics/01_hello_world_dag.py took 0.035 seconds
[2026-05-10T21:20:07.663+0000] {processor.py:186} INFO - Started process (PID=794) to work on /opt/airflow/dags/01_basics/01_hello_world_dag.py
[2026-05-10T21:20:07.664+0000] {processor.py:914} INFO - Processing file /opt/airflow/dags/01_basics/01_hello_world_dag.py for tasks to queue
[2026-05-10T21:20:07.666+0000] {logging_mixin.py:190} INFO - [2026-05-10T21:20:07.665+0000] {dagbag.py:588} INFO - Filling up the DagBag from /opt/airflow/dags/01_basics/01_hello_world_dag.py
[2026-05-10T21:20:07.670+0000] {processor.py:925} INFO - DAG(s) 'mod_01_01_hello_world' retrieved from /opt/airflow/dags/01_basics/01_hello_world_dag.py
[2026-05-10T21:20:07.682+0000] {logging_mixin.py:190} INFO - [2026-05-10T21:20:07.682+0000] {dag.py:3239} INFO - Sync 1 DAGs
[2026-05-10T21:20:07.687+0000] {logging_mixin.py:190} INFO - [2026-05-10T21:20:07.687+0000] {dag.py:4180} INFO - Setting next_dagrun for mod_01_01_hello_world to None, run_after=None
[2026-05-10T21:20:07.695+0000] {processor.py:208} INFO - Processing /opt/airflow/dags/01_basics/01_hello_world_dag.py took 0.034 seconds
[2026-05-10T21:20:38.302+0000] {processor.py:186} INFO - Started process (PID=997) to work on /opt/airflow/dags/01_basics/01_hello_world_dag.py
[2026-05-10T21:20:38.303+0000] {processor.py:914} INFO - Processing file /opt/airflow/dags/01_basics/01_hello_world_dag.py for tasks to queue
[2026-05-10T21:20:38.305+0000] {logging_mixin.py:190} INFO - [2026-05-10T21:20:38.305+0000] {dagbag.py:588} INFO - Filling up the DagBag from /opt/airflow/dags/01_basics/01_hello_world_dag.py
[2026-05-10T21:20:38.313+0000] {processor.py:925} INFO - DAG(s) 'mod_01_01_hello_world' retrieved from /opt/airflow/dags/01_basics/01_hello_world_dag.py
[2026-05-10T21:20:38.324+0000] {logging_mixin.py:190} INFO - [2026-05-10T21:20:38.323+0000] {dag.py:3239} INFO - Sync 1 DAGs
[2026-05-10T21:20:38.330+0000] {logging_mixin.py:190} INFO - [2026-05-10T21:20:38.330+0000] {dag.py:4180} INFO - Setting next_dagrun for mod_01_01_hello_world to None, run_after=None
[2026-05-10T21:20:38.335+0000] {processor.py:208} INFO - Processing /opt/airflow/dags/01_basics/01_hello_world_dag.py took 0.035 seconds
[2026-05-10T21:21:08.805+0000] {processor.py:186} INFO - Started process (PID=1200) to work on /opt/airflow/dags/01_basics/01_hello_world_dag.py
[2026-05-10T21:21:08.807+0000] {processor.py:914} INFO - Processing file /opt/airflow/dags/01_basics/01_hello_world_dag.py for tasks to queue
[2026-05-10T21:21:08.808+0000] {logging_mixin.py:190} INFO - [2026-05-10T21:21:08.808+0000] {dagbag.py:588} INFO - Filling up the DagBag from /opt/airflow/dags/01_basics/01_hello_world_dag.py
[2026-05-10T21:21:08.815+0000] {processor.py:925} INFO - DAG(s) 'mod_01_01_hello_world' retrieved from /opt/airflow/dags/01_basics/01_hello_world_dag.py
[2026-05-10T21:21:08.824+0000] {logging_mixin.py:190} INFO - [2026-05-10T21:21:08.824+0000] {dag.py:3239} INFO - Sync 1 DAGs
[2026-05-10T21:21:08.831+0000] {logging_mixin.py:190} INFO - [2026-05-10T21:21:08.831+0000] {dag.py:4180} INFO - Setting next_dagrun for mod_01_01_hello_world to None, run_after=None
[2026-05-10T21:21:08.836+0000] {processor.py:208} INFO - Processing /opt/airflow/dags/01_basics/01_hello_world_dag.py took 0.034 seconds
[2026-05-10T21:21:39.350+0000] {processor.py:186} INFO - Started process (PID=1403) to work on /opt/airflow/dags/01_basics/01_hello_world_dag.py
[2026-05-10T21:21:39.351+0000] {processor.py:914} INFO - Processing file /opt/airflow/dags/01_basics/01_hello_world_dag.py for tasks to queue
[2026-05-10T21:21:39.353+0000] {logging_mixin.py:190} INFO - [2026-05-10T21:21:39.353+0000] {dagbag.py:588} INFO - Filling up the DagBag from /opt/airflow/dags/01_basics/01_hello_world_dag.py
[2026-05-10T21:21:39.357+0000] {processor.py:925} INFO - DAG(s) 'mod_01_01_hello_world' retrieved from /opt/airflow/dags/01_basics/01_hello_world_dag.py
[2026-05-10T21:21:39.369+0000] {logging_mixin.py:190} INFO - [2026-05-10T21:21:39.369+0000] {dag.py:3239} INFO - Sync 1 DAGs
[2026-05-10T21:21:39.375+0000] {logging_mixin.py:190} INFO - [2026-05-10T21:21:39.375+0000] {dag.py:4180} INFO - Setting next_dagrun for mod_01_01_hello_world to None, run_after=None
[2026-05-10T21:21:39.383+0000] {processor.py:208} INFO - Processing /opt/airflow/dags/01_basics/01_hello_world_dag.py took 0.035 seconds
[2026-05-10T21:22:09.858+0000] {processor.py:186} INFO - Started process (PID=1608) to work on /opt/airflow/dags/01_basics/01_hello_world_dag.py
[2026-05-10T21:22:09.859+0000] {processor.py:914} INFO - Processing file /opt/airflow/dags/01_basics/01_hello_world_dag.py for tasks to queue
[2026-05-10T21:22:09.860+0000] {logging_mixin.py:190} INFO - [2026-05-10T21:22:09.860+0000] {dagbag.py:588} INFO - Filling up the DagBag from /opt/airflow/dags/01_basics/01_hello_world_dag.py
[2026-05-10T21:22:09.864+0000] {processor.py:925} INFO - DAG(s) 'mod_01_01_hello_world' retrieved from /opt/airflow/dags/01_basics/01_hello_world_dag.py
[2026-05-10T21:22:09.872+0000] {logging_mixin.py:190} INFO - [2026-05-10T21:22:09.872+0000] {dag.py:3239} INFO - Sync 1 DAGs
[2026-05-10T21:22:09.877+0000] {logging_mixin.py:190} INFO - [2026-05-10T21:22:09.876+0000] {dag.py:4180} INFO - Setting next_dagrun for mod_01_01_hello_world to None, run_after=None
[2026-05-10T21:22:09.882+0000] {processor.py:208} INFO - Processing /opt/airflow/dags/01_basics/01_hello_world_dag.py took 0.026 seconds
[2026-05-10T21:22:40.299+0000] {processor.py:186} INFO - Started process (PID=1809) to work on /opt/airflow/dags/01_basics/01_hello_world_dag.py
[2026-05-10T21:22:40.301+0000] {processor.py:914} INFO - Processing file /opt/airflow/dags/01_basics/01_hello_world_dag.py for tasks to queue
[2026-05-10T21:22:40.303+0000] {logging_mixin.py:190} INFO - [2026-05-10T21:22:40.303+0000] {dagbag.py:588} INFO - Filling up the DagBag from /opt/airflow/dags/01_basics/01_hello_world_dag.py
[2026-05-10T21:22:40.309+0000] {processor.py:925} INFO - DAG(s) 'mod_01_01_hello_world' retrieved from /opt/airflow/dags/01_basics/01_hello_world_dag.py
[2026-05-10T21:22:40.321+0000] {logging_mixin.py:190} INFO - [2026-05-10T21:22:40.321+0000] {dag.py:3239} INFO - Sync 1 DAGs
[2026-05-10T21:22:40.326+0000] {logging_mixin.py:190} INFO - [2026-05-10T21:22:40.326+0000] {dag.py:4180} INFO - Setting next_dagrun for mod_01_01_hello_world to None, run_after=None
[2026-05-10T21:22:40.331+0000] {processor.py:208} INFO - Processing /opt/airflow/dags/01_basics/01_hello_world_dag.py took 0.035 seconds
[2026-05-10T21:23:10.720+0000] {processor.py:186} INFO - Started process (PID=2012) to work on /opt/airflow/dags/01_basics/01_hello_world_dag.py
[2026-05-10T21:23:10.722+0000] {processor.py:914} INFO - Processing file /opt/airflow/dags/01_basics/01_hello_world_dag.py for tasks to queue
[2026-05-10T21:23:10.723+0000] {logging_mixin.py:190} INFO - [2026-05-10T21:23:10.723+0000] {dagbag.py:588} INFO - Filling up the DagBag from /opt/airflow/dags/01_basics/01_hello_world_dag.py
[2026-05-10T21:23:10.729+0000] {processor.py:925} INFO - DAG(s) 'mod_01_01_hello_world' retrieved from /opt/airflow/dags/01_basics/01_hello_world_dag.py
[2026-05-10T21:23:10.740+0000] {logging_mixin.py:190} INFO - [2026-05-10T21:23:10.740+0000] {dag.py:3239} INFO - Sync 1 DAGs
[2026-05-10T21:23:10.747+0000] {logging_mixin.py:190} INFO - [2026-05-10T21:23:10.747+0000] {dag.py:4180} INFO - Setting next_dagrun for mod_01_01_hello_world to None, run_after=None
[2026-05-10T21:23:10.752+0000] {processor.py:208} INFO - Processing /opt/airflow/dags/01_basics/01_hello_world_dag.py took 0.034 seconds
[2026-05-10T21:23:41.199+0000] {processor.py:186} INFO - Started process (PID=2215) to work on /opt/airflow/dags/01_basics/01_hello_world_dag.py
[2026-05-10T21:23:41.201+0000] {processor.py:914} INFO - Processing file /opt/airflow/dags/01_basics/01_hello_world_dag.py for tasks to queue
[2026-05-10T21:23:41.202+0000] {logging_mixin.py:190} INFO - [2026-05-10T21:23:41.202+0000] {dagbag.py:588} INFO - Filling up the DagBag from /opt/airflow/dags/01_basics/01_hello_world_dag.py
[2026-05-10T21:23:41.206+0000] {processor.py:925} INFO - DAG(s) 'mod_01_01_hello_world' retrieved from /opt/airflow/dags/01_basics/01_hello_world_dag.py
[2026-05-10T21:23:41.218+0000] {logging_mixin.py:190} INFO - [2026-05-10T21:23:41.218+0000] {dag.py:3239} INFO - Sync 1 DAGs
[2026-05-10T21:23:41.222+0000] {logging_mixin.py:190} INFO - [2026-05-10T21:23:41.222+0000] {dag.py:4180} INFO - Setting next_dagrun for mod_01_01_hello_world to None, run_after=None
[2026-05-10T21:23:41.228+0000] {processor.py:208} INFO - Processing /opt/airflow/dags/01_basics/01_hello_world_dag.py took 0.031 seconds
[2026-05-10T21:24:11.744+0000] {processor.py:186} INFO - Started process (PID=2432) to work on /opt/airflow/dags/01_basics/01_hello_world_dag.py
[2026-05-10T21:24:11.745+0000] {processor.py:914} INFO - Processing file /opt/airflow/dags/01_basics/01_hello_world_dag.py for tasks to queue
[2026-05-10T21:24:11.746+0000] {logging_mixin.py:190} INFO - [2026-05-10T21:24:11.746+0000] {dagbag.py:588} INFO - Filling up the DagBag from /opt/airflow/dags/01_basics/01_hello_world_dag.py
[2026-05-10T21:24:11.750+0000] {processor.py:925} INFO - DAG(s) 'mod_01_01_hello_world' retrieved from /opt/airflow/dags/01_basics/01_hello_world_dag.py
[2026-05-10T21:24:11.763+0000] {logging_mixin.py:190} INFO - [2026-05-10T21:24:11.763+0000] {dag.py:3239} INFO - Sync 1 DAGs
[2026-05-10T21:24:11.768+0000] {logging_mixin.py:190} INFO - [2026-05-10T21:24:11.767+0000] {dag.py:4180} INFO - Setting next_dagrun for mod_01_01_hello_world to None, run_after=None
[2026-05-10T21:24:11.775+0000] {processor.py:208} INFO - Processing /opt/airflow/dags/01_basics/01_hello_world_dag.py took 0.034 seconds
[2026-05-10T21:24:42.207+0000] {processor.py:186} INFO - Started process (PID=2635) to work on /opt/airflow/dags/01_basics/01_hello_world_dag.py
[2026-05-10T21:24:42.207+0000] {processor.py:914} INFO - Processing file /opt/airflow/dags/01_basics/01_hello_world_dag.py for tasks to queue
[2026-05-10T21:24:42.209+0000] {logging_mixin.py:190} INFO - [2026-05-10T21:24:42.209+0000] {dagbag.py:588} INFO - Filling up the DagBag from /opt/airflow/dags/01_basics/01_hello_world_dag.py
[2026-05-10T21:24:42.213+0000] {processor.py:925} INFO - DAG(s) 'mod_01_01_hello_world' retrieved from /opt/airflow/dags/01_basics/01_hello_world_dag.py
[2026-05-10T21:24:42.220+0000] {logging_mixin.py:190} INFO - [2026-05-10T21:24:42.220+0000] {dag.py:3239} INFO - Sync 1 DAGs
[2026-05-10T21:24:42.224+0000] {logging_mixin.py:190} INFO - [2026-05-10T21:24:42.224+0000] {dag.py:4180} INFO - Setting next_dagrun for mod_01_01_hello_world to None, run_after=None
[2026-05-10T21:24:42.230+0000] {processor.py:208} INFO - Processing /opt/airflow/dags/01_basics/01_hello_world_dag.py took 0.025 seconds
[2026-05-10T21:25:12.782+0000] {processor.py:186} INFO - Started process (PID=2840) to work on /opt/airflow/dags/01_basics/01_hello_world_dag.py
[2026-05-10T21:25:12.783+0000] {processor.py:914} INFO - Processing file /opt/airflow/dags/01_basics/01_hello_world_dag.py for tasks to queue
[2026-05-10T21:25:12.784+0000] {logging_mixin.py:190} INFO - [2026-05-10T21:25:12.784+0000] {dagbag.py:588} INFO - Filling up the DagBag from /opt/airflow/dags/01_basics/01_hello_world_dag.py
[2026-05-10T21:25:12.788+0000] {processor.py:925} INFO - DAG(s) 'mod_01_01_hello_world' retrieved from /opt/airflow/dags/01_basics/01_hello_world_dag.py
[2026-05-10T21:25:12.796+0000] {logging_mixin.py:190} INFO - [2026-05-10T21:25:12.796+0000] {dag.py:3239} INFO - Sync 1 DAGs
[2026-05-10T21:25:12.801+0000] {logging_mixin.py:190} INFO - [2026-05-10T21:25:12.801+0000] {dag.py:4180} INFO - Setting next_dagrun for mod_01_01_hello_world to None, run_after=None
[2026-05-10T21:25:12.807+0000] {processor.py:208} INFO - Processing /opt/airflow/dags/01_basics/01_hello_world_dag.py took 0.027 seconds
[2026-05-10T21:25:43.315+0000] {processor.py:186} INFO - Started process (PID=3041) to work on /opt/airflow/dags/01_basics/01_hello_world_dag.py
[2026-05-10T21:25:43.316+0000] {processor.py:914} INFO - Processing file /opt/airflow/dags/01_basics/01_hello_world_dag.py for tasks to queue
[2026-05-10T21:25:43.318+0000] {logging_mixin.py:190} INFO - [2026-05-10T21:25:43.318+0000] {dagbag.py:588} INFO - Filling up the DagBag from /opt/airflow/dags/01_basics/01_hello_world_dag.py
[2026-05-10T21:25:43.321+0000] {processor.py:925} INFO - DAG(s) 'mod_01_01_hello_world' retrieved from /opt/airflow/dags/01_basics/01_hello_world_dag.py
[2026-05-10T21:25:43.328+0000] {logging_mixin.py:190} INFO - [2026-05-10T21:25:43.328+0000] {dag.py:3239} INFO - Sync 1 DAGs
[2026-05-10T21:25:43.333+0000] {logging_mixin.py:190} INFO - [2026-05-10T21:25:43.333+0000] {dag.py:4180} INFO - Setting next_dagrun for mod_01_01_hello_world to None, run_after=None
[2026-05-10T21:25:43.338+0000] {processor.py:208} INFO - Processing /opt/airflow/dags/01_basics/01_hello_world_dag.py took 0.026 seconds
[2026-05-10T21:26:13.884+0000] {processor.py:186} INFO - Started process (PID=3244) to work on /opt/airflow/dags/01_basics/01_hello_world_dag.py
[2026-05-10T21:26:13.885+0000] {processor.py:914} INFO - Processing file /opt/airflow/dags/01_basics/01_hello_world_dag.py for tasks to queue
[2026-05-10T21:26:13.886+0000] {logging_mixin.py:190} INFO - [2026-05-10T21:26:13.886+0000] {dagbag.py:588} INFO - Filling up the DagBag from /opt/airflow/dags/01_basics/01_hello_world_dag.py
[2026-05-10T21:26:13.893+0000] {processor.py:925} INFO - DAG(s) 'mod_01_01_hello_world' retrieved from /opt/airflow/dags/01_basics/01_hello_world_dag.py
[2026-05-10T21:26:13.904+0000] {logging_mixin.py:190} INFO - [2026-05-10T21:26:13.904+0000] {dag.py:3239} INFO - Sync 1 DAGs
[2026-05-10T21:26:13.910+0000] {logging_mixin.py:190} INFO - [2026-05-10T21:26:13.910+0000] {dag.py:4180} INFO - Setting next_dagrun for mod_01_01_hello_world to None, run_after=None
[2026-05-10T21:26:13.920+0000] {processor.py:208} INFO - Processing /opt/airflow/dags/01_basics/01_hello_world_dag.py took 0.041 seconds
[2026-05-10T21:26:44.448+0000] {processor.py:186} INFO - Started process (PID=3447) to work on /opt/airflow/dags/01_basics/01_hello_world_dag.py
[2026-05-10T21:26:44.449+0000] {processor.py:914} INFO - Processing file /opt/airflow/dags/01_basics/01_hello_world_dag.py for tasks to queue
[2026-05-10T21:26:44.451+0000] {logging_mixin.py:190} INFO - [2026-05-10T21:26:44.451+0000] {dagbag.py:588} INFO - Filling up the DagBag from /opt/airflow/dags/01_basics/01_hello_world_dag.py
[2026-05-10T21:26:44.456+0000] {processor.py:925} INFO - DAG(s) 'mod_01_01_hello_world' retrieved from /opt/airflow/dags/01_basics/01_hello_world_dag.py
[2026-05-10T21:26:44.469+0000] {logging_mixin.py:190} INFO - [2026-05-10T21:26:44.468+0000] {dag.py:3239} INFO - Sync 1 DAGs
[2026-05-10T21:26:44.477+0000] {logging_mixin.py:190} INFO - [2026-05-10T21:26:44.477+0000] {dag.py:4180} INFO - Setting next_dagrun for mod_01_01_hello_world to None, run_after=None
[2026-05-10T21:26:44.482+0000] {processor.py:208} INFO - Processing /opt/airflow/dags/01_basics/01_hello_world_dag.py took 0.038 seconds
[2026-05-10T21:27:15.014+0000] {processor.py:186} INFO - Started process (PID=3650) to work on /opt/airflow/dags/01_basics/01_hello_world_dag.py
[2026-05-10T21:27:15.015+0000] {processor.py:914} INFO - Processing file /opt/airflow/dags/01_basics/01_hello_world_dag.py for tasks to queue
[2026-05-10T21:27:15.016+0000] {logging_mixin.py:190} INFO - [2026-05-10T21:27:15.016+0000] {dagbag.py:588} INFO - Filling up the DagBag from /opt/airflow/dags/01_basics/01_hello_world_dag.py
[2026-05-10T21:27:15.024+0000] {processor.py:925} INFO - DAG(s) 'mod_01_01_hello_world' retrieved from /opt/airflow/dags/01_basics/01_hello_world_dag.py
[2026-05-10T21:27:15.037+0000] {logging_mixin.py:190} INFO - [2026-05-10T21:27:15.037+0000] {dag.py:3239} INFO - Sync 1 DAGs
[2026-05-10T21:27:15.042+0000] {logging_mixin.py:190} INFO - [2026-05-10T21:27:15.042+0000] {dag.py:4180} INFO - Setting next_dagrun for mod_01_01_hello_world to None, run_after=None
[2026-05-10T21:27:15.048+0000] {processor.py:208} INFO - Processing /opt/airflow/dags/01_basics/01_hello_world_dag.py took 0.037 seconds
[2026-05-10T21:27:45.480+0000] {processor.py:186} INFO - Started process (PID=3853) to work on /opt/airflow/dags/01_basics/01_hello_world_dag.py
[2026-05-10T21:27:45.481+0000] {processor.py:914} INFO - Processing file /opt/airflow/dags/01_basics/01_hello_world_dag.py for tasks to queue
[2026-05-10T21:27:45.482+0000] {logging_mixin.py:190} INFO - [2026-05-10T21:27:45.482+0000] {dagbag.py:588} INFO - Filling up the DagBag from /opt/airflow/dags/01_basics/01_hello_world_dag.py
[2026-05-10T21:27:45.488+0000] {processor.py:925} INFO - DAG(s) 'mod_01_01_hello_world' retrieved from /opt/airflow/dags/01_basics/01_hello_world_dag.py
[2026-05-10T21:27:45.500+0000] {logging_mixin.py:190} INFO - [2026-05-10T21:27:45.499+0000] {dag.py:3239} INFO - Sync 1 DAGs
[2026-05-10T21:27:45.505+0000] {logging_mixin.py:190} INFO - [2026-05-10T21:27:45.505+0000] {dag.py:4180} INFO - Setting next_dagrun for mod_01_01_hello_world to None, run_after=None
[2026-05-10T21:27:45.511+0000] {processor.py:208} INFO - Processing /opt/airflow/dags/01_basics/01_hello_world_dag.py took 0.033 seconds
[2026-05-10T21:28:15.963+0000] {processor.py:186} INFO - Started process (PID=4056) to work on /opt/airflow/dags/01_basics/01_hello_world_dag.py
[2026-05-10T21:28:15.964+0000] {processor.py:914} INFO - Processing file /opt/airflow/dags/01_basics/01_hello_world_dag.py for tasks to queue
[2026-05-10T21:28:15.965+0000] {logging_mixin.py:190} INFO - [2026-05-10T21:28:15.965+0000] {dagbag.py:588} INFO - Filling up the DagBag from /opt/airflow/dags/01_basics/01_hello_world_dag.py
[2026-05-10T21:28:15.969+0000] {processor.py:925} INFO - DAG(s) 'mod_01_01_hello_world' retrieved from /opt/airflow/dags/01_basics/01_hello_world_dag.py
[2026-05-10T21:28:15.981+0000] {logging_mixin.py:190} INFO - [2026-05-10T21:28:15.980+0000] {dag.py:3239} INFO - Sync 1 DAGs
[2026-05-10T21:28:15.986+0000] {logging_mixin.py:190} INFO - [2026-05-10T21:28:15.986+0000] {dag.py:4180} INFO - Setting next_dagrun for mod_01_01_hello_world to None, run_after=None
[2026-05-10T21:28:15.994+0000] {processor.py:208} INFO - Processing /opt/airflow/dags/01_basics/01_hello_world_dag.py took 0.033 seconds
[2026-05-10T21:28:46.507+0000] {processor.py:186} INFO - Started process (PID=4259) to work on /opt/airflow/dags/01_basics/01_hello_world_dag.py
[2026-05-10T21:28:46.508+0000] {processor.py:914} INFO - Processing file /opt/airflow/dags/01_basics/01_hello_world_dag.py for tasks to queue
[2026-05-10T21:28:46.509+0000] {logging_mixin.py:190} INFO - [2026-05-10T21:28:46.509+0000] {dagbag.py:588} INFO - Filling up the DagBag from /opt/airflow/dags/01_basics/01_hello_world_dag.py
[2026-05-10T21:28:46.513+0000] {processor.py:925} INFO - DAG(s) 'mod_01_01_hello_world' retrieved from /opt/airflow/dags/01_basics/01_hello_world_dag.py
[2026-05-10T21:28:46.526+0000] {logging_mixin.py:190} INFO - [2026-05-10T21:28:46.526+0000] {dag.py:3239} INFO - Sync 1 DAGs
[2026-05-10T21:28:46.531+0000] {logging_mixin.py:190} INFO - [2026-05-10T21:28:46.531+0000] {dag.py:4180} INFO - Setting next_dagrun for mod_01_01_hello_world to None, run_after=None
[2026-05-10T21:28:46.540+0000] {processor.py:208} INFO - Processing /opt/airflow/dags/01_basics/01_hello_world_dag.py took 0.036 seconds
[2026-05-10T21:29:17.062+0000] {processor.py:186} INFO - Started process (PID=4462) to work on /opt/airflow/dags/01_basics/01_hello_world_dag.py
[2026-05-10T21:29:17.063+0000] {processor.py:914} INFO - Processing file /opt/airflow/dags/01_basics/01_hello_world_dag.py for tasks to queue
[2026-05-10T21:29:17.064+0000] {logging_mixin.py:190} INFO - [2026-05-10T21:29:17.064+0000] {dagbag.py:588} INFO - Filling up the DagBag from /opt/airflow/dags/01_basics/01_hello_world_dag.py
[2026-05-10T21:29:17.069+0000] {processor.py:925} INFO - DAG(s) 'mod_01_01_hello_world' retrieved from /opt/airflow/dags/01_basics/01_hello_world_dag.py
[2026-05-10T21:29:17.082+0000] {logging_mixin.py:190} INFO - [2026-05-10T21:29:17.082+0000] {dag.py:3239} INFO - Sync 1 DAGs
[2026-05-10T21:29:17.088+0000] {logging_mixin.py:190} INFO - [2026-05-10T21:29:17.088+0000] {dag.py:4180} INFO - Setting next_dagrun for mod_01_01_hello_world to None, run_after=None
[2026-05-10T21:29:17.097+0000] {processor.py:208} INFO - Processing /opt/airflow/dags/01_basics/01_hello_world_dag.py took 0.037 seconds
[2026-05-10T21:29:47.613+0000] {processor.py:186} INFO - Started process (PID=4665) to work on /opt/airflow/dags/01_basics/01_hello_world_dag.py
[2026-05-10T21:29:47.614+0000] {processor.py:914} INFO - Processing file /opt/airflow/dags/01_basics/01_hello_world_dag.py for tasks to queue
[2026-05-10T21:29:47.616+0000] {logging_mixin.py:190} INFO - [2026-05-10T21:29:47.616+0000] {dagbag.py:588} INFO - Filling up the DagBag from /opt/airflow/dags/01_basics/01_hello_world_dag.py
[2026-05-10T21:29:47.619+0000] {processor.py:925} INFO - DAG(s) 'mod_01_01_hello_world' retrieved from /opt/airflow/dags/01_basics/01_hello_world_dag.py
[2026-05-10T21:29:47.632+0000] {logging_mixin.py:190} INFO - [2026-05-10T21:29:47.632+0000] {dag.py:3239} INFO - Sync 1 DAGs
[2026-05-10T21:29:47.638+0000] {logging_mixin.py:190} INFO - [2026-05-10T21:29:47.638+0000] {dag.py:4180} INFO - Setting next_dagrun for mod_01_01_hello_world to None, run_after=None
[2026-05-10T21:29:47.647+0000] {processor.py:208} INFO - Processing /opt/airflow/dags/01_basics/01_hello_world_dag.py took 0.036 seconds
[2026-05-10T21:30:18.138+0000] {processor.py:186} INFO - Started process (PID=4868) to work on /opt/airflow/dags/01_basics/01_hello_world_dag.py
[2026-05-10T21:30:18.139+0000] {processor.py:914} INFO - Processing file /opt/airflow/dags/01_basics/01_hello_world_dag.py for tasks to queue
[2026-05-10T21:30:18.140+0000] {logging_mixin.py:190} INFO - [2026-05-10T21:30:18.140+0000] {dagbag.py:588} INFO - Filling up the DagBag from /opt/airflow/dags/01_basics/01_hello_world_dag.py
[2026-05-10T21:30:18.147+0000] {processor.py:925} INFO - DAG(s) 'mod_01_01_hello_world' retrieved from /opt/airflow/dags/01_basics/01_hello_world_dag.py
[2026-05-10T21:30:18.160+0000] {logging_mixin.py:190} INFO - [2026-05-10T21:30:18.160+0000] {dag.py:3239} INFO - Sync 1 DAGs
[2026-05-10T21:30:18.167+0000] {logging_mixin.py:190} INFO - [2026-05-10T21:30:18.167+0000] {dag.py:4180} INFO - Setting next_dagrun for mod_01_01_hello_world to None, run_after=None
[2026-05-10T21:30:18.172+0000] {processor.py:208} INFO - Processing /opt/airflow/dags/01_basics/01_hello_world_dag.py took 0.037 seconds
[2026-05-10T21:30:48.623+0000] {processor.py:186} INFO - Started process (PID=5071) to work on /opt/airflow/dags/01_basics/01_hello_world_dag.py
[2026-05-10T21:30:48.626+0000] {processor.py:914} INFO - Processing file /opt/airflow/dags/01_basics/01_hello_world_dag.py for tasks to queue
[2026-05-10T21:30:48.628+0000] {logging_mixin.py:190} INFO - [2026-05-10T21:30:48.627+0000] {dagbag.py:588} INFO - Filling up the DagBag from /opt/airflow/dags/01_basics/01_hello_world_dag.py
[2026-05-10T21:30:48.633+0000] {processor.py:925} INFO - DAG(s) 'mod_01_01_hello_world' retrieved from /opt/airflow/dags/01_basics/01_hello_world_dag.py
[2026-05-10T21:30:48.643+0000] {logging_mixin.py:190} INFO - [2026-05-10T21:30:48.642+0000] {dag.py:3239} INFO - Sync 1 DAGs
[2026-05-10T21:30:48.649+0000] {logging_mixin.py:190} INFO - [2026-05-10T21:30:48.649+0000] {dag.py:4180} INFO - Setting next_dagrun for mod_01_01_hello_world to None, run_after=None
[2026-05-10T21:30:48.654+0000] {processor.py:208} INFO - Processing /opt/airflow/dags/01_basics/01_hello_world_dag.py took 0.034 seconds
[2026-05-10T21:31:19.227+0000] {processor.py:186} INFO - Started process (PID=5274) to work on /opt/airflow/dags/01_basics/01_hello_world_dag.py
[2026-05-10T21:31:19.227+0000] {processor.py:914} INFO - Processing file /opt/airflow/dags/01_basics/01_hello_world_dag.py for tasks to queue
[2026-05-10T21:31:19.229+0000] {logging_mixin.py:190} INFO - [2026-05-10T21:31:19.229+0000] {dagbag.py:588} INFO - Filling up the DagBag from /opt/airflow/dags/01_basics/01_hello_world_dag.py
[2026-05-10T21:31:19.233+0000] {processor.py:925} INFO - DAG(s) 'mod_01_01_hello_world' retrieved from /opt/airflow/dags/01_basics/01_hello_world_dag.py
[2026-05-10T21:31:19.245+0000] {logging_mixin.py:190} INFO - [2026-05-10T21:31:19.245+0000] {dag.py:3239} INFO - Sync 1 DAGs
[2026-05-10T21:31:19.250+0000] {logging_mixin.py:190} INFO - [2026-05-10T21:31:19.250+0000] {dag.py:4180} INFO - Setting next_dagrun for mod_01_01_hello_world to None, run_after=None
[2026-05-10T21:31:19.260+0000] {processor.py:208} INFO - Processing /opt/airflow/dags/01_basics/01_hello_world_dag.py took 0.035 seconds
[2026-05-10T21:31:49.722+0000] {processor.py:186} INFO - Started process (PID=5477) to work on /opt/airflow/dags/01_basics/01_hello_world_dag.py
[2026-05-10T21:31:49.724+0000] {processor.py:914} INFO - Processing file /opt/airflow/dags/01_basics/01_hello_world_dag.py for tasks to queue
[2026-05-10T21:31:49.728+0000] {logging_mixin.py:190} INFO - [2026-05-10T21:31:49.728+0000] {dagbag.py:588} INFO - Filling up the DagBag from /opt/airflow/dags/01_basics/01_hello_world_dag.py
[2026-05-10T21:31:49.731+0000] {processor.py:925} INFO - DAG(s) 'mod_01_01_hello_world' retrieved from /opt/airflow/dags/01_basics/01_hello_world_dag.py
[2026-05-10T21:31:49.743+0000] {logging_mixin.py:190} INFO - [2026-05-10T21:31:49.742+0000] {dag.py:3239} INFO - Sync 1 DAGs
[2026-05-10T21:31:49.748+0000] {logging_mixin.py:190} INFO - [2026-05-10T21:31:49.748+0000] {dag.py:4180} INFO - Setting next_dagrun for mod_01_01_hello_world to None, run_after=None
[2026-05-10T21:31:49.753+0000] {processor.py:208} INFO - Processing /opt/airflow/dags/01_basics/01_hello_world_dag.py took 0.034 seconds
