[2026-05-10T21:19:06.561+0000] {processor.py:186} INFO - Started process (PID=383) to work on /opt/airflow/dags/01_basics/02_python_operator_dag.py
[2026-05-10T21:19:06.561+0000] {processor.py:914} INFO - Processing file /opt/airflow/dags/01_basics/02_python_operator_dag.py for tasks to queue
[2026-05-10T21:19:06.563+0000] {logging_mixin.py:190} INFO - [2026-05-10T21:19:06.563+0000] {dagbag.py:588} INFO - Filling up the DagBag from /opt/airflow/dags/01_basics/02_python_operator_dag.py
[2026-05-10T21:19:06.571+0000] {processor.py:925} INFO - DAG(s) 'mod_01_02_python_operator' retrieved from /opt/airflow/dags/01_basics/02_python_operator_dag.py
[2026-05-10T21:19:06.621+0000] {logging_mixin.py:190} INFO - [2026-05-10T21:19:06.621+0000] {override.py:1912} INFO - Created Permission View: can delete on DAG:mod_01_02_python_operator
[2026-05-10T21:19:06.627+0000] {logging_mixin.py:190} INFO - [2026-05-10T21:19:06.627+0000] {override.py:1912} INFO - Created Permission View: can edit on DAG:mod_01_02_python_operator
[2026-05-10T21:19:06.635+0000] {logging_mixin.py:190} INFO - [2026-05-10T21:19:06.635+0000] {override.py:1912} INFO - Created Permission View: can read on DAG:mod_01_02_python_operator
[2026-05-10T21:19:06.640+0000] {logging_mixin.py:190} INFO - [2026-05-10T21:19:06.640+0000] {override.py:1912} INFO - Created Permission View: can delete on DAG Run:mod_01_02_python_operator
[2026-05-10T21:19:06.646+0000] {logging_mixin.py:190} INFO - [2026-05-10T21:19:06.646+0000] {override.py:1912} INFO - Created Permission View: menu access on DAG Run:mod_01_02_python_operator
[2026-05-10T21:19:06.650+0000] {logging_mixin.py:190} INFO - [2026-05-10T21:19:06.650+0000] {override.py:1912} INFO - Created Permission View: can create on DAG Run:mod_01_02_python_operator
[2026-05-10T21:19:06.654+0000] {logging_mixin.py:190} INFO - [2026-05-10T21:19:06.654+0000] {override.py:1912} INFO - Created Permission View: can read on DAG Run:mod_01_02_python_operator
[2026-05-10T21:19:06.655+0000] {logging_mixin.py:190} INFO - [2026-05-10T21:19:06.654+0000] {dag.py:3239} INFO - Sync 1 DAGs
[2026-05-10T21:19:06.660+0000] {logging_mixin.py:190} INFO - [2026-05-10T21:19:06.660+0000] {dag.py:3262} INFO - Creating ORM DAG for mod_01_02_python_operator
[2026-05-10T21:19:06.661+0000] {logging_mixin.py:190} INFO - [2026-05-10T21:19:06.661+0000] {dag.py:4180} INFO - Setting next_dagrun for mod_01_02_python_operator to None, run_after=None
[2026-05-10T21:19:06.672+0000] {processor.py:208} INFO - Processing /opt/airflow/dags/01_basics/02_python_operator_dag.py took 0.114 seconds
[2026-05-10T21:19:37.211+0000] {processor.py:186} INFO - Started process (PID=586) to work on /opt/airflow/dags/01_basics/02_python_operator_dag.py
[2026-05-10T21:19:37.213+0000] {processor.py:914} INFO - Processing file /opt/airflow/dags/01_basics/02_python_operator_dag.py for tasks to queue
[2026-05-10T21:19:37.215+0000] {logging_mixin.py:190} INFO - [2026-05-10T21:19:37.215+0000] {dagbag.py:588} INFO - Filling up the DagBag from /opt/airflow/dags/01_basics/02_python_operator_dag.py
[2026-05-10T21:19:37.218+0000] {processor.py:925} INFO - DAG(s) 'mod_01_02_python_operator' retrieved from /opt/airflow/dags/01_basics/02_python_operator_dag.py
[2026-05-10T21:19:37.229+0000] {logging_mixin.py:190} INFO - [2026-05-10T21:19:37.229+0000] {dag.py:3239} INFO - Sync 1 DAGs
[2026-05-10T21:19:37.235+0000] {logging_mixin.py:190} INFO - [2026-05-10T21:19:37.235+0000] {dag.py:4180} INFO - Setting next_dagrun for mod_01_02_python_operator to None, run_after=None
[2026-05-10T21:19:37.246+0000] {processor.py:208} INFO - Processing /opt/airflow/dags/01_basics/02_python_operator_dag.py took 0.037 seconds
[2026-05-10T21:20:07.658+0000] {processor.py:186} INFO - Started process (PID=789) to work on /opt/airflow/dags/01_basics/02_python_operator_dag.py
[2026-05-10T21:20:07.659+0000] {processor.py:914} INFO - Processing file /opt/airflow/dags/01_basics/02_python_operator_dag.py for tasks to queue
[2026-05-10T21:20:07.660+0000] {logging_mixin.py:190} INFO - [2026-05-10T21:20:07.660+0000] {dagbag.py:588} INFO - Filling up the DagBag from /opt/airflow/dags/01_basics/02_python_operator_dag.py
[2026-05-10T21:20:07.664+0000] {processor.py:925} INFO - DAG(s) 'mod_01_02_python_operator' retrieved from /opt/airflow/dags/01_basics/02_python_operator_dag.py
[2026-05-10T21:20:07.672+0000] {logging_mixin.py:190} INFO - [2026-05-10T21:20:07.672+0000] {dag.py:3239} INFO - Sync 1 DAGs
[2026-05-10T21:20:07.677+0000] {logging_mixin.py:190} INFO - [2026-05-10T21:20:07.677+0000] {dag.py:4180} INFO - Setting next_dagrun for mod_01_02_python_operator to None, run_after=None
[2026-05-10T21:20:07.689+0000] {processor.py:208} INFO - Processing /opt/airflow/dags/01_basics/02_python_operator_dag.py took 0.033 seconds
[2026-05-10T21:20:38.290+0000] {processor.py:186} INFO - Started process (PID=992) to work on /opt/airflow/dags/01_basics/02_python_operator_dag.py
[2026-05-10T21:20:38.290+0000] {processor.py:914} INFO - Processing file /opt/airflow/dags/01_basics/02_python_operator_dag.py for tasks to queue
[2026-05-10T21:20:38.292+0000] {logging_mixin.py:190} INFO - [2026-05-10T21:20:38.292+0000] {dagbag.py:588} INFO - Filling up the DagBag from /opt/airflow/dags/01_basics/02_python_operator_dag.py
[2026-05-10T21:20:38.295+0000] {processor.py:925} INFO - DAG(s) 'mod_01_02_python_operator' retrieved from /opt/airflow/dags/01_basics/02_python_operator_dag.py
[2026-05-10T21:20:38.306+0000] {logging_mixin.py:190} INFO - [2026-05-10T21:20:38.306+0000] {dag.py:3239} INFO - Sync 1 DAGs
[2026-05-10T21:20:38.314+0000] {logging_mixin.py:190} INFO - [2026-05-10T21:20:38.314+0000] {dag.py:4180} INFO - Setting next_dagrun for mod_01_02_python_operator to None, run_after=None
[2026-05-10T21:20:38.324+0000] {processor.py:208} INFO - Processing /opt/airflow/dags/01_basics/02_python_operator_dag.py took 0.037 seconds
[2026-05-10T21:21:08.794+0000] {processor.py:186} INFO - Started process (PID=1195) to work on /opt/airflow/dags/01_basics/02_python_operator_dag.py
[2026-05-10T21:21:08.795+0000] {processor.py:914} INFO - Processing file /opt/airflow/dags/01_basics/02_python_operator_dag.py for tasks to queue
[2026-05-10T21:21:08.796+0000] {logging_mixin.py:190} INFO - [2026-05-10T21:21:08.796+0000] {dagbag.py:588} INFO - Filling up the DagBag from /opt/airflow/dags/01_basics/02_python_operator_dag.py
[2026-05-10T21:21:08.800+0000] {processor.py:925} INFO - DAG(s) 'mod_01_02_python_operator' retrieved from /opt/airflow/dags/01_basics/02_python_operator_dag.py
[2026-05-10T21:21:08.808+0000] {logging_mixin.py:190} INFO - [2026-05-10T21:21:08.808+0000] {dag.py:3239} INFO - Sync 1 DAGs
[2026-05-10T21:21:08.814+0000] {logging_mixin.py:190} INFO - [2026-05-10T21:21:08.814+0000] {dag.py:4180} INFO - Setting next_dagrun for mod_01_02_python_operator to None, run_after=None
[2026-05-10T21:21:08.827+0000] {processor.py:208} INFO - Processing /opt/airflow/dags/01_basics/02_python_operator_dag.py took 0.036 seconds
[2026-05-10T21:21:39.345+0000] {processor.py:186} INFO - Started process (PID=1398) to work on /opt/airflow/dags/01_basics/02_python_operator_dag.py
[2026-05-10T21:21:39.346+0000] {processor.py:914} INFO - Processing file /opt/airflow/dags/01_basics/02_python_operator_dag.py for tasks to queue
[2026-05-10T21:21:39.347+0000] {logging_mixin.py:190} INFO - [2026-05-10T21:21:39.347+0000] {dagbag.py:588} INFO - Filling up the DagBag from /opt/airflow/dags/01_basics/02_python_operator_dag.py
[2026-05-10T21:21:39.350+0000] {processor.py:925} INFO - DAG(s) 'mod_01_02_python_operator' retrieved from /opt/airflow/dags/01_basics/02_python_operator_dag.py
[2026-05-10T21:21:39.362+0000] {logging_mixin.py:190} INFO - [2026-05-10T21:21:39.362+0000] {dag.py:3239} INFO - Sync 1 DAGs
[2026-05-10T21:21:39.369+0000] {logging_mixin.py:190} INFO - [2026-05-10T21:21:39.369+0000] {dag.py:4180} INFO - Setting next_dagrun for mod_01_02_python_operator to None, run_after=None
[2026-05-10T21:21:39.379+0000] {processor.py:208} INFO - Processing /opt/airflow/dags/01_basics/02_python_operator_dag.py took 0.036 seconds
[2026-05-10T21:22:09.818+0000] {processor.py:186} INFO - Started process (PID=1603) to work on /opt/airflow/dags/01_basics/02_python_operator_dag.py
[2026-05-10T21:22:09.819+0000] {processor.py:914} INFO - Processing file /opt/airflow/dags/01_basics/02_python_operator_dag.py for tasks to queue
[2026-05-10T21:22:09.820+0000] {logging_mixin.py:190} INFO - [2026-05-10T21:22:09.820+0000] {dagbag.py:588} INFO - Filling up the DagBag from /opt/airflow/dags/01_basics/02_python_operator_dag.py
[2026-05-10T21:22:09.824+0000] {processor.py:925} INFO - DAG(s) 'mod_01_02_python_operator' retrieved from /opt/airflow/dags/01_basics/02_python_operator_dag.py
[2026-05-10T21:22:09.834+0000] {logging_mixin.py:190} INFO - [2026-05-10T21:22:09.834+0000] {dag.py:3239} INFO - Sync 1 DAGs
[2026-05-10T21:22:09.839+0000] {logging_mixin.py:190} INFO - [2026-05-10T21:22:09.839+0000] {dag.py:4180} INFO - Setting next_dagrun for mod_01_02_python_operator to None, run_after=None
[2026-05-10T21:22:09.847+0000] {processor.py:208} INFO - Processing /opt/airflow/dags/01_basics/02_python_operator_dag.py took 0.032 seconds
[2026-05-10T21:22:40.284+0000] {processor.py:186} INFO - Started process (PID=1804) to work on /opt/airflow/dags/01_basics/02_python_operator_dag.py
[2026-05-10T21:22:40.284+0000] {processor.py:914} INFO - Processing file /opt/airflow/dags/01_basics/02_python_operator_dag.py for tasks to queue
[2026-05-10T21:22:40.286+0000] {logging_mixin.py:190} INFO - [2026-05-10T21:22:40.286+0000] {dagbag.py:588} INFO - Filling up the DagBag from /opt/airflow/dags/01_basics/02_python_operator_dag.py
[2026-05-10T21:22:40.291+0000] {processor.py:925} INFO - DAG(s) 'mod_01_02_python_operator' retrieved from /opt/airflow/dags/01_basics/02_python_operator_dag.py
[2026-05-10T21:22:40.301+0000] {logging_mixin.py:190} INFO - [2026-05-10T21:22:40.301+0000] {dag.py:3239} INFO - Sync 1 DAGs
[2026-05-10T21:22:40.306+0000] {logging_mixin.py:190} INFO - [2026-05-10T21:22:40.306+0000] {dag.py:4180} INFO - Setting next_dagrun for mod_01_02_python_operator to None, run_after=None
[2026-05-10T21:22:40.317+0000] {processor.py:208} INFO - Processing /opt/airflow/dags/01_basics/02_python_operator_dag.py took 0.036 seconds
[2026-05-10T21:23:10.707+0000] {processor.py:186} INFO - Started process (PID=2007) to work on /opt/airflow/dags/01_basics/02_python_operator_dag.py
[2026-05-10T21:23:10.708+0000] {processor.py:914} INFO - Processing file /opt/airflow/dags/01_basics/02_python_operator_dag.py for tasks to queue
[2026-05-10T21:23:10.710+0000] {logging_mixin.py:190} INFO - [2026-05-10T21:23:10.710+0000] {dagbag.py:588} INFO - Filling up the DagBag from /opt/airflow/dags/01_basics/02_python_operator_dag.py
[2026-05-10T21:23:10.714+0000] {processor.py:925} INFO - DAG(s) 'mod_01_02_python_operator' retrieved from /opt/airflow/dags/01_basics/02_python_operator_dag.py
[2026-05-10T21:23:10.723+0000] {logging_mixin.py:190} INFO - [2026-05-10T21:23:10.723+0000] {dag.py:3239} INFO - Sync 1 DAGs
[2026-05-10T21:23:10.730+0000] {logging_mixin.py:190} INFO - [2026-05-10T21:23:10.730+0000] {dag.py:4180} INFO - Setting next_dagrun for mod_01_02_python_operator to None, run_after=None
[2026-05-10T21:23:10.740+0000] {processor.py:208} INFO - Processing /opt/airflow/dags/01_basics/02_python_operator_dag.py took 0.035 seconds
[2026-05-10T21:23:41.183+0000] {processor.py:186} INFO - Started process (PID=2210) to work on /opt/airflow/dags/01_basics/02_python_operator_dag.py
[2026-05-10T21:23:41.184+0000] {processor.py:914} INFO - Processing file /opt/airflow/dags/01_basics/02_python_operator_dag.py for tasks to queue
[2026-05-10T21:23:41.186+0000] {logging_mixin.py:190} INFO - [2026-05-10T21:23:41.186+0000] {dagbag.py:588} INFO - Filling up the DagBag from /opt/airflow/dags/01_basics/02_python_operator_dag.py
[2026-05-10T21:23:41.190+0000] {processor.py:925} INFO - DAG(s) 'mod_01_02_python_operator' retrieved from /opt/airflow/dags/01_basics/02_python_operator_dag.py
[2026-05-10T21:23:41.198+0000] {logging_mixin.py:190} INFO - [2026-05-10T21:23:41.198+0000] {dag.py:3239} INFO - Sync 1 DAGs
[2026-05-10T21:23:41.203+0000] {logging_mixin.py:190} INFO - [2026-05-10T21:23:41.203+0000] {dag.py:4180} INFO - Setting next_dagrun for mod_01_02_python_operator to None, run_after=None
[2026-05-10T21:23:41.211+0000] {processor.py:208} INFO - Processing /opt/airflow/dags/01_basics/02_python_operator_dag.py took 0.031 seconds
[2026-05-10T21:24:11.737+0000] {processor.py:186} INFO - Started process (PID=2429) to work on /opt/airflow/dags/01_basics/02_python_operator_dag.py
[2026-05-10T21:24:11.738+0000] {processor.py:914} INFO - Processing file /opt/airflow/dags/01_basics/02_python_operator_dag.py for tasks to queue
[2026-05-10T21:24:11.739+0000] {logging_mixin.py:190} INFO - [2026-05-10T21:24:11.739+0000] {dagbag.py:588} INFO - Filling up the DagBag from /opt/airflow/dags/01_basics/02_python_operator_dag.py
[2026-05-10T21:24:11.743+0000] {processor.py:925} INFO - DAG(s) 'mod_01_02_python_operator' retrieved from /opt/airflow/dags/01_basics/02_python_operator_dag.py
[2026-05-10T21:24:11.757+0000] {logging_mixin.py:190} INFO - [2026-05-10T21:24:11.757+0000] {dag.py:3239} INFO - Sync 1 DAGs
[2026-05-10T21:24:11.763+0000] {logging_mixin.py:190} INFO - [2026-05-10T21:24:11.763+0000] {dag.py:4180} INFO - Setting next_dagrun for mod_01_02_python_operator to None, run_after=None
[2026-05-10T21:24:11.773+0000] {processor.py:208} INFO - Processing /opt/airflow/dags/01_basics/02_python_operator_dag.py took 0.040 seconds
[2026-05-10T21:24:42.172+0000] {processor.py:186} INFO - Started process (PID=2630) to work on /opt/airflow/dags/01_basics/02_python_operator_dag.py
[2026-05-10T21:24:42.173+0000] {processor.py:914} INFO - Processing file /opt/airflow/dags/01_basics/02_python_operator_dag.py for tasks to queue
[2026-05-10T21:24:42.175+0000] {logging_mixin.py:190} INFO - [2026-05-10T21:24:42.174+0000] {dagbag.py:588} INFO - Filling up the DagBag from /opt/airflow/dags/01_basics/02_python_operator_dag.py
[2026-05-10T21:24:42.178+0000] {processor.py:925} INFO - DAG(s) 'mod_01_02_python_operator' retrieved from /opt/airflow/dags/01_basics/02_python_operator_dag.py
[2026-05-10T21:24:42.189+0000] {logging_mixin.py:190} INFO - [2026-05-10T21:24:42.189+0000] {dag.py:3239} INFO - Sync 1 DAGs
[2026-05-10T21:24:42.194+0000] {logging_mixin.py:190} INFO - [2026-05-10T21:24:42.194+0000] {dag.py:4180} INFO - Setting next_dagrun for mod_01_02_python_operator to None, run_after=None
[2026-05-10T21:24:42.204+0000] {processor.py:208} INFO - Processing /opt/airflow/dags/01_basics/02_python_operator_dag.py took 0.034 seconds
[2026-05-10T21:25:12.743+0000] {processor.py:186} INFO - Started process (PID=2835) to work on /opt/airflow/dags/01_basics/02_python_operator_dag.py
[2026-05-10T21:25:12.744+0000] {processor.py:914} INFO - Processing file /opt/airflow/dags/01_basics/02_python_operator_dag.py for tasks to queue
[2026-05-10T21:25:12.745+0000] {logging_mixin.py:190} INFO - [2026-05-10T21:25:12.745+0000] {dagbag.py:588} INFO - Filling up the DagBag from /opt/airflow/dags/01_basics/02_python_operator_dag.py
[2026-05-10T21:25:12.749+0000] {processor.py:925} INFO - DAG(s) 'mod_01_02_python_operator' retrieved from /opt/airflow/dags/01_basics/02_python_operator_dag.py
[2026-05-10T21:25:12.758+0000] {logging_mixin.py:190} INFO - [2026-05-10T21:25:12.758+0000] {dag.py:3239} INFO - Sync 1 DAGs
[2026-05-10T21:25:12.764+0000] {logging_mixin.py:190} INFO - [2026-05-10T21:25:12.763+0000] {dag.py:4180} INFO - Setting next_dagrun for mod_01_02_python_operator to None, run_after=None
[2026-05-10T21:25:12.771+0000] {processor.py:208} INFO - Processing /opt/airflow/dags/01_basics/02_python_operator_dag.py took 0.030 seconds
[2026-05-10T21:25:43.277+0000] {processor.py:186} INFO - Started process (PID=3036) to work on /opt/airflow/dags/01_basics/02_python_operator_dag.py
[2026-05-10T21:25:43.278+0000] {processor.py:914} INFO - Processing file /opt/airflow/dags/01_basics/02_python_operator_dag.py for tasks to queue
[2026-05-10T21:25:43.279+0000] {logging_mixin.py:190} INFO - [2026-05-10T21:25:43.279+0000] {dagbag.py:588} INFO - Filling up the DagBag from /opt/airflow/dags/01_basics/02_python_operator_dag.py
[2026-05-10T21:25:43.286+0000] {processor.py:925} INFO - DAG(s) 'mod_01_02_python_operator' retrieved from /opt/airflow/dags/01_basics/02_python_operator_dag.py
[2026-05-10T21:25:43.300+0000] {logging_mixin.py:190} INFO - [2026-05-10T21:25:43.300+0000] {dag.py:3239} INFO - Sync 1 DAGs
[2026-05-10T21:25:43.305+0000] {logging_mixin.py:190} INFO - [2026-05-10T21:25:43.305+0000] {dag.py:4180} INFO - Setting next_dagrun for mod_01_02_python_operator to None, run_after=None
[2026-05-10T21:25:43.311+0000] {processor.py:208} INFO - Processing /opt/airflow/dags/01_basics/02_python_operator_dag.py took 0.037 seconds
[2026-05-10T21:26:13.850+0000] {processor.py:186} INFO - Started process (PID=3239) to work on /opt/airflow/dags/01_basics/02_python_operator_dag.py
[2026-05-10T21:26:13.853+0000] {processor.py:914} INFO - Processing file /opt/airflow/dags/01_basics/02_python_operator_dag.py for tasks to queue
[2026-05-10T21:26:13.853+0000] {logging_mixin.py:190} INFO - [2026-05-10T21:26:13.853+0000] {dagbag.py:588} INFO - Filling up the DagBag from /opt/airflow/dags/01_basics/02_python_operator_dag.py
[2026-05-10T21:26:13.859+0000] {processor.py:925} INFO - DAG(s) 'mod_01_02_python_operator' retrieved from /opt/airflow/dags/01_basics/02_python_operator_dag.py
[2026-05-10T21:26:13.870+0000] {logging_mixin.py:190} INFO - [2026-05-10T21:26:13.870+0000] {dag.py:3239} INFO - Sync 1 DAGs
[2026-05-10T21:26:13.879+0000] {logging_mixin.py:190} INFO - [2026-05-10T21:26:13.878+0000] {dag.py:4180} INFO - Setting next_dagrun for mod_01_02_python_operator to None, run_after=None
[2026-05-10T21:26:13.893+0000] {processor.py:208} INFO - Processing /opt/airflow/dags/01_basics/02_python_operator_dag.py took 0.045 seconds
[2026-05-10T21:26:44.430+0000] {processor.py:186} INFO - Started process (PID=3442) to work on /opt/airflow/dags/01_basics/02_python_operator_dag.py
[2026-05-10T21:26:44.432+0000] {processor.py:914} INFO - Processing file /opt/airflow/dags/01_basics/02_python_operator_dag.py for tasks to queue
[2026-05-10T21:26:44.434+0000] {logging_mixin.py:190} INFO - [2026-05-10T21:26:44.434+0000] {dagbag.py:588} INFO - Filling up the DagBag from /opt/airflow/dags/01_basics/02_python_operator_dag.py
[2026-05-10T21:26:44.439+0000] {processor.py:925} INFO - DAG(s) 'mod_01_02_python_operator' retrieved from /opt/airflow/dags/01_basics/02_python_operator_dag.py
[2026-05-10T21:26:44.452+0000] {logging_mixin.py:190} INFO - [2026-05-10T21:26:44.452+0000] {dag.py:3239} INFO - Sync 1 DAGs
[2026-05-10T21:26:44.460+0000] {logging_mixin.py:190} INFO - [2026-05-10T21:26:44.460+0000] {dag.py:4180} INFO - Setting next_dagrun for mod_01_02_python_operator to None, run_after=None
[2026-05-10T21:26:44.471+0000] {processor.py:208} INFO - Processing /opt/airflow/dags/01_basics/02_python_operator_dag.py took 0.045 seconds
[2026-05-10T21:27:14.999+0000] {processor.py:186} INFO - Started process (PID=3645) to work on /opt/airflow/dags/01_basics/02_python_operator_dag.py
[2026-05-10T21:27:15.000+0000] {processor.py:914} INFO - Processing file /opt/airflow/dags/01_basics/02_python_operator_dag.py for tasks to queue
[2026-05-10T21:27:15.003+0000] {logging_mixin.py:190} INFO - [2026-05-10T21:27:15.003+0000] {dagbag.py:588} INFO - Filling up the DagBag from /opt/airflow/dags/01_basics/02_python_operator_dag.py
[2026-05-10T21:27:15.007+0000] {processor.py:925} INFO - DAG(s) 'mod_01_02_python_operator' retrieved from /opt/airflow/dags/01_basics/02_python_operator_dag.py
[2026-05-10T21:27:15.016+0000] {logging_mixin.py:190} INFO - [2026-05-10T21:27:15.016+0000] {dag.py:3239} INFO - Sync 1 DAGs
[2026-05-10T21:27:15.021+0000] {logging_mixin.py:190} INFO - [2026-05-10T21:27:15.021+0000] {dag.py:4180} INFO - Setting next_dagrun for mod_01_02_python_operator to None, run_after=None
[2026-05-10T21:27:15.031+0000] {processor.py:208} INFO - Processing /opt/airflow/dags/01_basics/02_python_operator_dag.py took 0.035 seconds
[2026-05-10T21:27:45.467+0000] {processor.py:186} INFO - Started process (PID=3848) to work on /opt/airflow/dags/01_basics/02_python_operator_dag.py
[2026-05-10T21:27:45.467+0000] {processor.py:914} INFO - Processing file /opt/airflow/dags/01_basics/02_python_operator_dag.py for tasks to queue
[2026-05-10T21:27:45.469+0000] {logging_mixin.py:190} INFO - [2026-05-10T21:27:45.469+0000] {dagbag.py:588} INFO - Filling up the DagBag from /opt/airflow/dags/01_basics/02_python_operator_dag.py
[2026-05-10T21:27:45.473+0000] {processor.py:925} INFO - DAG(s) 'mod_01_02_python_operator' retrieved from /opt/airflow/dags/01_basics/02_python_operator_dag.py
[2026-05-10T21:27:45.482+0000] {logging_mixin.py:190} INFO - [2026-05-10T21:27:45.482+0000] {dag.py:3239} INFO - Sync 1 DAGs
[2026-05-10T21:27:45.487+0000] {logging_mixin.py:190} INFO - [2026-05-10T21:27:45.487+0000] {dag.py:4180} INFO - Setting next_dagrun for mod_01_02_python_operator to None, run_after=None
[2026-05-10T21:27:45.499+0000] {processor.py:208} INFO - Processing /opt/airflow/dags/01_basics/02_python_operator_dag.py took 0.035 seconds
[2026-05-10T21:28:15.952+0000] {processor.py:186} INFO - Started process (PID=4051) to work on /opt/airflow/dags/01_basics/02_python_operator_dag.py
[2026-05-10T21:28:15.953+0000] {processor.py:914} INFO - Processing file /opt/airflow/dags/01_basics/02_python_operator_dag.py for tasks to queue
[2026-05-10T21:28:15.954+0000] {logging_mixin.py:190} INFO - [2026-05-10T21:28:15.954+0000] {dagbag.py:588} INFO - Filling up the DagBag from /opt/airflow/dags/01_basics/02_python_operator_dag.py
[2026-05-10T21:28:15.960+0000] {processor.py:925} INFO - DAG(s) 'mod_01_02_python_operator' retrieved from /opt/airflow/dags/01_basics/02_python_operator_dag.py
[2026-05-10T21:28:15.968+0000] {logging_mixin.py:190} INFO - [2026-05-10T21:28:15.968+0000] {dag.py:3239} INFO - Sync 1 DAGs
[2026-05-10T21:28:15.974+0000] {logging_mixin.py:190} INFO - [2026-05-10T21:28:15.974+0000] {dag.py:4180} INFO - Setting next_dagrun for mod_01_02_python_operator to None, run_after=None
[2026-05-10T21:28:15.985+0000] {processor.py:208} INFO - Processing /opt/airflow/dags/01_basics/02_python_operator_dag.py took 0.036 seconds
[2026-05-10T21:28:46.499+0000] {processor.py:186} INFO - Started process (PID=4254) to work on /opt/airflow/dags/01_basics/02_python_operator_dag.py
[2026-05-10T21:28:46.499+0000] {processor.py:914} INFO - Processing file /opt/airflow/dags/01_basics/02_python_operator_dag.py for tasks to queue
[2026-05-10T21:28:46.501+0000] {logging_mixin.py:190} INFO - [2026-05-10T21:28:46.501+0000] {dagbag.py:588} INFO - Filling up the DagBag from /opt/airflow/dags/01_basics/02_python_operator_dag.py
[2026-05-10T21:28:46.506+0000] {processor.py:925} INFO - DAG(s) 'mod_01_02_python_operator' retrieved from /opt/airflow/dags/01_basics/02_python_operator_dag.py
[2026-05-10T21:28:46.517+0000] {logging_mixin.py:190} INFO - [2026-05-10T21:28:46.517+0000] {dag.py:3239} INFO - Sync 1 DAGs
[2026-05-10T21:28:46.525+0000] {logging_mixin.py:190} INFO - [2026-05-10T21:28:46.525+0000] {dag.py:4180} INFO - Setting next_dagrun for mod_01_02_python_operator to None, run_after=None
[2026-05-10T21:28:46.535+0000] {processor.py:208} INFO - Processing /opt/airflow/dags/01_basics/02_python_operator_dag.py took 0.039 seconds
[2026-05-10T21:29:17.055+0000] {processor.py:186} INFO - Started process (PID=4457) to work on /opt/airflow/dags/01_basics/02_python_operator_dag.py
[2026-05-10T21:29:17.056+0000] {processor.py:914} INFO - Processing file /opt/airflow/dags/01_basics/02_python_operator_dag.py for tasks to queue
[2026-05-10T21:29:17.058+0000] {logging_mixin.py:190} INFO - [2026-05-10T21:29:17.057+0000] {dagbag.py:588} INFO - Filling up the DagBag from /opt/airflow/dags/01_basics/02_python_operator_dag.py
[2026-05-10T21:29:17.061+0000] {processor.py:925} INFO - DAG(s) 'mod_01_02_python_operator' retrieved from /opt/airflow/dags/01_basics/02_python_operator_dag.py
[2026-05-10T21:29:17.072+0000] {logging_mixin.py:190} INFO - [2026-05-10T21:29:17.072+0000] {dag.py:3239} INFO - Sync 1 DAGs
[2026-05-10T21:29:17.078+0000] {logging_mixin.py:190} INFO - [2026-05-10T21:29:17.078+0000] {dag.py:4180} INFO - Setting next_dagrun for mod_01_02_python_operator to None, run_after=None
[2026-05-10T21:29:17.091+0000] {processor.py:208} INFO - Processing /opt/airflow/dags/01_basics/02_python_operator_dag.py took 0.039 seconds
[2026-05-10T21:29:47.607+0000] {processor.py:186} INFO - Started process (PID=4662) to work on /opt/airflow/dags/01_basics/02_python_operator_dag.py
[2026-05-10T21:29:47.608+0000] {processor.py:914} INFO - Processing file /opt/airflow/dags/01_basics/02_python_operator_dag.py for tasks to queue
[2026-05-10T21:29:47.609+0000] {logging_mixin.py:190} INFO - [2026-05-10T21:29:47.609+0000] {dagbag.py:588} INFO - Filling up the DagBag from /opt/airflow/dags/01_basics/02_python_operator_dag.py
[2026-05-10T21:29:47.613+0000] {processor.py:925} INFO - DAG(s) 'mod_01_02_python_operator' retrieved from /opt/airflow/dags/01_basics/02_python_operator_dag.py
[2026-05-10T21:29:47.626+0000] {logging_mixin.py:190} INFO - [2026-05-10T21:29:47.625+0000] {dag.py:3239} INFO - Sync 1 DAGs
[2026-05-10T21:29:47.633+0000] {logging_mixin.py:190} INFO - [2026-05-10T21:29:47.633+0000] {dag.py:4180} INFO - Setting next_dagrun for mod_01_02_python_operator to None, run_after=None
[2026-05-10T21:29:47.642+0000] {processor.py:208} INFO - Processing /opt/airflow/dags/01_basics/02_python_operator_dag.py took 0.038 seconds
[2026-05-10T21:30:18.125+0000] {processor.py:186} INFO - Started process (PID=4863) to work on /opt/airflow/dags/01_basics/02_python_operator_dag.py
[2026-05-10T21:30:18.126+0000] {processor.py:914} INFO - Processing file /opt/airflow/dags/01_basics/02_python_operator_dag.py for tasks to queue
[2026-05-10T21:30:18.127+0000] {logging_mixin.py:190} INFO - [2026-05-10T21:30:18.127+0000] {dagbag.py:588} INFO - Filling up the DagBag from /opt/airflow/dags/01_basics/02_python_operator_dag.py
[2026-05-10T21:30:18.130+0000] {processor.py:925} INFO - DAG(s) 'mod_01_02_python_operator' retrieved from /opt/airflow/dags/01_basics/02_python_operator_dag.py
[2026-05-10T21:30:18.140+0000] {logging_mixin.py:190} INFO - [2026-05-10T21:30:18.140+0000] {dag.py:3239} INFO - Sync 1 DAGs
[2026-05-10T21:30:18.148+0000] {logging_mixin.py:190} INFO - [2026-05-10T21:30:18.147+0000] {dag.py:4180} INFO - Setting next_dagrun for mod_01_02_python_operator to None, run_after=None
[2026-05-10T21:30:18.160+0000] {processor.py:208} INFO - Processing /opt/airflow/dags/01_basics/02_python_operator_dag.py took 0.038 seconds
