[2026-05-10T21:19:06.400+0000] {processor.py:186} INFO - Started process (PID=373) to work on /opt/airflow/dags/01_basics/04_scheduling_examples.py
[2026-05-10T21:19:06.401+0000] {processor.py:914} INFO - Processing file /opt/airflow/dags/01_basics/04_scheduling_examples.py for tasks to queue
[2026-05-10T21:19:06.403+0000] {logging_mixin.py:190} INFO - [2026-05-10T21:19:06.403+0000] {dagbag.py:588} INFO - Filling up the DagBag from /opt/airflow/dags/01_basics/04_scheduling_examples.py
[2026-05-10T21:19:06.412+0000] {processor.py:925} INFO - DAG(s) 'mod_01_04_schedule_manual', 'mod_01_04_schedule_cron', 'mod_01_04_schedule_daily', 'mod_01_04_schedule_timedelta' retrieved from /opt/airflow/dags/01_basics/04_scheduling_examples.py
[2026-05-10T21:19:06.456+0000] {logging_mixin.py:190} INFO - [2026-05-10T21:19:06.456+0000] {override.py:1912} INFO - Created Permission View: can delete on DAG:mod_01_04_schedule_manual
[2026-05-10T21:19:06.463+0000] {logging_mixin.py:190} INFO - [2026-05-10T21:19:06.462+0000] {override.py:1912} INFO - Created Permission View: can edit on DAG:mod_01_04_schedule_manual
[2026-05-10T21:19:06.467+0000] {logging_mixin.py:190} INFO - [2026-05-10T21:19:06.466+0000] {override.py:1912} INFO - Created Permission View: can read on DAG:mod_01_04_schedule_manual
[2026-05-10T21:19:06.470+0000] {logging_mixin.py:190} INFO - [2026-05-10T21:19:06.470+0000] {override.py:1912} INFO - Created Permission View: can delete on DAG Run:mod_01_04_schedule_manual
[2026-05-10T21:19:06.472+0000] {logging_mixin.py:190} INFO - [2026-05-10T21:19:06.472+0000] {override.py:1912} INFO - Created Permission View: menu access on DAG Run:mod_01_04_schedule_manual
[2026-05-10T21:19:06.476+0000] {logging_mixin.py:190} INFO - [2026-05-10T21:19:06.475+0000] {override.py:1912} INFO - Created Permission View: can create on DAG Run:mod_01_04_schedule_manual
[2026-05-10T21:19:06.481+0000] {logging_mixin.py:190} INFO - [2026-05-10T21:19:06.481+0000] {override.py:1912} INFO - Created Permission View: can read on DAG Run:mod_01_04_schedule_manual
[2026-05-10T21:19:06.484+0000] {logging_mixin.py:190} INFO - [2026-05-10T21:19:06.484+0000] {override.py:1912} INFO - Created Permission View: can delete on DAG:mod_01_04_schedule_cron
[2026-05-10T21:19:06.491+0000] {logging_mixin.py:190} INFO - [2026-05-10T21:19:06.490+0000] {override.py:1912} INFO - Created Permission View: can edit on DAG:mod_01_04_schedule_cron
[2026-05-10T21:19:06.492+0000] {logging_mixin.py:190} INFO - [2026-05-10T21:19:06.492+0000] {override.py:1912} INFO - Created Permission View: can read on DAG:mod_01_04_schedule_cron
[2026-05-10T21:19:06.494+0000] {logging_mixin.py:190} INFO - [2026-05-10T21:19:06.493+0000] {override.py:1912} INFO - Created Permission View: can delete on DAG Run:mod_01_04_schedule_cron
[2026-05-10T21:19:06.497+0000] {logging_mixin.py:190} INFO - [2026-05-10T21:19:06.497+0000] {override.py:1912} INFO - Created Permission View: menu access on DAG Run:mod_01_04_schedule_cron
[2026-05-10T21:19:06.499+0000] {logging_mixin.py:190} INFO - [2026-05-10T21:19:06.499+0000] {override.py:1912} INFO - Created Permission View: can create on DAG Run:mod_01_04_schedule_cron
[2026-05-10T21:19:06.503+0000] {logging_mixin.py:190} INFO - [2026-05-10T21:19:06.502+0000] {override.py:1912} INFO - Created Permission View: can read on DAG Run:mod_01_04_schedule_cron
[2026-05-10T21:19:06.509+0000] {logging_mixin.py:190} INFO - [2026-05-10T21:19:06.509+0000] {override.py:1912} INFO - Created Permission View: can delete on DAG:mod_01_04_schedule_daily
[2026-05-10T21:19:06.512+0000] {logging_mixin.py:190} INFO - [2026-05-10T21:19:06.512+0000] {override.py:1912} INFO - Created Permission View: can edit on DAG:mod_01_04_schedule_daily
[2026-05-10T21:19:06.514+0000] {logging_mixin.py:190} INFO - [2026-05-10T21:19:06.514+0000] {override.py:1912} INFO - Created Permission View: can read on DAG:mod_01_04_schedule_daily
[2026-05-10T21:19:06.518+0000] {logging_mixin.py:190} INFO - [2026-05-10T21:19:06.518+0000] {override.py:1912} INFO - Created Permission View: can delete on DAG Run:mod_01_04_schedule_daily
[2026-05-10T21:19:06.520+0000] {logging_mixin.py:190} INFO - [2026-05-10T21:19:06.520+0000] {override.py:1912} INFO - Created Permission View: menu access on DAG Run:mod_01_04_schedule_daily
[2026-05-10T21:19:06.522+0000] {logging_mixin.py:190} INFO - [2026-05-10T21:19:06.522+0000] {override.py:1912} INFO - Created Permission View: can create on DAG Run:mod_01_04_schedule_daily
[2026-05-10T21:19:06.525+0000] {logging_mixin.py:190} INFO - [2026-05-10T21:19:06.525+0000] {override.py:1912} INFO - Created Permission View: can read on DAG Run:mod_01_04_schedule_daily
[2026-05-10T21:19:06.529+0000] {logging_mixin.py:190} INFO - [2026-05-10T21:19:06.529+0000] {override.py:1912} INFO - Created Permission View: can delete on DAG:mod_01_04_schedule_timedelta
[2026-05-10T21:19:06.531+0000] {logging_mixin.py:190} INFO - [2026-05-10T21:19:06.531+0000] {override.py:1912} INFO - Created Permission View: can edit on DAG:mod_01_04_schedule_timedelta
[2026-05-10T21:19:06.535+0000] {logging_mixin.py:190} INFO - [2026-05-10T21:19:06.535+0000] {override.py:1912} INFO - Created Permission View: can read on DAG:mod_01_04_schedule_timedelta
[2026-05-10T21:19:06.538+0000] {logging_mixin.py:190} INFO - [2026-05-10T21:19:06.538+0000] {override.py:1912} INFO - Created Permission View: can delete on DAG Run:mod_01_04_schedule_timedelta
[2026-05-10T21:19:06.542+0000] {logging_mixin.py:190} INFO - [2026-05-10T21:19:06.541+0000] {override.py:1912} INFO - Created Permission View: menu access on DAG Run:mod_01_04_schedule_timedelta
[2026-05-10T21:19:06.544+0000] {logging_mixin.py:190} INFO - [2026-05-10T21:19:06.544+0000] {override.py:1912} INFO - Created Permission View: can create on DAG Run:mod_01_04_schedule_timedelta
[2026-05-10T21:19:06.547+0000] {logging_mixin.py:190} INFO - [2026-05-10T21:19:06.547+0000] {override.py:1912} INFO - Created Permission View: can read on DAG Run:mod_01_04_schedule_timedelta
[2026-05-10T21:19:06.549+0000] {logging_mixin.py:190} INFO - [2026-05-10T21:19:06.549+0000] {dag.py:3239} INFO - Sync 4 DAGs
[2026-05-10T21:19:06.556+0000] {logging_mixin.py:190} INFO - [2026-05-10T21:19:06.556+0000] {dag.py:3262} INFO - Creating ORM DAG for mod_01_04_schedule_daily
[2026-05-10T21:19:06.556+0000] {logging_mixin.py:190} INFO - [2026-05-10T21:19:06.556+0000] {dag.py:3262} INFO - Creating ORM DAG for mod_01_04_schedule_timedelta
[2026-05-10T21:19:06.556+0000] {logging_mixin.py:190} INFO - [2026-05-10T21:19:06.556+0000] {dag.py:3262} INFO - Creating ORM DAG for mod_01_04_schedule_cron
[2026-05-10T21:19:06.557+0000] {logging_mixin.py:190} INFO - [2026-05-10T21:19:06.557+0000] {dag.py:3262} INFO - Creating ORM DAG for mod_01_04_schedule_manual
[2026-05-10T21:19:06.561+0000] {logging_mixin.py:190} INFO - [2026-05-10T21:19:06.561+0000] {dag.py:4180} INFO - Setting next_dagrun for mod_01_04_schedule_cron to 2026-05-07 14:30:00+00:00, run_after=2026-05-08 14:30:00+00:00
[2026-05-10T21:19:06.562+0000] {logging_mixin.py:190} INFO - [2026-05-10T21:19:06.562+0000] {dag.py:4180} INFO - Setting next_dagrun for mod_01_04_schedule_daily to 2026-05-09 00:00:00+00:00, run_after=2026-05-10 00:00:00+00:00
[2026-05-10T21:19:06.563+0000] {logging_mixin.py:190} INFO - [2026-05-10T21:19:06.563+0000] {dag.py:4180} INFO - Setting next_dagrun for mod_01_04_schedule_manual to None, run_after=None
[2026-05-10T21:19:06.563+0000] {logging_mixin.py:190} INFO - [2026-05-10T21:19:06.563+0000] {dag.py:4180} INFO - Setting next_dagrun for mod_01_04_schedule_timedelta to 2026-05-10 21:00:00+00:00, run_after=2026-05-10 21:15:00+00:00
[2026-05-10T21:19:06.574+0000] {processor.py:208} INFO - Processing /opt/airflow/dags/01_basics/04_scheduling_examples.py took 0.177 seconds
[2026-05-10T21:19:37.159+0000] {processor.py:186} INFO - Started process (PID=578) to work on /opt/airflow/dags/01_basics/04_scheduling_examples.py
[2026-05-10T21:19:37.159+0000] {processor.py:914} INFO - Processing file /opt/airflow/dags/01_basics/04_scheduling_examples.py for tasks to queue
[2026-05-10T21:19:37.160+0000] {logging_mixin.py:190} INFO - [2026-05-10T21:19:37.160+0000] {dagbag.py:588} INFO - Filling up the DagBag from /opt/airflow/dags/01_basics/04_scheduling_examples.py
[2026-05-10T21:19:37.167+0000] {processor.py:925} INFO - DAG(s) 'mod_01_04_schedule_timedelta', 'mod_01_04_schedule_cron', 'mod_01_04_schedule_manual', 'mod_01_04_schedule_daily' retrieved from /opt/airflow/dags/01_basics/04_scheduling_examples.py
[2026-05-10T21:19:37.183+0000] {logging_mixin.py:190} INFO - [2026-05-10T21:19:37.183+0000] {dag.py:3239} INFO - Sync 4 DAGs
[2026-05-10T21:19:37.194+0000] {logging_mixin.py:190} INFO - [2026-05-10T21:19:37.194+0000] {dag.py:4180} INFO - Setting next_dagrun for mod_01_04_schedule_cron to 2026-05-07 14:30:00+00:00, run_after=2026-05-08 14:30:00+00:00
[2026-05-10T21:19:37.196+0000] {logging_mixin.py:190} INFO - [2026-05-10T21:19:37.196+0000] {dag.py:4180} INFO - Setting next_dagrun for mod_01_04_schedule_daily to 2026-05-09 00:00:00+00:00, run_after=2026-05-10 00:00:00+00:00
[2026-05-10T21:19:37.197+0000] {logging_mixin.py:190} INFO - [2026-05-10T21:19:37.197+0000] {dag.py:4180} INFO - Setting next_dagrun for mod_01_04_schedule_manual to None, run_after=None
[2026-05-10T21:19:37.198+0000] {logging_mixin.py:190} INFO - [2026-05-10T21:19:37.198+0000] {dag.py:4180} INFO - Setting next_dagrun for mod_01_04_schedule_timedelta to 2026-05-10 21:00:00+00:00, run_after=2026-05-10 21:15:00+00:00
[2026-05-10T21:19:37.206+0000] {processor.py:208} INFO - Processing /opt/airflow/dags/01_basics/04_scheduling_examples.py took 0.050 seconds
[2026-05-10T21:20:07.611+0000] {processor.py:186} INFO - Started process (PID=781) to work on /opt/airflow/dags/01_basics/04_scheduling_examples.py
[2026-05-10T21:20:07.611+0000] {processor.py:914} INFO - Processing file /opt/airflow/dags/01_basics/04_scheduling_examples.py for tasks to queue
[2026-05-10T21:20:07.612+0000] {logging_mixin.py:190} INFO - [2026-05-10T21:20:07.612+0000] {dagbag.py:588} INFO - Filling up the DagBag from /opt/airflow/dags/01_basics/04_scheduling_examples.py
[2026-05-10T21:20:07.621+0000] {processor.py:925} INFO - DAG(s) 'mod_01_04_schedule_timedelta', 'mod_01_04_schedule_cron', 'mod_01_04_schedule_daily', 'mod_01_04_schedule_manual' retrieved from /opt/airflow/dags/01_basics/04_scheduling_examples.py
[2026-05-10T21:20:07.631+0000] {logging_mixin.py:190} INFO - [2026-05-10T21:20:07.631+0000] {dag.py:3239} INFO - Sync 4 DAGs
[2026-05-10T21:20:07.640+0000] {logging_mixin.py:190} INFO - [2026-05-10T21:20:07.640+0000] {dag.py:4180} INFO - Setting next_dagrun for mod_01_04_schedule_cron to 2026-05-07 14:30:00+00:00, run_after=2026-05-08 14:30:00+00:00
[2026-05-10T21:20:07.643+0000] {logging_mixin.py:190} INFO - [2026-05-10T21:20:07.643+0000] {dag.py:4180} INFO - Setting next_dagrun for mod_01_04_schedule_daily to 2026-05-09 00:00:00+00:00, run_after=2026-05-10 00:00:00+00:00
[2026-05-10T21:20:07.644+0000] {logging_mixin.py:190} INFO - [2026-05-10T21:20:07.644+0000] {dag.py:4180} INFO - Setting next_dagrun for mod_01_04_schedule_manual to None, run_after=None
[2026-05-10T21:20:07.644+0000] {logging_mixin.py:190} INFO - [2026-05-10T21:20:07.644+0000] {dag.py:4180} INFO - Setting next_dagrun for mod_01_04_schedule_timedelta to 2026-05-10 21:00:00+00:00, run_after=2026-05-10 21:15:00+00:00
[2026-05-10T21:20:07.652+0000] {processor.py:208} INFO - Processing /opt/airflow/dags/01_basics/04_scheduling_examples.py took 0.044 seconds
[2026-05-10T21:20:38.239+0000] {processor.py:186} INFO - Started process (PID=984) to work on /opt/airflow/dags/01_basics/04_scheduling_examples.py
[2026-05-10T21:20:38.240+0000] {processor.py:914} INFO - Processing file /opt/airflow/dags/01_basics/04_scheduling_examples.py for tasks to queue
[2026-05-10T21:20:38.241+0000] {logging_mixin.py:190} INFO - [2026-05-10T21:20:38.241+0000] {dagbag.py:588} INFO - Filling up the DagBag from /opt/airflow/dags/01_basics/04_scheduling_examples.py
[2026-05-10T21:20:38.249+0000] {processor.py:925} INFO - DAG(s) 'mod_01_04_schedule_daily', 'mod_01_04_schedule_manual', 'mod_01_04_schedule_timedelta', 'mod_01_04_schedule_cron' retrieved from /opt/airflow/dags/01_basics/04_scheduling_examples.py
[2026-05-10T21:20:38.266+0000] {logging_mixin.py:190} INFO - [2026-05-10T21:20:38.266+0000] {dag.py:3239} INFO - Sync 4 DAGs
[2026-05-10T21:20:38.276+0000] {logging_mixin.py:190} INFO - [2026-05-10T21:20:38.276+0000] {dag.py:4180} INFO - Setting next_dagrun for mod_01_04_schedule_cron to 2026-05-07 14:30:00+00:00, run_after=2026-05-08 14:30:00+00:00
[2026-05-10T21:20:38.280+0000] {logging_mixin.py:190} INFO - [2026-05-10T21:20:38.280+0000] {dag.py:4180} INFO - Setting next_dagrun for mod_01_04_schedule_daily to 2026-05-09 00:00:00+00:00, run_after=2026-05-10 00:00:00+00:00
[2026-05-10T21:20:38.280+0000] {logging_mixin.py:190} INFO - [2026-05-10T21:20:38.280+0000] {dag.py:4180} INFO - Setting next_dagrun for mod_01_04_schedule_manual to None, run_after=None
[2026-05-10T21:20:38.281+0000] {logging_mixin.py:190} INFO - [2026-05-10T21:20:38.281+0000] {dag.py:4180} INFO - Setting next_dagrun for mod_01_04_schedule_timedelta to 2026-05-10 21:00:00+00:00, run_after=2026-05-10 21:15:00+00:00
[2026-05-10T21:20:38.288+0000] {processor.py:208} INFO - Processing /opt/airflow/dags/01_basics/04_scheduling_examples.py took 0.051 seconds
[2026-05-10T21:21:08.745+0000] {processor.py:186} INFO - Started process (PID=1187) to work on /opt/airflow/dags/01_basics/04_scheduling_examples.py
[2026-05-10T21:21:08.745+0000] {processor.py:914} INFO - Processing file /opt/airflow/dags/01_basics/04_scheduling_examples.py for tasks to queue
[2026-05-10T21:21:08.746+0000] {logging_mixin.py:190} INFO - [2026-05-10T21:21:08.746+0000] {dagbag.py:588} INFO - Filling up the DagBag from /opt/airflow/dags/01_basics/04_scheduling_examples.py
[2026-05-10T21:21:08.756+0000] {processor.py:925} INFO - DAG(s) 'mod_01_04_schedule_cron', 'mod_01_04_schedule_manual', 'mod_01_04_schedule_daily', 'mod_01_04_schedule_timedelta' retrieved from /opt/airflow/dags/01_basics/04_scheduling_examples.py
[2026-05-10T21:21:08.770+0000] {logging_mixin.py:190} INFO - [2026-05-10T21:21:08.770+0000] {dag.py:3239} INFO - Sync 4 DAGs
[2026-05-10T21:21:08.781+0000] {logging_mixin.py:190} INFO - [2026-05-10T21:21:08.781+0000] {dag.py:4180} INFO - Setting next_dagrun for mod_01_04_schedule_cron to 2026-05-07 14:30:00+00:00, run_after=2026-05-08 14:30:00+00:00
[2026-05-10T21:21:08.785+0000] {logging_mixin.py:190} INFO - [2026-05-10T21:21:08.785+0000] {dag.py:4180} INFO - Setting next_dagrun for mod_01_04_schedule_daily to 2026-05-09 00:00:00+00:00, run_after=2026-05-10 00:00:00+00:00
[2026-05-10T21:21:08.785+0000] {logging_mixin.py:190} INFO - [2026-05-10T21:21:08.785+0000] {dag.py:4180} INFO - Setting next_dagrun for mod_01_04_schedule_manual to None, run_after=None
[2026-05-10T21:21:08.786+0000] {logging_mixin.py:190} INFO - [2026-05-10T21:21:08.786+0000] {dag.py:4180} INFO - Setting next_dagrun for mod_01_04_schedule_timedelta to 2026-05-10 21:00:00+00:00, run_after=2026-05-10 21:15:00+00:00
[2026-05-10T21:21:08.792+0000] {processor.py:208} INFO - Processing /opt/airflow/dags/01_basics/04_scheduling_examples.py took 0.050 seconds
[2026-05-10T21:21:39.293+0000] {processor.py:186} INFO - Started process (PID=1390) to work on /opt/airflow/dags/01_basics/04_scheduling_examples.py
[2026-05-10T21:21:39.293+0000] {processor.py:914} INFO - Processing file /opt/airflow/dags/01_basics/04_scheduling_examples.py for tasks to queue
[2026-05-10T21:21:39.294+0000] {logging_mixin.py:190} INFO - [2026-05-10T21:21:39.294+0000] {dagbag.py:588} INFO - Filling up the DagBag from /opt/airflow/dags/01_basics/04_scheduling_examples.py
[2026-05-10T21:21:39.303+0000] {processor.py:925} INFO - DAG(s) 'mod_01_04_schedule_daily', 'mod_01_04_schedule_cron', 'mod_01_04_schedule_manual', 'mod_01_04_schedule_timedelta' retrieved from /opt/airflow/dags/01_basics/04_scheduling_examples.py
[2026-05-10T21:21:39.315+0000] {logging_mixin.py:190} INFO - [2026-05-10T21:21:39.315+0000] {dag.py:3239} INFO - Sync 4 DAGs
[2026-05-10T21:21:39.326+0000] {logging_mixin.py:190} INFO - [2026-05-10T21:21:39.326+0000] {dag.py:4180} INFO - Setting next_dagrun for mod_01_04_schedule_cron to 2026-05-07 14:30:00+00:00, run_after=2026-05-08 14:30:00+00:00
[2026-05-10T21:21:39.329+0000] {logging_mixin.py:190} INFO - [2026-05-10T21:21:39.329+0000] {dag.py:4180} INFO - Setting next_dagrun for mod_01_04_schedule_daily to 2026-05-09 00:00:00+00:00, run_after=2026-05-10 00:00:00+00:00
[2026-05-10T21:21:39.330+0000] {logging_mixin.py:190} INFO - [2026-05-10T21:21:39.330+0000] {dag.py:4180} INFO - Setting next_dagrun for mod_01_04_schedule_manual to None, run_after=None
[2026-05-10T21:21:39.331+0000] {logging_mixin.py:190} INFO - [2026-05-10T21:21:39.331+0000] {dag.py:4180} INFO - Setting next_dagrun for mod_01_04_schedule_timedelta to 2026-05-10 21:00:00+00:00, run_after=2026-05-10 21:15:00+00:00
[2026-05-10T21:21:39.339+0000] {processor.py:208} INFO - Processing /opt/airflow/dags/01_basics/04_scheduling_examples.py took 0.049 seconds
[2026-05-10T21:22:09.760+0000] {processor.py:186} INFO - Started process (PID=1593) to work on /opt/airflow/dags/01_basics/04_scheduling_examples.py
[2026-05-10T21:22:09.760+0000] {processor.py:914} INFO - Processing file /opt/airflow/dags/01_basics/04_scheduling_examples.py for tasks to queue
[2026-05-10T21:22:09.762+0000] {logging_mixin.py:190} INFO - [2026-05-10T21:22:09.761+0000] {dagbag.py:588} INFO - Filling up the DagBag from /opt/airflow/dags/01_basics/04_scheduling_examples.py
[2026-05-10T21:22:09.768+0000] {processor.py:925} INFO - DAG(s) 'mod_01_04_schedule_daily', 'mod_01_04_schedule_manual', 'mod_01_04_schedule_cron', 'mod_01_04_schedule_timedelta' retrieved from /opt/airflow/dags/01_basics/04_scheduling_examples.py
[2026-05-10T21:22:09.784+0000] {logging_mixin.py:190} INFO - [2026-05-10T21:22:09.784+0000] {dag.py:3239} INFO - Sync 4 DAGs
[2026-05-10T21:22:09.793+0000] {logging_mixin.py:190} INFO - [2026-05-10T21:22:09.793+0000] {dag.py:4180} INFO - Setting next_dagrun for mod_01_04_schedule_cron to 2026-05-07 14:30:00+00:00, run_after=2026-05-08 14:30:00+00:00
[2026-05-10T21:22:09.795+0000] {logging_mixin.py:190} INFO - [2026-05-10T21:22:09.795+0000] {dag.py:4180} INFO - Setting next_dagrun for mod_01_04_schedule_daily to 2026-05-09 00:00:00+00:00, run_after=2026-05-10 00:00:00+00:00
[2026-05-10T21:22:09.796+0000] {logging_mixin.py:190} INFO - [2026-05-10T21:22:09.796+0000] {dag.py:4180} INFO - Setting next_dagrun for mod_01_04_schedule_manual to None, run_after=None
[2026-05-10T21:22:09.798+0000] {logging_mixin.py:190} INFO - [2026-05-10T21:22:09.797+0000] {dag.py:4180} INFO - Setting next_dagrun for mod_01_04_schedule_timedelta to 2026-05-10 21:00:00+00:00, run_after=2026-05-10 21:15:00+00:00
[2026-05-10T21:22:09.805+0000] {processor.py:208} INFO - Processing /opt/airflow/dags/01_basics/04_scheduling_examples.py took 0.049 seconds
[2026-05-10T21:22:40.231+0000] {processor.py:186} INFO - Started process (PID=1796) to work on /opt/airflow/dags/01_basics/04_scheduling_examples.py
[2026-05-10T21:22:40.231+0000] {processor.py:914} INFO - Processing file /opt/airflow/dags/01_basics/04_scheduling_examples.py for tasks to queue
[2026-05-10T21:22:40.233+0000] {logging_mixin.py:190} INFO - [2026-05-10T21:22:40.232+0000] {dagbag.py:588} INFO - Filling up the DagBag from /opt/airflow/dags/01_basics/04_scheduling_examples.py
[2026-05-10T21:22:40.241+0000] {processor.py:925} INFO - DAG(s) 'mod_01_04_schedule_daily', 'mod_01_04_schedule_cron', 'mod_01_04_schedule_manual', 'mod_01_04_schedule_timedelta' retrieved from /opt/airflow/dags/01_basics/04_scheduling_examples.py
[2026-05-10T21:22:40.258+0000] {logging_mixin.py:190} INFO - [2026-05-10T21:22:40.258+0000] {dag.py:3239} INFO - Sync 4 DAGs
[2026-05-10T21:22:40.268+0000] {logging_mixin.py:190} INFO - [2026-05-10T21:22:40.268+0000] {dag.py:4180} INFO - Setting next_dagrun for mod_01_04_schedule_cron to 2026-05-07 14:30:00+00:00, run_after=2026-05-08 14:30:00+00:00
[2026-05-10T21:22:40.272+0000] {logging_mixin.py:190} INFO - [2026-05-10T21:22:40.272+0000] {dag.py:4180} INFO - Setting next_dagrun for mod_01_04_schedule_daily to 2026-05-09 00:00:00+00:00, run_after=2026-05-10 00:00:00+00:00
[2026-05-10T21:22:40.273+0000] {logging_mixin.py:190} INFO - [2026-05-10T21:22:40.273+0000] {dag.py:4180} INFO - Setting next_dagrun for mod_01_04_schedule_manual to None, run_after=None
[2026-05-10T21:22:40.273+0000] {logging_mixin.py:190} INFO - [2026-05-10T21:22:40.273+0000] {dag.py:4180} INFO - Setting next_dagrun for mod_01_04_schedule_timedelta to 2026-05-10 21:00:00+00:00, run_after=2026-05-10 21:15:00+00:00
[2026-05-10T21:22:40.281+0000] {processor.py:208} INFO - Processing /opt/airflow/dags/01_basics/04_scheduling_examples.py took 0.053 seconds
[2026-05-10T21:23:10.662+0000] {processor.py:186} INFO - Started process (PID=1999) to work on /opt/airflow/dags/01_basics/04_scheduling_examples.py
[2026-05-10T21:23:10.662+0000] {processor.py:914} INFO - Processing file /opt/airflow/dags/01_basics/04_scheduling_examples.py for tasks to queue
[2026-05-10T21:23:10.663+0000] {logging_mixin.py:190} INFO - [2026-05-10T21:23:10.663+0000] {dagbag.py:588} INFO - Filling up the DagBag from /opt/airflow/dags/01_basics/04_scheduling_examples.py
[2026-05-10T21:23:10.672+0000] {processor.py:925} INFO - DAG(s) 'mod_01_04_schedule_timedelta', 'mod_01_04_schedule_daily', 'mod_01_04_schedule_manual', 'mod_01_04_schedule_cron' retrieved from /opt/airflow/dags/01_basics/04_scheduling_examples.py
[2026-05-10T21:23:10.685+0000] {logging_mixin.py:190} INFO - [2026-05-10T21:23:10.685+0000] {dag.py:3239} INFO - Sync 4 DAGs
[2026-05-10T21:23:10.694+0000] {logging_mixin.py:190} INFO - [2026-05-10T21:23:10.694+0000] {dag.py:4180} INFO - Setting next_dagrun for mod_01_04_schedule_cron to 2026-05-07 14:30:00+00:00, run_after=2026-05-08 14:30:00+00:00
[2026-05-10T21:23:10.698+0000] {logging_mixin.py:190} INFO - [2026-05-10T21:23:10.698+0000] {dag.py:4180} INFO - Setting next_dagrun for mod_01_04_schedule_daily to 2026-05-09 00:00:00+00:00, run_after=2026-05-10 00:00:00+00:00
[2026-05-10T21:23:10.698+0000] {logging_mixin.py:190} INFO - [2026-05-10T21:23:10.698+0000] {dag.py:4180} INFO - Setting next_dagrun for mod_01_04_schedule_manual to None, run_after=None
[2026-05-10T21:23:10.699+0000] {logging_mixin.py:190} INFO - [2026-05-10T21:23:10.699+0000] {dag.py:4180} INFO - Setting next_dagrun for mod_01_04_schedule_timedelta to 2026-05-10 21:00:00+00:00, run_after=2026-05-10 21:15:00+00:00
[2026-05-10T21:23:10.705+0000] {processor.py:208} INFO - Processing /opt/airflow/dags/01_basics/04_scheduling_examples.py took 0.045 seconds
[2026-05-10T21:23:41.136+0000] {processor.py:186} INFO - Started process (PID=2202) to work on /opt/airflow/dags/01_basics/04_scheduling_examples.py
[2026-05-10T21:23:41.136+0000] {processor.py:914} INFO - Processing file /opt/airflow/dags/01_basics/04_scheduling_examples.py for tasks to queue
[2026-05-10T21:23:41.137+0000] {logging_mixin.py:190} INFO - [2026-05-10T21:23:41.137+0000] {dagbag.py:588} INFO - Filling up the DagBag from /opt/airflow/dags/01_basics/04_scheduling_examples.py
[2026-05-10T21:23:41.146+0000] {processor.py:925} INFO - DAG(s) 'mod_01_04_schedule_manual', 'mod_01_04_schedule_timedelta', 'mod_01_04_schedule_cron', 'mod_01_04_schedule_daily' retrieved from /opt/airflow/dags/01_basics/04_scheduling_examples.py
[2026-05-10T21:23:41.161+0000] {logging_mixin.py:190} INFO - [2026-05-10T21:23:41.161+0000] {dag.py:3239} INFO - Sync 4 DAGs
[2026-05-10T21:23:41.169+0000] {logging_mixin.py:190} INFO - [2026-05-10T21:23:41.169+0000] {dag.py:4180} INFO - Setting next_dagrun for mod_01_04_schedule_cron to 2026-05-07 14:30:00+00:00, run_after=2026-05-08 14:30:00+00:00
[2026-05-10T21:23:41.172+0000] {logging_mixin.py:190} INFO - [2026-05-10T21:23:41.172+0000] {dag.py:4180} INFO - Setting next_dagrun for mod_01_04_schedule_daily to 2026-05-09 00:00:00+00:00, run_after=2026-05-10 00:00:00+00:00
[2026-05-10T21:23:41.174+0000] {logging_mixin.py:190} INFO - [2026-05-10T21:23:41.174+0000] {dag.py:4180} INFO - Setting next_dagrun for mod_01_04_schedule_manual to None, run_after=None
[2026-05-10T21:23:41.174+0000] {logging_mixin.py:190} INFO - [2026-05-10T21:23:41.174+0000] {dag.py:4180} INFO - Setting next_dagrun for mod_01_04_schedule_timedelta to 2026-05-10 21:00:00+00:00, run_after=2026-05-10 21:15:00+00:00
[2026-05-10T21:23:41.181+0000] {processor.py:208} INFO - Processing /opt/airflow/dags/01_basics/04_scheduling_examples.py took 0.048 seconds
[2026-05-10T21:24:11.684+0000] {processor.py:186} INFO - Started process (PID=2419) to work on /opt/airflow/dags/01_basics/04_scheduling_examples.py
[2026-05-10T21:24:11.685+0000] {processor.py:914} INFO - Processing file /opt/airflow/dags/01_basics/04_scheduling_examples.py for tasks to queue
[2026-05-10T21:24:11.686+0000] {logging_mixin.py:190} INFO - [2026-05-10T21:24:11.686+0000] {dagbag.py:588} INFO - Filling up the DagBag from /opt/airflow/dags/01_basics/04_scheduling_examples.py
[2026-05-10T21:24:11.694+0000] {processor.py:925} INFO - DAG(s) 'mod_01_04_schedule_timedelta', 'mod_01_04_schedule_manual', 'mod_01_04_schedule_daily', 'mod_01_04_schedule_cron' retrieved from /opt/airflow/dags/01_basics/04_scheduling_examples.py
[2026-05-10T21:24:11.708+0000] {logging_mixin.py:190} INFO - [2026-05-10T21:24:11.708+0000] {dag.py:3239} INFO - Sync 4 DAGs
[2026-05-10T21:24:11.717+0000] {logging_mixin.py:190} INFO - [2026-05-10T21:24:11.717+0000] {dag.py:4180} INFO - Setting next_dagrun for mod_01_04_schedule_cron to 2026-05-07 14:30:00+00:00, run_after=2026-05-08 14:30:00+00:00
[2026-05-10T21:24:11.719+0000] {logging_mixin.py:190} INFO - [2026-05-10T21:24:11.719+0000] {dag.py:4180} INFO - Setting next_dagrun for mod_01_04_schedule_daily to 2026-05-09 00:00:00+00:00, run_after=2026-05-10 00:00:00+00:00
[2026-05-10T21:24:11.720+0000] {logging_mixin.py:190} INFO - [2026-05-10T21:24:11.720+0000] {dag.py:4180} INFO - Setting next_dagrun for mod_01_04_schedule_manual to None, run_after=None
[2026-05-10T21:24:11.721+0000] {logging_mixin.py:190} INFO - [2026-05-10T21:24:11.721+0000] {dag.py:4180} INFO - Setting next_dagrun for mod_01_04_schedule_timedelta to 2026-05-10 21:00:00+00:00, run_after=2026-05-10 21:15:00+00:00
[2026-05-10T21:24:11.728+0000] {processor.py:208} INFO - Processing /opt/airflow/dags/01_basics/04_scheduling_examples.py took 0.047 seconds
[2026-05-10T21:24:42.117+0000] {processor.py:186} INFO - Started process (PID=2620) to work on /opt/airflow/dags/01_basics/04_scheduling_examples.py
[2026-05-10T21:24:42.118+0000] {processor.py:914} INFO - Processing file /opt/airflow/dags/01_basics/04_scheduling_examples.py for tasks to queue
[2026-05-10T21:24:42.119+0000] {logging_mixin.py:190} INFO - [2026-05-10T21:24:42.119+0000] {dagbag.py:588} INFO - Filling up the DagBag from /opt/airflow/dags/01_basics/04_scheduling_examples.py
[2026-05-10T21:24:42.124+0000] {processor.py:925} INFO - DAG(s) 'mod_01_04_schedule_timedelta', 'mod_01_04_schedule_manual', 'mod_01_04_schedule_cron', 'mod_01_04_schedule_daily' retrieved from /opt/airflow/dags/01_basics/04_scheduling_examples.py
[2026-05-10T21:24:42.140+0000] {logging_mixin.py:190} INFO - [2026-05-10T21:24:42.139+0000] {dag.py:3239} INFO - Sync 4 DAGs
[2026-05-10T21:24:42.149+0000] {logging_mixin.py:190} INFO - [2026-05-10T21:24:42.149+0000] {dag.py:4180} INFO - Setting next_dagrun for mod_01_04_schedule_cron to 2026-05-07 14:30:00+00:00, run_after=2026-05-08 14:30:00+00:00
[2026-05-10T21:24:42.153+0000] {logging_mixin.py:190} INFO - [2026-05-10T21:24:42.153+0000] {dag.py:4180} INFO - Setting next_dagrun for mod_01_04_schedule_daily to 2026-05-09 00:00:00+00:00, run_after=2026-05-10 00:00:00+00:00
[2026-05-10T21:24:42.154+0000] {logging_mixin.py:190} INFO - [2026-05-10T21:24:42.154+0000] {dag.py:4180} INFO - Setting next_dagrun for mod_01_04_schedule_manual to None, run_after=None
[2026-05-10T21:24:42.154+0000] {logging_mixin.py:190} INFO - [2026-05-10T21:24:42.154+0000] {dag.py:4180} INFO - Setting next_dagrun for mod_01_04_schedule_timedelta to 2026-05-10 21:00:00+00:00, run_after=2026-05-10 21:15:00+00:00
[2026-05-10T21:24:42.159+0000] {processor.py:208} INFO - Processing /opt/airflow/dags/01_basics/04_scheduling_examples.py took 0.045 seconds
[2026-05-10T21:25:12.690+0000] {processor.py:186} INFO - Started process (PID=2825) to work on /opt/airflow/dags/01_basics/04_scheduling_examples.py
[2026-05-10T21:25:12.691+0000] {processor.py:914} INFO - Processing file /opt/airflow/dags/01_basics/04_scheduling_examples.py for tasks to queue
[2026-05-10T21:25:12.692+0000] {logging_mixin.py:190} INFO - [2026-05-10T21:25:12.692+0000] {dagbag.py:588} INFO - Filling up the DagBag from /opt/airflow/dags/01_basics/04_scheduling_examples.py
[2026-05-10T21:25:12.699+0000] {processor.py:925} INFO - DAG(s) 'mod_01_04_schedule_daily', 'mod_01_04_schedule_timedelta', 'mod_01_04_schedule_cron', 'mod_01_04_schedule_manual' retrieved from /opt/airflow/dags/01_basics/04_scheduling_examples.py
[2026-05-10T21:25:12.714+0000] {logging_mixin.py:190} INFO - [2026-05-10T21:25:12.714+0000] {dag.py:3239} INFO - Sync 4 DAGs
[2026-05-10T21:25:12.724+0000] {logging_mixin.py:190} INFO - [2026-05-10T21:25:12.724+0000] {dag.py:4180} INFO - Setting next_dagrun for mod_01_04_schedule_cron to 2026-05-07 14:30:00+00:00, run_after=2026-05-08 14:30:00+00:00
[2026-05-10T21:25:12.726+0000] {logging_mixin.py:190} INFO - [2026-05-10T21:25:12.726+0000] {dag.py:4180} INFO - Setting next_dagrun for mod_01_04_schedule_daily to 2026-05-09 00:00:00+00:00, run_after=2026-05-10 00:00:00+00:00
[2026-05-10T21:25:12.727+0000] {logging_mixin.py:190} INFO - [2026-05-10T21:25:12.727+0000] {dag.py:4180} INFO - Setting next_dagrun for mod_01_04_schedule_manual to None, run_after=None
[2026-05-10T21:25:12.728+0000] {logging_mixin.py:190} INFO - [2026-05-10T21:25:12.728+0000] {dag.py:4180} INFO - Setting next_dagrun for mod_01_04_schedule_timedelta to 2026-05-10 21:00:00+00:00, run_after=2026-05-10 21:15:00+00:00
[2026-05-10T21:25:12.734+0000] {processor.py:208} INFO - Processing /opt/airflow/dags/01_basics/04_scheduling_examples.py took 0.047 seconds
[2026-05-10T21:25:43.218+0000] {processor.py:186} INFO - Started process (PID=3026) to work on /opt/airflow/dags/01_basics/04_scheduling_examples.py
[2026-05-10T21:25:43.218+0000] {processor.py:914} INFO - Processing file /opt/airflow/dags/01_basics/04_scheduling_examples.py for tasks to queue
[2026-05-10T21:25:43.220+0000] {logging_mixin.py:190} INFO - [2026-05-10T21:25:43.220+0000] {dagbag.py:588} INFO - Filling up the DagBag from /opt/airflow/dags/01_basics/04_scheduling_examples.py
[2026-05-10T21:25:43.227+0000] {processor.py:925} INFO - DAG(s) 'mod_01_04_schedule_manual', 'mod_01_04_schedule_cron', 'mod_01_04_schedule_daily', 'mod_01_04_schedule_timedelta' retrieved from /opt/airflow/dags/01_basics/04_scheduling_examples.py
[2026-05-10T21:25:43.244+0000] {logging_mixin.py:190} INFO - [2026-05-10T21:25:43.244+0000] {dag.py:3239} INFO - Sync 4 DAGs
[2026-05-10T21:25:43.254+0000] {logging_mixin.py:190} INFO - [2026-05-10T21:25:43.254+0000] {dag.py:4180} INFO - Setting next_dagrun for mod_01_04_schedule_cron to 2026-05-07 14:30:00+00:00, run_after=2026-05-08 14:30:00+00:00
[2026-05-10T21:25:43.256+0000] {logging_mixin.py:190} INFO - [2026-05-10T21:25:43.256+0000] {dag.py:4180} INFO - Setting next_dagrun for mod_01_04_schedule_daily to 2026-05-09 00:00:00+00:00, run_after=2026-05-10 00:00:00+00:00
[2026-05-10T21:25:43.258+0000] {logging_mixin.py:190} INFO - [2026-05-10T21:25:43.258+0000] {dag.py:4180} INFO - Setting next_dagrun for mod_01_04_schedule_manual to None, run_after=None
[2026-05-10T21:25:43.259+0000] {logging_mixin.py:190} INFO - [2026-05-10T21:25:43.259+0000] {dag.py:4180} INFO - Setting next_dagrun for mod_01_04_schedule_timedelta to 2026-05-10 21:00:00+00:00, run_after=2026-05-10 21:15:00+00:00
[2026-05-10T21:25:43.264+0000] {processor.py:208} INFO - Processing /opt/airflow/dags/01_basics/04_scheduling_examples.py took 0.048 seconds
[2026-05-10T21:26:13.790+0000] {processor.py:186} INFO - Started process (PID=3229) to work on /opt/airflow/dags/01_basics/04_scheduling_examples.py
[2026-05-10T21:26:13.791+0000] {processor.py:914} INFO - Processing file /opt/airflow/dags/01_basics/04_scheduling_examples.py for tasks to queue
[2026-05-10T21:26:13.792+0000] {logging_mixin.py:190} INFO - [2026-05-10T21:26:13.792+0000] {dagbag.py:588} INFO - Filling up the DagBag from /opt/airflow/dags/01_basics/04_scheduling_examples.py
[2026-05-10T21:26:13.798+0000] {processor.py:925} INFO - DAG(s) 'mod_01_04_schedule_timedelta', 'mod_01_04_schedule_daily', 'mod_01_04_schedule_manual', 'mod_01_04_schedule_cron' retrieved from /opt/airflow/dags/01_basics/04_scheduling_examples.py
[2026-05-10T21:26:13.813+0000] {logging_mixin.py:190} INFO - [2026-05-10T21:26:13.813+0000] {dag.py:3239} INFO - Sync 4 DAGs
[2026-05-10T21:26:13.825+0000] {logging_mixin.py:190} INFO - [2026-05-10T21:26:13.825+0000] {dag.py:4180} INFO - Setting next_dagrun for mod_01_04_schedule_cron to 2026-05-07 14:30:00+00:00, run_after=2026-05-08 14:30:00+00:00
[2026-05-10T21:26:13.827+0000] {logging_mixin.py:190} INFO - [2026-05-10T21:26:13.827+0000] {dag.py:4180} INFO - Setting next_dagrun for mod_01_04_schedule_daily to 2026-05-09 00:00:00+00:00, run_after=2026-05-10 00:00:00+00:00
[2026-05-10T21:26:13.827+0000] {logging_mixin.py:190} INFO - [2026-05-10T21:26:13.827+0000] {dag.py:4180} INFO - Setting next_dagrun for mod_01_04_schedule_manual to None, run_after=None
[2026-05-10T21:26:13.828+0000] {logging_mixin.py:190} INFO - [2026-05-10T21:26:13.828+0000] {dag.py:4180} INFO - Setting next_dagrun for mod_01_04_schedule_timedelta to 2026-05-10 21:00:00+00:00, run_after=2026-05-10 21:15:00+00:00
[2026-05-10T21:26:13.838+0000] {processor.py:208} INFO - Processing /opt/airflow/dags/01_basics/04_scheduling_examples.py took 0.051 seconds
[2026-05-10T21:26:44.372+0000] {processor.py:186} INFO - Started process (PID=3434) to work on /opt/airflow/dags/01_basics/04_scheduling_examples.py
[2026-05-10T21:26:44.373+0000] {processor.py:914} INFO - Processing file /opt/airflow/dags/01_basics/04_scheduling_examples.py for tasks to queue
[2026-05-10T21:26:44.374+0000] {logging_mixin.py:190} INFO - [2026-05-10T21:26:44.374+0000] {dagbag.py:588} INFO - Filling up the DagBag from /opt/airflow/dags/01_basics/04_scheduling_examples.py
[2026-05-10T21:26:44.383+0000] {processor.py:925} INFO - DAG(s) 'mod_01_04_schedule_daily', 'mod_01_04_schedule_manual', 'mod_01_04_schedule_cron', 'mod_01_04_schedule_timedelta' retrieved from /opt/airflow/dags/01_basics/04_scheduling_examples.py
[2026-05-10T21:26:44.396+0000] {logging_mixin.py:190} INFO - [2026-05-10T21:26:44.396+0000] {dag.py:3239} INFO - Sync 4 DAGs
[2026-05-10T21:26:44.409+0000] {logging_mixin.py:190} INFO - [2026-05-10T21:26:44.409+0000] {dag.py:4180} INFO - Setting next_dagrun for mod_01_04_schedule_cron to 2026-05-07 14:30:00+00:00, run_after=2026-05-08 14:30:00+00:00
[2026-05-10T21:26:44.413+0000] {logging_mixin.py:190} INFO - [2026-05-10T21:26:44.413+0000] {dag.py:4180} INFO - Setting next_dagrun for mod_01_04_schedule_daily to 2026-05-09 00:00:00+00:00, run_after=2026-05-10 00:00:00+00:00
[2026-05-10T21:26:44.414+0000] {logging_mixin.py:190} INFO - [2026-05-10T21:26:44.414+0000] {dag.py:4180} INFO - Setting next_dagrun for mod_01_04_schedule_manual to None, run_after=None
[2026-05-10T21:26:44.416+0000] {logging_mixin.py:190} INFO - [2026-05-10T21:26:44.416+0000] {dag.py:4180} INFO - Setting next_dagrun for mod_01_04_schedule_timedelta to 2026-05-10 21:00:00+00:00, run_after=2026-05-10 21:15:00+00:00
[2026-05-10T21:26:44.426+0000] {processor.py:208} INFO - Processing /opt/airflow/dags/01_basics/04_scheduling_examples.py took 0.057 seconds
[2026-05-10T21:27:14.947+0000] {processor.py:186} INFO - Started process (PID=3637) to work on /opt/airflow/dags/01_basics/04_scheduling_examples.py
[2026-05-10T21:27:14.947+0000] {processor.py:914} INFO - Processing file /opt/airflow/dags/01_basics/04_scheduling_examples.py for tasks to queue
[2026-05-10T21:27:14.950+0000] {logging_mixin.py:190} INFO - [2026-05-10T21:27:14.950+0000] {dagbag.py:588} INFO - Filling up the DagBag from /opt/airflow/dags/01_basics/04_scheduling_examples.py
[2026-05-10T21:27:14.957+0000] {processor.py:925} INFO - DAG(s) 'mod_01_04_schedule_manual', 'mod_01_04_schedule_daily', 'mod_01_04_schedule_cron', 'mod_01_04_schedule_timedelta' retrieved from /opt/airflow/dags/01_basics/04_scheduling_examples.py
[2026-05-10T21:27:14.972+0000] {logging_mixin.py:190} INFO - [2026-05-10T21:27:14.972+0000] {dag.py:3239} INFO - Sync 4 DAGs
[2026-05-10T21:27:14.985+0000] {logging_mixin.py:190} INFO - [2026-05-10T21:27:14.985+0000] {dag.py:4180} INFO - Setting next_dagrun for mod_01_04_schedule_cron to 2026-05-07 14:30:00+00:00, run_after=2026-05-08 14:30:00+00:00
[2026-05-10T21:27:14.989+0000] {logging_mixin.py:190} INFO - [2026-05-10T21:27:14.989+0000] {dag.py:4180} INFO - Setting next_dagrun for mod_01_04_schedule_daily to 2026-05-09 00:00:00+00:00, run_after=2026-05-10 00:00:00+00:00
[2026-05-10T21:27:14.989+0000] {logging_mixin.py:190} INFO - [2026-05-10T21:27:14.989+0000] {dag.py:4180} INFO - Setting next_dagrun for mod_01_04_schedule_manual to None, run_after=None
[2026-05-10T21:27:14.990+0000] {logging_mixin.py:190} INFO - [2026-05-10T21:27:14.990+0000] {dag.py:4180} INFO - Setting next_dagrun for mod_01_04_schedule_timedelta to 2026-05-10 21:00:00+00:00, run_after=2026-05-10 21:15:00+00:00
[2026-05-10T21:27:14.996+0000] {processor.py:208} INFO - Processing /opt/airflow/dags/01_basics/04_scheduling_examples.py took 0.052 seconds
[2026-05-10T21:27:45.420+0000] {processor.py:186} INFO - Started process (PID=3840) to work on /opt/airflow/dags/01_basics/04_scheduling_examples.py
[2026-05-10T21:27:45.420+0000] {processor.py:914} INFO - Processing file /opt/airflow/dags/01_basics/04_scheduling_examples.py for tasks to queue
[2026-05-10T21:27:45.421+0000] {logging_mixin.py:190} INFO - [2026-05-10T21:27:45.421+0000] {dagbag.py:588} INFO - Filling up the DagBag from /opt/airflow/dags/01_basics/04_scheduling_examples.py
[2026-05-10T21:27:45.428+0000] {processor.py:925} INFO - DAG(s) 'mod_01_04_schedule_manual', 'mod_01_04_schedule_cron', 'mod_01_04_schedule_timedelta', 'mod_01_04_schedule_daily' retrieved from /opt/airflow/dags/01_basics/04_scheduling_examples.py
[2026-05-10T21:27:45.442+0000] {logging_mixin.py:190} INFO - [2026-05-10T21:27:45.440+0000] {dag.py:3239} INFO - Sync 4 DAGs
[2026-05-10T21:27:45.452+0000] {logging_mixin.py:190} INFO - [2026-05-10T21:27:45.452+0000] {dag.py:4180} INFO - Setting next_dagrun for mod_01_04_schedule_cron to 2026-05-07 14:30:00+00:00, run_after=2026-05-08 14:30:00+00:00
[2026-05-10T21:27:45.455+0000] {logging_mixin.py:190} INFO - [2026-05-10T21:27:45.455+0000] {dag.py:4180} INFO - Setting next_dagrun for mod_01_04_schedule_daily to 2026-05-09 00:00:00+00:00, run_after=2026-05-10 00:00:00+00:00
[2026-05-10T21:27:45.457+0000] {logging_mixin.py:190} INFO - [2026-05-10T21:27:45.457+0000] {dag.py:4180} INFO - Setting next_dagrun for mod_01_04_schedule_manual to None, run_after=None
[2026-05-10T21:27:45.457+0000] {logging_mixin.py:190} INFO - [2026-05-10T21:27:45.457+0000] {dag.py:4180} INFO - Setting next_dagrun for mod_01_04_schedule_timedelta to 2026-05-10 21:00:00+00:00, run_after=2026-05-10 21:15:00+00:00
[2026-05-10T21:27:45.464+0000] {processor.py:208} INFO - Processing /opt/airflow/dags/01_basics/04_scheduling_examples.py took 0.047 seconds
[2026-05-10T21:28:15.902+0000] {processor.py:186} INFO - Started process (PID=4043) to work on /opt/airflow/dags/01_basics/04_scheduling_examples.py
[2026-05-10T21:28:15.903+0000] {processor.py:914} INFO - Processing file /opt/airflow/dags/01_basics/04_scheduling_examples.py for tasks to queue
[2026-05-10T21:28:15.904+0000] {logging_mixin.py:190} INFO - [2026-05-10T21:28:15.904+0000] {dagbag.py:588} INFO - Filling up the DagBag from /opt/airflow/dags/01_basics/04_scheduling_examples.py
[2026-05-10T21:28:15.913+0000] {processor.py:925} INFO - DAG(s) 'mod_01_04_schedule_timedelta', 'mod_01_04_schedule_manual', 'mod_01_04_schedule_cron', 'mod_01_04_schedule_daily' retrieved from /opt/airflow/dags/01_basics/04_scheduling_examples.py
[2026-05-10T21:28:15.928+0000] {logging_mixin.py:190} INFO - [2026-05-10T21:28:15.928+0000] {dag.py:3239} INFO - Sync 4 DAGs
[2026-05-10T21:28:15.938+0000] {logging_mixin.py:190} INFO - [2026-05-10T21:28:15.938+0000] {dag.py:4180} INFO - Setting next_dagrun for mod_01_04_schedule_cron to 2026-05-07 14:30:00+00:00, run_after=2026-05-08 14:30:00+00:00
[2026-05-10T21:28:15.940+0000] {logging_mixin.py:190} INFO - [2026-05-10T21:28:15.940+0000] {dag.py:4180} INFO - Setting next_dagrun for mod_01_04_schedule_daily to 2026-05-09 00:00:00+00:00, run_after=2026-05-10 00:00:00+00:00
[2026-05-10T21:28:15.943+0000] {logging_mixin.py:190} INFO - [2026-05-10T21:28:15.942+0000] {dag.py:4180} INFO - Setting next_dagrun for mod_01_04_schedule_manual to None, run_after=None
[2026-05-10T21:28:15.943+0000] {logging_mixin.py:190} INFO - [2026-05-10T21:28:15.943+0000] {dag.py:4180} INFO - Setting next_dagrun for mod_01_04_schedule_timedelta to 2026-05-10 21:00:00+00:00, run_after=2026-05-10 21:15:00+00:00
[2026-05-10T21:28:15.950+0000] {processor.py:208} INFO - Processing /opt/airflow/dags/01_basics/04_scheduling_examples.py took 0.050 seconds
[2026-05-10T21:28:46.446+0000] {processor.py:186} INFO - Started process (PID=4246) to work on /opt/airflow/dags/01_basics/04_scheduling_examples.py
[2026-05-10T21:28:46.447+0000] {processor.py:914} INFO - Processing file /opt/airflow/dags/01_basics/04_scheduling_examples.py for tasks to queue
[2026-05-10T21:28:46.448+0000] {logging_mixin.py:190} INFO - [2026-05-10T21:28:46.448+0000] {dagbag.py:588} INFO - Filling up the DagBag from /opt/airflow/dags/01_basics/04_scheduling_examples.py
[2026-05-10T21:28:46.457+0000] {processor.py:925} INFO - DAG(s) 'mod_01_04_schedule_cron', 'mod_01_04_schedule_timedelta', 'mod_01_04_schedule_daily', 'mod_01_04_schedule_manual' retrieved from /opt/airflow/dags/01_basics/04_scheduling_examples.py
[2026-05-10T21:28:46.471+0000] {logging_mixin.py:190} INFO - [2026-05-10T21:28:46.471+0000] {dag.py:3239} INFO - Sync 4 DAGs
[2026-05-10T21:28:46.481+0000] {logging_mixin.py:190} INFO - [2026-05-10T21:28:46.481+0000] {dag.py:4180} INFO - Setting next_dagrun for mod_01_04_schedule_cron to 2026-05-07 14:30:00+00:00, run_after=2026-05-08 14:30:00+00:00
[2026-05-10T21:28:46.483+0000] {logging_mixin.py:190} INFO - [2026-05-10T21:28:46.483+0000] {dag.py:4180} INFO - Setting next_dagrun for mod_01_04_schedule_daily to 2026-05-09 00:00:00+00:00, run_after=2026-05-10 00:00:00+00:00
[2026-05-10T21:28:46.484+0000] {logging_mixin.py:190} INFO - [2026-05-10T21:28:46.484+0000] {dag.py:4180} INFO - Setting next_dagrun for mod_01_04_schedule_manual to None, run_after=None
[2026-05-10T21:28:46.485+0000] {logging_mixin.py:190} INFO - [2026-05-10T21:28:46.485+0000] {dag.py:4180} INFO - Setting next_dagrun for mod_01_04_schedule_timedelta to 2026-05-10 21:00:00+00:00, run_after=2026-05-10 21:15:00+00:00
[2026-05-10T21:28:46.493+0000] {processor.py:208} INFO - Processing /opt/airflow/dags/01_basics/04_scheduling_examples.py took 0.050 seconds
[2026-05-10T21:29:17.004+0000] {processor.py:186} INFO - Started process (PID=4449) to work on /opt/airflow/dags/01_basics/04_scheduling_examples.py
[2026-05-10T21:29:17.005+0000] {processor.py:914} INFO - Processing file /opt/airflow/dags/01_basics/04_scheduling_examples.py for tasks to queue
[2026-05-10T21:29:17.006+0000] {logging_mixin.py:190} INFO - [2026-05-10T21:29:17.006+0000] {dagbag.py:588} INFO - Filling up the DagBag from /opt/airflow/dags/01_basics/04_scheduling_examples.py
[2026-05-10T21:29:17.014+0000] {processor.py:925} INFO - DAG(s) 'mod_01_04_schedule_daily', 'mod_01_04_schedule_manual', 'mod_01_04_schedule_timedelta', 'mod_01_04_schedule_cron' retrieved from /opt/airflow/dags/01_basics/04_scheduling_examples.py
[2026-05-10T21:29:17.025+0000] {logging_mixin.py:190} INFO - [2026-05-10T21:29:17.025+0000] {dag.py:3239} INFO - Sync 4 DAGs
[2026-05-10T21:29:17.038+0000] {logging_mixin.py:190} INFO - [2026-05-10T21:29:17.037+0000] {dag.py:4180} INFO - Setting next_dagrun for mod_01_04_schedule_cron to 2026-05-07 14:30:00+00:00, run_after=2026-05-08 14:30:00+00:00
[2026-05-10T21:29:17.040+0000] {logging_mixin.py:190} INFO - [2026-05-10T21:29:17.040+0000] {dag.py:4180} INFO - Setting next_dagrun for mod_01_04_schedule_daily to 2026-05-09 00:00:00+00:00, run_after=2026-05-10 00:00:00+00:00
[2026-05-10T21:29:17.041+0000] {logging_mixin.py:190} INFO - [2026-05-10T21:29:17.041+0000] {dag.py:4180} INFO - Setting next_dagrun for mod_01_04_schedule_manual to None, run_after=None
[2026-05-10T21:29:17.042+0000] {logging_mixin.py:190} INFO - [2026-05-10T21:29:17.042+0000] {dag.py:4180} INFO - Setting next_dagrun for mod_01_04_schedule_timedelta to 2026-05-10 21:00:00+00:00, run_after=2026-05-10 21:15:00+00:00
[2026-05-10T21:29:17.050+0000] {processor.py:208} INFO - Processing /opt/airflow/dags/01_basics/04_scheduling_examples.py took 0.049 seconds
[2026-05-10T21:29:47.551+0000] {processor.py:186} INFO - Started process (PID=4650) to work on /opt/airflow/dags/01_basics/04_scheduling_examples.py
[2026-05-10T21:29:47.552+0000] {processor.py:914} INFO - Processing file /opt/airflow/dags/01_basics/04_scheduling_examples.py for tasks to queue
[2026-05-10T21:29:47.553+0000] {logging_mixin.py:190} INFO - [2026-05-10T21:29:47.553+0000] {dagbag.py:588} INFO - Filling up the DagBag from /opt/airflow/dags/01_basics/04_scheduling_examples.py
[2026-05-10T21:29:47.561+0000] {processor.py:925} INFO - DAG(s) 'mod_01_04_schedule_cron', 'mod_01_04_schedule_manual', 'mod_01_04_schedule_daily', 'mod_01_04_schedule_timedelta' retrieved from /opt/airflow/dags/01_basics/04_scheduling_examples.py
[2026-05-10T21:29:47.578+0000] {logging_mixin.py:190} INFO - [2026-05-10T21:29:47.578+0000] {dag.py:3239} INFO - Sync 4 DAGs
[2026-05-10T21:29:47.587+0000] {logging_mixin.py:190} INFO - [2026-05-10T21:29:47.587+0000] {dag.py:4180} INFO - Setting next_dagrun for mod_01_04_schedule_cron to 2026-05-07 14:30:00+00:00, run_after=2026-05-08 14:30:00+00:00
[2026-05-10T21:29:47.590+0000] {logging_mixin.py:190} INFO - [2026-05-10T21:29:47.590+0000] {dag.py:4180} INFO - Setting next_dagrun for mod_01_04_schedule_daily to 2026-05-09 00:00:00+00:00, run_after=2026-05-10 00:00:00+00:00
[2026-05-10T21:29:47.590+0000] {logging_mixin.py:190} INFO - [2026-05-10T21:29:47.590+0000] {dag.py:4180} INFO - Setting next_dagrun for mod_01_04_schedule_manual to None, run_after=None
[2026-05-10T21:29:47.591+0000] {logging_mixin.py:190} INFO - [2026-05-10T21:29:47.591+0000] {dag.py:4180} INFO - Setting next_dagrun for mod_01_04_schedule_timedelta to 2026-05-10 21:00:00+00:00, run_after=2026-05-10 21:15:00+00:00
[2026-05-10T21:29:47.599+0000] {processor.py:208} INFO - Processing /opt/airflow/dags/01_basics/04_scheduling_examples.py took 0.051 seconds
[2026-05-10T21:30:18.071+0000] {processor.py:186} INFO - Started process (PID=4855) to work on /opt/airflow/dags/01_basics/04_scheduling_examples.py
[2026-05-10T21:30:18.072+0000] {processor.py:914} INFO - Processing file /opt/airflow/dags/01_basics/04_scheduling_examples.py for tasks to queue
[2026-05-10T21:30:18.073+0000] {logging_mixin.py:190} INFO - [2026-05-10T21:30:18.073+0000] {dagbag.py:588} INFO - Filling up the DagBag from /opt/airflow/dags/01_basics/04_scheduling_examples.py
[2026-05-10T21:30:18.081+0000] {processor.py:925} INFO - DAG(s) 'mod_01_04_schedule_daily', 'mod_01_04_schedule_manual', 'mod_01_04_schedule_timedelta', 'mod_01_04_schedule_cron' retrieved from /opt/airflow/dags/01_basics/04_scheduling_examples.py
[2026-05-10T21:30:18.097+0000] {logging_mixin.py:190} INFO - [2026-05-10T21:30:18.097+0000] {dag.py:3239} INFO - Sync 4 DAGs
[2026-05-10T21:30:18.109+0000] {logging_mixin.py:190} INFO - [2026-05-10T21:30:18.109+0000] {dag.py:4180} INFO - Setting next_dagrun for mod_01_04_schedule_cron to 2026-05-07 14:30:00+00:00, run_after=2026-05-08 14:30:00+00:00
[2026-05-10T21:30:18.111+0000] {logging_mixin.py:190} INFO - [2026-05-10T21:30:18.111+0000] {dag.py:4180} INFO - Setting next_dagrun for mod_01_04_schedule_daily to 2026-05-09 00:00:00+00:00, run_after=2026-05-10 00:00:00+00:00
[2026-05-10T21:30:18.112+0000] {logging_mixin.py:190} INFO - [2026-05-10T21:30:18.112+0000] {dag.py:4180} INFO - Setting next_dagrun for mod_01_04_schedule_manual to None, run_after=None
[2026-05-10T21:30:18.115+0000] {logging_mixin.py:190} INFO - [2026-05-10T21:30:18.115+0000] {dag.py:4180} INFO - Setting next_dagrun for mod_01_04_schedule_timedelta to 2026-05-10 21:15:00+00:00, run_after=2026-05-10 21:30:00+00:00
[2026-05-10T21:30:18.123+0000] {processor.py:208} INFO - Processing /opt/airflow/dags/01_basics/04_scheduling_examples.py took 0.054 seconds
