[2026-05-10T21:19:06.344+0000] {processor.py:186} INFO - Started process (PID=368) to work on /opt/airflow/dags/01_basics/05_default_args_and_catchup.py
[2026-05-10T21:19:06.345+0000] {processor.py:914} INFO - Processing file /opt/airflow/dags/01_basics/05_default_args_and_catchup.py for tasks to queue
[2026-05-10T21:19:06.346+0000] {logging_mixin.py:190} INFO - [2026-05-10T21:19:06.346+0000] {dagbag.py:588} INFO - Filling up the DagBag from /opt/airflow/dags/01_basics/05_default_args_and_catchup.py
[2026-05-10T21:19:06.352+0000] {processor.py:925} INFO - DAG(s) 'mod_01_05_default_args_and_catchup' retrieved from /opt/airflow/dags/01_basics/05_default_args_and_catchup.py
[2026-05-10T21:19:06.399+0000] {logging_mixin.py:190} INFO - [2026-05-10T21:19:06.399+0000] {override.py:1912} INFO - Created Permission View: can delete on DAG:mod_01_05_default_args_and_catchup
[2026-05-10T21:19:06.404+0000] {logging_mixin.py:190} INFO - [2026-05-10T21:19:06.404+0000] {override.py:1912} INFO - Created Permission View: can edit on DAG:mod_01_05_default_args_and_catchup
[2026-05-10T21:19:06.411+0000] {logging_mixin.py:190} INFO - [2026-05-10T21:19:06.411+0000] {override.py:1912} INFO - Created Permission View: can read on DAG:mod_01_05_default_args_and_catchup
[2026-05-10T21:19:06.414+0000] {logging_mixin.py:190} INFO - [2026-05-10T21:19:06.414+0000] {override.py:1912} INFO - Created Permission View: can delete on DAG Run:mod_01_05_default_args_and_catchup
[2026-05-10T21:19:06.417+0000] {logging_mixin.py:190} INFO - [2026-05-10T21:19:06.417+0000] {override.py:1912} INFO - Created Permission View: menu access on DAG Run:mod_01_05_default_args_and_catchup
[2026-05-10T21:19:06.422+0000] {logging_mixin.py:190} INFO - [2026-05-10T21:19:06.422+0000] {override.py:1912} INFO - Created Permission View: can create on DAG Run:mod_01_05_default_args_and_catchup
[2026-05-10T21:19:06.424+0000] {logging_mixin.py:190} INFO - [2026-05-10T21:19:06.424+0000] {override.py:1912} INFO - Created Permission View: can read on DAG Run:mod_01_05_default_args_and_catchup
[2026-05-10T21:19:06.424+0000] {logging_mixin.py:190} INFO - [2026-05-10T21:19:06.424+0000] {dag.py:3239} INFO - Sync 1 DAGs
[2026-05-10T21:19:06.429+0000] {logging_mixin.py:190} INFO - [2026-05-10T21:19:06.429+0000] {dag.py:3262} INFO - Creating ORM DAG for mod_01_05_default_args_and_catchup
[2026-05-10T21:19:06.432+0000] {logging_mixin.py:190} INFO - [2026-05-10T21:19:06.432+0000] {dag.py:4180} INFO - Setting next_dagrun for mod_01_05_default_args_and_catchup to 2025-06-01 00:00:00+00:00, run_after=2025-06-02 00:00:00+00:00
[2026-05-10T21:19:06.438+0000] {processor.py:208} INFO - Processing /opt/airflow/dags/01_basics/05_default_args_and_catchup.py took 0.096 seconds
[2026-05-10T21:19:37.122+0000] {processor.py:186} INFO - Started process (PID=573) to work on /opt/airflow/dags/01_basics/05_default_args_and_catchup.py
[2026-05-10T21:19:37.123+0000] {processor.py:914} INFO - Processing file /opt/airflow/dags/01_basics/05_default_args_and_catchup.py for tasks to queue
[2026-05-10T21:19:37.124+0000] {logging_mixin.py:190} INFO - [2026-05-10T21:19:37.124+0000] {dagbag.py:588} INFO - Filling up the DagBag from /opt/airflow/dags/01_basics/05_default_args_and_catchup.py
[2026-05-10T21:19:37.129+0000] {processor.py:925} INFO - DAG(s) 'mod_01_05_default_args_and_catchup' retrieved from /opt/airflow/dags/01_basics/05_default_args_and_catchup.py
[2026-05-10T21:19:37.136+0000] {logging_mixin.py:190} INFO - [2026-05-10T21:19:37.136+0000] {dag.py:3239} INFO - Sync 1 DAGs
[2026-05-10T21:19:37.143+0000] {logging_mixin.py:190} INFO - [2026-05-10T21:19:37.143+0000] {dag.py:4180} INFO - Setting next_dagrun for mod_01_05_default_args_and_catchup to 2025-06-01 00:00:00+00:00, run_after=2025-06-02 00:00:00+00:00
[2026-05-10T21:19:37.148+0000] {processor.py:208} INFO - Processing /opt/airflow/dags/01_basics/05_default_args_and_catchup.py took 0.028 seconds
[2026-05-10T21:20:07.575+0000] {processor.py:186} INFO - Started process (PID=776) to work on /opt/airflow/dags/01_basics/05_default_args_and_catchup.py
[2026-05-10T21:20:07.575+0000] {processor.py:914} INFO - Processing file /opt/airflow/dags/01_basics/05_default_args_and_catchup.py for tasks to queue
[2026-05-10T21:20:07.576+0000] {logging_mixin.py:190} INFO - [2026-05-10T21:20:07.576+0000] {dagbag.py:588} INFO - Filling up the DagBag from /opt/airflow/dags/01_basics/05_default_args_and_catchup.py
[2026-05-10T21:20:07.581+0000] {processor.py:925} INFO - DAG(s) 'mod_01_05_default_args_and_catchup' retrieved from /opt/airflow/dags/01_basics/05_default_args_and_catchup.py
[2026-05-10T21:20:07.588+0000] {logging_mixin.py:190} INFO - [2026-05-10T21:20:07.588+0000] {dag.py:3239} INFO - Sync 1 DAGs
[2026-05-10T21:20:07.595+0000] {logging_mixin.py:190} INFO - [2026-05-10T21:20:07.595+0000] {dag.py:4180} INFO - Setting next_dagrun for mod_01_05_default_args_and_catchup to 2025-06-01 00:00:00+00:00, run_after=2025-06-02 00:00:00+00:00
[2026-05-10T21:20:07.600+0000] {processor.py:208} INFO - Processing /opt/airflow/dags/01_basics/05_default_args_and_catchup.py took 0.028 seconds
[2026-05-10T21:20:38.202+0000] {processor.py:186} INFO - Started process (PID=979) to work on /opt/airflow/dags/01_basics/05_default_args_and_catchup.py
[2026-05-10T21:20:38.203+0000] {processor.py:914} INFO - Processing file /opt/airflow/dags/01_basics/05_default_args_and_catchup.py for tasks to queue
[2026-05-10T21:20:38.203+0000] {logging_mixin.py:190} INFO - [2026-05-10T21:20:38.203+0000] {dagbag.py:588} INFO - Filling up the DagBag from /opt/airflow/dags/01_basics/05_default_args_and_catchup.py
[2026-05-10T21:20:38.208+0000] {processor.py:925} INFO - DAG(s) 'mod_01_05_default_args_and_catchup' retrieved from /opt/airflow/dags/01_basics/05_default_args_and_catchup.py
[2026-05-10T21:20:38.216+0000] {logging_mixin.py:190} INFO - [2026-05-10T21:20:38.216+0000] {dag.py:3239} INFO - Sync 1 DAGs
[2026-05-10T21:20:38.223+0000] {logging_mixin.py:190} INFO - [2026-05-10T21:20:38.223+0000] {dag.py:4180} INFO - Setting next_dagrun for mod_01_05_default_args_and_catchup to 2025-06-01 00:00:00+00:00, run_after=2025-06-02 00:00:00+00:00
[2026-05-10T21:20:38.228+0000] {processor.py:208} INFO - Processing /opt/airflow/dags/01_basics/05_default_args_and_catchup.py took 0.029 seconds
[2026-05-10T21:21:08.709+0000] {processor.py:186} INFO - Started process (PID=1182) to work on /opt/airflow/dags/01_basics/05_default_args_and_catchup.py
[2026-05-10T21:21:08.709+0000] {processor.py:914} INFO - Processing file /opt/airflow/dags/01_basics/05_default_args_and_catchup.py for tasks to queue
[2026-05-10T21:21:08.710+0000] {logging_mixin.py:190} INFO - [2026-05-10T21:21:08.710+0000] {dagbag.py:588} INFO - Filling up the DagBag from /opt/airflow/dags/01_basics/05_default_args_and_catchup.py
[2026-05-10T21:21:08.715+0000] {processor.py:925} INFO - DAG(s) 'mod_01_05_default_args_and_catchup' retrieved from /opt/airflow/dags/01_basics/05_default_args_and_catchup.py
[2026-05-10T21:21:08.722+0000] {logging_mixin.py:190} INFO - [2026-05-10T21:21:08.722+0000] {dag.py:3239} INFO - Sync 1 DAGs
[2026-05-10T21:21:08.729+0000] {logging_mixin.py:190} INFO - [2026-05-10T21:21:08.729+0000] {dag.py:4180} INFO - Setting next_dagrun for mod_01_05_default_args_and_catchup to 2025-06-01 00:00:00+00:00, run_after=2025-06-02 00:00:00+00:00
[2026-05-10T21:21:08.735+0000] {processor.py:208} INFO - Processing /opt/airflow/dags/01_basics/05_default_args_and_catchup.py took 0.028 seconds
[2026-05-10T21:21:39.256+0000] {processor.py:186} INFO - Started process (PID=1385) to work on /opt/airflow/dags/01_basics/05_default_args_and_catchup.py
[2026-05-10T21:21:39.257+0000] {processor.py:914} INFO - Processing file /opt/airflow/dags/01_basics/05_default_args_and_catchup.py for tasks to queue
[2026-05-10T21:21:39.258+0000] {logging_mixin.py:190} INFO - [2026-05-10T21:21:39.258+0000] {dagbag.py:588} INFO - Filling up the DagBag from /opt/airflow/dags/01_basics/05_default_args_and_catchup.py
[2026-05-10T21:21:39.263+0000] {processor.py:925} INFO - DAG(s) 'mod_01_05_default_args_and_catchup' retrieved from /opt/airflow/dags/01_basics/05_default_args_and_catchup.py
[2026-05-10T21:21:39.270+0000] {logging_mixin.py:190} INFO - [2026-05-10T21:21:39.269+0000] {dag.py:3239} INFO - Sync 1 DAGs
[2026-05-10T21:21:39.277+0000] {logging_mixin.py:190} INFO - [2026-05-10T21:21:39.277+0000] {dag.py:4180} INFO - Setting next_dagrun for mod_01_05_default_args_and_catchup to 2025-06-01 00:00:00+00:00, run_after=2025-06-02 00:00:00+00:00
[2026-05-10T21:21:39.282+0000] {processor.py:208} INFO - Processing /opt/airflow/dags/01_basics/05_default_args_and_catchup.py took 0.028 seconds
[2026-05-10T21:22:09.719+0000] {processor.py:186} INFO - Started process (PID=1588) to work on /opt/airflow/dags/01_basics/05_default_args_and_catchup.py
[2026-05-10T21:22:09.719+0000] {processor.py:914} INFO - Processing file /opt/airflow/dags/01_basics/05_default_args_and_catchup.py for tasks to queue
[2026-05-10T21:22:09.721+0000] {logging_mixin.py:190} INFO - [2026-05-10T21:22:09.720+0000] {dagbag.py:588} INFO - Filling up the DagBag from /opt/airflow/dags/01_basics/05_default_args_and_catchup.py
[2026-05-10T21:22:09.726+0000] {processor.py:925} INFO - DAG(s) 'mod_01_05_default_args_and_catchup' retrieved from /opt/airflow/dags/01_basics/05_default_args_and_catchup.py
[2026-05-10T21:22:09.734+0000] {logging_mixin.py:190} INFO - [2026-05-10T21:22:09.734+0000] {dag.py:3239} INFO - Sync 1 DAGs
[2026-05-10T21:22:09.742+0000] {logging_mixin.py:190} INFO - [2026-05-10T21:22:09.742+0000] {dag.py:4180} INFO - Setting next_dagrun for mod_01_05_default_args_and_catchup to 2025-06-01 00:00:00+00:00, run_after=2025-06-02 00:00:00+00:00
[2026-05-10T21:22:09.748+0000] {processor.py:208} INFO - Processing /opt/airflow/dags/01_basics/05_default_args_and_catchup.py took 0.031 seconds
[2026-05-10T21:22:40.193+0000] {processor.py:186} INFO - Started process (PID=1791) to work on /opt/airflow/dags/01_basics/05_default_args_and_catchup.py
[2026-05-10T21:22:40.193+0000] {processor.py:914} INFO - Processing file /opt/airflow/dags/01_basics/05_default_args_and_catchup.py for tasks to queue
[2026-05-10T21:22:40.194+0000] {logging_mixin.py:190} INFO - [2026-05-10T21:22:40.194+0000] {dagbag.py:588} INFO - Filling up the DagBag from /opt/airflow/dags/01_basics/05_default_args_and_catchup.py
[2026-05-10T21:22:40.199+0000] {processor.py:925} INFO - DAG(s) 'mod_01_05_default_args_and_catchup' retrieved from /opt/airflow/dags/01_basics/05_default_args_and_catchup.py
[2026-05-10T21:22:40.207+0000] {logging_mixin.py:190} INFO - [2026-05-10T21:22:40.207+0000] {dag.py:3239} INFO - Sync 1 DAGs
[2026-05-10T21:22:40.214+0000] {logging_mixin.py:190} INFO - [2026-05-10T21:22:40.214+0000] {dag.py:4180} INFO - Setting next_dagrun for mod_01_05_default_args_and_catchup to 2025-06-01 00:00:00+00:00, run_after=2025-06-02 00:00:00+00:00
[2026-05-10T21:22:40.220+0000] {processor.py:208} INFO - Processing /opt/airflow/dags/01_basics/05_default_args_and_catchup.py took 0.029 seconds
[2026-05-10T21:23:10.626+0000] {processor.py:186} INFO - Started process (PID=1994) to work on /opt/airflow/dags/01_basics/05_default_args_and_catchup.py
[2026-05-10T21:23:10.627+0000] {processor.py:914} INFO - Processing file /opt/airflow/dags/01_basics/05_default_args_and_catchup.py for tasks to queue
[2026-05-10T21:23:10.628+0000] {logging_mixin.py:190} INFO - [2026-05-10T21:23:10.628+0000] {dagbag.py:588} INFO - Filling up the DagBag from /opt/airflow/dags/01_basics/05_default_args_and_catchup.py
[2026-05-10T21:23:10.632+0000] {processor.py:925} INFO - DAG(s) 'mod_01_05_default_args_and_catchup' retrieved from /opt/airflow/dags/01_basics/05_default_args_and_catchup.py
[2026-05-10T21:23:10.639+0000] {logging_mixin.py:190} INFO - [2026-05-10T21:23:10.639+0000] {dag.py:3239} INFO - Sync 1 DAGs
[2026-05-10T21:23:10.646+0000] {logging_mixin.py:190} INFO - [2026-05-10T21:23:10.646+0000] {dag.py:4180} INFO - Setting next_dagrun for mod_01_05_default_args_and_catchup to 2025-06-01 00:00:00+00:00, run_after=2025-06-02 00:00:00+00:00
[2026-05-10T21:23:10.652+0000] {processor.py:208} INFO - Processing /opt/airflow/dags/01_basics/05_default_args_and_catchup.py took 0.028 seconds
[2026-05-10T21:23:41.099+0000] {processor.py:186} INFO - Started process (PID=2197) to work on /opt/airflow/dags/01_basics/05_default_args_and_catchup.py
[2026-05-10T21:23:41.099+0000] {processor.py:914} INFO - Processing file /opt/airflow/dags/01_basics/05_default_args_and_catchup.py for tasks to queue
[2026-05-10T21:23:41.101+0000] {logging_mixin.py:190} INFO - [2026-05-10T21:23:41.101+0000] {dagbag.py:588} INFO - Filling up the DagBag from /opt/airflow/dags/01_basics/05_default_args_and_catchup.py
[2026-05-10T21:23:41.105+0000] {processor.py:925} INFO - DAG(s) 'mod_01_05_default_args_and_catchup' retrieved from /opt/airflow/dags/01_basics/05_default_args_and_catchup.py
[2026-05-10T21:23:41.112+0000] {logging_mixin.py:190} INFO - [2026-05-10T21:23:41.112+0000] {dag.py:3239} INFO - Sync 1 DAGs
[2026-05-10T21:23:41.120+0000] {logging_mixin.py:190} INFO - [2026-05-10T21:23:41.119+0000] {dag.py:4180} INFO - Setting next_dagrun for mod_01_05_default_args_and_catchup to 2025-06-01 00:00:00+00:00, run_after=2025-06-02 00:00:00+00:00
[2026-05-10T21:23:41.125+0000] {processor.py:208} INFO - Processing /opt/airflow/dags/01_basics/05_default_args_and_catchup.py took 0.029 seconds
[2026-05-10T21:24:11.648+0000] {processor.py:186} INFO - Started process (PID=2414) to work on /opt/airflow/dags/01_basics/05_default_args_and_catchup.py
[2026-05-10T21:24:11.649+0000] {processor.py:914} INFO - Processing file /opt/airflow/dags/01_basics/05_default_args_and_catchup.py for tasks to queue
[2026-05-10T21:24:11.650+0000] {logging_mixin.py:190} INFO - [2026-05-10T21:24:11.650+0000] {dagbag.py:588} INFO - Filling up the DagBag from /opt/airflow/dags/01_basics/05_default_args_and_catchup.py
[2026-05-10T21:24:11.654+0000] {processor.py:925} INFO - DAG(s) 'mod_01_05_default_args_and_catchup' retrieved from /opt/airflow/dags/01_basics/05_default_args_and_catchup.py
[2026-05-10T21:24:11.661+0000] {logging_mixin.py:190} INFO - [2026-05-10T21:24:11.661+0000] {dag.py:3239} INFO - Sync 1 DAGs
[2026-05-10T21:24:11.669+0000] {logging_mixin.py:190} INFO - [2026-05-10T21:24:11.669+0000] {dag.py:4180} INFO - Setting next_dagrun for mod_01_05_default_args_and_catchup to 2025-06-01 00:00:00+00:00, run_after=2025-06-02 00:00:00+00:00
[2026-05-10T21:24:11.674+0000] {processor.py:208} INFO - Processing /opt/airflow/dags/01_basics/05_default_args_and_catchup.py took 0.028 seconds
[2026-05-10T21:24:42.110+0000] {processor.py:186} INFO - Started process (PID=2615) to work on /opt/airflow/dags/01_basics/05_default_args_and_catchup.py
[2026-05-10T21:24:42.111+0000] {processor.py:914} INFO - Processing file /opt/airflow/dags/01_basics/05_default_args_and_catchup.py for tasks to queue
[2026-05-10T21:24:42.112+0000] {logging_mixin.py:190} INFO - [2026-05-10T21:24:42.112+0000] {dagbag.py:588} INFO - Filling up the DagBag from /opt/airflow/dags/01_basics/05_default_args_and_catchup.py
[2026-05-10T21:24:42.117+0000] {processor.py:925} INFO - DAG(s) 'mod_01_05_default_args_and_catchup' retrieved from /opt/airflow/dags/01_basics/05_default_args_and_catchup.py
[2026-05-10T21:24:42.129+0000] {logging_mixin.py:190} INFO - [2026-05-10T21:24:42.129+0000] {dag.py:3239} INFO - Sync 1 DAGs
[2026-05-10T21:24:42.140+0000] {logging_mixin.py:190} INFO - [2026-05-10T21:24:42.140+0000] {dag.py:4180} INFO - Setting next_dagrun for mod_01_05_default_args_and_catchup to 2025-06-01 00:00:00+00:00, run_after=2025-06-02 00:00:00+00:00
[2026-05-10T21:24:42.150+0000] {processor.py:208} INFO - Processing /opt/airflow/dags/01_basics/05_default_args_and_catchup.py took 0.042 seconds
[2026-05-10T21:25:12.651+0000] {processor.py:186} INFO - Started process (PID=2820) to work on /opt/airflow/dags/01_basics/05_default_args_and_catchup.py
[2026-05-10T21:25:12.652+0000] {processor.py:914} INFO - Processing file /opt/airflow/dags/01_basics/05_default_args_and_catchup.py for tasks to queue
[2026-05-10T21:25:12.653+0000] {logging_mixin.py:190} INFO - [2026-05-10T21:25:12.653+0000] {dagbag.py:588} INFO - Filling up the DagBag from /opt/airflow/dags/01_basics/05_default_args_and_catchup.py
[2026-05-10T21:25:12.657+0000] {processor.py:925} INFO - DAG(s) 'mod_01_05_default_args_and_catchup' retrieved from /opt/airflow/dags/01_basics/05_default_args_and_catchup.py
[2026-05-10T21:25:12.665+0000] {logging_mixin.py:190} INFO - [2026-05-10T21:25:12.665+0000] {dag.py:3239} INFO - Sync 1 DAGs
[2026-05-10T21:25:12.672+0000] {logging_mixin.py:190} INFO - [2026-05-10T21:25:12.672+0000] {dag.py:4180} INFO - Setting next_dagrun for mod_01_05_default_args_and_catchup to 2025-06-01 00:00:00+00:00, run_after=2025-06-02 00:00:00+00:00
[2026-05-10T21:25:12.678+0000] {processor.py:208} INFO - Processing /opt/airflow/dags/01_basics/05_default_args_and_catchup.py took 0.029 seconds
[2026-05-10T21:25:43.217+0000] {processor.py:186} INFO - Started process (PID=3023) to work on /opt/airflow/dags/01_basics/05_default_args_and_catchup.py
[2026-05-10T21:25:43.218+0000] {processor.py:914} INFO - Processing file /opt/airflow/dags/01_basics/05_default_args_and_catchup.py for tasks to queue
[2026-05-10T21:25:43.220+0000] {logging_mixin.py:190} INFO - [2026-05-10T21:25:43.220+0000] {dagbag.py:588} INFO - Filling up the DagBag from /opt/airflow/dags/01_basics/05_default_args_and_catchup.py
[2026-05-10T21:25:43.225+0000] {processor.py:925} INFO - DAG(s) 'mod_01_05_default_args_and_catchup' retrieved from /opt/airflow/dags/01_basics/05_default_args_and_catchup.py
[2026-05-10T21:25:43.237+0000] {logging_mixin.py:190} INFO - [2026-05-10T21:25:43.237+0000] {dag.py:3239} INFO - Sync 1 DAGs
[2026-05-10T21:25:43.245+0000] {logging_mixin.py:190} INFO - [2026-05-10T21:25:43.245+0000] {dag.py:4180} INFO - Setting next_dagrun for mod_01_05_default_args_and_catchup to 2025-06-01 00:00:00+00:00, run_after=2025-06-02 00:00:00+00:00
[2026-05-10T21:25:43.255+0000] {processor.py:208} INFO - Processing /opt/airflow/dags/01_basics/05_default_args_and_catchup.py took 0.040 seconds
[2026-05-10T21:26:13.776+0000] {processor.py:186} INFO - Started process (PID=3224) to work on /opt/airflow/dags/01_basics/05_default_args_and_catchup.py
[2026-05-10T21:26:13.777+0000] {processor.py:914} INFO - Processing file /opt/airflow/dags/01_basics/05_default_args_and_catchup.py for tasks to queue
[2026-05-10T21:26:13.778+0000] {logging_mixin.py:190} INFO - [2026-05-10T21:26:13.778+0000] {dagbag.py:588} INFO - Filling up the DagBag from /opt/airflow/dags/01_basics/05_default_args_and_catchup.py
[2026-05-10T21:26:13.782+0000] {processor.py:925} INFO - DAG(s) 'mod_01_05_default_args_and_catchup' retrieved from /opt/airflow/dags/01_basics/05_default_args_and_catchup.py
[2026-05-10T21:26:13.794+0000] {logging_mixin.py:190} INFO - [2026-05-10T21:26:13.793+0000] {dag.py:3239} INFO - Sync 1 DAGs
[2026-05-10T21:26:13.802+0000] {logging_mixin.py:190} INFO - [2026-05-10T21:26:13.802+0000] {dag.py:4180} INFO - Setting next_dagrun for mod_01_05_default_args_and_catchup to 2025-06-01 00:00:00+00:00, run_after=2025-06-02 00:00:00+00:00
[2026-05-10T21:26:13.817+0000] {processor.py:208} INFO - Processing /opt/airflow/dags/01_basics/05_default_args_and_catchup.py took 0.044 seconds
[2026-05-10T21:26:44.331+0000] {processor.py:186} INFO - Started process (PID=3429) to work on /opt/airflow/dags/01_basics/05_default_args_and_catchup.py
[2026-05-10T21:26:44.332+0000] {processor.py:914} INFO - Processing file /opt/airflow/dags/01_basics/05_default_args_and_catchup.py for tasks to queue
[2026-05-10T21:26:44.333+0000] {logging_mixin.py:190} INFO - [2026-05-10T21:26:44.333+0000] {dagbag.py:588} INFO - Filling up the DagBag from /opt/airflow/dags/01_basics/05_default_args_and_catchup.py
[2026-05-10T21:26:44.338+0000] {processor.py:925} INFO - DAG(s) 'mod_01_05_default_args_and_catchup' retrieved from /opt/airflow/dags/01_basics/05_default_args_and_catchup.py
[2026-05-10T21:26:44.346+0000] {logging_mixin.py:190} INFO - [2026-05-10T21:26:44.346+0000] {dag.py:3239} INFO - Sync 1 DAGs
[2026-05-10T21:26:44.353+0000] {logging_mixin.py:190} INFO - [2026-05-10T21:26:44.353+0000] {dag.py:4180} INFO - Setting next_dagrun for mod_01_05_default_args_and_catchup to 2025-06-01 00:00:00+00:00, run_after=2025-06-02 00:00:00+00:00
[2026-05-10T21:26:44.359+0000] {processor.py:208} INFO - Processing /opt/airflow/dags/01_basics/05_default_args_and_catchup.py took 0.030 seconds
[2026-05-10T21:27:14.908+0000] {processor.py:186} INFO - Started process (PID=3632) to work on /opt/airflow/dags/01_basics/05_default_args_and_catchup.py
[2026-05-10T21:27:14.909+0000] {processor.py:914} INFO - Processing file /opt/airflow/dags/01_basics/05_default_args_and_catchup.py for tasks to queue
[2026-05-10T21:27:14.910+0000] {logging_mixin.py:190} INFO - [2026-05-10T21:27:14.910+0000] {dagbag.py:588} INFO - Filling up the DagBag from /opt/airflow/dags/01_basics/05_default_args_and_catchup.py
[2026-05-10T21:27:14.915+0000] {processor.py:925} INFO - DAG(s) 'mod_01_05_default_args_and_catchup' retrieved from /opt/airflow/dags/01_basics/05_default_args_and_catchup.py
[2026-05-10T21:27:14.923+0000] {logging_mixin.py:190} INFO - [2026-05-10T21:27:14.923+0000] {dag.py:3239} INFO - Sync 1 DAGs
[2026-05-10T21:27:14.930+0000] {logging_mixin.py:190} INFO - [2026-05-10T21:27:14.930+0000] {dag.py:4180} INFO - Setting next_dagrun for mod_01_05_default_args_and_catchup to 2025-06-01 00:00:00+00:00, run_after=2025-06-02 00:00:00+00:00
[2026-05-10T21:27:14.935+0000] {processor.py:208} INFO - Processing /opt/airflow/dags/01_basics/05_default_args_and_catchup.py took 0.030 seconds
[2026-05-10T21:27:45.383+0000] {processor.py:186} INFO - Started process (PID=3835) to work on /opt/airflow/dags/01_basics/05_default_args_and_catchup.py
[2026-05-10T21:27:45.383+0000] {processor.py:914} INFO - Processing file /opt/airflow/dags/01_basics/05_default_args_and_catchup.py for tasks to queue
[2026-05-10T21:27:45.384+0000] {logging_mixin.py:190} INFO - [2026-05-10T21:27:45.384+0000] {dagbag.py:588} INFO - Filling up the DagBag from /opt/airflow/dags/01_basics/05_default_args_and_catchup.py
[2026-05-10T21:27:45.389+0000] {processor.py:925} INFO - DAG(s) 'mod_01_05_default_args_and_catchup' retrieved from /opt/airflow/dags/01_basics/05_default_args_and_catchup.py
[2026-05-10T21:27:45.396+0000] {logging_mixin.py:190} INFO - [2026-05-10T21:27:45.396+0000] {dag.py:3239} INFO - Sync 1 DAGs
[2026-05-10T21:27:45.404+0000] {logging_mixin.py:190} INFO - [2026-05-10T21:27:45.404+0000] {dag.py:4180} INFO - Setting next_dagrun for mod_01_05_default_args_and_catchup to 2025-06-01 00:00:00+00:00, run_after=2025-06-02 00:00:00+00:00
[2026-05-10T21:27:45.409+0000] {processor.py:208} INFO - Processing /opt/airflow/dags/01_basics/05_default_args_and_catchup.py took 0.029 seconds
[2026-05-10T21:28:15.867+0000] {processor.py:186} INFO - Started process (PID=4038) to work on /opt/airflow/dags/01_basics/05_default_args_and_catchup.py
[2026-05-10T21:28:15.867+0000] {processor.py:914} INFO - Processing file /opt/airflow/dags/01_basics/05_default_args_and_catchup.py for tasks to queue
[2026-05-10T21:28:15.868+0000] {logging_mixin.py:190} INFO - [2026-05-10T21:28:15.868+0000] {dagbag.py:588} INFO - Filling up the DagBag from /opt/airflow/dags/01_basics/05_default_args_and_catchup.py
[2026-05-10T21:28:15.873+0000] {processor.py:925} INFO - DAG(s) 'mod_01_05_default_args_and_catchup' retrieved from /opt/airflow/dags/01_basics/05_default_args_and_catchup.py
[2026-05-10T21:28:15.880+0000] {logging_mixin.py:190} INFO - [2026-05-10T21:28:15.880+0000] {dag.py:3239} INFO - Sync 1 DAGs
[2026-05-10T21:28:15.887+0000] {logging_mixin.py:190} INFO - [2026-05-10T21:28:15.887+0000] {dag.py:4180} INFO - Setting next_dagrun for mod_01_05_default_args_and_catchup to 2025-06-01 00:00:00+00:00, run_after=2025-06-02 00:00:00+00:00
[2026-05-10T21:28:15.892+0000] {processor.py:208} INFO - Processing /opt/airflow/dags/01_basics/05_default_args_and_catchup.py took 0.028 seconds
[2026-05-10T21:28:46.409+0000] {processor.py:186} INFO - Started process (PID=4241) to work on /opt/airflow/dags/01_basics/05_default_args_and_catchup.py
[2026-05-10T21:28:46.409+0000] {processor.py:914} INFO - Processing file /opt/airflow/dags/01_basics/05_default_args_and_catchup.py for tasks to queue
[2026-05-10T21:28:46.410+0000] {logging_mixin.py:190} INFO - [2026-05-10T21:28:46.410+0000] {dagbag.py:588} INFO - Filling up the DagBag from /opt/airflow/dags/01_basics/05_default_args_and_catchup.py
[2026-05-10T21:28:46.415+0000] {processor.py:925} INFO - DAG(s) 'mod_01_05_default_args_and_catchup' retrieved from /opt/airflow/dags/01_basics/05_default_args_and_catchup.py
[2026-05-10T21:28:46.423+0000] {logging_mixin.py:190} INFO - [2026-05-10T21:28:46.423+0000] {dag.py:3239} INFO - Sync 1 DAGs
[2026-05-10T21:28:46.430+0000] {logging_mixin.py:190} INFO - [2026-05-10T21:28:46.430+0000] {dag.py:4180} INFO - Setting next_dagrun for mod_01_05_default_args_and_catchup to 2025-06-01 00:00:00+00:00, run_after=2025-06-02 00:00:00+00:00
[2026-05-10T21:28:46.435+0000] {processor.py:208} INFO - Processing /opt/airflow/dags/01_basics/05_default_args_and_catchup.py took 0.029 seconds
[2026-05-10T21:29:16.968+0000] {processor.py:186} INFO - Started process (PID=4444) to work on /opt/airflow/dags/01_basics/05_default_args_and_catchup.py
[2026-05-10T21:29:16.969+0000] {processor.py:914} INFO - Processing file /opt/airflow/dags/01_basics/05_default_args_and_catchup.py for tasks to queue
[2026-05-10T21:29:16.970+0000] {logging_mixin.py:190} INFO - [2026-05-10T21:29:16.970+0000] {dagbag.py:588} INFO - Filling up the DagBag from /opt/airflow/dags/01_basics/05_default_args_and_catchup.py
[2026-05-10T21:29:16.974+0000] {processor.py:925} INFO - DAG(s) 'mod_01_05_default_args_and_catchup' retrieved from /opt/airflow/dags/01_basics/05_default_args_and_catchup.py
[2026-05-10T21:29:16.982+0000] {logging_mixin.py:190} INFO - [2026-05-10T21:29:16.981+0000] {dag.py:3239} INFO - Sync 1 DAGs
[2026-05-10T21:29:16.989+0000] {logging_mixin.py:190} INFO - [2026-05-10T21:29:16.989+0000] {dag.py:4180} INFO - Setting next_dagrun for mod_01_05_default_args_and_catchup to 2025-06-01 00:00:00+00:00, run_after=2025-06-02 00:00:00+00:00
[2026-05-10T21:29:16.994+0000] {processor.py:208} INFO - Processing /opt/airflow/dags/01_basics/05_default_args_and_catchup.py took 0.028 seconds
[2026-05-10T21:29:47.511+0000] {processor.py:186} INFO - Started process (PID=4645) to work on /opt/airflow/dags/01_basics/05_default_args_and_catchup.py
[2026-05-10T21:29:47.512+0000] {processor.py:914} INFO - Processing file /opt/airflow/dags/01_basics/05_default_args_and_catchup.py for tasks to queue
[2026-05-10T21:29:47.513+0000] {logging_mixin.py:190} INFO - [2026-05-10T21:29:47.513+0000] {dagbag.py:588} INFO - Filling up the DagBag from /opt/airflow/dags/01_basics/05_default_args_and_catchup.py
[2026-05-10T21:29:47.522+0000] {processor.py:925} INFO - DAG(s) 'mod_01_05_default_args_and_catchup' retrieved from /opt/airflow/dags/01_basics/05_default_args_and_catchup.py
[2026-05-10T21:29:47.532+0000] {logging_mixin.py:190} INFO - [2026-05-10T21:29:47.532+0000] {dag.py:3239} INFO - Sync 1 DAGs
[2026-05-10T21:29:47.540+0000] {logging_mixin.py:190} INFO - [2026-05-10T21:29:47.540+0000] {dag.py:4180} INFO - Setting next_dagrun for mod_01_05_default_args_and_catchup to 2025-06-01 00:00:00+00:00, run_after=2025-06-02 00:00:00+00:00
[2026-05-10T21:29:47.548+0000] {processor.py:208} INFO - Processing /opt/airflow/dags/01_basics/05_default_args_and_catchup.py took 0.040 seconds
[2026-05-10T21:30:18.033+0000] {processor.py:186} INFO - Started process (PID=4850) to work on /opt/airflow/dags/01_basics/05_default_args_and_catchup.py
[2026-05-10T21:30:18.033+0000] {processor.py:914} INFO - Processing file /opt/airflow/dags/01_basics/05_default_args_and_catchup.py for tasks to queue
[2026-05-10T21:30:18.034+0000] {logging_mixin.py:190} INFO - [2026-05-10T21:30:18.034+0000] {dagbag.py:588} INFO - Filling up the DagBag from /opt/airflow/dags/01_basics/05_default_args_and_catchup.py
[2026-05-10T21:30:18.039+0000] {processor.py:925} INFO - DAG(s) 'mod_01_05_default_args_and_catchup' retrieved from /opt/airflow/dags/01_basics/05_default_args_and_catchup.py
[2026-05-10T21:30:18.047+0000] {logging_mixin.py:190} INFO - [2026-05-10T21:30:18.047+0000] {dag.py:3239} INFO - Sync 1 DAGs
[2026-05-10T21:30:18.055+0000] {logging_mixin.py:190} INFO - [2026-05-10T21:30:18.054+0000] {dag.py:4180} INFO - Setting next_dagrun for mod_01_05_default_args_and_catchup to 2025-06-01 00:00:00+00:00, run_after=2025-06-02 00:00:00+00:00
[2026-05-10T21:30:18.060+0000] {processor.py:208} INFO - Processing /opt/airflow/dags/01_basics/05_default_args_and_catchup.py took 0.030 seconds
