[2026-05-10T21:19:05.097+0000] {processor.py:186} INFO - Started process (PID=263) to work on /opt/airflow/dags/08_datasets/01_producer_consumer.py
[2026-05-10T21:19:05.097+0000] {processor.py:914} INFO - Processing file /opt/airflow/dags/08_datasets/01_producer_consumer.py for tasks to queue
[2026-05-10T21:19:05.099+0000] {logging_mixin.py:190} INFO - [2026-05-10T21:19:05.098+0000] {dagbag.py:588} INFO - Filling up the DagBag from /opt/airflow/dags/08_datasets/01_producer_consumer.py
[2026-05-10T21:19:05.110+0000] {processor.py:925} INFO - DAG(s) 'mod_08_01_dataset_consumer', 'mod_08_01_dataset_producer' retrieved from /opt/airflow/dags/08_datasets/01_producer_consumer.py
[2026-05-10T21:19:05.155+0000] {logging_mixin.py:190} INFO - [2026-05-10T21:19:05.155+0000] {override.py:1912} INFO - Created Permission View: can delete on DAG:mod_08_01_dataset_consumer
[2026-05-10T21:19:05.160+0000] {logging_mixin.py:190} INFO - [2026-05-10T21:19:05.160+0000] {override.py:1912} INFO - Created Permission View: can edit on DAG:mod_08_01_dataset_consumer
[2026-05-10T21:19:05.162+0000] {logging_mixin.py:190} INFO - [2026-05-10T21:19:05.162+0000] {override.py:1912} INFO - Created Permission View: can read on DAG:mod_08_01_dataset_consumer
[2026-05-10T21:19:05.165+0000] {logging_mixin.py:190} INFO - [2026-05-10T21:19:05.165+0000] {override.py:1912} INFO - Created Permission View: can delete on DAG Run:mod_08_01_dataset_consumer
[2026-05-10T21:19:05.167+0000] {logging_mixin.py:190} INFO - [2026-05-10T21:19:05.166+0000] {override.py:1912} INFO - Created Permission View: menu access on DAG Run:mod_08_01_dataset_consumer
[2026-05-10T21:19:05.168+0000] {logging_mixin.py:190} INFO - [2026-05-10T21:19:05.168+0000] {override.py:1912} INFO - Created Permission View: can create on DAG Run:mod_08_01_dataset_consumer
[2026-05-10T21:19:05.170+0000] {logging_mixin.py:190} INFO - [2026-05-10T21:19:05.170+0000] {override.py:1912} INFO - Created Permission View: can read on DAG Run:mod_08_01_dataset_consumer
[2026-05-10T21:19:05.179+0000] {logging_mixin.py:190} INFO - [2026-05-10T21:19:05.179+0000] {override.py:1912} INFO - Created Permission View: can delete on DAG:mod_08_01_dataset_producer
[2026-05-10T21:19:05.180+0000] {logging_mixin.py:190} INFO - [2026-05-10T21:19:05.180+0000] {override.py:1912} INFO - Created Permission View: can edit on DAG:mod_08_01_dataset_producer
[2026-05-10T21:19:05.181+0000] {logging_mixin.py:190} INFO - [2026-05-10T21:19:05.181+0000] {override.py:1912} INFO - Created Permission View: can read on DAG:mod_08_01_dataset_producer
[2026-05-10T21:19:05.184+0000] {logging_mixin.py:190} INFO - [2026-05-10T21:19:05.183+0000] {override.py:1912} INFO - Created Permission View: can delete on DAG Run:mod_08_01_dataset_producer
[2026-05-10T21:19:05.186+0000] {logging_mixin.py:190} INFO - [2026-05-10T21:19:05.186+0000] {override.py:1912} INFO - Created Permission View: menu access on DAG Run:mod_08_01_dataset_producer
[2026-05-10T21:19:05.192+0000] {logging_mixin.py:190} INFO - [2026-05-10T21:19:05.192+0000] {override.py:1912} INFO - Created Permission View: can create on DAG Run:mod_08_01_dataset_producer
[2026-05-10T21:19:05.200+0000] {logging_mixin.py:190} INFO - [2026-05-10T21:19:05.200+0000] {override.py:1912} INFO - Created Permission View: can read on DAG Run:mod_08_01_dataset_producer
[2026-05-10T21:19:05.201+0000] {logging_mixin.py:190} INFO - [2026-05-10T21:19:05.201+0000] {dag.py:3239} INFO - Sync 2 DAGs
[2026-05-10T21:19:05.211+0000] {logging_mixin.py:190} INFO - [2026-05-10T21:19:05.211+0000] {dag.py:3262} INFO - Creating ORM DAG for mod_08_01_dataset_consumer
[2026-05-10T21:19:05.211+0000] {logging_mixin.py:190} INFO - [2026-05-10T21:19:05.211+0000] {dag.py:3262} INFO - Creating ORM DAG for mod_08_01_dataset_producer
[2026-05-10T21:19:05.215+0000] {logging_mixin.py:190} INFO - [2026-05-10T21:19:05.215+0000] {dag.py:4180} INFO - Setting next_dagrun for mod_08_01_dataset_consumer to None, run_after=None
[2026-05-10T21:19:05.218+0000] {logging_mixin.py:190} INFO - [2026-05-10T21:19:05.218+0000] {dag.py:4180} INFO - Setting next_dagrun for mod_08_01_dataset_producer to 2026-05-09 00:00:00+00:00, run_after=2026-05-10 00:00:00+00:00
[2026-05-10T21:19:05.231+0000] {processor.py:208} INFO - Processing /opt/airflow/dags/08_datasets/01_producer_consumer.py took 0.136 seconds
[2026-05-10T21:19:35.551+0000] {processor.py:186} INFO - Started process (PID=466) to work on /opt/airflow/dags/08_datasets/01_producer_consumer.py
[2026-05-10T21:19:35.553+0000] {processor.py:914} INFO - Processing file /opt/airflow/dags/08_datasets/01_producer_consumer.py for tasks to queue
[2026-05-10T21:19:35.554+0000] {logging_mixin.py:190} INFO - [2026-05-10T21:19:35.554+0000] {dagbag.py:588} INFO - Filling up the DagBag from /opt/airflow/dags/08_datasets/01_producer_consumer.py
[2026-05-10T21:19:35.559+0000] {processor.py:925} INFO - DAG(s) 'mod_08_01_dataset_consumer', 'mod_08_01_dataset_producer' retrieved from /opt/airflow/dags/08_datasets/01_producer_consumer.py
[2026-05-10T21:19:35.572+0000] {logging_mixin.py:190} INFO - [2026-05-10T21:19:35.571+0000] {dag.py:3239} INFO - Sync 2 DAGs
[2026-05-10T21:19:35.580+0000] {logging_mixin.py:190} INFO - [2026-05-10T21:19:35.580+0000] {dag.py:4180} INFO - Setting next_dagrun for mod_08_01_dataset_consumer to None, run_after=None
[2026-05-10T21:19:35.582+0000] {logging_mixin.py:190} INFO - [2026-05-10T21:19:35.582+0000] {dag.py:4180} INFO - Setting next_dagrun for mod_08_01_dataset_producer to 2026-05-09 00:00:00+00:00, run_after=2026-05-10 00:00:00+00:00
[2026-05-10T21:19:35.593+0000] {processor.py:208} INFO - Processing /opt/airflow/dags/08_datasets/01_producer_consumer.py took 0.045 seconds
[2026-05-10T21:20:06.029+0000] {processor.py:186} INFO - Started process (PID=669) to work on /opt/airflow/dags/08_datasets/01_producer_consumer.py
[2026-05-10T21:20:06.030+0000] {processor.py:914} INFO - Processing file /opt/airflow/dags/08_datasets/01_producer_consumer.py for tasks to queue
[2026-05-10T21:20:06.032+0000] {logging_mixin.py:190} INFO - [2026-05-10T21:20:06.032+0000] {dagbag.py:588} INFO - Filling up the DagBag from /opt/airflow/dags/08_datasets/01_producer_consumer.py
[2026-05-10T21:20:06.038+0000] {processor.py:925} INFO - DAG(s) 'mod_08_01_dataset_consumer', 'mod_08_01_dataset_producer' retrieved from /opt/airflow/dags/08_datasets/01_producer_consumer.py
[2026-05-10T21:20:06.050+0000] {logging_mixin.py:190} INFO - [2026-05-10T21:20:06.050+0000] {dag.py:3239} INFO - Sync 2 DAGs
[2026-05-10T21:20:06.059+0000] {logging_mixin.py:190} INFO - [2026-05-10T21:20:06.059+0000] {dag.py:4180} INFO - Setting next_dagrun for mod_08_01_dataset_consumer to None, run_after=None
[2026-05-10T21:20:06.062+0000] {logging_mixin.py:190} INFO - [2026-05-10T21:20:06.061+0000] {dag.py:4180} INFO - Setting next_dagrun for mod_08_01_dataset_producer to 2026-05-09 00:00:00+00:00, run_after=2026-05-10 00:00:00+00:00
[2026-05-10T21:20:06.075+0000] {processor.py:208} INFO - Processing /opt/airflow/dags/08_datasets/01_producer_consumer.py took 0.048 seconds
[2026-05-10T21:20:36.556+0000] {processor.py:186} INFO - Started process (PID=872) to work on /opt/airflow/dags/08_datasets/01_producer_consumer.py
[2026-05-10T21:20:36.558+0000] {processor.py:914} INFO - Processing file /opt/airflow/dags/08_datasets/01_producer_consumer.py for tasks to queue
[2026-05-10T21:20:36.558+0000] {logging_mixin.py:190} INFO - [2026-05-10T21:20:36.558+0000] {dagbag.py:588} INFO - Filling up the DagBag from /opt/airflow/dags/08_datasets/01_producer_consumer.py
[2026-05-10T21:20:36.566+0000] {processor.py:925} INFO - DAG(s) 'mod_08_01_dataset_producer', 'mod_08_01_dataset_consumer' retrieved from /opt/airflow/dags/08_datasets/01_producer_consumer.py
[2026-05-10T21:20:36.578+0000] {logging_mixin.py:190} INFO - [2026-05-10T21:20:36.578+0000] {dag.py:3239} INFO - Sync 2 DAGs
[2026-05-10T21:20:36.588+0000] {logging_mixin.py:190} INFO - [2026-05-10T21:20:36.588+0000] {dag.py:4180} INFO - Setting next_dagrun for mod_08_01_dataset_consumer to None, run_after=None
[2026-05-10T21:20:36.590+0000] {logging_mixin.py:190} INFO - [2026-05-10T21:20:36.590+0000] {dag.py:4180} INFO - Setting next_dagrun for mod_08_01_dataset_producer to 2026-05-09 00:00:00+00:00, run_after=2026-05-10 00:00:00+00:00
[2026-05-10T21:20:36.600+0000] {processor.py:208} INFO - Processing /opt/airflow/dags/08_datasets/01_producer_consumer.py took 0.047 seconds
[2026-05-10T21:21:07.104+0000] {processor.py:186} INFO - Started process (PID=1075) to work on /opt/airflow/dags/08_datasets/01_producer_consumer.py
[2026-05-10T21:21:07.105+0000] {processor.py:914} INFO - Processing file /opt/airflow/dags/08_datasets/01_producer_consumer.py for tasks to queue
[2026-05-10T21:21:07.106+0000] {logging_mixin.py:190} INFO - [2026-05-10T21:21:07.106+0000] {dagbag.py:588} INFO - Filling up the DagBag from /opt/airflow/dags/08_datasets/01_producer_consumer.py
[2026-05-10T21:21:07.113+0000] {processor.py:925} INFO - DAG(s) 'mod_08_01_dataset_consumer', 'mod_08_01_dataset_producer' retrieved from /opt/airflow/dags/08_datasets/01_producer_consumer.py
[2026-05-10T21:21:07.129+0000] {logging_mixin.py:190} INFO - [2026-05-10T21:21:07.129+0000] {dag.py:3239} INFO - Sync 2 DAGs
[2026-05-10T21:21:07.139+0000] {logging_mixin.py:190} INFO - [2026-05-10T21:21:07.139+0000] {dag.py:4180} INFO - Setting next_dagrun for mod_08_01_dataset_consumer to None, run_after=None
[2026-05-10T21:21:07.141+0000] {logging_mixin.py:190} INFO - [2026-05-10T21:21:07.141+0000] {dag.py:4180} INFO - Setting next_dagrun for mod_08_01_dataset_producer to 2026-05-09 00:00:00+00:00, run_after=2026-05-10 00:00:00+00:00
[2026-05-10T21:21:07.152+0000] {processor.py:208} INFO - Processing /opt/airflow/dags/08_datasets/01_producer_consumer.py took 0.051 seconds
[2026-05-10T21:21:37.671+0000] {processor.py:186} INFO - Started process (PID=1278) to work on /opt/airflow/dags/08_datasets/01_producer_consumer.py
[2026-05-10T21:21:37.672+0000] {processor.py:914} INFO - Processing file /opt/airflow/dags/08_datasets/01_producer_consumer.py for tasks to queue
[2026-05-10T21:21:37.673+0000] {logging_mixin.py:190} INFO - [2026-05-10T21:21:37.673+0000] {dagbag.py:588} INFO - Filling up the DagBag from /opt/airflow/dags/08_datasets/01_producer_consumer.py
[2026-05-10T21:21:37.679+0000] {processor.py:925} INFO - DAG(s) 'mod_08_01_dataset_consumer', 'mod_08_01_dataset_producer' retrieved from /opt/airflow/dags/08_datasets/01_producer_consumer.py
[2026-05-10T21:21:37.691+0000] {logging_mixin.py:190} INFO - [2026-05-10T21:21:37.690+0000] {dag.py:3239} INFO - Sync 2 DAGs
[2026-05-10T21:21:37.702+0000] {logging_mixin.py:190} INFO - [2026-05-10T21:21:37.702+0000] {dag.py:4180} INFO - Setting next_dagrun for mod_08_01_dataset_consumer to None, run_after=None
[2026-05-10T21:21:37.704+0000] {logging_mixin.py:190} INFO - [2026-05-10T21:21:37.704+0000] {dag.py:4180} INFO - Setting next_dagrun for mod_08_01_dataset_producer to 2026-05-09 00:00:00+00:00, run_after=2026-05-10 00:00:00+00:00
[2026-05-10T21:21:37.711+0000] {processor.py:208} INFO - Processing /opt/airflow/dags/08_datasets/01_producer_consumer.py took 0.043 seconds
[2026-05-10T21:22:08.159+0000] {processor.py:186} INFO - Started process (PID=1481) to work on /opt/airflow/dags/08_datasets/01_producer_consumer.py
[2026-05-10T21:22:08.160+0000] {processor.py:914} INFO - Processing file /opt/airflow/dags/08_datasets/01_producer_consumer.py for tasks to queue
[2026-05-10T21:22:08.161+0000] {logging_mixin.py:190} INFO - [2026-05-10T21:22:08.161+0000] {dagbag.py:588} INFO - Filling up the DagBag from /opt/airflow/dags/08_datasets/01_producer_consumer.py
[2026-05-10T21:22:08.168+0000] {processor.py:925} INFO - DAG(s) 'mod_08_01_dataset_producer', 'mod_08_01_dataset_consumer' retrieved from /opt/airflow/dags/08_datasets/01_producer_consumer.py
[2026-05-10T21:22:08.179+0000] {logging_mixin.py:190} INFO - [2026-05-10T21:22:08.179+0000] {dag.py:3239} INFO - Sync 2 DAGs
[2026-05-10T21:22:08.187+0000] {logging_mixin.py:190} INFO - [2026-05-10T21:22:08.187+0000] {dag.py:4180} INFO - Setting next_dagrun for mod_08_01_dataset_consumer to None, run_after=None
[2026-05-10T21:22:08.189+0000] {logging_mixin.py:190} INFO - [2026-05-10T21:22:08.189+0000] {dag.py:4180} INFO - Setting next_dagrun for mod_08_01_dataset_producer to 2026-05-09 00:00:00+00:00, run_after=2026-05-10 00:00:00+00:00
[2026-05-10T21:22:08.200+0000] {processor.py:208} INFO - Processing /opt/airflow/dags/08_datasets/01_producer_consumer.py took 0.043 seconds
[2026-05-10T21:22:38.624+0000] {processor.py:186} INFO - Started process (PID=1686) to work on /opt/airflow/dags/08_datasets/01_producer_consumer.py
[2026-05-10T21:22:38.624+0000] {processor.py:914} INFO - Processing file /opt/airflow/dags/08_datasets/01_producer_consumer.py for tasks to queue
[2026-05-10T21:22:38.625+0000] {logging_mixin.py:190} INFO - [2026-05-10T21:22:38.625+0000] {dagbag.py:588} INFO - Filling up the DagBag from /opt/airflow/dags/08_datasets/01_producer_consumer.py
[2026-05-10T21:22:38.630+0000] {processor.py:925} INFO - DAG(s) 'mod_08_01_dataset_consumer', 'mod_08_01_dataset_producer' retrieved from /opt/airflow/dags/08_datasets/01_producer_consumer.py
[2026-05-10T21:22:38.638+0000] {logging_mixin.py:190} INFO - [2026-05-10T21:22:38.638+0000] {dag.py:3239} INFO - Sync 2 DAGs
[2026-05-10T21:22:38.645+0000] {logging_mixin.py:190} INFO - [2026-05-10T21:22:38.645+0000] {dag.py:4180} INFO - Setting next_dagrun for mod_08_01_dataset_consumer to None, run_after=None
[2026-05-10T21:22:38.647+0000] {logging_mixin.py:190} INFO - [2026-05-10T21:22:38.647+0000] {dag.py:4180} INFO - Setting next_dagrun for mod_08_01_dataset_producer to 2026-05-09 00:00:00+00:00, run_after=2026-05-10 00:00:00+00:00
[2026-05-10T21:22:38.653+0000] {processor.py:208} INFO - Processing /opt/airflow/dags/08_datasets/01_producer_consumer.py took 0.032 seconds
[2026-05-10T21:23:09.071+0000] {processor.py:186} INFO - Started process (PID=1887) to work on /opt/airflow/dags/08_datasets/01_producer_consumer.py
[2026-05-10T21:23:09.072+0000] {processor.py:914} INFO - Processing file /opt/airflow/dags/08_datasets/01_producer_consumer.py for tasks to queue
[2026-05-10T21:23:09.073+0000] {logging_mixin.py:190} INFO - [2026-05-10T21:23:09.073+0000] {dagbag.py:588} INFO - Filling up the DagBag from /opt/airflow/dags/08_datasets/01_producer_consumer.py
[2026-05-10T21:23:09.082+0000] {processor.py:925} INFO - DAG(s) 'mod_08_01_dataset_producer', 'mod_08_01_dataset_consumer' retrieved from /opt/airflow/dags/08_datasets/01_producer_consumer.py
[2026-05-10T21:23:09.090+0000] {logging_mixin.py:190} INFO - [2026-05-10T21:23:09.090+0000] {dag.py:3239} INFO - Sync 2 DAGs
[2026-05-10T21:23:09.099+0000] {logging_mixin.py:190} INFO - [2026-05-10T21:23:09.099+0000] {dag.py:4180} INFO - Setting next_dagrun for mod_08_01_dataset_consumer to None, run_after=None
[2026-05-10T21:23:09.101+0000] {logging_mixin.py:190} INFO - [2026-05-10T21:23:09.101+0000] {dag.py:4180} INFO - Setting next_dagrun for mod_08_01_dataset_producer to 2026-05-09 00:00:00+00:00, run_after=2026-05-10 00:00:00+00:00
[2026-05-10T21:23:09.115+0000] {processor.py:208} INFO - Processing /opt/airflow/dags/08_datasets/01_producer_consumer.py took 0.047 seconds
[2026-05-10T21:23:39.506+0000] {processor.py:186} INFO - Started process (PID=2090) to work on /opt/airflow/dags/08_datasets/01_producer_consumer.py
[2026-05-10T21:23:39.507+0000] {processor.py:914} INFO - Processing file /opt/airflow/dags/08_datasets/01_producer_consumer.py for tasks to queue
[2026-05-10T21:23:39.508+0000] {logging_mixin.py:190} INFO - [2026-05-10T21:23:39.508+0000] {dagbag.py:588} INFO - Filling up the DagBag from /opt/airflow/dags/08_datasets/01_producer_consumer.py
[2026-05-10T21:23:39.514+0000] {processor.py:925} INFO - DAG(s) 'mod_08_01_dataset_producer', 'mod_08_01_dataset_consumer' retrieved from /opt/airflow/dags/08_datasets/01_producer_consumer.py
[2026-05-10T21:23:39.530+0000] {logging_mixin.py:190} INFO - [2026-05-10T21:23:39.530+0000] {dag.py:3239} INFO - Sync 2 DAGs
[2026-05-10T21:23:39.540+0000] {logging_mixin.py:190} INFO - [2026-05-10T21:23:39.540+0000] {dag.py:4180} INFO - Setting next_dagrun for mod_08_01_dataset_consumer to None, run_after=None
[2026-05-10T21:23:39.543+0000] {logging_mixin.py:190} INFO - [2026-05-10T21:23:39.543+0000] {dag.py:4180} INFO - Setting next_dagrun for mod_08_01_dataset_producer to 2026-05-09 00:00:00+00:00, run_after=2026-05-10 00:00:00+00:00
[2026-05-10T21:23:39.551+0000] {processor.py:208} INFO - Processing /opt/airflow/dags/08_datasets/01_producer_consumer.py took 0.048 seconds
[2026-05-10T21:24:10.072+0000] {processor.py:186} INFO - Started process (PID=2307) to work on /opt/airflow/dags/08_datasets/01_producer_consumer.py
[2026-05-10T21:24:10.072+0000] {processor.py:914} INFO - Processing file /opt/airflow/dags/08_datasets/01_producer_consumer.py for tasks to queue
[2026-05-10T21:24:10.075+0000] {logging_mixin.py:190} INFO - [2026-05-10T21:24:10.075+0000] {dagbag.py:588} INFO - Filling up the DagBag from /opt/airflow/dags/08_datasets/01_producer_consumer.py
[2026-05-10T21:24:10.082+0000] {processor.py:925} INFO - DAG(s) 'mod_08_01_dataset_producer', 'mod_08_01_dataset_consumer' retrieved from /opt/airflow/dags/08_datasets/01_producer_consumer.py
[2026-05-10T21:24:10.095+0000] {logging_mixin.py:190} INFO - [2026-05-10T21:24:10.095+0000] {dag.py:3239} INFO - Sync 2 DAGs
[2026-05-10T21:24:10.106+0000] {logging_mixin.py:190} INFO - [2026-05-10T21:24:10.106+0000] {dag.py:4180} INFO - Setting next_dagrun for mod_08_01_dataset_consumer to None, run_after=None
[2026-05-10T21:24:10.110+0000] {logging_mixin.py:190} INFO - [2026-05-10T21:24:10.110+0000] {dag.py:4180} INFO - Setting next_dagrun for mod_08_01_dataset_producer to 2026-05-09 00:00:00+00:00, run_after=2026-05-10 00:00:00+00:00
[2026-05-10T21:24:10.128+0000] {processor.py:208} INFO - Processing /opt/airflow/dags/08_datasets/01_producer_consumer.py took 0.058 seconds
[2026-05-10T21:24:40.548+0000] {processor.py:186} INFO - Started process (PID=2510) to work on /opt/airflow/dags/08_datasets/01_producer_consumer.py
[2026-05-10T21:24:40.549+0000] {processor.py:914} INFO - Processing file /opt/airflow/dags/08_datasets/01_producer_consumer.py for tasks to queue
[2026-05-10T21:24:40.550+0000] {logging_mixin.py:190} INFO - [2026-05-10T21:24:40.550+0000] {dagbag.py:588} INFO - Filling up the DagBag from /opt/airflow/dags/08_datasets/01_producer_consumer.py
[2026-05-10T21:24:40.559+0000] {processor.py:925} INFO - DAG(s) 'mod_08_01_dataset_producer', 'mod_08_01_dataset_consumer' retrieved from /opt/airflow/dags/08_datasets/01_producer_consumer.py
[2026-05-10T21:24:40.571+0000] {logging_mixin.py:190} INFO - [2026-05-10T21:24:40.571+0000] {dag.py:3239} INFO - Sync 2 DAGs
[2026-05-10T21:24:40.581+0000] {logging_mixin.py:190} INFO - [2026-05-10T21:24:40.581+0000] {dag.py:4180} INFO - Setting next_dagrun for mod_08_01_dataset_consumer to None, run_after=None
[2026-05-10T21:24:40.584+0000] {logging_mixin.py:190} INFO - [2026-05-10T21:24:40.584+0000] {dag.py:4180} INFO - Setting next_dagrun for mod_08_01_dataset_producer to 2026-05-09 00:00:00+00:00, run_after=2026-05-10 00:00:00+00:00
[2026-05-10T21:24:40.593+0000] {processor.py:208} INFO - Processing /opt/airflow/dags/08_datasets/01_producer_consumer.py took 0.048 seconds
[2026-05-10T21:25:11.063+0000] {processor.py:186} INFO - Started process (PID=2715) to work on /opt/airflow/dags/08_datasets/01_producer_consumer.py
[2026-05-10T21:25:11.064+0000] {processor.py:914} INFO - Processing file /opt/airflow/dags/08_datasets/01_producer_consumer.py for tasks to queue
[2026-05-10T21:25:11.065+0000] {logging_mixin.py:190} INFO - [2026-05-10T21:25:11.065+0000] {dagbag.py:588} INFO - Filling up the DagBag from /opt/airflow/dags/08_datasets/01_producer_consumer.py
[2026-05-10T21:25:11.075+0000] {processor.py:925} INFO - DAG(s) 'mod_08_01_dataset_consumer', 'mod_08_01_dataset_producer' retrieved from /opt/airflow/dags/08_datasets/01_producer_consumer.py
[2026-05-10T21:25:11.086+0000] {logging_mixin.py:190} INFO - [2026-05-10T21:25:11.086+0000] {dag.py:3239} INFO - Sync 2 DAGs
[2026-05-10T21:25:11.094+0000] {logging_mixin.py:190} INFO - [2026-05-10T21:25:11.094+0000] {dag.py:4180} INFO - Setting next_dagrun for mod_08_01_dataset_consumer to None, run_after=None
[2026-05-10T21:25:11.096+0000] {logging_mixin.py:190} INFO - [2026-05-10T21:25:11.096+0000] {dag.py:4180} INFO - Setting next_dagrun for mod_08_01_dataset_producer to 2026-05-09 00:00:00+00:00, run_after=2026-05-10 00:00:00+00:00
[2026-05-10T21:25:11.105+0000] {processor.py:208} INFO - Processing /opt/airflow/dags/08_datasets/01_producer_consumer.py took 0.045 seconds
[2026-05-10T21:25:41.583+0000] {processor.py:186} INFO - Started process (PID=2916) to work on /opt/airflow/dags/08_datasets/01_producer_consumer.py
[2026-05-10T21:25:41.584+0000] {processor.py:914} INFO - Processing file /opt/airflow/dags/08_datasets/01_producer_consumer.py for tasks to queue
[2026-05-10T21:25:41.585+0000] {logging_mixin.py:190} INFO - [2026-05-10T21:25:41.585+0000] {dagbag.py:588} INFO - Filling up the DagBag from /opt/airflow/dags/08_datasets/01_producer_consumer.py
[2026-05-10T21:25:41.592+0000] {processor.py:925} INFO - DAG(s) 'mod_08_01_dataset_producer', 'mod_08_01_dataset_consumer' retrieved from /opt/airflow/dags/08_datasets/01_producer_consumer.py
[2026-05-10T21:25:41.605+0000] {logging_mixin.py:190} INFO - [2026-05-10T21:25:41.605+0000] {dag.py:3239} INFO - Sync 2 DAGs
[2026-05-10T21:25:41.614+0000] {logging_mixin.py:190} INFO - [2026-05-10T21:25:41.614+0000] {dag.py:4180} INFO - Setting next_dagrun for mod_08_01_dataset_consumer to None, run_after=None
[2026-05-10T21:25:41.617+0000] {logging_mixin.py:190} INFO - [2026-05-10T21:25:41.617+0000] {dag.py:4180} INFO - Setting next_dagrun for mod_08_01_dataset_producer to 2026-05-09 00:00:00+00:00, run_after=2026-05-10 00:00:00+00:00
[2026-05-10T21:25:41.626+0000] {processor.py:208} INFO - Processing /opt/airflow/dags/08_datasets/01_producer_consumer.py took 0.046 seconds
[2026-05-10T21:26:12.202+0000] {processor.py:186} INFO - Started process (PID=3120) to work on /opt/airflow/dags/08_datasets/01_producer_consumer.py
[2026-05-10T21:26:12.203+0000] {processor.py:914} INFO - Processing file /opt/airflow/dags/08_datasets/01_producer_consumer.py for tasks to queue
[2026-05-10T21:26:12.205+0000] {logging_mixin.py:190} INFO - [2026-05-10T21:26:12.205+0000] {dagbag.py:588} INFO - Filling up the DagBag from /opt/airflow/dags/08_datasets/01_producer_consumer.py
[2026-05-10T21:26:12.211+0000] {processor.py:925} INFO - DAG(s) 'mod_08_01_dataset_consumer', 'mod_08_01_dataset_producer' retrieved from /opt/airflow/dags/08_datasets/01_producer_consumer.py
[2026-05-10T21:26:12.227+0000] {logging_mixin.py:190} INFO - [2026-05-10T21:26:12.225+0000] {dag.py:3239} INFO - Sync 2 DAGs
[2026-05-10T21:26:12.237+0000] {logging_mixin.py:190} INFO - [2026-05-10T21:26:12.237+0000] {dag.py:4180} INFO - Setting next_dagrun for mod_08_01_dataset_consumer to None, run_after=None
[2026-05-10T21:26:12.240+0000] {logging_mixin.py:190} INFO - [2026-05-10T21:26:12.240+0000] {dag.py:4180} INFO - Setting next_dagrun for mod_08_01_dataset_producer to 2026-05-09 00:00:00+00:00, run_after=2026-05-10 00:00:00+00:00
[2026-05-10T21:26:12.250+0000] {processor.py:208} INFO - Processing /opt/airflow/dags/08_datasets/01_producer_consumer.py took 0.050 seconds
[2026-05-10T21:26:42.653+0000] {processor.py:186} INFO - Started process (PID=3322) to work on /opt/airflow/dags/08_datasets/01_producer_consumer.py
[2026-05-10T21:26:42.654+0000] {processor.py:914} INFO - Processing file /opt/airflow/dags/08_datasets/01_producer_consumer.py for tasks to queue
[2026-05-10T21:26:42.655+0000] {logging_mixin.py:190} INFO - [2026-05-10T21:26:42.655+0000] {dagbag.py:588} INFO - Filling up the DagBag from /opt/airflow/dags/08_datasets/01_producer_consumer.py
[2026-05-10T21:26:42.661+0000] {processor.py:925} INFO - DAG(s) 'mod_08_01_dataset_producer', 'mod_08_01_dataset_consumer' retrieved from /opt/airflow/dags/08_datasets/01_producer_consumer.py
[2026-05-10T21:26:42.678+0000] {logging_mixin.py:190} INFO - [2026-05-10T21:26:42.678+0000] {dag.py:3239} INFO - Sync 2 DAGs
[2026-05-10T21:26:42.686+0000] {logging_mixin.py:190} INFO - [2026-05-10T21:26:42.686+0000] {dag.py:4180} INFO - Setting next_dagrun for mod_08_01_dataset_consumer to None, run_after=None
[2026-05-10T21:26:42.688+0000] {logging_mixin.py:190} INFO - [2026-05-10T21:26:42.688+0000] {dag.py:4180} INFO - Setting next_dagrun for mod_08_01_dataset_producer to 2026-05-09 00:00:00+00:00, run_after=2026-05-10 00:00:00+00:00
[2026-05-10T21:26:42.698+0000] {processor.py:208} INFO - Processing /opt/airflow/dags/08_datasets/01_producer_consumer.py took 0.048 seconds
[2026-05-10T21:27:13.284+0000] {processor.py:186} INFO - Started process (PID=3525) to work on /opt/airflow/dags/08_datasets/01_producer_consumer.py
[2026-05-10T21:27:13.285+0000] {processor.py:914} INFO - Processing file /opt/airflow/dags/08_datasets/01_producer_consumer.py for tasks to queue
[2026-05-10T21:27:13.287+0000] {logging_mixin.py:190} INFO - [2026-05-10T21:27:13.287+0000] {dagbag.py:588} INFO - Filling up the DagBag from /opt/airflow/dags/08_datasets/01_producer_consumer.py
[2026-05-10T21:27:13.296+0000] {processor.py:925} INFO - DAG(s) 'mod_08_01_dataset_producer', 'mod_08_01_dataset_consumer' retrieved from /opt/airflow/dags/08_datasets/01_producer_consumer.py
[2026-05-10T21:27:13.306+0000] {logging_mixin.py:190} INFO - [2026-05-10T21:27:13.306+0000] {dag.py:3239} INFO - Sync 2 DAGs
[2026-05-10T21:27:13.316+0000] {logging_mixin.py:190} INFO - [2026-05-10T21:27:13.316+0000] {dag.py:4180} INFO - Setting next_dagrun for mod_08_01_dataset_consumer to None, run_after=None
[2026-05-10T21:27:13.321+0000] {logging_mixin.py:190} INFO - [2026-05-10T21:27:13.321+0000] {dag.py:4180} INFO - Setting next_dagrun for mod_08_01_dataset_producer to 2026-05-09 00:00:00+00:00, run_after=2026-05-10 00:00:00+00:00
[2026-05-10T21:27:13.330+0000] {processor.py:208} INFO - Processing /opt/airflow/dags/08_datasets/01_producer_consumer.py took 0.050 seconds
[2026-05-10T21:27:43.805+0000] {processor.py:186} INFO - Started process (PID=3728) to work on /opt/airflow/dags/08_datasets/01_producer_consumer.py
[2026-05-10T21:27:43.807+0000] {processor.py:914} INFO - Processing file /opt/airflow/dags/08_datasets/01_producer_consumer.py for tasks to queue
[2026-05-10T21:27:43.808+0000] {logging_mixin.py:190} INFO - [2026-05-10T21:27:43.808+0000] {dagbag.py:588} INFO - Filling up the DagBag from /opt/airflow/dags/08_datasets/01_producer_consumer.py
[2026-05-10T21:27:43.815+0000] {processor.py:925} INFO - DAG(s) 'mod_08_01_dataset_consumer', 'mod_08_01_dataset_producer' retrieved from /opt/airflow/dags/08_datasets/01_producer_consumer.py
[2026-05-10T21:27:43.826+0000] {logging_mixin.py:190} INFO - [2026-05-10T21:27:43.826+0000] {dag.py:3239} INFO - Sync 2 DAGs
[2026-05-10T21:27:43.838+0000] {logging_mixin.py:190} INFO - [2026-05-10T21:27:43.838+0000] {dag.py:4180} INFO - Setting next_dagrun for mod_08_01_dataset_consumer to None, run_after=None
[2026-05-10T21:27:43.842+0000] {logging_mixin.py:190} INFO - [2026-05-10T21:27:43.842+0000] {dag.py:4180} INFO - Setting next_dagrun for mod_08_01_dataset_producer to 2026-05-09 00:00:00+00:00, run_after=2026-05-10 00:00:00+00:00
[2026-05-10T21:27:43.851+0000] {processor.py:208} INFO - Processing /opt/airflow/dags/08_datasets/01_producer_consumer.py took 0.050 seconds
[2026-05-10T21:28:14.294+0000] {processor.py:186} INFO - Started process (PID=3931) to work on /opt/airflow/dags/08_datasets/01_producer_consumer.py
[2026-05-10T21:28:14.295+0000] {processor.py:914} INFO - Processing file /opt/airflow/dags/08_datasets/01_producer_consumer.py for tasks to queue
[2026-05-10T21:28:14.297+0000] {logging_mixin.py:190} INFO - [2026-05-10T21:28:14.296+0000] {dagbag.py:588} INFO - Filling up the DagBag from /opt/airflow/dags/08_datasets/01_producer_consumer.py
[2026-05-10T21:28:14.303+0000] {processor.py:925} INFO - DAG(s) 'mod_08_01_dataset_consumer', 'mod_08_01_dataset_producer' retrieved from /opt/airflow/dags/08_datasets/01_producer_consumer.py
[2026-05-10T21:28:14.314+0000] {logging_mixin.py:190} INFO - [2026-05-10T21:28:14.314+0000] {dag.py:3239} INFO - Sync 2 DAGs
[2026-05-10T21:28:14.328+0000] {logging_mixin.py:190} INFO - [2026-05-10T21:28:14.328+0000] {dag.py:4180} INFO - Setting next_dagrun for mod_08_01_dataset_consumer to None, run_after=None
[2026-05-10T21:28:14.330+0000] {logging_mixin.py:190} INFO - [2026-05-10T21:28:14.330+0000] {dag.py:4180} INFO - Setting next_dagrun for mod_08_01_dataset_producer to 2026-05-09 00:00:00+00:00, run_after=2026-05-10 00:00:00+00:00
[2026-05-10T21:28:14.339+0000] {processor.py:208} INFO - Processing /opt/airflow/dags/08_datasets/01_producer_consumer.py took 0.047 seconds
[2026-05-10T21:28:44.804+0000] {processor.py:186} INFO - Started process (PID=4134) to work on /opt/airflow/dags/08_datasets/01_producer_consumer.py
[2026-05-10T21:28:44.805+0000] {processor.py:914} INFO - Processing file /opt/airflow/dags/08_datasets/01_producer_consumer.py for tasks to queue
[2026-05-10T21:28:44.807+0000] {logging_mixin.py:190} INFO - [2026-05-10T21:28:44.807+0000] {dagbag.py:588} INFO - Filling up the DagBag from /opt/airflow/dags/08_datasets/01_producer_consumer.py
[2026-05-10T21:28:44.815+0000] {processor.py:925} INFO - DAG(s) 'mod_08_01_dataset_producer', 'mod_08_01_dataset_consumer' retrieved from /opt/airflow/dags/08_datasets/01_producer_consumer.py
[2026-05-10T21:28:44.843+0000] {logging_mixin.py:190} INFO - [2026-05-10T21:28:44.841+0000] {dag.py:3239} INFO - Sync 2 DAGs
[2026-05-10T21:28:44.857+0000] {logging_mixin.py:190} INFO - [2026-05-10T21:28:44.857+0000] {dag.py:4180} INFO - Setting next_dagrun for mod_08_01_dataset_consumer to None, run_after=None
[2026-05-10T21:28:44.861+0000] {logging_mixin.py:190} INFO - [2026-05-10T21:28:44.861+0000] {dag.py:4180} INFO - Setting next_dagrun for mod_08_01_dataset_producer to 2026-05-09 00:00:00+00:00, run_after=2026-05-10 00:00:00+00:00
[2026-05-10T21:28:44.873+0000] {processor.py:208} INFO - Processing /opt/airflow/dags/08_datasets/01_producer_consumer.py took 0.074 seconds
[2026-05-10T21:29:15.381+0000] {processor.py:186} INFO - Started process (PID=4337) to work on /opt/airflow/dags/08_datasets/01_producer_consumer.py
[2026-05-10T21:29:15.381+0000] {processor.py:914} INFO - Processing file /opt/airflow/dags/08_datasets/01_producer_consumer.py for tasks to queue
[2026-05-10T21:29:15.383+0000] {logging_mixin.py:190} INFO - [2026-05-10T21:29:15.383+0000] {dagbag.py:588} INFO - Filling up the DagBag from /opt/airflow/dags/08_datasets/01_producer_consumer.py
[2026-05-10T21:29:15.392+0000] {processor.py:925} INFO - DAG(s) 'mod_08_01_dataset_producer', 'mod_08_01_dataset_consumer' retrieved from /opt/airflow/dags/08_datasets/01_producer_consumer.py
[2026-05-10T21:29:15.400+0000] {logging_mixin.py:190} INFO - [2026-05-10T21:29:15.400+0000] {dag.py:3239} INFO - Sync 2 DAGs
[2026-05-10T21:29:15.411+0000] {logging_mixin.py:190} INFO - [2026-05-10T21:29:15.411+0000] {dag.py:4180} INFO - Setting next_dagrun for mod_08_01_dataset_consumer to None, run_after=None
[2026-05-10T21:29:15.415+0000] {logging_mixin.py:190} INFO - [2026-05-10T21:29:15.415+0000] {dag.py:4180} INFO - Setting next_dagrun for mod_08_01_dataset_producer to 2026-05-09 00:00:00+00:00, run_after=2026-05-10 00:00:00+00:00
[2026-05-10T21:29:15.427+0000] {processor.py:208} INFO - Processing /opt/airflow/dags/08_datasets/01_producer_consumer.py took 0.049 seconds
[2026-05-10T21:29:45.940+0000] {processor.py:186} INFO - Started process (PID=4540) to work on /opt/airflow/dags/08_datasets/01_producer_consumer.py
[2026-05-10T21:29:45.940+0000] {processor.py:914} INFO - Processing file /opt/airflow/dags/08_datasets/01_producer_consumer.py for tasks to queue
[2026-05-10T21:29:45.941+0000] {logging_mixin.py:190} INFO - [2026-05-10T21:29:45.941+0000] {dagbag.py:588} INFO - Filling up the DagBag from /opt/airflow/dags/08_datasets/01_producer_consumer.py
[2026-05-10T21:29:45.949+0000] {processor.py:925} INFO - DAG(s) 'mod_08_01_dataset_consumer', 'mod_08_01_dataset_producer' retrieved from /opt/airflow/dags/08_datasets/01_producer_consumer.py
[2026-05-10T21:29:45.962+0000] {logging_mixin.py:190} INFO - [2026-05-10T21:29:45.962+0000] {dag.py:3239} INFO - Sync 2 DAGs
[2026-05-10T21:29:45.972+0000] {logging_mixin.py:190} INFO - [2026-05-10T21:29:45.971+0000] {dag.py:4180} INFO - Setting next_dagrun for mod_08_01_dataset_consumer to None, run_after=None
[2026-05-10T21:29:45.974+0000] {logging_mixin.py:190} INFO - [2026-05-10T21:29:45.974+0000] {dag.py:4180} INFO - Setting next_dagrun for mod_08_01_dataset_producer to 2026-05-09 00:00:00+00:00, run_after=2026-05-10 00:00:00+00:00
[2026-05-10T21:29:45.984+0000] {processor.py:208} INFO - Processing /opt/airflow/dags/08_datasets/01_producer_consumer.py took 0.047 seconds
[2026-05-10T21:30:16.408+0000] {processor.py:186} INFO - Started process (PID=4743) to work on /opt/airflow/dags/08_datasets/01_producer_consumer.py
[2026-05-10T21:30:16.409+0000] {processor.py:914} INFO - Processing file /opt/airflow/dags/08_datasets/01_producer_consumer.py for tasks to queue
[2026-05-10T21:30:16.410+0000] {logging_mixin.py:190} INFO - [2026-05-10T21:30:16.410+0000] {dagbag.py:588} INFO - Filling up the DagBag from /opt/airflow/dags/08_datasets/01_producer_consumer.py
[2026-05-10T21:30:16.417+0000] {processor.py:925} INFO - DAG(s) 'mod_08_01_dataset_consumer', 'mod_08_01_dataset_producer' retrieved from /opt/airflow/dags/08_datasets/01_producer_consumer.py
[2026-05-10T21:30:16.427+0000] {logging_mixin.py:190} INFO - [2026-05-10T21:30:16.427+0000] {dag.py:3239} INFO - Sync 2 DAGs
[2026-05-10T21:30:16.438+0000] {logging_mixin.py:190} INFO - [2026-05-10T21:30:16.437+0000] {dag.py:4180} INFO - Setting next_dagrun for mod_08_01_dataset_consumer to None, run_after=None
[2026-05-10T21:30:16.440+0000] {logging_mixin.py:190} INFO - [2026-05-10T21:30:16.440+0000] {dag.py:4180} INFO - Setting next_dagrun for mod_08_01_dataset_producer to 2026-05-09 00:00:00+00:00, run_after=2026-05-10 00:00:00+00:00
[2026-05-10T21:30:16.454+0000] {processor.py:208} INFO - Processing /opt/airflow/dags/08_datasets/01_producer_consumer.py took 0.048 seconds
[2026-05-10T21:30:46.959+0000] {processor.py:186} INFO - Started process (PID=4946) to work on /opt/airflow/dags/08_datasets/01_producer_consumer.py
[2026-05-10T21:30:46.960+0000] {processor.py:914} INFO - Processing file /opt/airflow/dags/08_datasets/01_producer_consumer.py for tasks to queue
[2026-05-10T21:30:46.961+0000] {logging_mixin.py:190} INFO - [2026-05-10T21:30:46.961+0000] {dagbag.py:588} INFO - Filling up the DagBag from /opt/airflow/dags/08_datasets/01_producer_consumer.py
[2026-05-10T21:30:46.968+0000] {processor.py:925} INFO - DAG(s) 'mod_08_01_dataset_producer', 'mod_08_01_dataset_consumer' retrieved from /opt/airflow/dags/08_datasets/01_producer_consumer.py
[2026-05-10T21:30:46.980+0000] {logging_mixin.py:190} INFO - [2026-05-10T21:30:46.980+0000] {dag.py:3239} INFO - Sync 2 DAGs
[2026-05-10T21:30:46.992+0000] {logging_mixin.py:190} INFO - [2026-05-10T21:30:46.991+0000] {dag.py:4180} INFO - Setting next_dagrun for mod_08_01_dataset_consumer to None, run_after=None
[2026-05-10T21:30:46.996+0000] {logging_mixin.py:190} INFO - [2026-05-10T21:30:46.996+0000] {dag.py:4180} INFO - Setting next_dagrun for mod_08_01_dataset_producer to 2026-05-09 00:00:00+00:00, run_after=2026-05-10 00:00:00+00:00
[2026-05-10T21:30:47.008+0000] {processor.py:208} INFO - Processing /opt/airflow/dags/08_datasets/01_producer_consumer.py took 0.051 seconds
[2026-05-10T21:31:17.528+0000] {processor.py:186} INFO - Started process (PID=5149) to work on /opt/airflow/dags/08_datasets/01_producer_consumer.py
[2026-05-10T21:31:17.528+0000] {processor.py:914} INFO - Processing file /opt/airflow/dags/08_datasets/01_producer_consumer.py for tasks to queue
[2026-05-10T21:31:17.530+0000] {logging_mixin.py:190} INFO - [2026-05-10T21:31:17.529+0000] {dagbag.py:588} INFO - Filling up the DagBag from /opt/airflow/dags/08_datasets/01_producer_consumer.py
[2026-05-10T21:31:17.538+0000] {processor.py:925} INFO - DAG(s) 'mod_08_01_dataset_producer', 'mod_08_01_dataset_consumer' retrieved from /opt/airflow/dags/08_datasets/01_producer_consumer.py
[2026-05-10T21:31:17.552+0000] {logging_mixin.py:190} INFO - [2026-05-10T21:31:17.550+0000] {dag.py:3239} INFO - Sync 2 DAGs
[2026-05-10T21:31:17.561+0000] {logging_mixin.py:190} INFO - [2026-05-10T21:31:17.561+0000] {dag.py:4180} INFO - Setting next_dagrun for mod_08_01_dataset_consumer to None, run_after=None
[2026-05-10T21:31:17.563+0000] {logging_mixin.py:190} INFO - [2026-05-10T21:31:17.563+0000] {dag.py:4180} INFO - Setting next_dagrun for mod_08_01_dataset_producer to 2026-05-09 00:00:00+00:00, run_after=2026-05-10 00:00:00+00:00
[2026-05-10T21:31:17.573+0000] {processor.py:208} INFO - Processing /opt/airflow/dags/08_datasets/01_producer_consumer.py took 0.048 seconds
[2026-05-10T21:31:48.038+0000] {processor.py:186} INFO - Started process (PID=5352) to work on /opt/airflow/dags/08_datasets/01_producer_consumer.py
[2026-05-10T21:31:48.039+0000] {processor.py:914} INFO - Processing file /opt/airflow/dags/08_datasets/01_producer_consumer.py for tasks to queue
[2026-05-10T21:31:48.040+0000] {logging_mixin.py:190} INFO - [2026-05-10T21:31:48.040+0000] {dagbag.py:588} INFO - Filling up the DagBag from /opt/airflow/dags/08_datasets/01_producer_consumer.py
[2026-05-10T21:31:48.049+0000] {processor.py:925} INFO - DAG(s) 'mod_08_01_dataset_consumer', 'mod_08_01_dataset_producer' retrieved from /opt/airflow/dags/08_datasets/01_producer_consumer.py
[2026-05-10T21:31:48.059+0000] {logging_mixin.py:190} INFO - [2026-05-10T21:31:48.058+0000] {dag.py:3239} INFO - Sync 2 DAGs
[2026-05-10T21:31:48.070+0000] {logging_mixin.py:190} INFO - [2026-05-10T21:31:48.069+0000] {dag.py:4180} INFO - Setting next_dagrun for mod_08_01_dataset_consumer to None, run_after=None
[2026-05-10T21:31:48.073+0000] {logging_mixin.py:190} INFO - [2026-05-10T21:31:48.073+0000] {dag.py:4180} INFO - Setting next_dagrun for mod_08_01_dataset_producer to 2026-05-09 00:00:00+00:00, run_after=2026-05-10 00:00:00+00:00
[2026-05-10T21:31:48.083+0000] {processor.py:208} INFO - Processing /opt/airflow/dags/08_datasets/01_producer_consumer.py took 0.047 seconds
