[2026-05-10T21:19:04.989+0000] {processor.py:186} INFO - Started process (PID=258) to work on /opt/airflow/dags/08_datasets/02_conditional_dataset_scheduling.py
[2026-05-10T21:19:04.990+0000] {processor.py:914} INFO - Processing file /opt/airflow/dags/08_datasets/02_conditional_dataset_scheduling.py for tasks to queue
[2026-05-10T21:19:04.995+0000] {logging_mixin.py:190} INFO - [2026-05-10T21:19:04.994+0000] {dagbag.py:588} INFO - Filling up the DagBag from /opt/airflow/dags/08_datasets/02_conditional_dataset_scheduling.py
[2026-05-10T21:19:05.005+0000] {processor.py:925} INFO - DAG(s) 'mod_08_02_users_producer', 'mod_08_02_promotions_producer', 'mod_08_02_orders_producer', 'mod_08_02_conditional_consumer' retrieved from /opt/airflow/dags/08_datasets/02_conditional_dataset_scheduling.py
[2026-05-10T21:19:05.055+0000] {logging_mixin.py:190} INFO - [2026-05-10T21:19:05.055+0000] {override.py:1912} INFO - Created Permission View: can delete on DAG:mod_08_02_users_producer
[2026-05-10T21:19:05.059+0000] {logging_mixin.py:190} INFO - [2026-05-10T21:19:05.059+0000] {override.py:1912} INFO - Created Permission View: can edit on DAG:mod_08_02_users_producer
[2026-05-10T21:19:05.062+0000] {logging_mixin.py:190} INFO - [2026-05-10T21:19:05.061+0000] {override.py:1912} INFO - Created Permission View: can read on DAG:mod_08_02_users_producer
[2026-05-10T21:19:05.066+0000] {logging_mixin.py:190} INFO - [2026-05-10T21:19:05.066+0000] {override.py:1912} INFO - Created Permission View: can delete on DAG Run:mod_08_02_users_producer
[2026-05-10T21:19:05.069+0000] {logging_mixin.py:190} INFO - [2026-05-10T21:19:05.069+0000] {override.py:1912} INFO - Created Permission View: menu access on DAG Run:mod_08_02_users_producer
[2026-05-10T21:19:05.071+0000] {logging_mixin.py:190} INFO - [2026-05-10T21:19:05.071+0000] {override.py:1912} INFO - Created Permission View: can create on DAG Run:mod_08_02_users_producer
[2026-05-10T21:19:05.073+0000] {logging_mixin.py:190} INFO - [2026-05-10T21:19:05.073+0000] {override.py:1912} INFO - Created Permission View: can read on DAG Run:mod_08_02_users_producer
[2026-05-10T21:19:05.080+0000] {logging_mixin.py:190} INFO - [2026-05-10T21:19:05.080+0000] {override.py:1912} INFO - Created Permission View: can delete on DAG:mod_08_02_promotions_producer
[2026-05-10T21:19:05.083+0000] {logging_mixin.py:190} INFO - [2026-05-10T21:19:05.083+0000] {override.py:1912} INFO - Created Permission View: can edit on DAG:mod_08_02_promotions_producer
[2026-05-10T21:19:05.087+0000] {logging_mixin.py:190} INFO - [2026-05-10T21:19:05.087+0000] {override.py:1912} INFO - Created Permission View: can read on DAG:mod_08_02_promotions_producer
[2026-05-10T21:19:05.089+0000] {logging_mixin.py:190} INFO - [2026-05-10T21:19:05.089+0000] {override.py:1912} INFO - Created Permission View: can delete on DAG Run:mod_08_02_promotions_producer
[2026-05-10T21:19:05.092+0000] {logging_mixin.py:190} INFO - [2026-05-10T21:19:05.092+0000] {override.py:1912} INFO - Created Permission View: menu access on DAG Run:mod_08_02_promotions_producer
[2026-05-10T21:19:05.094+0000] {logging_mixin.py:190} INFO - [2026-05-10T21:19:05.094+0000] {override.py:1912} INFO - Created Permission View: can create on DAG Run:mod_08_02_promotions_producer
[2026-05-10T21:19:05.096+0000] {logging_mixin.py:190} INFO - [2026-05-10T21:19:05.095+0000] {override.py:1912} INFO - Created Permission View: can read on DAG Run:mod_08_02_promotions_producer
[2026-05-10T21:19:05.099+0000] {logging_mixin.py:190} INFO - [2026-05-10T21:19:05.099+0000] {override.py:1912} INFO - Created Permission View: can delete on DAG:mod_08_02_orders_producer
[2026-05-10T21:19:05.102+0000] {logging_mixin.py:190} INFO - [2026-05-10T21:19:05.102+0000] {override.py:1912} INFO - Created Permission View: can edit on DAG:mod_08_02_orders_producer
[2026-05-10T21:19:05.107+0000] {logging_mixin.py:190} INFO - [2026-05-10T21:19:05.106+0000] {override.py:1912} INFO - Created Permission View: can read on DAG:mod_08_02_orders_producer
[2026-05-10T21:19:05.108+0000] {logging_mixin.py:190} INFO - [2026-05-10T21:19:05.108+0000] {override.py:1912} INFO - Created Permission View: can delete on DAG Run:mod_08_02_orders_producer
[2026-05-10T21:19:05.112+0000] {logging_mixin.py:190} INFO - [2026-05-10T21:19:05.112+0000] {override.py:1912} INFO - Created Permission View: menu access on DAG Run:mod_08_02_orders_producer
[2026-05-10T21:19:05.114+0000] {logging_mixin.py:190} INFO - [2026-05-10T21:19:05.113+0000] {override.py:1912} INFO - Created Permission View: can create on DAG Run:mod_08_02_orders_producer
[2026-05-10T21:19:05.120+0000] {logging_mixin.py:190} INFO - [2026-05-10T21:19:05.119+0000] {override.py:1912} INFO - Created Permission View: can read on DAG Run:mod_08_02_orders_producer
[2026-05-10T21:19:05.123+0000] {logging_mixin.py:190} INFO - [2026-05-10T21:19:05.123+0000] {override.py:1912} INFO - Created Permission View: can delete on DAG:mod_08_02_conditional_consumer
[2026-05-10T21:19:05.126+0000] {logging_mixin.py:190} INFO - [2026-05-10T21:19:05.126+0000] {override.py:1912} INFO - Created Permission View: can edit on DAG:mod_08_02_conditional_consumer
[2026-05-10T21:19:05.128+0000] {logging_mixin.py:190} INFO - [2026-05-10T21:19:05.128+0000] {override.py:1912} INFO - Created Permission View: can read on DAG:mod_08_02_conditional_consumer
[2026-05-10T21:19:05.130+0000] {logging_mixin.py:190} INFO - [2026-05-10T21:19:05.129+0000] {override.py:1912} INFO - Created Permission View: can delete on DAG Run:mod_08_02_conditional_consumer
[2026-05-10T21:19:05.131+0000] {logging_mixin.py:190} INFO - [2026-05-10T21:19:05.131+0000] {override.py:1912} INFO - Created Permission View: menu access on DAG Run:mod_08_02_conditional_consumer
[2026-05-10T21:19:05.132+0000] {logging_mixin.py:190} INFO - [2026-05-10T21:19:05.132+0000] {override.py:1912} INFO - Created Permission View: can create on DAG Run:mod_08_02_conditional_consumer
[2026-05-10T21:19:05.134+0000] {logging_mixin.py:190} INFO - [2026-05-10T21:19:05.134+0000] {override.py:1912} INFO - Created Permission View: can read on DAG Run:mod_08_02_conditional_consumer
[2026-05-10T21:19:05.134+0000] {logging_mixin.py:190} INFO - [2026-05-10T21:19:05.134+0000] {dag.py:3239} INFO - Sync 4 DAGs
[2026-05-10T21:19:05.138+0000] {logging_mixin.py:190} INFO - [2026-05-10T21:19:05.138+0000] {dag.py:3262} INFO - Creating ORM DAG for mod_08_02_orders_producer
[2026-05-10T21:19:05.139+0000] {logging_mixin.py:190} INFO - [2026-05-10T21:19:05.139+0000] {dag.py:3262} INFO - Creating ORM DAG for mod_08_02_promotions_producer
[2026-05-10T21:19:05.139+0000] {logging_mixin.py:190} INFO - [2026-05-10T21:19:05.139+0000] {dag.py:3262} INFO - Creating ORM DAG for mod_08_02_conditional_consumer
[2026-05-10T21:19:05.139+0000] {logging_mixin.py:190} INFO - [2026-05-10T21:19:05.139+0000] {dag.py:3262} INFO - Creating ORM DAG for mod_08_02_users_producer
[2026-05-10T21:19:05.142+0000] {logging_mixin.py:190} INFO - [2026-05-10T21:19:05.142+0000] {dag.py:4180} INFO - Setting next_dagrun for mod_08_02_conditional_consumer to None, run_after=None
[2026-05-10T21:19:05.143+0000] {logging_mixin.py:190} INFO - [2026-05-10T21:19:05.143+0000] {dag.py:4180} INFO - Setting next_dagrun for mod_08_02_orders_producer to 2026-05-09 00:00:00+00:00, run_after=2026-05-10 00:00:00+00:00
[2026-05-10T21:19:05.143+0000] {logging_mixin.py:190} INFO - [2026-05-10T21:19:05.143+0000] {dag.py:4180} INFO - Setting next_dagrun for mod_08_02_promotions_producer to 2026-05-09 00:00:00+00:00, run_after=2026-05-10 00:00:00+00:00
[2026-05-10T21:19:05.144+0000] {logging_mixin.py:190} INFO - [2026-05-10T21:19:05.144+0000] {dag.py:4180} INFO - Setting next_dagrun for mod_08_02_users_producer to 2026-05-09 00:00:00+00:00, run_after=2026-05-10 00:00:00+00:00
[2026-05-10T21:19:05.154+0000] {processor.py:208} INFO - Processing /opt/airflow/dags/08_datasets/02_conditional_dataset_scheduling.py took 0.168 seconds
[2026-05-10T21:19:35.538+0000] {processor.py:186} INFO - Started process (PID=461) to work on /opt/airflow/dags/08_datasets/02_conditional_dataset_scheduling.py
[2026-05-10T21:19:35.539+0000] {processor.py:914} INFO - Processing file /opt/airflow/dags/08_datasets/02_conditional_dataset_scheduling.py for tasks to queue
[2026-05-10T21:19:35.540+0000] {logging_mixin.py:190} INFO - [2026-05-10T21:19:35.539+0000] {dagbag.py:588} INFO - Filling up the DagBag from /opt/airflow/dags/08_datasets/02_conditional_dataset_scheduling.py
[2026-05-10T21:19:35.546+0000] {processor.py:925} INFO - DAG(s) 'mod_08_02_orders_producer', 'mod_08_02_users_producer', 'mod_08_02_promotions_producer', 'mod_08_02_conditional_consumer' retrieved from /opt/airflow/dags/08_datasets/02_conditional_dataset_scheduling.py
[2026-05-10T21:19:35.557+0000] {logging_mixin.py:190} INFO - [2026-05-10T21:19:35.557+0000] {dag.py:3239} INFO - Sync 4 DAGs
[2026-05-10T21:19:35.569+0000] {logging_mixin.py:190} INFO - [2026-05-10T21:19:35.569+0000] {dag.py:4180} INFO - Setting next_dagrun for mod_08_02_conditional_consumer to None, run_after=None
[2026-05-10T21:19:35.571+0000] {logging_mixin.py:190} INFO - [2026-05-10T21:19:35.571+0000] {dag.py:4180} INFO - Setting next_dagrun for mod_08_02_orders_producer to 2026-05-09 00:00:00+00:00, run_after=2026-05-10 00:00:00+00:00
[2026-05-10T21:19:35.571+0000] {logging_mixin.py:190} INFO - [2026-05-10T21:19:35.571+0000] {dag.py:4180} INFO - Setting next_dagrun for mod_08_02_promotions_producer to 2026-05-09 00:00:00+00:00, run_after=2026-05-10 00:00:00+00:00
[2026-05-10T21:19:35.573+0000] {logging_mixin.py:190} INFO - [2026-05-10T21:19:35.573+0000] {dag.py:4180} INFO - Setting next_dagrun for mod_08_02_users_producer to 2026-05-09 00:00:00+00:00, run_after=2026-05-10 00:00:00+00:00
[2026-05-10T21:19:35.586+0000] {processor.py:208} INFO - Processing /opt/airflow/dags/08_datasets/02_conditional_dataset_scheduling.py took 0.051 seconds
[2026-05-10T21:20:05.984+0000] {processor.py:186} INFO - Started process (PID=664) to work on /opt/airflow/dags/08_datasets/02_conditional_dataset_scheduling.py
[2026-05-10T21:20:05.985+0000] {processor.py:914} INFO - Processing file /opt/airflow/dags/08_datasets/02_conditional_dataset_scheduling.py for tasks to queue
[2026-05-10T21:20:05.986+0000] {logging_mixin.py:190} INFO - [2026-05-10T21:20:05.986+0000] {dagbag.py:588} INFO - Filling up the DagBag from /opt/airflow/dags/08_datasets/02_conditional_dataset_scheduling.py
[2026-05-10T21:20:05.995+0000] {processor.py:925} INFO - DAG(s) 'mod_08_02_conditional_consumer', 'mod_08_02_orders_producer', 'mod_08_02_users_producer', 'mod_08_02_promotions_producer' retrieved from /opt/airflow/dags/08_datasets/02_conditional_dataset_scheduling.py
[2026-05-10T21:20:06.014+0000] {logging_mixin.py:190} INFO - [2026-05-10T21:20:06.014+0000] {dag.py:3239} INFO - Sync 4 DAGs
[2026-05-10T21:20:06.023+0000] {logging_mixin.py:190} INFO - [2026-05-10T21:20:06.023+0000] {dag.py:4180} INFO - Setting next_dagrun for mod_08_02_conditional_consumer to None, run_after=None
[2026-05-10T21:20:06.026+0000] {logging_mixin.py:190} INFO - [2026-05-10T21:20:06.026+0000] {dag.py:4180} INFO - Setting next_dagrun for mod_08_02_orders_producer to 2026-05-09 00:00:00+00:00, run_after=2026-05-10 00:00:00+00:00
[2026-05-10T21:20:06.027+0000] {logging_mixin.py:190} INFO - [2026-05-10T21:20:06.027+0000] {dag.py:4180} INFO - Setting next_dagrun for mod_08_02_promotions_producer to 2026-05-09 00:00:00+00:00, run_after=2026-05-10 00:00:00+00:00
[2026-05-10T21:20:06.028+0000] {logging_mixin.py:190} INFO - [2026-05-10T21:20:06.028+0000] {dag.py:4180} INFO - Setting next_dagrun for mod_08_02_users_producer to 2026-05-09 00:00:00+00:00, run_after=2026-05-10 00:00:00+00:00
[2026-05-10T21:20:06.041+0000] {processor.py:208} INFO - Processing /opt/airflow/dags/08_datasets/02_conditional_dataset_scheduling.py took 0.059 seconds
[2026-05-10T21:20:36.548+0000] {processor.py:186} INFO - Started process (PID=867) to work on /opt/airflow/dags/08_datasets/02_conditional_dataset_scheduling.py
[2026-05-10T21:20:36.549+0000] {processor.py:914} INFO - Processing file /opt/airflow/dags/08_datasets/02_conditional_dataset_scheduling.py for tasks to queue
[2026-05-10T21:20:36.551+0000] {logging_mixin.py:190} INFO - [2026-05-10T21:20:36.551+0000] {dagbag.py:588} INFO - Filling up the DagBag from /opt/airflow/dags/08_datasets/02_conditional_dataset_scheduling.py
[2026-05-10T21:20:36.557+0000] {processor.py:925} INFO - DAG(s) 'mod_08_02_conditional_consumer', 'mod_08_02_orders_producer', 'mod_08_02_promotions_producer', 'mod_08_02_users_producer' retrieved from /opt/airflow/dags/08_datasets/02_conditional_dataset_scheduling.py
[2026-05-10T21:20:36.576+0000] {logging_mixin.py:190} INFO - [2026-05-10T21:20:36.576+0000] {dag.py:3239} INFO - Sync 4 DAGs
[2026-05-10T21:20:36.586+0000] {logging_mixin.py:190} INFO - [2026-05-10T21:20:36.585+0000] {dag.py:4180} INFO - Setting next_dagrun for mod_08_02_conditional_consumer to None, run_after=None
[2026-05-10T21:20:36.588+0000] {logging_mixin.py:190} INFO - [2026-05-10T21:20:36.588+0000] {dag.py:4180} INFO - Setting next_dagrun for mod_08_02_orders_producer to 2026-05-09 00:00:00+00:00, run_after=2026-05-10 00:00:00+00:00
[2026-05-10T21:20:36.589+0000] {logging_mixin.py:190} INFO - [2026-05-10T21:20:36.589+0000] {dag.py:4180} INFO - Setting next_dagrun for mod_08_02_promotions_producer to 2026-05-09 00:00:00+00:00, run_after=2026-05-10 00:00:00+00:00
[2026-05-10T21:20:36.591+0000] {logging_mixin.py:190} INFO - [2026-05-10T21:20:36.591+0000] {dag.py:4180} INFO - Setting next_dagrun for mod_08_02_users_producer to 2026-05-09 00:00:00+00:00, run_after=2026-05-10 00:00:00+00:00
[2026-05-10T21:20:36.601+0000] {processor.py:208} INFO - Processing /opt/airflow/dags/08_datasets/02_conditional_dataset_scheduling.py took 0.056 seconds
[2026-05-10T21:21:07.097+0000] {processor.py:186} INFO - Started process (PID=1070) to work on /opt/airflow/dags/08_datasets/02_conditional_dataset_scheduling.py
[2026-05-10T21:21:07.098+0000] {processor.py:914} INFO - Processing file /opt/airflow/dags/08_datasets/02_conditional_dataset_scheduling.py for tasks to queue
[2026-05-10T21:21:07.100+0000] {logging_mixin.py:190} INFO - [2026-05-10T21:21:07.100+0000] {dagbag.py:588} INFO - Filling up the DagBag from /opt/airflow/dags/08_datasets/02_conditional_dataset_scheduling.py
[2026-05-10T21:21:07.107+0000] {processor.py:925} INFO - DAG(s) 'mod_08_02_promotions_producer', 'mod_08_02_users_producer', 'mod_08_02_conditional_consumer', 'mod_08_02_orders_producer' retrieved from /opt/airflow/dags/08_datasets/02_conditional_dataset_scheduling.py
[2026-05-10T21:21:07.125+0000] {logging_mixin.py:190} INFO - [2026-05-10T21:21:07.125+0000] {dag.py:3239} INFO - Sync 4 DAGs
[2026-05-10T21:21:07.137+0000] {logging_mixin.py:190} INFO - [2026-05-10T21:21:07.137+0000] {dag.py:4180} INFO - Setting next_dagrun for mod_08_02_conditional_consumer to None, run_after=None
[2026-05-10T21:21:07.140+0000] {logging_mixin.py:190} INFO - [2026-05-10T21:21:07.140+0000] {dag.py:4180} INFO - Setting next_dagrun for mod_08_02_orders_producer to 2026-05-09 00:00:00+00:00, run_after=2026-05-10 00:00:00+00:00
[2026-05-10T21:21:07.142+0000] {logging_mixin.py:190} INFO - [2026-05-10T21:21:07.142+0000] {dag.py:4180} INFO - Setting next_dagrun for mod_08_02_promotions_producer to 2026-05-09 00:00:00+00:00, run_after=2026-05-10 00:00:00+00:00
[2026-05-10T21:21:07.143+0000] {logging_mixin.py:190} INFO - [2026-05-10T21:21:07.143+0000] {dag.py:4180} INFO - Setting next_dagrun for mod_08_02_users_producer to 2026-05-09 00:00:00+00:00, run_after=2026-05-10 00:00:00+00:00
[2026-05-10T21:21:07.156+0000] {processor.py:208} INFO - Processing /opt/airflow/dags/08_datasets/02_conditional_dataset_scheduling.py took 0.061 seconds
[2026-05-10T21:21:37.631+0000] {processor.py:186} INFO - Started process (PID=1273) to work on /opt/airflow/dags/08_datasets/02_conditional_dataset_scheduling.py
[2026-05-10T21:21:37.632+0000] {processor.py:914} INFO - Processing file /opt/airflow/dags/08_datasets/02_conditional_dataset_scheduling.py for tasks to queue
[2026-05-10T21:21:37.633+0000] {logging_mixin.py:190} INFO - [2026-05-10T21:21:37.633+0000] {dagbag.py:588} INFO - Filling up the DagBag from /opt/airflow/dags/08_datasets/02_conditional_dataset_scheduling.py
[2026-05-10T21:21:37.644+0000] {processor.py:925} INFO - DAG(s) 'mod_08_02_conditional_consumer', 'mod_08_02_promotions_producer', 'mod_08_02_users_producer', 'mod_08_02_orders_producer' retrieved from /opt/airflow/dags/08_datasets/02_conditional_dataset_scheduling.py
[2026-05-10T21:21:37.659+0000] {logging_mixin.py:190} INFO - [2026-05-10T21:21:37.659+0000] {dag.py:3239} INFO - Sync 4 DAGs
[2026-05-10T21:21:37.672+0000] {logging_mixin.py:190} INFO - [2026-05-10T21:21:37.672+0000] {dag.py:4180} INFO - Setting next_dagrun for mod_08_02_conditional_consumer to None, run_after=None
[2026-05-10T21:21:37.674+0000] {logging_mixin.py:190} INFO - [2026-05-10T21:21:37.674+0000] {dag.py:4180} INFO - Setting next_dagrun for mod_08_02_orders_producer to 2026-05-09 00:00:00+00:00, run_after=2026-05-10 00:00:00+00:00
[2026-05-10T21:21:37.677+0000] {logging_mixin.py:190} INFO - [2026-05-10T21:21:37.677+0000] {dag.py:4180} INFO - Setting next_dagrun for mod_08_02_promotions_producer to 2026-05-09 00:00:00+00:00, run_after=2026-05-10 00:00:00+00:00
[2026-05-10T21:21:37.678+0000] {logging_mixin.py:190} INFO - [2026-05-10T21:21:37.678+0000] {dag.py:4180} INFO - Setting next_dagrun for mod_08_02_users_producer to 2026-05-09 00:00:00+00:00, run_after=2026-05-10 00:00:00+00:00
[2026-05-10T21:21:37.696+0000] {processor.py:208} INFO - Processing /opt/airflow/dags/08_datasets/02_conditional_dataset_scheduling.py took 0.067 seconds
[2026-05-10T21:22:08.125+0000] {processor.py:186} INFO - Started process (PID=1476) to work on /opt/airflow/dags/08_datasets/02_conditional_dataset_scheduling.py
[2026-05-10T21:22:08.126+0000] {processor.py:914} INFO - Processing file /opt/airflow/dags/08_datasets/02_conditional_dataset_scheduling.py for tasks to queue
[2026-05-10T21:22:08.127+0000] {logging_mixin.py:190} INFO - [2026-05-10T21:22:08.127+0000] {dagbag.py:588} INFO - Filling up the DagBag from /opt/airflow/dags/08_datasets/02_conditional_dataset_scheduling.py
[2026-05-10T21:22:08.134+0000] {processor.py:925} INFO - DAG(s) 'mod_08_02_conditional_consumer', 'mod_08_02_orders_producer', 'mod_08_02_promotions_producer', 'mod_08_02_users_producer' retrieved from /opt/airflow/dags/08_datasets/02_conditional_dataset_scheduling.py
[2026-05-10T21:22:08.149+0000] {logging_mixin.py:190} INFO - [2026-05-10T21:22:08.149+0000] {dag.py:3239} INFO - Sync 4 DAGs
[2026-05-10T21:22:08.158+0000] {logging_mixin.py:190} INFO - [2026-05-10T21:22:08.157+0000] {dag.py:4180} INFO - Setting next_dagrun for mod_08_02_conditional_consumer to None, run_after=None
[2026-05-10T21:22:08.159+0000] {logging_mixin.py:190} INFO - [2026-05-10T21:22:08.159+0000] {dag.py:4180} INFO - Setting next_dagrun for mod_08_02_orders_producer to 2026-05-09 00:00:00+00:00, run_after=2026-05-10 00:00:00+00:00
[2026-05-10T21:22:08.161+0000] {logging_mixin.py:190} INFO - [2026-05-10T21:22:08.161+0000] {dag.py:4180} INFO - Setting next_dagrun for mod_08_02_promotions_producer to 2026-05-09 00:00:00+00:00, run_after=2026-05-10 00:00:00+00:00
[2026-05-10T21:22:08.162+0000] {logging_mixin.py:190} INFO - [2026-05-10T21:22:08.162+0000] {dag.py:4180} INFO - Setting next_dagrun for mod_08_02_users_producer to 2026-05-09 00:00:00+00:00, run_after=2026-05-10 00:00:00+00:00
[2026-05-10T21:22:08.176+0000] {processor.py:208} INFO - Processing /opt/airflow/dags/08_datasets/02_conditional_dataset_scheduling.py took 0.054 seconds
[2026-05-10T21:22:38.569+0000] {processor.py:186} INFO - Started process (PID=1679) to work on /opt/airflow/dags/08_datasets/02_conditional_dataset_scheduling.py
[2026-05-10T21:22:38.570+0000] {processor.py:914} INFO - Processing file /opt/airflow/dags/08_datasets/02_conditional_dataset_scheduling.py for tasks to queue
[2026-05-10T21:22:38.571+0000] {logging_mixin.py:190} INFO - [2026-05-10T21:22:38.571+0000] {dagbag.py:588} INFO - Filling up the DagBag from /opt/airflow/dags/08_datasets/02_conditional_dataset_scheduling.py
[2026-05-10T21:22:38.579+0000] {processor.py:925} INFO - DAG(s) 'mod_08_02_conditional_consumer', 'mod_08_02_promotions_producer', 'mod_08_02_orders_producer', 'mod_08_02_users_producer' retrieved from /opt/airflow/dags/08_datasets/02_conditional_dataset_scheduling.py
[2026-05-10T21:22:38.593+0000] {logging_mixin.py:190} INFO - [2026-05-10T21:22:38.593+0000] {dag.py:3239} INFO - Sync 4 DAGs
[2026-05-10T21:22:38.601+0000] {logging_mixin.py:190} INFO - [2026-05-10T21:22:38.601+0000] {dag.py:4180} INFO - Setting next_dagrun for mod_08_02_conditional_consumer to None, run_after=None
[2026-05-10T21:22:38.603+0000] {logging_mixin.py:190} INFO - [2026-05-10T21:22:38.603+0000] {dag.py:4180} INFO - Setting next_dagrun for mod_08_02_orders_producer to 2026-05-09 00:00:00+00:00, run_after=2026-05-10 00:00:00+00:00
[2026-05-10T21:22:38.605+0000] {logging_mixin.py:190} INFO - [2026-05-10T21:22:38.605+0000] {dag.py:4180} INFO - Setting next_dagrun for mod_08_02_promotions_producer to 2026-05-09 00:00:00+00:00, run_after=2026-05-10 00:00:00+00:00
[2026-05-10T21:22:38.606+0000] {logging_mixin.py:190} INFO - [2026-05-10T21:22:38.606+0000] {dag.py:4180} INFO - Setting next_dagrun for mod_08_02_users_producer to 2026-05-09 00:00:00+00:00, run_after=2026-05-10 00:00:00+00:00
[2026-05-10T21:22:38.617+0000] {processor.py:208} INFO - Processing /opt/airflow/dags/08_datasets/02_conditional_dataset_scheduling.py took 0.050 seconds
[2026-05-10T21:23:09.024+0000] {processor.py:186} INFO - Started process (PID=1882) to work on /opt/airflow/dags/08_datasets/02_conditional_dataset_scheduling.py
[2026-05-10T21:23:09.025+0000] {processor.py:914} INFO - Processing file /opt/airflow/dags/08_datasets/02_conditional_dataset_scheduling.py for tasks to queue
[2026-05-10T21:23:09.026+0000] {logging_mixin.py:190} INFO - [2026-05-10T21:23:09.026+0000] {dagbag.py:588} INFO - Filling up the DagBag from /opt/airflow/dags/08_datasets/02_conditional_dataset_scheduling.py
[2026-05-10T21:23:09.034+0000] {processor.py:925} INFO - DAG(s) 'mod_08_02_orders_producer', 'mod_08_02_users_producer', 'mod_08_02_promotions_producer', 'mod_08_02_conditional_consumer' retrieved from /opt/airflow/dags/08_datasets/02_conditional_dataset_scheduling.py
[2026-05-10T21:23:09.047+0000] {logging_mixin.py:190} INFO - [2026-05-10T21:23:09.047+0000] {dag.py:3239} INFO - Sync 4 DAGs
[2026-05-10T21:23:09.055+0000] {logging_mixin.py:190} INFO - [2026-05-10T21:23:09.055+0000] {dag.py:4180} INFO - Setting next_dagrun for mod_08_02_conditional_consumer to None, run_after=None
[2026-05-10T21:23:09.058+0000] {logging_mixin.py:190} INFO - [2026-05-10T21:23:09.058+0000] {dag.py:4180} INFO - Setting next_dagrun for mod_08_02_orders_producer to 2026-05-09 00:00:00+00:00, run_after=2026-05-10 00:00:00+00:00
[2026-05-10T21:23:09.059+0000] {logging_mixin.py:190} INFO - [2026-05-10T21:23:09.059+0000] {dag.py:4180} INFO - Setting next_dagrun for mod_08_02_promotions_producer to 2026-05-09 00:00:00+00:00, run_after=2026-05-10 00:00:00+00:00
[2026-05-10T21:23:09.062+0000] {logging_mixin.py:190} INFO - [2026-05-10T21:23:09.062+0000] {dag.py:4180} INFO - Setting next_dagrun for mod_08_02_users_producer to 2026-05-09 00:00:00+00:00, run_after=2026-05-10 00:00:00+00:00
[2026-05-10T21:23:09.072+0000] {processor.py:208} INFO - Processing /opt/airflow/dags/08_datasets/02_conditional_dataset_scheduling.py took 0.051 seconds
[2026-05-10T21:23:39.499+0000] {processor.py:186} INFO - Started process (PID=2085) to work on /opt/airflow/dags/08_datasets/02_conditional_dataset_scheduling.py
[2026-05-10T21:23:39.500+0000] {processor.py:914} INFO - Processing file /opt/airflow/dags/08_datasets/02_conditional_dataset_scheduling.py for tasks to queue
[2026-05-10T21:23:39.501+0000] {logging_mixin.py:190} INFO - [2026-05-10T21:23:39.501+0000] {dagbag.py:588} INFO - Filling up the DagBag from /opt/airflow/dags/08_datasets/02_conditional_dataset_scheduling.py
[2026-05-10T21:23:39.507+0000] {processor.py:925} INFO - DAG(s) 'mod_08_02_conditional_consumer', 'mod_08_02_orders_producer', 'mod_08_02_promotions_producer', 'mod_08_02_users_producer' retrieved from /opt/airflow/dags/08_datasets/02_conditional_dataset_scheduling.py
[2026-05-10T21:23:39.522+0000] {logging_mixin.py:190} INFO - [2026-05-10T21:23:39.522+0000] {dag.py:3239} INFO - Sync 4 DAGs
[2026-05-10T21:23:39.532+0000] {logging_mixin.py:190} INFO - [2026-05-10T21:23:39.532+0000] {dag.py:4180} INFO - Setting next_dagrun for mod_08_02_conditional_consumer to None, run_after=None
[2026-05-10T21:23:39.534+0000] {logging_mixin.py:190} INFO - [2026-05-10T21:23:39.534+0000] {dag.py:4180} INFO - Setting next_dagrun for mod_08_02_orders_producer to 2026-05-09 00:00:00+00:00, run_after=2026-05-10 00:00:00+00:00
[2026-05-10T21:23:39.534+0000] {logging_mixin.py:190} INFO - [2026-05-10T21:23:39.534+0000] {dag.py:4180} INFO - Setting next_dagrun for mod_08_02_promotions_producer to 2026-05-09 00:00:00+00:00, run_after=2026-05-10 00:00:00+00:00
[2026-05-10T21:23:39.535+0000] {logging_mixin.py:190} INFO - [2026-05-10T21:23:39.535+0000] {dag.py:4180} INFO - Setting next_dagrun for mod_08_02_users_producer to 2026-05-09 00:00:00+00:00, run_after=2026-05-10 00:00:00+00:00
[2026-05-10T21:23:39.546+0000] {processor.py:208} INFO - Processing /opt/airflow/dags/08_datasets/02_conditional_dataset_scheduling.py took 0.049 seconds
[2026-05-10T21:24:10.033+0000] {processor.py:186} INFO - Started process (PID=2302) to work on /opt/airflow/dags/08_datasets/02_conditional_dataset_scheduling.py
[2026-05-10T21:24:10.034+0000] {processor.py:914} INFO - Processing file /opt/airflow/dags/08_datasets/02_conditional_dataset_scheduling.py for tasks to queue
[2026-05-10T21:24:10.035+0000] {logging_mixin.py:190} INFO - [2026-05-10T21:24:10.035+0000] {dagbag.py:588} INFO - Filling up the DagBag from /opt/airflow/dags/08_datasets/02_conditional_dataset_scheduling.py
[2026-05-10T21:24:10.041+0000] {processor.py:925} INFO - DAG(s) 'mod_08_02_orders_producer', 'mod_08_02_promotions_producer', 'mod_08_02_users_producer', 'mod_08_02_conditional_consumer' retrieved from /opt/airflow/dags/08_datasets/02_conditional_dataset_scheduling.py
[2026-05-10T21:24:10.056+0000] {logging_mixin.py:190} INFO - [2026-05-10T21:24:10.056+0000] {dag.py:3239} INFO - Sync 4 DAGs
[2026-05-10T21:24:10.067+0000] {logging_mixin.py:190} INFO - [2026-05-10T21:24:10.067+0000] {dag.py:4180} INFO - Setting next_dagrun for mod_08_02_conditional_consumer to None, run_after=None
[2026-05-10T21:24:10.069+0000] {logging_mixin.py:190} INFO - [2026-05-10T21:24:10.069+0000] {dag.py:4180} INFO - Setting next_dagrun for mod_08_02_orders_producer to 2026-05-09 00:00:00+00:00, run_after=2026-05-10 00:00:00+00:00
[2026-05-10T21:24:10.070+0000] {logging_mixin.py:190} INFO - [2026-05-10T21:24:10.070+0000] {dag.py:4180} INFO - Setting next_dagrun for mod_08_02_promotions_producer to 2026-05-09 00:00:00+00:00, run_after=2026-05-10 00:00:00+00:00
[2026-05-10T21:24:10.070+0000] {logging_mixin.py:190} INFO - [2026-05-10T21:24:10.070+0000] {dag.py:4180} INFO - Setting next_dagrun for mod_08_02_users_producer to 2026-05-09 00:00:00+00:00, run_after=2026-05-10 00:00:00+00:00
[2026-05-10T21:24:10.084+0000] {processor.py:208} INFO - Processing /opt/airflow/dags/08_datasets/02_conditional_dataset_scheduling.py took 0.054 seconds
[2026-05-10T21:24:40.533+0000] {processor.py:186} INFO - Started process (PID=2505) to work on /opt/airflow/dags/08_datasets/02_conditional_dataset_scheduling.py
[2026-05-10T21:24:40.534+0000] {processor.py:914} INFO - Processing file /opt/airflow/dags/08_datasets/02_conditional_dataset_scheduling.py for tasks to queue
[2026-05-10T21:24:40.535+0000] {logging_mixin.py:190} INFO - [2026-05-10T21:24:40.535+0000] {dagbag.py:588} INFO - Filling up the DagBag from /opt/airflow/dags/08_datasets/02_conditional_dataset_scheduling.py
[2026-05-10T21:24:40.543+0000] {processor.py:925} INFO - DAG(s) 'mod_08_02_promotions_producer', 'mod_08_02_orders_producer', 'mod_08_02_conditional_consumer', 'mod_08_02_users_producer' retrieved from /opt/airflow/dags/08_datasets/02_conditional_dataset_scheduling.py
[2026-05-10T21:24:40.556+0000] {logging_mixin.py:190} INFO - [2026-05-10T21:24:40.556+0000] {dag.py:3239} INFO - Sync 4 DAGs
[2026-05-10T21:24:40.565+0000] {logging_mixin.py:190} INFO - [2026-05-10T21:24:40.565+0000] {dag.py:4180} INFO - Setting next_dagrun for mod_08_02_conditional_consumer to None, run_after=None
[2026-05-10T21:24:40.567+0000] {logging_mixin.py:190} INFO - [2026-05-10T21:24:40.567+0000] {dag.py:4180} INFO - Setting next_dagrun for mod_08_02_orders_producer to 2026-05-09 00:00:00+00:00, run_after=2026-05-10 00:00:00+00:00
[2026-05-10T21:24:40.569+0000] {logging_mixin.py:190} INFO - [2026-05-10T21:24:40.569+0000] {dag.py:4180} INFO - Setting next_dagrun for mod_08_02_promotions_producer to 2026-05-09 00:00:00+00:00, run_after=2026-05-10 00:00:00+00:00
[2026-05-10T21:24:40.570+0000] {logging_mixin.py:190} INFO - [2026-05-10T21:24:40.570+0000] {dag.py:4180} INFO - Setting next_dagrun for mod_08_02_users_producer to 2026-05-09 00:00:00+00:00, run_after=2026-05-10 00:00:00+00:00
[2026-05-10T21:24:40.583+0000] {processor.py:208} INFO - Processing /opt/airflow/dags/08_datasets/02_conditional_dataset_scheduling.py took 0.053 seconds
[2026-05-10T21:25:11.018+0000] {processor.py:186} INFO - Started process (PID=2710) to work on /opt/airflow/dags/08_datasets/02_conditional_dataset_scheduling.py
[2026-05-10T21:25:11.019+0000] {processor.py:914} INFO - Processing file /opt/airflow/dags/08_datasets/02_conditional_dataset_scheduling.py for tasks to queue
[2026-05-10T21:25:11.019+0000] {logging_mixin.py:190} INFO - [2026-05-10T21:25:11.019+0000] {dagbag.py:588} INFO - Filling up the DagBag from /opt/airflow/dags/08_datasets/02_conditional_dataset_scheduling.py
[2026-05-10T21:25:11.025+0000] {processor.py:925} INFO - DAG(s) 'mod_08_02_users_producer', 'mod_08_02_orders_producer', 'mod_08_02_conditional_consumer', 'mod_08_02_promotions_producer' retrieved from /opt/airflow/dags/08_datasets/02_conditional_dataset_scheduling.py
[2026-05-10T21:25:11.035+0000] {logging_mixin.py:190} INFO - [2026-05-10T21:25:11.035+0000] {dag.py:3239} INFO - Sync 4 DAGs
[2026-05-10T21:25:11.042+0000] {logging_mixin.py:190} INFO - [2026-05-10T21:25:11.042+0000] {dag.py:4180} INFO - Setting next_dagrun for mod_08_02_conditional_consumer to None, run_after=None
[2026-05-10T21:25:11.044+0000] {logging_mixin.py:190} INFO - [2026-05-10T21:25:11.044+0000] {dag.py:4180} INFO - Setting next_dagrun for mod_08_02_orders_producer to 2026-05-09 00:00:00+00:00, run_after=2026-05-10 00:00:00+00:00
[2026-05-10T21:25:11.045+0000] {logging_mixin.py:190} INFO - [2026-05-10T21:25:11.045+0000] {dag.py:4180} INFO - Setting next_dagrun for mod_08_02_promotions_producer to 2026-05-09 00:00:00+00:00, run_after=2026-05-10 00:00:00+00:00
[2026-05-10T21:25:11.045+0000] {logging_mixin.py:190} INFO - [2026-05-10T21:25:11.045+0000] {dag.py:4180} INFO - Setting next_dagrun for mod_08_02_users_producer to 2026-05-09 00:00:00+00:00, run_after=2026-05-10 00:00:00+00:00
[2026-05-10T21:25:11.052+0000] {processor.py:208} INFO - Processing /opt/airflow/dags/08_datasets/02_conditional_dataset_scheduling.py took 0.036 seconds
[2026-05-10T21:25:41.574+0000] {processor.py:186} INFO - Started process (PID=2911) to work on /opt/airflow/dags/08_datasets/02_conditional_dataset_scheduling.py
[2026-05-10T21:25:41.575+0000] {processor.py:914} INFO - Processing file /opt/airflow/dags/08_datasets/02_conditional_dataset_scheduling.py for tasks to queue
[2026-05-10T21:25:41.576+0000] {logging_mixin.py:190} INFO - [2026-05-10T21:25:41.576+0000] {dagbag.py:588} INFO - Filling up the DagBag from /opt/airflow/dags/08_datasets/02_conditional_dataset_scheduling.py
[2026-05-10T21:25:41.584+0000] {processor.py:925} INFO - DAG(s) 'mod_08_02_orders_producer', 'mod_08_02_promotions_producer', 'mod_08_02_conditional_consumer', 'mod_08_02_users_producer' retrieved from /opt/airflow/dags/08_datasets/02_conditional_dataset_scheduling.py
[2026-05-10T21:25:41.601+0000] {logging_mixin.py:190} INFO - [2026-05-10T21:25:41.601+0000] {dag.py:3239} INFO - Sync 4 DAGs
[2026-05-10T21:25:41.610+0000] {logging_mixin.py:190} INFO - [2026-05-10T21:25:41.610+0000] {dag.py:4180} INFO - Setting next_dagrun for mod_08_02_conditional_consumer to None, run_after=None
[2026-05-10T21:25:41.613+0000] {logging_mixin.py:190} INFO - [2026-05-10T21:25:41.613+0000] {dag.py:4180} INFO - Setting next_dagrun for mod_08_02_orders_producer to 2026-05-09 00:00:00+00:00, run_after=2026-05-10 00:00:00+00:00
[2026-05-10T21:25:41.615+0000] {logging_mixin.py:190} INFO - [2026-05-10T21:25:41.615+0000] {dag.py:4180} INFO - Setting next_dagrun for mod_08_02_promotions_producer to 2026-05-09 00:00:00+00:00, run_after=2026-05-10 00:00:00+00:00
[2026-05-10T21:25:41.616+0000] {logging_mixin.py:190} INFO - [2026-05-10T21:25:41.616+0000] {dag.py:4180} INFO - Setting next_dagrun for mod_08_02_users_producer to 2026-05-09 00:00:00+00:00, run_after=2026-05-10 00:00:00+00:00
[2026-05-10T21:25:41.626+0000] {processor.py:208} INFO - Processing /opt/airflow/dags/08_datasets/02_conditional_dataset_scheduling.py took 0.055 seconds
[2026-05-10T21:26:12.144+0000] {processor.py:186} INFO - Started process (PID=3114) to work on /opt/airflow/dags/08_datasets/02_conditional_dataset_scheduling.py
[2026-05-10T21:26:12.145+0000] {processor.py:914} INFO - Processing file /opt/airflow/dags/08_datasets/02_conditional_dataset_scheduling.py for tasks to queue
[2026-05-10T21:26:12.146+0000] {logging_mixin.py:190} INFO - [2026-05-10T21:26:12.146+0000] {dagbag.py:588} INFO - Filling up the DagBag from /opt/airflow/dags/08_datasets/02_conditional_dataset_scheduling.py
[2026-05-10T21:26:12.153+0000] {processor.py:925} INFO - DAG(s) 'mod_08_02_conditional_consumer', 'mod_08_02_users_producer', 'mod_08_02_promotions_producer', 'mod_08_02_orders_producer' retrieved from /opt/airflow/dags/08_datasets/02_conditional_dataset_scheduling.py
[2026-05-10T21:26:12.168+0000] {logging_mixin.py:190} INFO - [2026-05-10T21:26:12.168+0000] {dag.py:3239} INFO - Sync 4 DAGs
[2026-05-10T21:26:12.178+0000] {logging_mixin.py:190} INFO - [2026-05-10T21:26:12.178+0000] {dag.py:4180} INFO - Setting next_dagrun for mod_08_02_conditional_consumer to None, run_after=None
[2026-05-10T21:26:12.181+0000] {logging_mixin.py:190} INFO - [2026-05-10T21:26:12.180+0000] {dag.py:4180} INFO - Setting next_dagrun for mod_08_02_orders_producer to 2026-05-09 00:00:00+00:00, run_after=2026-05-10 00:00:00+00:00
[2026-05-10T21:26:12.182+0000] {logging_mixin.py:190} INFO - [2026-05-10T21:26:12.182+0000] {dag.py:4180} INFO - Setting next_dagrun for mod_08_02_promotions_producer to 2026-05-09 00:00:00+00:00, run_after=2026-05-10 00:00:00+00:00
[2026-05-10T21:26:12.184+0000] {logging_mixin.py:190} INFO - [2026-05-10T21:26:12.184+0000] {dag.py:4180} INFO - Setting next_dagrun for mod_08_02_users_producer to 2026-05-09 00:00:00+00:00, run_after=2026-05-10 00:00:00+00:00
[2026-05-10T21:26:12.195+0000] {processor.py:208} INFO - Processing /opt/airflow/dags/08_datasets/02_conditional_dataset_scheduling.py took 0.053 seconds
[2026-05-10T21:26:42.645+0000] {processor.py:186} INFO - Started process (PID=3318) to work on /opt/airflow/dags/08_datasets/02_conditional_dataset_scheduling.py
[2026-05-10T21:26:42.646+0000] {processor.py:914} INFO - Processing file /opt/airflow/dags/08_datasets/02_conditional_dataset_scheduling.py for tasks to queue
[2026-05-10T21:26:42.648+0000] {logging_mixin.py:190} INFO - [2026-05-10T21:26:42.648+0000] {dagbag.py:588} INFO - Filling up the DagBag from /opt/airflow/dags/08_datasets/02_conditional_dataset_scheduling.py
[2026-05-10T21:26:42.655+0000] {processor.py:925} INFO - DAG(s) 'mod_08_02_orders_producer', 'mod_08_02_promotions_producer', 'mod_08_02_conditional_consumer', 'mod_08_02_users_producer' retrieved from /opt/airflow/dags/08_datasets/02_conditional_dataset_scheduling.py
[2026-05-10T21:26:42.674+0000] {logging_mixin.py:190} INFO - [2026-05-10T21:26:42.674+0000] {dag.py:3239} INFO - Sync 4 DAGs
[2026-05-10T21:26:42.685+0000] {logging_mixin.py:190} INFO - [2026-05-10T21:26:42.685+0000] {dag.py:4180} INFO - Setting next_dagrun for mod_08_02_conditional_consumer to None, run_after=None
[2026-05-10T21:26:42.688+0000] {logging_mixin.py:190} INFO - [2026-05-10T21:26:42.688+0000] {dag.py:4180} INFO - Setting next_dagrun for mod_08_02_orders_producer to 2026-05-09 00:00:00+00:00, run_after=2026-05-10 00:00:00+00:00
[2026-05-10T21:26:42.688+0000] {logging_mixin.py:190} INFO - [2026-05-10T21:26:42.688+0000] {dag.py:4180} INFO - Setting next_dagrun for mod_08_02_promotions_producer to 2026-05-09 00:00:00+00:00, run_after=2026-05-10 00:00:00+00:00
[2026-05-10T21:26:42.689+0000] {logging_mixin.py:190} INFO - [2026-05-10T21:26:42.689+0000] {dag.py:4180} INFO - Setting next_dagrun for mod_08_02_users_producer to 2026-05-09 00:00:00+00:00, run_after=2026-05-10 00:00:00+00:00
[2026-05-10T21:26:42.702+0000] {processor.py:208} INFO - Processing /opt/airflow/dags/08_datasets/02_conditional_dataset_scheduling.py took 0.060 seconds
[2026-05-10T21:27:13.224+0000] {processor.py:186} INFO - Started process (PID=3520) to work on /opt/airflow/dags/08_datasets/02_conditional_dataset_scheduling.py
[2026-05-10T21:27:13.225+0000] {processor.py:914} INFO - Processing file /opt/airflow/dags/08_datasets/02_conditional_dataset_scheduling.py for tasks to queue
[2026-05-10T21:27:13.227+0000] {logging_mixin.py:190} INFO - [2026-05-10T21:27:13.227+0000] {dagbag.py:588} INFO - Filling up the DagBag from /opt/airflow/dags/08_datasets/02_conditional_dataset_scheduling.py
[2026-05-10T21:27:13.239+0000] {processor.py:925} INFO - DAG(s) 'mod_08_02_orders_producer', 'mod_08_02_conditional_consumer', 'mod_08_02_users_producer', 'mod_08_02_promotions_producer' retrieved from /opt/airflow/dags/08_datasets/02_conditional_dataset_scheduling.py
[2026-05-10T21:27:13.259+0000] {logging_mixin.py:190} INFO - [2026-05-10T21:27:13.259+0000] {dag.py:3239} INFO - Sync 4 DAGs
[2026-05-10T21:27:13.268+0000] {logging_mixin.py:190} INFO - [2026-05-10T21:27:13.268+0000] {dag.py:4180} INFO - Setting next_dagrun for mod_08_02_conditional_consumer to None, run_after=None
[2026-05-10T21:27:13.273+0000] {logging_mixin.py:190} INFO - [2026-05-10T21:27:13.273+0000] {dag.py:4180} INFO - Setting next_dagrun for mod_08_02_orders_producer to 2026-05-09 00:00:00+00:00, run_after=2026-05-10 00:00:00+00:00
[2026-05-10T21:27:13.274+0000] {logging_mixin.py:190} INFO - [2026-05-10T21:27:13.274+0000] {dag.py:4180} INFO - Setting next_dagrun for mod_08_02_promotions_producer to 2026-05-09 00:00:00+00:00, run_after=2026-05-10 00:00:00+00:00
[2026-05-10T21:27:13.275+0000] {logging_mixin.py:190} INFO - [2026-05-10T21:27:13.275+0000] {dag.py:4180} INFO - Setting next_dagrun for mod_08_02_users_producer to 2026-05-09 00:00:00+00:00, run_after=2026-05-10 00:00:00+00:00
[2026-05-10T21:27:13.285+0000] {processor.py:208} INFO - Processing /opt/airflow/dags/08_datasets/02_conditional_dataset_scheduling.py took 0.064 seconds
[2026-05-10T21:27:43.754+0000] {processor.py:186} INFO - Started process (PID=3723) to work on /opt/airflow/dags/08_datasets/02_conditional_dataset_scheduling.py
[2026-05-10T21:27:43.754+0000] {processor.py:914} INFO - Processing file /opt/airflow/dags/08_datasets/02_conditional_dataset_scheduling.py for tasks to queue
[2026-05-10T21:27:43.756+0000] {logging_mixin.py:190} INFO - [2026-05-10T21:27:43.755+0000] {dagbag.py:588} INFO - Filling up the DagBag from /opt/airflow/dags/08_datasets/02_conditional_dataset_scheduling.py
[2026-05-10T21:27:43.762+0000] {processor.py:925} INFO - DAG(s) 'mod_08_02_orders_producer', 'mod_08_02_promotions_producer', 'mod_08_02_users_producer', 'mod_08_02_conditional_consumer' retrieved from /opt/airflow/dags/08_datasets/02_conditional_dataset_scheduling.py
[2026-05-10T21:27:43.777+0000] {logging_mixin.py:190} INFO - [2026-05-10T21:27:43.777+0000] {dag.py:3239} INFO - Sync 4 DAGs
[2026-05-10T21:27:43.789+0000] {logging_mixin.py:190} INFO - [2026-05-10T21:27:43.789+0000] {dag.py:4180} INFO - Setting next_dagrun for mod_08_02_conditional_consumer to None, run_after=None
[2026-05-10T21:27:43.792+0000] {logging_mixin.py:190} INFO - [2026-05-10T21:27:43.792+0000] {dag.py:4180} INFO - Setting next_dagrun for mod_08_02_orders_producer to 2026-05-09 00:00:00+00:00, run_after=2026-05-10 00:00:00+00:00
[2026-05-10T21:27:43.795+0000] {logging_mixin.py:190} INFO - [2026-05-10T21:27:43.795+0000] {dag.py:4180} INFO - Setting next_dagrun for mod_08_02_promotions_producer to 2026-05-09 00:00:00+00:00, run_after=2026-05-10 00:00:00+00:00
[2026-05-10T21:27:43.795+0000] {logging_mixin.py:190} INFO - [2026-05-10T21:27:43.795+0000] {dag.py:4180} INFO - Setting next_dagrun for mod_08_02_users_producer to 2026-05-09 00:00:00+00:00, run_after=2026-05-10 00:00:00+00:00
[2026-05-10T21:27:43.804+0000] {processor.py:208} INFO - Processing /opt/airflow/dags/08_datasets/02_conditional_dataset_scheduling.py took 0.053 seconds
[2026-05-10T21:28:14.237+0000] {processor.py:186} INFO - Started process (PID=3926) to work on /opt/airflow/dags/08_datasets/02_conditional_dataset_scheduling.py
[2026-05-10T21:28:14.237+0000] {processor.py:914} INFO - Processing file /opt/airflow/dags/08_datasets/02_conditional_dataset_scheduling.py for tasks to queue
[2026-05-10T21:28:14.239+0000] {logging_mixin.py:190} INFO - [2026-05-10T21:28:14.239+0000] {dagbag.py:588} INFO - Filling up the DagBag from /opt/airflow/dags/08_datasets/02_conditional_dataset_scheduling.py
[2026-05-10T21:28:14.248+0000] {processor.py:925} INFO - DAG(s) 'mod_08_02_promotions_producer', 'mod_08_02_conditional_consumer', 'mod_08_02_users_producer', 'mod_08_02_orders_producer' retrieved from /opt/airflow/dags/08_datasets/02_conditional_dataset_scheduling.py
[2026-05-10T21:28:14.266+0000] {logging_mixin.py:190} INFO - [2026-05-10T21:28:14.266+0000] {dag.py:3239} INFO - Sync 4 DAGs
[2026-05-10T21:28:14.276+0000] {logging_mixin.py:190} INFO - [2026-05-10T21:28:14.276+0000] {dag.py:4180} INFO - Setting next_dagrun for mod_08_02_conditional_consumer to None, run_after=None
[2026-05-10T21:28:14.278+0000] {logging_mixin.py:190} INFO - [2026-05-10T21:28:14.278+0000] {dag.py:4180} INFO - Setting next_dagrun for mod_08_02_orders_producer to 2026-05-09 00:00:00+00:00, run_after=2026-05-10 00:00:00+00:00
[2026-05-10T21:28:14.279+0000] {logging_mixin.py:190} INFO - [2026-05-10T21:28:14.279+0000] {dag.py:4180} INFO - Setting next_dagrun for mod_08_02_promotions_producer to 2026-05-09 00:00:00+00:00, run_after=2026-05-10 00:00:00+00:00
[2026-05-10T21:28:14.281+0000] {logging_mixin.py:190} INFO - [2026-05-10T21:28:14.281+0000] {dag.py:4180} INFO - Setting next_dagrun for mod_08_02_users_producer to 2026-05-09 00:00:00+00:00, run_after=2026-05-10 00:00:00+00:00
[2026-05-10T21:28:14.291+0000] {processor.py:208} INFO - Processing /opt/airflow/dags/08_datasets/02_conditional_dataset_scheduling.py took 0.056 seconds
[2026-05-10T21:28:44.767+0000] {processor.py:186} INFO - Started process (PID=4129) to work on /opt/airflow/dags/08_datasets/02_conditional_dataset_scheduling.py
[2026-05-10T21:28:44.768+0000] {processor.py:914} INFO - Processing file /opt/airflow/dags/08_datasets/02_conditional_dataset_scheduling.py for tasks to queue
[2026-05-10T21:28:44.770+0000] {logging_mixin.py:190} INFO - [2026-05-10T21:28:44.770+0000] {dagbag.py:588} INFO - Filling up the DagBag from /opt/airflow/dags/08_datasets/02_conditional_dataset_scheduling.py
[2026-05-10T21:28:44.780+0000] {processor.py:925} INFO - DAG(s) 'mod_08_02_orders_producer', 'mod_08_02_users_producer', 'mod_08_02_promotions_producer', 'mod_08_02_conditional_consumer' retrieved from /opt/airflow/dags/08_datasets/02_conditional_dataset_scheduling.py
[2026-05-10T21:28:44.802+0000] {logging_mixin.py:190} INFO - [2026-05-10T21:28:44.802+0000] {dag.py:3239} INFO - Sync 4 DAGs
[2026-05-10T21:28:44.813+0000] {logging_mixin.py:190} INFO - [2026-05-10T21:28:44.813+0000] {dag.py:4180} INFO - Setting next_dagrun for mod_08_02_conditional_consumer to None, run_after=None
[2026-05-10T21:28:44.818+0000] {logging_mixin.py:190} INFO - [2026-05-10T21:28:44.817+0000] {dag.py:4180} INFO - Setting next_dagrun for mod_08_02_orders_producer to 2026-05-09 00:00:00+00:00, run_after=2026-05-10 00:00:00+00:00
[2026-05-10T21:28:44.819+0000] {logging_mixin.py:190} INFO - [2026-05-10T21:28:44.819+0000] {dag.py:4180} INFO - Setting next_dagrun for mod_08_02_promotions_producer to 2026-05-09 00:00:00+00:00, run_after=2026-05-10 00:00:00+00:00
[2026-05-10T21:28:44.824+0000] {logging_mixin.py:190} INFO - [2026-05-10T21:28:44.824+0000] {dag.py:4180} INFO - Setting next_dagrun for mod_08_02_users_producer to 2026-05-09 00:00:00+00:00, run_after=2026-05-10 00:00:00+00:00
[2026-05-10T21:28:44.851+0000] {processor.py:208} INFO - Processing /opt/airflow/dags/08_datasets/02_conditional_dataset_scheduling.py took 0.088 seconds
[2026-05-10T21:29:15.337+0000] {processor.py:186} INFO - Started process (PID=4332) to work on /opt/airflow/dags/08_datasets/02_conditional_dataset_scheduling.py
[2026-05-10T21:29:15.338+0000] {processor.py:914} INFO - Processing file /opt/airflow/dags/08_datasets/02_conditional_dataset_scheduling.py for tasks to queue
[2026-05-10T21:29:15.339+0000] {logging_mixin.py:190} INFO - [2026-05-10T21:29:15.339+0000] {dagbag.py:588} INFO - Filling up the DagBag from /opt/airflow/dags/08_datasets/02_conditional_dataset_scheduling.py
[2026-05-10T21:29:15.346+0000] {processor.py:925} INFO - DAG(s) 'mod_08_02_promotions_producer', 'mod_08_02_users_producer', 'mod_08_02_conditional_consumer', 'mod_08_02_orders_producer' retrieved from /opt/airflow/dags/08_datasets/02_conditional_dataset_scheduling.py
[2026-05-10T21:29:15.361+0000] {logging_mixin.py:190} INFO - [2026-05-10T21:29:15.361+0000] {dag.py:3239} INFO - Sync 4 DAGs
[2026-05-10T21:29:15.372+0000] {logging_mixin.py:190} INFO - [2026-05-10T21:29:15.372+0000] {dag.py:4180} INFO - Setting next_dagrun for mod_08_02_conditional_consumer to None, run_after=None
[2026-05-10T21:29:15.374+0000] {logging_mixin.py:190} INFO - [2026-05-10T21:29:15.374+0000] {dag.py:4180} INFO - Setting next_dagrun for mod_08_02_orders_producer to 2026-05-09 00:00:00+00:00, run_after=2026-05-10 00:00:00+00:00
[2026-05-10T21:29:15.375+0000] {logging_mixin.py:190} INFO - [2026-05-10T21:29:15.374+0000] {dag.py:4180} INFO - Setting next_dagrun for mod_08_02_promotions_producer to 2026-05-09 00:00:00+00:00, run_after=2026-05-10 00:00:00+00:00
[2026-05-10T21:29:15.376+0000] {logging_mixin.py:190} INFO - [2026-05-10T21:29:15.376+0000] {dag.py:4180} INFO - Setting next_dagrun for mod_08_02_users_producer to 2026-05-09 00:00:00+00:00, run_after=2026-05-10 00:00:00+00:00
[2026-05-10T21:29:15.386+0000] {processor.py:208} INFO - Processing /opt/airflow/dags/08_datasets/02_conditional_dataset_scheduling.py took 0.051 seconds
[2026-05-10T21:29:45.932+0000] {processor.py:186} INFO - Started process (PID=4535) to work on /opt/airflow/dags/08_datasets/02_conditional_dataset_scheduling.py
[2026-05-10T21:29:45.932+0000] {processor.py:914} INFO - Processing file /opt/airflow/dags/08_datasets/02_conditional_dataset_scheduling.py for tasks to queue
[2026-05-10T21:29:45.935+0000] {logging_mixin.py:190} INFO - [2026-05-10T21:29:45.935+0000] {dagbag.py:588} INFO - Filling up the DagBag from /opt/airflow/dags/08_datasets/02_conditional_dataset_scheduling.py
[2026-05-10T21:29:45.941+0000] {processor.py:925} INFO - DAG(s) 'mod_08_02_users_producer', 'mod_08_02_orders_producer', 'mod_08_02_promotions_producer', 'mod_08_02_conditional_consumer' retrieved from /opt/airflow/dags/08_datasets/02_conditional_dataset_scheduling.py
[2026-05-10T21:29:45.959+0000] {logging_mixin.py:190} INFO - [2026-05-10T21:29:45.959+0000] {dag.py:3239} INFO - Sync 4 DAGs
[2026-05-10T21:29:45.967+0000] {logging_mixin.py:190} INFO - [2026-05-10T21:29:45.967+0000] {dag.py:4180} INFO - Setting next_dagrun for mod_08_02_conditional_consumer to None, run_after=None
[2026-05-10T21:29:45.970+0000] {logging_mixin.py:190} INFO - [2026-05-10T21:29:45.970+0000] {dag.py:4180} INFO - Setting next_dagrun for mod_08_02_orders_producer to 2026-05-09 00:00:00+00:00, run_after=2026-05-10 00:00:00+00:00
[2026-05-10T21:29:45.971+0000] {logging_mixin.py:190} INFO - [2026-05-10T21:29:45.971+0000] {dag.py:4180} INFO - Setting next_dagrun for mod_08_02_promotions_producer to 2026-05-09 00:00:00+00:00, run_after=2026-05-10 00:00:00+00:00
[2026-05-10T21:29:45.973+0000] {logging_mixin.py:190} INFO - [2026-05-10T21:29:45.973+0000] {dag.py:4180} INFO - Setting next_dagrun for mod_08_02_users_producer to 2026-05-09 00:00:00+00:00, run_after=2026-05-10 00:00:00+00:00
[2026-05-10T21:29:45.984+0000] {processor.py:208} INFO - Processing /opt/airflow/dags/08_datasets/02_conditional_dataset_scheduling.py took 0.055 seconds
[2026-05-10T21:30:16.366+0000] {processor.py:186} INFO - Started process (PID=4738) to work on /opt/airflow/dags/08_datasets/02_conditional_dataset_scheduling.py
[2026-05-10T21:30:16.368+0000] {processor.py:914} INFO - Processing file /opt/airflow/dags/08_datasets/02_conditional_dataset_scheduling.py for tasks to queue
[2026-05-10T21:30:16.369+0000] {logging_mixin.py:190} INFO - [2026-05-10T21:30:16.369+0000] {dagbag.py:588} INFO - Filling up the DagBag from /opt/airflow/dags/08_datasets/02_conditional_dataset_scheduling.py
[2026-05-10T21:30:16.379+0000] {processor.py:925} INFO - DAG(s) 'mod_08_02_promotions_producer', 'mod_08_02_conditional_consumer', 'mod_08_02_users_producer', 'mod_08_02_orders_producer' retrieved from /opt/airflow/dags/08_datasets/02_conditional_dataset_scheduling.py
[2026-05-10T21:30:16.398+0000] {logging_mixin.py:190} INFO - [2026-05-10T21:30:16.396+0000] {dag.py:3239} INFO - Sync 4 DAGs
[2026-05-10T21:30:16.407+0000] {logging_mixin.py:190} INFO - [2026-05-10T21:30:16.407+0000] {dag.py:4180} INFO - Setting next_dagrun for mod_08_02_conditional_consumer to None, run_after=None
[2026-05-10T21:30:16.409+0000] {logging_mixin.py:190} INFO - [2026-05-10T21:30:16.409+0000] {dag.py:4180} INFO - Setting next_dagrun for mod_08_02_orders_producer to 2026-05-09 00:00:00+00:00, run_after=2026-05-10 00:00:00+00:00
[2026-05-10T21:30:16.410+0000] {logging_mixin.py:190} INFO - [2026-05-10T21:30:16.410+0000] {dag.py:4180} INFO - Setting next_dagrun for mod_08_02_promotions_producer to 2026-05-09 00:00:00+00:00, run_after=2026-05-10 00:00:00+00:00
[2026-05-10T21:30:16.411+0000] {logging_mixin.py:190} INFO - [2026-05-10T21:30:16.411+0000] {dag.py:4180} INFO - Setting next_dagrun for mod_08_02_users_producer to 2026-05-09 00:00:00+00:00, run_after=2026-05-10 00:00:00+00:00
[2026-05-10T21:30:16.420+0000] {processor.py:208} INFO - Processing /opt/airflow/dags/08_datasets/02_conditional_dataset_scheduling.py took 0.057 seconds
[2026-05-10T21:30:46.916+0000] {processor.py:186} INFO - Started process (PID=4941) to work on /opt/airflow/dags/08_datasets/02_conditional_dataset_scheduling.py
[2026-05-10T21:30:46.917+0000] {processor.py:914} INFO - Processing file /opt/airflow/dags/08_datasets/02_conditional_dataset_scheduling.py for tasks to queue
[2026-05-10T21:30:46.918+0000] {logging_mixin.py:190} INFO - [2026-05-10T21:30:46.918+0000] {dagbag.py:588} INFO - Filling up the DagBag from /opt/airflow/dags/08_datasets/02_conditional_dataset_scheduling.py
[2026-05-10T21:30:46.924+0000] {processor.py:925} INFO - DAG(s) 'mod_08_02_conditional_consumer', 'mod_08_02_orders_producer', 'mod_08_02_promotions_producer', 'mod_08_02_users_producer' retrieved from /opt/airflow/dags/08_datasets/02_conditional_dataset_scheduling.py
[2026-05-10T21:30:46.937+0000] {logging_mixin.py:190} INFO - [2026-05-10T21:30:46.937+0000] {dag.py:3239} INFO - Sync 4 DAGs
[2026-05-10T21:30:46.946+0000] {logging_mixin.py:190} INFO - [2026-05-10T21:30:46.946+0000] {dag.py:4180} INFO - Setting next_dagrun for mod_08_02_conditional_consumer to None, run_after=None
[2026-05-10T21:30:46.948+0000] {logging_mixin.py:190} INFO - [2026-05-10T21:30:46.948+0000] {dag.py:4180} INFO - Setting next_dagrun for mod_08_02_orders_producer to 2026-05-09 00:00:00+00:00, run_after=2026-05-10 00:00:00+00:00
[2026-05-10T21:30:46.951+0000] {logging_mixin.py:190} INFO - [2026-05-10T21:30:46.951+0000] {dag.py:4180} INFO - Setting next_dagrun for mod_08_02_promotions_producer to 2026-05-09 00:00:00+00:00, run_after=2026-05-10 00:00:00+00:00
[2026-05-10T21:30:46.952+0000] {logging_mixin.py:190} INFO - [2026-05-10T21:30:46.952+0000] {dag.py:4180} INFO - Setting next_dagrun for mod_08_02_users_producer to 2026-05-09 00:00:00+00:00, run_after=2026-05-10 00:00:00+00:00
[2026-05-10T21:30:46.960+0000] {processor.py:208} INFO - Processing /opt/airflow/dags/08_datasets/02_conditional_dataset_scheduling.py took 0.047 seconds
[2026-05-10T21:31:17.508+0000] {processor.py:186} INFO - Started process (PID=5144) to work on /opt/airflow/dags/08_datasets/02_conditional_dataset_scheduling.py
[2026-05-10T21:31:17.508+0000] {processor.py:914} INFO - Processing file /opt/airflow/dags/08_datasets/02_conditional_dataset_scheduling.py for tasks to queue
[2026-05-10T21:31:17.510+0000] {logging_mixin.py:190} INFO - [2026-05-10T21:31:17.510+0000] {dagbag.py:588} INFO - Filling up the DagBag from /opt/airflow/dags/08_datasets/02_conditional_dataset_scheduling.py
[2026-05-10T21:31:17.518+0000] {processor.py:925} INFO - DAG(s) 'mod_08_02_promotions_producer', 'mod_08_02_orders_producer', 'mod_08_02_conditional_consumer', 'mod_08_02_users_producer' retrieved from /opt/airflow/dags/08_datasets/02_conditional_dataset_scheduling.py
[2026-05-10T21:31:17.529+0000] {logging_mixin.py:190} INFO - [2026-05-10T21:31:17.529+0000] {dag.py:3239} INFO - Sync 4 DAGs
[2026-05-10T21:31:17.541+0000] {logging_mixin.py:190} INFO - [2026-05-10T21:31:17.540+0000] {dag.py:4180} INFO - Setting next_dagrun for mod_08_02_conditional_consumer to None, run_after=None
[2026-05-10T21:31:17.543+0000] {logging_mixin.py:190} INFO - [2026-05-10T21:31:17.543+0000] {dag.py:4180} INFO - Setting next_dagrun for mod_08_02_orders_producer to 2026-05-09 00:00:00+00:00, run_after=2026-05-10 00:00:00+00:00
[2026-05-10T21:31:17.545+0000] {logging_mixin.py:190} INFO - [2026-05-10T21:31:17.545+0000] {dag.py:4180} INFO - Setting next_dagrun for mod_08_02_promotions_producer to 2026-05-09 00:00:00+00:00, run_after=2026-05-10 00:00:00+00:00
[2026-05-10T21:31:17.547+0000] {logging_mixin.py:190} INFO - [2026-05-10T21:31:17.547+0000] {dag.py:4180} INFO - Setting next_dagrun for mod_08_02_users_producer to 2026-05-09 00:00:00+00:00, run_after=2026-05-10 00:00:00+00:00
[2026-05-10T21:31:17.563+0000] {processor.py:208} INFO - Processing /opt/airflow/dags/08_datasets/02_conditional_dataset_scheduling.py took 0.058 seconds
[2026-05-10T21:31:47.989+0000] {processor.py:186} INFO - Started process (PID=5347) to work on /opt/airflow/dags/08_datasets/02_conditional_dataset_scheduling.py
[2026-05-10T21:31:47.989+0000] {processor.py:914} INFO - Processing file /opt/airflow/dags/08_datasets/02_conditional_dataset_scheduling.py for tasks to queue
[2026-05-10T21:31:47.992+0000] {logging_mixin.py:190} INFO - [2026-05-10T21:31:47.991+0000] {dagbag.py:588} INFO - Filling up the DagBag from /opt/airflow/dags/08_datasets/02_conditional_dataset_scheduling.py
[2026-05-10T21:31:47.999+0000] {processor.py:925} INFO - DAG(s) 'mod_08_02_orders_producer', 'mod_08_02_promotions_producer', 'mod_08_02_conditional_consumer', 'mod_08_02_users_producer' retrieved from /opt/airflow/dags/08_datasets/02_conditional_dataset_scheduling.py
[2026-05-10T21:31:48.014+0000] {logging_mixin.py:190} INFO - [2026-05-10T21:31:48.014+0000] {dag.py:3239} INFO - Sync 4 DAGs
[2026-05-10T21:31:48.024+0000] {logging_mixin.py:190} INFO - [2026-05-10T21:31:48.024+0000] {dag.py:4180} INFO - Setting next_dagrun for mod_08_02_conditional_consumer to None, run_after=None
[2026-05-10T21:31:48.026+0000] {logging_mixin.py:190} INFO - [2026-05-10T21:31:48.026+0000] {dag.py:4180} INFO - Setting next_dagrun for mod_08_02_orders_producer to 2026-05-09 00:00:00+00:00, run_after=2026-05-10 00:00:00+00:00
[2026-05-10T21:31:48.029+0000] {logging_mixin.py:190} INFO - [2026-05-10T21:31:48.029+0000] {dag.py:4180} INFO - Setting next_dagrun for mod_08_02_promotions_producer to 2026-05-09 00:00:00+00:00, run_after=2026-05-10 00:00:00+00:00
[2026-05-10T21:31:48.030+0000] {logging_mixin.py:190} INFO - [2026-05-10T21:31:48.029+0000] {dag.py:4180} INFO - Setting next_dagrun for mod_08_02_users_producer to 2026-05-09 00:00:00+00:00, run_after=2026-05-10 00:00:00+00:00
[2026-05-10T21:31:48.039+0000] {processor.py:208} INFO - Processing /opt/airflow/dags/08_datasets/02_conditional_dataset_scheduling.py took 0.053 seconds
