[2026-05-10T21:19:05.960+0000] {processor.py:186} INFO - Started process (PID=333) to work on /opt/airflow/dags/04_xcom/01_classic_push_pull.py
[2026-05-10T21:19:05.961+0000] {processor.py:914} INFO - Processing file /opt/airflow/dags/04_xcom/01_classic_push_pull.py for tasks to queue
[2026-05-10T21:19:05.962+0000] {logging_mixin.py:190} INFO - [2026-05-10T21:19:05.962+0000] {dagbag.py:588} INFO - Filling up the DagBag from /opt/airflow/dags/04_xcom/01_classic_push_pull.py
[2026-05-10T21:19:05.968+0000] {processor.py:925} INFO - DAG(s) 'mod_04_01_classic_xcom' retrieved from /opt/airflow/dags/04_xcom/01_classic_push_pull.py
[2026-05-10T21:19:06.012+0000] {logging_mixin.py:190} INFO - [2026-05-10T21:19:06.012+0000] {override.py:1912} INFO - Created Permission View: can delete on DAG:mod_04_01_classic_xcom
[2026-05-10T21:19:06.017+0000] {logging_mixin.py:190} INFO - [2026-05-10T21:19:06.017+0000] {override.py:1912} INFO - Created Permission View: can edit on DAG:mod_04_01_classic_xcom
[2026-05-10T21:19:06.021+0000] {logging_mixin.py:190} INFO - [2026-05-10T21:19:06.021+0000] {override.py:1912} INFO - Created Permission View: can read on DAG:mod_04_01_classic_xcom
[2026-05-10T21:19:06.023+0000] {logging_mixin.py:190} INFO - [2026-05-10T21:19:06.023+0000] {override.py:1912} INFO - Created Permission View: can delete on DAG Run:mod_04_01_classic_xcom
[2026-05-10T21:19:06.026+0000] {logging_mixin.py:190} INFO - [2026-05-10T21:19:06.026+0000] {override.py:1912} INFO - Created Permission View: menu access on DAG Run:mod_04_01_classic_xcom
[2026-05-10T21:19:06.031+0000] {logging_mixin.py:190} INFO - [2026-05-10T21:19:06.031+0000] {override.py:1912} INFO - Created Permission View: can create on DAG Run:mod_04_01_classic_xcom
[2026-05-10T21:19:06.035+0000] {logging_mixin.py:190} INFO - [2026-05-10T21:19:06.035+0000] {override.py:1912} INFO - Created Permission View: can read on DAG Run:mod_04_01_classic_xcom
[2026-05-10T21:19:06.035+0000] {logging_mixin.py:190} INFO - [2026-05-10T21:19:06.035+0000] {dag.py:3239} INFO - Sync 1 DAGs
[2026-05-10T21:19:06.043+0000] {logging_mixin.py:190} INFO - [2026-05-10T21:19:06.043+0000] {dag.py:3262} INFO - Creating ORM DAG for mod_04_01_classic_xcom
[2026-05-10T21:19:06.043+0000] {logging_mixin.py:190} INFO - [2026-05-10T21:19:06.043+0000] {dag.py:4180} INFO - Setting next_dagrun for mod_04_01_classic_xcom to None, run_after=None
[2026-05-10T21:19:06.049+0000] {processor.py:208} INFO - Processing /opt/airflow/dags/04_xcom/01_classic_push_pull.py took 0.092 seconds
[2026-05-10T21:19:36.915+0000] {processor.py:186} INFO - Started process (PID=536) to work on /opt/airflow/dags/04_xcom/01_classic_push_pull.py
[2026-05-10T21:19:36.916+0000] {processor.py:914} INFO - Processing file /opt/airflow/dags/04_xcom/01_classic_push_pull.py for tasks to queue
[2026-05-10T21:19:36.917+0000] {logging_mixin.py:190} INFO - [2026-05-10T21:19:36.917+0000] {dagbag.py:588} INFO - Filling up the DagBag from /opt/airflow/dags/04_xcom/01_classic_push_pull.py
[2026-05-10T21:19:36.923+0000] {processor.py:925} INFO - DAG(s) 'mod_04_01_classic_xcom' retrieved from /opt/airflow/dags/04_xcom/01_classic_push_pull.py
[2026-05-10T21:19:36.933+0000] {logging_mixin.py:190} INFO - [2026-05-10T21:19:36.933+0000] {dag.py:3239} INFO - Sync 1 DAGs
[2026-05-10T21:19:36.938+0000] {logging_mixin.py:190} INFO - [2026-05-10T21:19:36.938+0000] {dag.py:4180} INFO - Setting next_dagrun for mod_04_01_classic_xcom to None, run_after=None
[2026-05-10T21:19:36.946+0000] {processor.py:208} INFO - Processing /opt/airflow/dags/04_xcom/01_classic_push_pull.py took 0.034 seconds
[2026-05-10T21:20:07.373+0000] {processor.py:186} INFO - Started process (PID=739) to work on /opt/airflow/dags/04_xcom/01_classic_push_pull.py
[2026-05-10T21:20:07.373+0000] {processor.py:914} INFO - Processing file /opt/airflow/dags/04_xcom/01_classic_push_pull.py for tasks to queue
[2026-05-10T21:20:07.375+0000] {logging_mixin.py:190} INFO - [2026-05-10T21:20:07.375+0000] {dagbag.py:588} INFO - Filling up the DagBag from /opt/airflow/dags/04_xcom/01_classic_push_pull.py
[2026-05-10T21:20:07.383+0000] {processor.py:925} INFO - DAG(s) 'mod_04_01_classic_xcom' retrieved from /opt/airflow/dags/04_xcom/01_classic_push_pull.py
[2026-05-10T21:20:07.396+0000] {logging_mixin.py:190} INFO - [2026-05-10T21:20:07.396+0000] {dag.py:3239} INFO - Sync 1 DAGs
[2026-05-10T21:20:07.402+0000] {logging_mixin.py:190} INFO - [2026-05-10T21:20:07.402+0000] {dag.py:4180} INFO - Setting next_dagrun for mod_04_01_classic_xcom to None, run_after=None
[2026-05-10T21:20:07.411+0000] {processor.py:208} INFO - Processing /opt/airflow/dags/04_xcom/01_classic_push_pull.py took 0.041 seconds
[2026-05-10T21:20:37.990+0000] {processor.py:186} INFO - Started process (PID=942) to work on /opt/airflow/dags/04_xcom/01_classic_push_pull.py
[2026-05-10T21:20:37.990+0000] {processor.py:914} INFO - Processing file /opt/airflow/dags/04_xcom/01_classic_push_pull.py for tasks to queue
[2026-05-10T21:20:37.993+0000] {logging_mixin.py:190} INFO - [2026-05-10T21:20:37.992+0000] {dagbag.py:588} INFO - Filling up the DagBag from /opt/airflow/dags/04_xcom/01_classic_push_pull.py
[2026-05-10T21:20:37.997+0000] {processor.py:925} INFO - DAG(s) 'mod_04_01_classic_xcom' retrieved from /opt/airflow/dags/04_xcom/01_classic_push_pull.py
[2026-05-10T21:20:38.013+0000] {logging_mixin.py:190} INFO - [2026-05-10T21:20:38.013+0000] {dag.py:3239} INFO - Sync 1 DAGs
[2026-05-10T21:20:38.019+0000] {logging_mixin.py:190} INFO - [2026-05-10T21:20:38.019+0000] {dag.py:4180} INFO - Setting next_dagrun for mod_04_01_classic_xcom to None, run_after=None
[2026-05-10T21:20:38.029+0000] {processor.py:208} INFO - Processing /opt/airflow/dags/04_xcom/01_classic_push_pull.py took 0.041 seconds
[2026-05-10T21:21:08.506+0000] {processor.py:186} INFO - Started process (PID=1145) to work on /opt/airflow/dags/04_xcom/01_classic_push_pull.py
[2026-05-10T21:21:08.507+0000] {processor.py:914} INFO - Processing file /opt/airflow/dags/04_xcom/01_classic_push_pull.py for tasks to queue
[2026-05-10T21:21:08.508+0000] {logging_mixin.py:190} INFO - [2026-05-10T21:21:08.508+0000] {dagbag.py:588} INFO - Filling up the DagBag from /opt/airflow/dags/04_xcom/01_classic_push_pull.py
[2026-05-10T21:21:08.514+0000] {processor.py:925} INFO - DAG(s) 'mod_04_01_classic_xcom' retrieved from /opt/airflow/dags/04_xcom/01_classic_push_pull.py
[2026-05-10T21:21:08.526+0000] {logging_mixin.py:190} INFO - [2026-05-10T21:21:08.526+0000] {dag.py:3239} INFO - Sync 1 DAGs
[2026-05-10T21:21:08.532+0000] {logging_mixin.py:190} INFO - [2026-05-10T21:21:08.531+0000] {dag.py:4180} INFO - Setting next_dagrun for mod_04_01_classic_xcom to None, run_after=None
[2026-05-10T21:21:08.541+0000] {processor.py:208} INFO - Processing /opt/airflow/dags/04_xcom/01_classic_push_pull.py took 0.037 seconds
[2026-05-10T21:21:39.055+0000] {processor.py:186} INFO - Started process (PID=1348) to work on /opt/airflow/dags/04_xcom/01_classic_push_pull.py
[2026-05-10T21:21:39.055+0000] {processor.py:914} INFO - Processing file /opt/airflow/dags/04_xcom/01_classic_push_pull.py for tasks to queue
[2026-05-10T21:21:39.058+0000] {logging_mixin.py:190} INFO - [2026-05-10T21:21:39.057+0000] {dagbag.py:588} INFO - Filling up the DagBag from /opt/airflow/dags/04_xcom/01_classic_push_pull.py
[2026-05-10T21:21:39.062+0000] {processor.py:925} INFO - DAG(s) 'mod_04_01_classic_xcom' retrieved from /opt/airflow/dags/04_xcom/01_classic_push_pull.py
[2026-05-10T21:21:39.070+0000] {logging_mixin.py:190} INFO - [2026-05-10T21:21:39.070+0000] {dag.py:3239} INFO - Sync 1 DAGs
[2026-05-10T21:21:39.076+0000] {logging_mixin.py:190} INFO - [2026-05-10T21:21:39.076+0000] {dag.py:4180} INFO - Setting next_dagrun for mod_04_01_classic_xcom to None, run_after=None
[2026-05-10T21:21:39.085+0000] {processor.py:208} INFO - Processing /opt/airflow/dags/04_xcom/01_classic_push_pull.py took 0.033 seconds
[2026-05-10T21:22:09.498+0000] {processor.py:186} INFO - Started process (PID=1551) to work on /opt/airflow/dags/04_xcom/01_classic_push_pull.py
[2026-05-10T21:22:09.499+0000] {processor.py:914} INFO - Processing file /opt/airflow/dags/04_xcom/01_classic_push_pull.py for tasks to queue
[2026-05-10T21:22:09.500+0000] {logging_mixin.py:190} INFO - [2026-05-10T21:22:09.500+0000] {dagbag.py:588} INFO - Filling up the DagBag from /opt/airflow/dags/04_xcom/01_classic_push_pull.py
[2026-05-10T21:22:09.507+0000] {processor.py:925} INFO - DAG(s) 'mod_04_01_classic_xcom' retrieved from /opt/airflow/dags/04_xcom/01_classic_push_pull.py
[2026-05-10T21:22:09.515+0000] {logging_mixin.py:190} INFO - [2026-05-10T21:22:09.515+0000] {dag.py:3239} INFO - Sync 1 DAGs
[2026-05-10T21:22:09.522+0000] {logging_mixin.py:190} INFO - [2026-05-10T21:22:09.522+0000] {dag.py:4180} INFO - Setting next_dagrun for mod_04_01_classic_xcom to None, run_after=None
[2026-05-10T21:22:09.531+0000] {processor.py:208} INFO - Processing /opt/airflow/dags/04_xcom/01_classic_push_pull.py took 0.035 seconds
[2026-05-10T21:22:39.972+0000] {processor.py:186} INFO - Started process (PID=1754) to work on /opt/airflow/dags/04_xcom/01_classic_push_pull.py
[2026-05-10T21:22:39.973+0000] {processor.py:914} INFO - Processing file /opt/airflow/dags/04_xcom/01_classic_push_pull.py for tasks to queue
[2026-05-10T21:22:39.974+0000] {logging_mixin.py:190} INFO - [2026-05-10T21:22:39.974+0000] {dagbag.py:588} INFO - Filling up the DagBag from /opt/airflow/dags/04_xcom/01_classic_push_pull.py
[2026-05-10T21:22:39.983+0000] {processor.py:925} INFO - DAG(s) 'mod_04_01_classic_xcom' retrieved from /opt/airflow/dags/04_xcom/01_classic_push_pull.py
[2026-05-10T21:22:39.993+0000] {logging_mixin.py:190} INFO - [2026-05-10T21:22:39.993+0000] {dag.py:3239} INFO - Sync 1 DAGs
[2026-05-10T21:22:39.999+0000] {logging_mixin.py:190} INFO - [2026-05-10T21:22:39.999+0000] {dag.py:4180} INFO - Setting next_dagrun for mod_04_01_classic_xcom to None, run_after=None
[2026-05-10T21:22:40.008+0000] {processor.py:208} INFO - Processing /opt/airflow/dags/04_xcom/01_classic_push_pull.py took 0.038 seconds
[2026-05-10T21:23:10.419+0000] {processor.py:186} INFO - Started process (PID=1957) to work on /opt/airflow/dags/04_xcom/01_classic_push_pull.py
[2026-05-10T21:23:10.420+0000] {processor.py:914} INFO - Processing file /opt/airflow/dags/04_xcom/01_classic_push_pull.py for tasks to queue
[2026-05-10T21:23:10.421+0000] {logging_mixin.py:190} INFO - [2026-05-10T21:23:10.421+0000] {dagbag.py:588} INFO - Filling up the DagBag from /opt/airflow/dags/04_xcom/01_classic_push_pull.py
[2026-05-10T21:23:10.428+0000] {processor.py:925} INFO - DAG(s) 'mod_04_01_classic_xcom' retrieved from /opt/airflow/dags/04_xcom/01_classic_push_pull.py
[2026-05-10T21:23:10.438+0000] {logging_mixin.py:190} INFO - [2026-05-10T21:23:10.438+0000] {dag.py:3239} INFO - Sync 1 DAGs
[2026-05-10T21:23:10.445+0000] {logging_mixin.py:190} INFO - [2026-05-10T21:23:10.445+0000] {dag.py:4180} INFO - Setting next_dagrun for mod_04_01_classic_xcom to None, run_after=None
[2026-05-10T21:23:10.453+0000] {processor.py:208} INFO - Processing /opt/airflow/dags/04_xcom/01_classic_push_pull.py took 0.036 seconds
[2026-05-10T21:23:40.892+0000] {processor.py:186} INFO - Started process (PID=2160) to work on /opt/airflow/dags/04_xcom/01_classic_push_pull.py
[2026-05-10T21:23:40.892+0000] {processor.py:914} INFO - Processing file /opt/airflow/dags/04_xcom/01_classic_push_pull.py for tasks to queue
[2026-05-10T21:23:40.894+0000] {logging_mixin.py:190} INFO - [2026-05-10T21:23:40.894+0000] {dagbag.py:588} INFO - Filling up the DagBag from /opt/airflow/dags/04_xcom/01_classic_push_pull.py
[2026-05-10T21:23:40.900+0000] {processor.py:925} INFO - DAG(s) 'mod_04_01_classic_xcom' retrieved from /opt/airflow/dags/04_xcom/01_classic_push_pull.py
[2026-05-10T21:23:40.911+0000] {logging_mixin.py:190} INFO - [2026-05-10T21:23:40.911+0000] {dag.py:3239} INFO - Sync 1 DAGs
[2026-05-10T21:23:40.916+0000] {logging_mixin.py:190} INFO - [2026-05-10T21:23:40.916+0000] {dag.py:4180} INFO - Setting next_dagrun for mod_04_01_classic_xcom to None, run_after=None
[2026-05-10T21:23:40.927+0000] {processor.py:208} INFO - Processing /opt/airflow/dags/04_xcom/01_classic_push_pull.py took 0.038 seconds
[2026-05-10T21:24:11.442+0000] {processor.py:186} INFO - Started process (PID=2377) to work on /opt/airflow/dags/04_xcom/01_classic_push_pull.py
[2026-05-10T21:24:11.443+0000] {processor.py:914} INFO - Processing file /opt/airflow/dags/04_xcom/01_classic_push_pull.py for tasks to queue
[2026-05-10T21:24:11.445+0000] {logging_mixin.py:190} INFO - [2026-05-10T21:24:11.445+0000] {dagbag.py:588} INFO - Filling up the DagBag from /opt/airflow/dags/04_xcom/01_classic_push_pull.py
[2026-05-10T21:24:11.450+0000] {processor.py:925} INFO - DAG(s) 'mod_04_01_classic_xcom' retrieved from /opt/airflow/dags/04_xcom/01_classic_push_pull.py
[2026-05-10T21:24:11.462+0000] {logging_mixin.py:190} INFO - [2026-05-10T21:24:11.462+0000] {dag.py:3239} INFO - Sync 1 DAGs
[2026-05-10T21:24:11.467+0000] {logging_mixin.py:190} INFO - [2026-05-10T21:24:11.467+0000] {dag.py:4180} INFO - Setting next_dagrun for mod_04_01_classic_xcom to None, run_after=None
[2026-05-10T21:24:11.475+0000] {processor.py:208} INFO - Processing /opt/airflow/dags/04_xcom/01_classic_push_pull.py took 0.035 seconds
[2026-05-10T21:24:41.925+0000] {processor.py:186} INFO - Started process (PID=2580) to work on /opt/airflow/dags/04_xcom/01_classic_push_pull.py
[2026-05-10T21:24:41.925+0000] {processor.py:914} INFO - Processing file /opt/airflow/dags/04_xcom/01_classic_push_pull.py for tasks to queue
[2026-05-10T21:24:41.930+0000] {logging_mixin.py:190} INFO - [2026-05-10T21:24:41.926+0000] {dagbag.py:588} INFO - Filling up the DagBag from /opt/airflow/dags/04_xcom/01_classic_push_pull.py
[2026-05-10T21:24:41.933+0000] {processor.py:925} INFO - DAG(s) 'mod_04_01_classic_xcom' retrieved from /opt/airflow/dags/04_xcom/01_classic_push_pull.py
[2026-05-10T21:24:41.947+0000] {logging_mixin.py:190} INFO - [2026-05-10T21:24:41.947+0000] {dag.py:3239} INFO - Sync 1 DAGs
[2026-05-10T21:24:41.954+0000] {logging_mixin.py:190} INFO - [2026-05-10T21:24:41.954+0000] {dag.py:4180} INFO - Setting next_dagrun for mod_04_01_classic_xcom to None, run_after=None
[2026-05-10T21:24:41.963+0000] {processor.py:208} INFO - Processing /opt/airflow/dags/04_xcom/01_classic_push_pull.py took 0.041 seconds
[2026-05-10T21:25:12.423+0000] {processor.py:186} INFO - Started process (PID=2783) to work on /opt/airflow/dags/04_xcom/01_classic_push_pull.py
[2026-05-10T21:25:12.423+0000] {processor.py:914} INFO - Processing file /opt/airflow/dags/04_xcom/01_classic_push_pull.py for tasks to queue
[2026-05-10T21:25:12.425+0000] {logging_mixin.py:190} INFO - [2026-05-10T21:25:12.425+0000] {dagbag.py:588} INFO - Filling up the DagBag from /opt/airflow/dags/04_xcom/01_classic_push_pull.py
[2026-05-10T21:25:12.430+0000] {processor.py:925} INFO - DAG(s) 'mod_04_01_classic_xcom' retrieved from /opt/airflow/dags/04_xcom/01_classic_push_pull.py
[2026-05-10T21:25:12.440+0000] {logging_mixin.py:190} INFO - [2026-05-10T21:25:12.440+0000] {dag.py:3239} INFO - Sync 1 DAGs
[2026-05-10T21:25:12.445+0000] {logging_mixin.py:190} INFO - [2026-05-10T21:25:12.445+0000] {dag.py:4180} INFO - Setting next_dagrun for mod_04_01_classic_xcom to None, run_after=None
[2026-05-10T21:25:12.456+0000] {processor.py:208} INFO - Processing /opt/airflow/dags/04_xcom/01_classic_push_pull.py took 0.036 seconds
[2026-05-10T21:25:42.993+0000] {processor.py:186} INFO - Started process (PID=2986) to work on /opt/airflow/dags/04_xcom/01_classic_push_pull.py
[2026-05-10T21:25:42.994+0000] {processor.py:914} INFO - Processing file /opt/airflow/dags/04_xcom/01_classic_push_pull.py for tasks to queue
[2026-05-10T21:25:42.995+0000] {logging_mixin.py:190} INFO - [2026-05-10T21:25:42.995+0000] {dagbag.py:588} INFO - Filling up the DagBag from /opt/airflow/dags/04_xcom/01_classic_push_pull.py
[2026-05-10T21:25:43.001+0000] {processor.py:925} INFO - DAG(s) 'mod_04_01_classic_xcom' retrieved from /opt/airflow/dags/04_xcom/01_classic_push_pull.py
[2026-05-10T21:25:43.018+0000] {logging_mixin.py:190} INFO - [2026-05-10T21:25:43.018+0000] {dag.py:3239} INFO - Sync 1 DAGs
[2026-05-10T21:25:43.024+0000] {logging_mixin.py:190} INFO - [2026-05-10T21:25:43.024+0000] {dag.py:4180} INFO - Setting next_dagrun for mod_04_01_classic_xcom to None, run_after=None
[2026-05-10T21:25:43.036+0000] {processor.py:208} INFO - Processing /opt/airflow/dags/04_xcom/01_classic_push_pull.py took 0.049 seconds
[2026-05-10T21:26:13.585+0000] {processor.py:186} INFO - Started process (PID=3189) to work on /opt/airflow/dags/04_xcom/01_classic_push_pull.py
[2026-05-10T21:26:13.585+0000] {processor.py:914} INFO - Processing file /opt/airflow/dags/04_xcom/01_classic_push_pull.py for tasks to queue
[2026-05-10T21:26:13.587+0000] {logging_mixin.py:190} INFO - [2026-05-10T21:26:13.587+0000] {dagbag.py:588} INFO - Filling up the DagBag from /opt/airflow/dags/04_xcom/01_classic_push_pull.py
[2026-05-10T21:26:13.593+0000] {processor.py:925} INFO - DAG(s) 'mod_04_01_classic_xcom' retrieved from /opt/airflow/dags/04_xcom/01_classic_push_pull.py
[2026-05-10T21:26:13.607+0000] {logging_mixin.py:190} INFO - [2026-05-10T21:26:13.607+0000] {dag.py:3239} INFO - Sync 1 DAGs
[2026-05-10T21:26:13.612+0000] {logging_mixin.py:190} INFO - [2026-05-10T21:26:13.612+0000] {dag.py:4180} INFO - Setting next_dagrun for mod_04_01_classic_xcom to None, run_after=None
[2026-05-10T21:26:13.622+0000] {processor.py:208} INFO - Processing /opt/airflow/dags/04_xcom/01_classic_push_pull.py took 0.039 seconds
[2026-05-10T21:26:44.092+0000] {processor.py:186} INFO - Started process (PID=3392) to work on /opt/airflow/dags/04_xcom/01_classic_push_pull.py
[2026-05-10T21:26:44.092+0000] {processor.py:914} INFO - Processing file /opt/airflow/dags/04_xcom/01_classic_push_pull.py for tasks to queue
[2026-05-10T21:26:44.094+0000] {logging_mixin.py:190} INFO - [2026-05-10T21:26:44.094+0000] {dagbag.py:588} INFO - Filling up the DagBag from /opt/airflow/dags/04_xcom/01_classic_push_pull.py
[2026-05-10T21:26:44.101+0000] {processor.py:925} INFO - DAG(s) 'mod_04_01_classic_xcom' retrieved from /opt/airflow/dags/04_xcom/01_classic_push_pull.py
[2026-05-10T21:26:44.111+0000] {logging_mixin.py:190} INFO - [2026-05-10T21:26:44.111+0000] {dag.py:3239} INFO - Sync 1 DAGs
[2026-05-10T21:26:44.122+0000] {logging_mixin.py:190} INFO - [2026-05-10T21:26:44.122+0000] {dag.py:4180} INFO - Setting next_dagrun for mod_04_01_classic_xcom to None, run_after=None
[2026-05-10T21:26:44.135+0000] {processor.py:208} INFO - Processing /opt/airflow/dags/04_xcom/01_classic_push_pull.py took 0.046 seconds
[2026-05-10T21:27:14.693+0000] {processor.py:186} INFO - Started process (PID=3595) to work on /opt/airflow/dags/04_xcom/01_classic_push_pull.py
[2026-05-10T21:27:14.694+0000] {processor.py:914} INFO - Processing file /opt/airflow/dags/04_xcom/01_classic_push_pull.py for tasks to queue
[2026-05-10T21:27:14.698+0000] {logging_mixin.py:190} INFO - [2026-05-10T21:27:14.698+0000] {dagbag.py:588} INFO - Filling up the DagBag from /opt/airflow/dags/04_xcom/01_classic_push_pull.py
[2026-05-10T21:27:14.701+0000] {processor.py:925} INFO - DAG(s) 'mod_04_01_classic_xcom' retrieved from /opt/airflow/dags/04_xcom/01_classic_push_pull.py
[2026-05-10T21:27:14.713+0000] {logging_mixin.py:190} INFO - [2026-05-10T21:27:14.713+0000] {dag.py:3239} INFO - Sync 1 DAGs
[2026-05-10T21:27:14.719+0000] {logging_mixin.py:190} INFO - [2026-05-10T21:27:14.719+0000] {dag.py:4180} INFO - Setting next_dagrun for mod_04_01_classic_xcom to None, run_after=None
[2026-05-10T21:27:14.727+0000] {processor.py:208} INFO - Processing /opt/airflow/dags/04_xcom/01_classic_push_pull.py took 0.037 seconds
[2026-05-10T21:27:45.175+0000] {processor.py:186} INFO - Started process (PID=3798) to work on /opt/airflow/dags/04_xcom/01_classic_push_pull.py
[2026-05-10T21:27:45.175+0000] {processor.py:914} INFO - Processing file /opt/airflow/dags/04_xcom/01_classic_push_pull.py for tasks to queue
[2026-05-10T21:27:45.177+0000] {logging_mixin.py:190} INFO - [2026-05-10T21:27:45.177+0000] {dagbag.py:588} INFO - Filling up the DagBag from /opt/airflow/dags/04_xcom/01_classic_push_pull.py
[2026-05-10T21:27:45.184+0000] {processor.py:925} INFO - DAG(s) 'mod_04_01_classic_xcom' retrieved from /opt/airflow/dags/04_xcom/01_classic_push_pull.py
[2026-05-10T21:27:45.195+0000] {logging_mixin.py:190} INFO - [2026-05-10T21:27:45.195+0000] {dag.py:3239} INFO - Sync 1 DAGs
[2026-05-10T21:27:45.200+0000] {logging_mixin.py:190} INFO - [2026-05-10T21:27:45.200+0000] {dag.py:4180} INFO - Setting next_dagrun for mod_04_01_classic_xcom to None, run_after=None
[2026-05-10T21:27:45.209+0000] {processor.py:208} INFO - Processing /opt/airflow/dags/04_xcom/01_classic_push_pull.py took 0.037 seconds
[2026-05-10T21:28:15.662+0000] {processor.py:186} INFO - Started process (PID=4001) to work on /opt/airflow/dags/04_xcom/01_classic_push_pull.py
[2026-05-10T21:28:15.662+0000] {processor.py:914} INFO - Processing file /opt/airflow/dags/04_xcom/01_classic_push_pull.py for tasks to queue
[2026-05-10T21:28:15.664+0000] {logging_mixin.py:190} INFO - [2026-05-10T21:28:15.664+0000] {dagbag.py:588} INFO - Filling up the DagBag from /opt/airflow/dags/04_xcom/01_classic_push_pull.py
[2026-05-10T21:28:15.670+0000] {processor.py:925} INFO - DAG(s) 'mod_04_01_classic_xcom' retrieved from /opt/airflow/dags/04_xcom/01_classic_push_pull.py
[2026-05-10T21:28:15.680+0000] {logging_mixin.py:190} INFO - [2026-05-10T21:28:15.680+0000] {dag.py:3239} INFO - Sync 1 DAGs
[2026-05-10T21:28:15.687+0000] {logging_mixin.py:190} INFO - [2026-05-10T21:28:15.687+0000] {dag.py:4180} INFO - Setting next_dagrun for mod_04_01_classic_xcom to None, run_after=None
[2026-05-10T21:28:15.695+0000] {processor.py:208} INFO - Processing /opt/airflow/dags/04_xcom/01_classic_push_pull.py took 0.036 seconds
[2026-05-10T21:28:46.196+0000] {processor.py:186} INFO - Started process (PID=4204) to work on /opt/airflow/dags/04_xcom/01_classic_push_pull.py
[2026-05-10T21:28:46.197+0000] {processor.py:914} INFO - Processing file /opt/airflow/dags/04_xcom/01_classic_push_pull.py for tasks to queue
[2026-05-10T21:28:46.198+0000] {logging_mixin.py:190} INFO - [2026-05-10T21:28:46.198+0000] {dagbag.py:588} INFO - Filling up the DagBag from /opt/airflow/dags/04_xcom/01_classic_push_pull.py
[2026-05-10T21:28:46.205+0000] {processor.py:925} INFO - DAG(s) 'mod_04_01_classic_xcom' retrieved from /opt/airflow/dags/04_xcom/01_classic_push_pull.py
[2026-05-10T21:28:46.217+0000] {logging_mixin.py:190} INFO - [2026-05-10T21:28:46.217+0000] {dag.py:3239} INFO - Sync 1 DAGs
[2026-05-10T21:28:46.222+0000] {logging_mixin.py:190} INFO - [2026-05-10T21:28:46.222+0000] {dag.py:4180} INFO - Setting next_dagrun for mod_04_01_classic_xcom to None, run_after=None
[2026-05-10T21:28:46.230+0000] {processor.py:208} INFO - Processing /opt/airflow/dags/04_xcom/01_classic_push_pull.py took 0.035 seconds
[2026-05-10T21:29:16.754+0000] {processor.py:186} INFO - Started process (PID=4407) to work on /opt/airflow/dags/04_xcom/01_classic_push_pull.py
[2026-05-10T21:29:16.755+0000] {processor.py:914} INFO - Processing file /opt/airflow/dags/04_xcom/01_classic_push_pull.py for tasks to queue
[2026-05-10T21:29:16.757+0000] {logging_mixin.py:190} INFO - [2026-05-10T21:29:16.757+0000] {dagbag.py:588} INFO - Filling up the DagBag from /opt/airflow/dags/04_xcom/01_classic_push_pull.py
[2026-05-10T21:29:16.762+0000] {processor.py:925} INFO - DAG(s) 'mod_04_01_classic_xcom' retrieved from /opt/airflow/dags/04_xcom/01_classic_push_pull.py
[2026-05-10T21:29:16.772+0000] {logging_mixin.py:190} INFO - [2026-05-10T21:29:16.772+0000] {dag.py:3239} INFO - Sync 1 DAGs
[2026-05-10T21:29:16.778+0000] {logging_mixin.py:190} INFO - [2026-05-10T21:29:16.778+0000] {dag.py:4180} INFO - Setting next_dagrun for mod_04_01_classic_xcom to None, run_after=None
[2026-05-10T21:29:16.788+0000] {processor.py:208} INFO - Processing /opt/airflow/dags/04_xcom/01_classic_push_pull.py took 0.036 seconds
[2026-05-10T21:29:47.327+0000] {processor.py:186} INFO - Started process (PID=4612) to work on /opt/airflow/dags/04_xcom/01_classic_push_pull.py
[2026-05-10T21:29:47.328+0000] {processor.py:914} INFO - Processing file /opt/airflow/dags/04_xcom/01_classic_push_pull.py for tasks to queue
[2026-05-10T21:29:47.329+0000] {logging_mixin.py:190} INFO - [2026-05-10T21:29:47.329+0000] {dagbag.py:588} INFO - Filling up the DagBag from /opt/airflow/dags/04_xcom/01_classic_push_pull.py
[2026-05-10T21:29:47.333+0000] {processor.py:925} INFO - DAG(s) 'mod_04_01_classic_xcom' retrieved from /opt/airflow/dags/04_xcom/01_classic_push_pull.py
[2026-05-10T21:29:47.341+0000] {logging_mixin.py:190} INFO - [2026-05-10T21:29:47.341+0000] {dag.py:3239} INFO - Sync 1 DAGs
[2026-05-10T21:29:47.345+0000] {logging_mixin.py:190} INFO - [2026-05-10T21:29:47.345+0000] {dag.py:4180} INFO - Setting next_dagrun for mod_04_01_classic_xcom to None, run_after=None
[2026-05-10T21:29:47.351+0000] {processor.py:208} INFO - Processing /opt/airflow/dags/04_xcom/01_classic_push_pull.py took 0.026 seconds
[2026-05-10T21:30:17.780+0000] {processor.py:186} INFO - Started process (PID=4813) to work on /opt/airflow/dags/04_xcom/01_classic_push_pull.py
[2026-05-10T21:30:17.781+0000] {processor.py:914} INFO - Processing file /opt/airflow/dags/04_xcom/01_classic_push_pull.py for tasks to queue
[2026-05-10T21:30:17.788+0000] {logging_mixin.py:190} INFO - [2026-05-10T21:30:17.787+0000] {dagbag.py:588} INFO - Filling up the DagBag from /opt/airflow/dags/04_xcom/01_classic_push_pull.py
[2026-05-10T21:30:17.792+0000] {processor.py:925} INFO - DAG(s) 'mod_04_01_classic_xcom' retrieved from /opt/airflow/dags/04_xcom/01_classic_push_pull.py
[2026-05-10T21:30:17.806+0000] {logging_mixin.py:190} INFO - [2026-05-10T21:30:17.806+0000] {dag.py:3239} INFO - Sync 1 DAGs
[2026-05-10T21:30:17.812+0000] {logging_mixin.py:190} INFO - [2026-05-10T21:30:17.812+0000] {dag.py:4180} INFO - Setting next_dagrun for mod_04_01_classic_xcom to None, run_after=None
[2026-05-10T21:30:17.823+0000] {processor.py:208} INFO - Processing /opt/airflow/dags/04_xcom/01_classic_push_pull.py took 0.046 seconds
[2026-05-10T21:30:48.333+0000] {processor.py:186} INFO - Started process (PID=5016) to work on /opt/airflow/dags/04_xcom/01_classic_push_pull.py
[2026-05-10T21:30:48.334+0000] {processor.py:914} INFO - Processing file /opt/airflow/dags/04_xcom/01_classic_push_pull.py for tasks to queue
[2026-05-10T21:30:48.336+0000] {logging_mixin.py:190} INFO - [2026-05-10T21:30:48.336+0000] {dagbag.py:588} INFO - Filling up the DagBag from /opt/airflow/dags/04_xcom/01_classic_push_pull.py
[2026-05-10T21:30:48.341+0000] {processor.py:925} INFO - DAG(s) 'mod_04_01_classic_xcom' retrieved from /opt/airflow/dags/04_xcom/01_classic_push_pull.py
[2026-05-10T21:30:48.357+0000] {logging_mixin.py:190} INFO - [2026-05-10T21:30:48.357+0000] {dag.py:3239} INFO - Sync 1 DAGs
[2026-05-10T21:30:48.364+0000] {logging_mixin.py:190} INFO - [2026-05-10T21:30:48.364+0000] {dag.py:4180} INFO - Setting next_dagrun for mod_04_01_classic_xcom to None, run_after=None
[2026-05-10T21:30:48.373+0000] {processor.py:208} INFO - Processing /opt/airflow/dags/04_xcom/01_classic_push_pull.py took 0.043 seconds
[2026-05-10T21:31:18.939+0000] {processor.py:186} INFO - Started process (PID=5219) to work on /opt/airflow/dags/04_xcom/01_classic_push_pull.py
[2026-05-10T21:31:18.940+0000] {processor.py:914} INFO - Processing file /opt/airflow/dags/04_xcom/01_classic_push_pull.py for tasks to queue
[2026-05-10T21:31:18.941+0000] {logging_mixin.py:190} INFO - [2026-05-10T21:31:18.941+0000] {dagbag.py:588} INFO - Filling up the DagBag from /opt/airflow/dags/04_xcom/01_classic_push_pull.py
[2026-05-10T21:31:18.946+0000] {processor.py:925} INFO - DAG(s) 'mod_04_01_classic_xcom' retrieved from /opt/airflow/dags/04_xcom/01_classic_push_pull.py
[2026-05-10T21:31:18.957+0000] {logging_mixin.py:190} INFO - [2026-05-10T21:31:18.957+0000] {dag.py:3239} INFO - Sync 1 DAGs
[2026-05-10T21:31:18.962+0000] {logging_mixin.py:190} INFO - [2026-05-10T21:31:18.962+0000] {dag.py:4180} INFO - Setting next_dagrun for mod_04_01_classic_xcom to None, run_after=None
[2026-05-10T21:31:18.971+0000] {processor.py:208} INFO - Processing /opt/airflow/dags/04_xcom/01_classic_push_pull.py took 0.035 seconds
[2026-05-10T21:31:49.417+0000] {processor.py:186} INFO - Started process (PID=5422) to work on /opt/airflow/dags/04_xcom/01_classic_push_pull.py
[2026-05-10T21:31:49.418+0000] {processor.py:914} INFO - Processing file /opt/airflow/dags/04_xcom/01_classic_push_pull.py for tasks to queue
[2026-05-10T21:31:49.419+0000] {logging_mixin.py:190} INFO - [2026-05-10T21:31:49.419+0000] {dagbag.py:588} INFO - Filling up the DagBag from /opt/airflow/dags/04_xcom/01_classic_push_pull.py
[2026-05-10T21:31:49.425+0000] {processor.py:925} INFO - DAG(s) 'mod_04_01_classic_xcom' retrieved from /opt/airflow/dags/04_xcom/01_classic_push_pull.py
[2026-05-10T21:31:49.437+0000] {logging_mixin.py:190} INFO - [2026-05-10T21:31:49.437+0000] {dag.py:3239} INFO - Sync 1 DAGs
[2026-05-10T21:31:49.442+0000] {logging_mixin.py:190} INFO - [2026-05-10T21:31:49.442+0000] {dag.py:4180} INFO - Setting next_dagrun for mod_04_01_classic_xcom to None, run_after=None
[2026-05-10T21:31:49.452+0000] {processor.py:208} INFO - Processing /opt/airflow/dags/04_xcom/01_classic_push_pull.py took 0.037 seconds
