[2026-05-10T21:19:05.899+0000] {processor.py:186} INFO - Started process (PID=328) to work on /opt/airflow/dags/04_xcom/02_taskflow_xcom.py
[2026-05-10T21:19:05.901+0000] {processor.py:914} INFO - Processing file /opt/airflow/dags/04_xcom/02_taskflow_xcom.py for tasks to queue
[2026-05-10T21:19:05.902+0000] {logging_mixin.py:190} INFO - [2026-05-10T21:19:05.902+0000] {dagbag.py:588} INFO - Filling up the DagBag from /opt/airflow/dags/04_xcom/02_taskflow_xcom.py
[2026-05-10T21:19:05.908+0000] {processor.py:925} INFO - DAG(s) 'mod_04_02_taskflow_xcom' retrieved from /opt/airflow/dags/04_xcom/02_taskflow_xcom.py
[2026-05-10T21:19:05.950+0000] {logging_mixin.py:190} INFO - [2026-05-10T21:19:05.950+0000] {override.py:1912} INFO - Created Permission View: can delete on DAG:mod_04_02_taskflow_xcom
[2026-05-10T21:19:05.955+0000] {logging_mixin.py:190} INFO - [2026-05-10T21:19:05.955+0000] {override.py:1912} INFO - Created Permission View: can edit on DAG:mod_04_02_taskflow_xcom
[2026-05-10T21:19:05.957+0000] {logging_mixin.py:190} INFO - [2026-05-10T21:19:05.957+0000] {override.py:1912} INFO - Created Permission View: can read on DAG:mod_04_02_taskflow_xcom
[2026-05-10T21:19:05.959+0000] {logging_mixin.py:190} INFO - [2026-05-10T21:19:05.959+0000] {override.py:1912} INFO - Created Permission View: can delete on DAG Run:mod_04_02_taskflow_xcom
[2026-05-10T21:19:05.960+0000] {logging_mixin.py:190} INFO - [2026-05-10T21:19:05.960+0000] {override.py:1912} INFO - Created Permission View: menu access on DAG Run:mod_04_02_taskflow_xcom
[2026-05-10T21:19:05.964+0000] {logging_mixin.py:190} INFO - [2026-05-10T21:19:05.964+0000] {override.py:1912} INFO - Created Permission View: can create on DAG Run:mod_04_02_taskflow_xcom
[2026-05-10T21:19:05.969+0000] {logging_mixin.py:190} INFO - [2026-05-10T21:19:05.968+0000] {override.py:1912} INFO - Created Permission View: can read on DAG Run:mod_04_02_taskflow_xcom
[2026-05-10T21:19:05.970+0000] {logging_mixin.py:190} INFO - [2026-05-10T21:19:05.970+0000] {dag.py:3239} INFO - Sync 1 DAGs
[2026-05-10T21:19:05.977+0000] {logging_mixin.py:190} INFO - [2026-05-10T21:19:05.977+0000] {dag.py:3262} INFO - Creating ORM DAG for mod_04_02_taskflow_xcom
[2026-05-10T21:19:05.977+0000] {logging_mixin.py:190} INFO - [2026-05-10T21:19:05.977+0000] {dag.py:4180} INFO - Setting next_dagrun for mod_04_02_taskflow_xcom to None, run_after=None
[2026-05-10T21:19:05.987+0000] {processor.py:208} INFO - Processing /opt/airflow/dags/04_xcom/02_taskflow_xcom.py took 0.091 seconds
[2026-05-10T21:19:36.913+0000] {processor.py:186} INFO - Started process (PID=533) to work on /opt/airflow/dags/04_xcom/02_taskflow_xcom.py
[2026-05-10T21:19:36.914+0000] {processor.py:914} INFO - Processing file /opt/airflow/dags/04_xcom/02_taskflow_xcom.py for tasks to queue
[2026-05-10T21:19:36.915+0000] {logging_mixin.py:190} INFO - [2026-05-10T21:19:36.915+0000] {dagbag.py:588} INFO - Filling up the DagBag from /opt/airflow/dags/04_xcom/02_taskflow_xcom.py
[2026-05-10T21:19:36.924+0000] {processor.py:925} INFO - DAG(s) 'mod_04_02_taskflow_xcom' retrieved from /opt/airflow/dags/04_xcom/02_taskflow_xcom.py
[2026-05-10T21:19:36.935+0000] {logging_mixin.py:190} INFO - [2026-05-10T21:19:36.935+0000] {dag.py:3239} INFO - Sync 1 DAGs
[2026-05-10T21:19:36.941+0000] {logging_mixin.py:190} INFO - [2026-05-10T21:19:36.941+0000] {dag.py:4180} INFO - Setting next_dagrun for mod_04_02_taskflow_xcom to None, run_after=None
[2026-05-10T21:19:36.951+0000] {processor.py:208} INFO - Processing /opt/airflow/dags/04_xcom/02_taskflow_xcom.py took 0.040 seconds
[2026-05-10T21:20:07.371+0000] {processor.py:186} INFO - Started process (PID=736) to work on /opt/airflow/dags/04_xcom/02_taskflow_xcom.py
[2026-05-10T21:20:07.372+0000] {processor.py:914} INFO - Processing file /opt/airflow/dags/04_xcom/02_taskflow_xcom.py for tasks to queue
[2026-05-10T21:20:07.373+0000] {logging_mixin.py:190} INFO - [2026-05-10T21:20:07.373+0000] {dagbag.py:588} INFO - Filling up the DagBag from /opt/airflow/dags/04_xcom/02_taskflow_xcom.py
[2026-05-10T21:20:07.379+0000] {processor.py:925} INFO - DAG(s) 'mod_04_02_taskflow_xcom' retrieved from /opt/airflow/dags/04_xcom/02_taskflow_xcom.py
[2026-05-10T21:20:07.389+0000] {logging_mixin.py:190} INFO - [2026-05-10T21:20:07.388+0000] {dag.py:3239} INFO - Sync 1 DAGs
[2026-05-10T21:20:07.396+0000] {logging_mixin.py:190} INFO - [2026-05-10T21:20:07.396+0000] {dag.py:4180} INFO - Setting next_dagrun for mod_04_02_taskflow_xcom to None, run_after=None
[2026-05-10T21:20:07.406+0000] {processor.py:208} INFO - Processing /opt/airflow/dags/04_xcom/02_taskflow_xcom.py took 0.038 seconds
[2026-05-10T21:20:37.988+0000] {processor.py:186} INFO - Started process (PID=939) to work on /opt/airflow/dags/04_xcom/02_taskflow_xcom.py
[2026-05-10T21:20:37.988+0000] {processor.py:914} INFO - Processing file /opt/airflow/dags/04_xcom/02_taskflow_xcom.py for tasks to queue
[2026-05-10T21:20:37.989+0000] {logging_mixin.py:190} INFO - [2026-05-10T21:20:37.989+0000] {dagbag.py:588} INFO - Filling up the DagBag from /opt/airflow/dags/04_xcom/02_taskflow_xcom.py
[2026-05-10T21:20:37.998+0000] {processor.py:925} INFO - DAG(s) 'mod_04_02_taskflow_xcom' retrieved from /opt/airflow/dags/04_xcom/02_taskflow_xcom.py
[2026-05-10T21:20:38.009+0000] {logging_mixin.py:190} INFO - [2026-05-10T21:20:38.009+0000] {dag.py:3239} INFO - Sync 1 DAGs
[2026-05-10T21:20:38.015+0000] {logging_mixin.py:190} INFO - [2026-05-10T21:20:38.015+0000] {dag.py:4180} INFO - Setting next_dagrun for mod_04_02_taskflow_xcom to None, run_after=None
[2026-05-10T21:20:38.024+0000] {processor.py:208} INFO - Processing /opt/airflow/dags/04_xcom/02_taskflow_xcom.py took 0.039 seconds
[2026-05-10T21:21:08.504+0000] {processor.py:186} INFO - Started process (PID=1142) to work on /opt/airflow/dags/04_xcom/02_taskflow_xcom.py
[2026-05-10T21:21:08.505+0000] {processor.py:914} INFO - Processing file /opt/airflow/dags/04_xcom/02_taskflow_xcom.py for tasks to queue
[2026-05-10T21:21:08.506+0000] {logging_mixin.py:190} INFO - [2026-05-10T21:21:08.506+0000] {dagbag.py:588} INFO - Filling up the DagBag from /opt/airflow/dags/04_xcom/02_taskflow_xcom.py
[2026-05-10T21:21:08.514+0000] {processor.py:925} INFO - DAG(s) 'mod_04_02_taskflow_xcom' retrieved from /opt/airflow/dags/04_xcom/02_taskflow_xcom.py
[2026-05-10T21:21:08.523+0000] {logging_mixin.py:190} INFO - [2026-05-10T21:21:08.523+0000] {dag.py:3239} INFO - Sync 1 DAGs
[2026-05-10T21:21:08.528+0000] {logging_mixin.py:190} INFO - [2026-05-10T21:21:08.528+0000] {dag.py:4180} INFO - Setting next_dagrun for mod_04_02_taskflow_xcom to None, run_after=None
[2026-05-10T21:21:08.536+0000] {processor.py:208} INFO - Processing /opt/airflow/dags/04_xcom/02_taskflow_xcom.py took 0.034 seconds
[2026-05-10T21:21:39.053+0000] {processor.py:186} INFO - Started process (PID=1345) to work on /opt/airflow/dags/04_xcom/02_taskflow_xcom.py
[2026-05-10T21:21:39.053+0000] {processor.py:914} INFO - Processing file /opt/airflow/dags/04_xcom/02_taskflow_xcom.py for tasks to queue
[2026-05-10T21:21:39.054+0000] {logging_mixin.py:190} INFO - [2026-05-10T21:21:39.054+0000] {dagbag.py:588} INFO - Filling up the DagBag from /opt/airflow/dags/04_xcom/02_taskflow_xcom.py
[2026-05-10T21:21:39.060+0000] {processor.py:925} INFO - DAG(s) 'mod_04_02_taskflow_xcom' retrieved from /opt/airflow/dags/04_xcom/02_taskflow_xcom.py
[2026-05-10T21:21:39.074+0000] {logging_mixin.py:190} INFO - [2026-05-10T21:21:39.074+0000] {dag.py:3239} INFO - Sync 1 DAGs
[2026-05-10T21:21:39.081+0000] {logging_mixin.py:190} INFO - [2026-05-10T21:21:39.081+0000] {dag.py:4180} INFO - Setting next_dagrun for mod_04_02_taskflow_xcom to None, run_after=None
[2026-05-10T21:21:39.089+0000] {processor.py:208} INFO - Processing /opt/airflow/dags/04_xcom/02_taskflow_xcom.py took 0.039 seconds
[2026-05-10T21:22:09.497+0000] {processor.py:186} INFO - Started process (PID=1548) to work on /opt/airflow/dags/04_xcom/02_taskflow_xcom.py
[2026-05-10T21:22:09.497+0000] {processor.py:914} INFO - Processing file /opt/airflow/dags/04_xcom/02_taskflow_xcom.py for tasks to queue
[2026-05-10T21:22:09.499+0000] {logging_mixin.py:190} INFO - [2026-05-10T21:22:09.498+0000] {dagbag.py:588} INFO - Filling up the DagBag from /opt/airflow/dags/04_xcom/02_taskflow_xcom.py
[2026-05-10T21:22:09.505+0000] {processor.py:925} INFO - DAG(s) 'mod_04_02_taskflow_xcom' retrieved from /opt/airflow/dags/04_xcom/02_taskflow_xcom.py
[2026-05-10T21:22:09.516+0000] {logging_mixin.py:190} INFO - [2026-05-10T21:22:09.516+0000] {dag.py:3239} INFO - Sync 1 DAGs
[2026-05-10T21:22:09.521+0000] {logging_mixin.py:190} INFO - [2026-05-10T21:22:09.521+0000] {dag.py:4180} INFO - Setting next_dagrun for mod_04_02_taskflow_xcom to None, run_after=None
[2026-05-10T21:22:09.530+0000] {processor.py:208} INFO - Processing /opt/airflow/dags/04_xcom/02_taskflow_xcom.py took 0.036 seconds
[2026-05-10T21:22:39.971+0000] {processor.py:186} INFO - Started process (PID=1751) to work on /opt/airflow/dags/04_xcom/02_taskflow_xcom.py
[2026-05-10T21:22:39.971+0000] {processor.py:914} INFO - Processing file /opt/airflow/dags/04_xcom/02_taskflow_xcom.py for tasks to queue
[2026-05-10T21:22:39.972+0000] {logging_mixin.py:190} INFO - [2026-05-10T21:22:39.972+0000] {dagbag.py:588} INFO - Filling up the DagBag from /opt/airflow/dags/04_xcom/02_taskflow_xcom.py
[2026-05-10T21:22:39.982+0000] {processor.py:925} INFO - DAG(s) 'mod_04_02_taskflow_xcom' retrieved from /opt/airflow/dags/04_xcom/02_taskflow_xcom.py
[2026-05-10T21:22:39.993+0000] {logging_mixin.py:190} INFO - [2026-05-10T21:22:39.993+0000] {dag.py:3239} INFO - Sync 1 DAGs
[2026-05-10T21:22:40.000+0000] {logging_mixin.py:190} INFO - [2026-05-10T21:22:39.999+0000] {dag.py:4180} INFO - Setting next_dagrun for mod_04_02_taskflow_xcom to None, run_after=None
[2026-05-10T21:22:40.008+0000] {processor.py:208} INFO - Processing /opt/airflow/dags/04_xcom/02_taskflow_xcom.py took 0.040 seconds
[2026-05-10T21:23:10.418+0000] {processor.py:186} INFO - Started process (PID=1954) to work on /opt/airflow/dags/04_xcom/02_taskflow_xcom.py
[2026-05-10T21:23:10.418+0000] {processor.py:914} INFO - Processing file /opt/airflow/dags/04_xcom/02_taskflow_xcom.py for tasks to queue
[2026-05-10T21:23:10.419+0000] {logging_mixin.py:190} INFO - [2026-05-10T21:23:10.419+0000] {dagbag.py:588} INFO - Filling up the DagBag from /opt/airflow/dags/04_xcom/02_taskflow_xcom.py
[2026-05-10T21:23:10.424+0000] {processor.py:925} INFO - DAG(s) 'mod_04_02_taskflow_xcom' retrieved from /opt/airflow/dags/04_xcom/02_taskflow_xcom.py
[2026-05-10T21:23:10.436+0000] {logging_mixin.py:190} INFO - [2026-05-10T21:23:10.436+0000] {dag.py:3239} INFO - Sync 1 DAGs
[2026-05-10T21:23:10.444+0000] {logging_mixin.py:190} INFO - [2026-05-10T21:23:10.444+0000] {dag.py:4180} INFO - Setting next_dagrun for mod_04_02_taskflow_xcom to None, run_after=None
[2026-05-10T21:23:10.451+0000] {processor.py:208} INFO - Processing /opt/airflow/dags/04_xcom/02_taskflow_xcom.py took 0.036 seconds
[2026-05-10T21:23:40.890+0000] {processor.py:186} INFO - Started process (PID=2157) to work on /opt/airflow/dags/04_xcom/02_taskflow_xcom.py
[2026-05-10T21:23:40.891+0000] {processor.py:914} INFO - Processing file /opt/airflow/dags/04_xcom/02_taskflow_xcom.py for tasks to queue
[2026-05-10T21:23:40.892+0000] {logging_mixin.py:190} INFO - [2026-05-10T21:23:40.892+0000] {dagbag.py:588} INFO - Filling up the DagBag from /opt/airflow/dags/04_xcom/02_taskflow_xcom.py
[2026-05-10T21:23:40.897+0000] {processor.py:925} INFO - DAG(s) 'mod_04_02_taskflow_xcom' retrieved from /opt/airflow/dags/04_xcom/02_taskflow_xcom.py
[2026-05-10T21:23:40.915+0000] {logging_mixin.py:190} INFO - [2026-05-10T21:23:40.915+0000] {dag.py:3239} INFO - Sync 1 DAGs
[2026-05-10T21:23:40.921+0000] {logging_mixin.py:190} INFO - [2026-05-10T21:23:40.921+0000] {dag.py:4180} INFO - Setting next_dagrun for mod_04_02_taskflow_xcom to None, run_after=None
[2026-05-10T21:23:40.931+0000] {processor.py:208} INFO - Processing /opt/airflow/dags/04_xcom/02_taskflow_xcom.py took 0.043 seconds
[2026-05-10T21:24:11.441+0000] {processor.py:186} INFO - Started process (PID=2374) to work on /opt/airflow/dags/04_xcom/02_taskflow_xcom.py
[2026-05-10T21:24:11.442+0000] {processor.py:914} INFO - Processing file /opt/airflow/dags/04_xcom/02_taskflow_xcom.py for tasks to queue
[2026-05-10T21:24:11.443+0000] {logging_mixin.py:190} INFO - [2026-05-10T21:24:11.442+0000] {dagbag.py:588} INFO - Filling up the DagBag from /opt/airflow/dags/04_xcom/02_taskflow_xcom.py
[2026-05-10T21:24:11.451+0000] {processor.py:925} INFO - DAG(s) 'mod_04_02_taskflow_xcom' retrieved from /opt/airflow/dags/04_xcom/02_taskflow_xcom.py
[2026-05-10T21:24:11.461+0000] {logging_mixin.py:190} INFO - [2026-05-10T21:24:11.461+0000] {dag.py:3239} INFO - Sync 1 DAGs
[2026-05-10T21:24:11.467+0000] {logging_mixin.py:190} INFO - [2026-05-10T21:24:11.467+0000] {dag.py:4180} INFO - Setting next_dagrun for mod_04_02_taskflow_xcom to None, run_after=None
[2026-05-10T21:24:11.476+0000] {processor.py:208} INFO - Processing /opt/airflow/dags/04_xcom/02_taskflow_xcom.py took 0.038 seconds
[2026-05-10T21:24:41.923+0000] {processor.py:186} INFO - Started process (PID=2577) to work on /opt/airflow/dags/04_xcom/02_taskflow_xcom.py
[2026-05-10T21:24:41.923+0000] {processor.py:914} INFO - Processing file /opt/airflow/dags/04_xcom/02_taskflow_xcom.py for tasks to queue
[2026-05-10T21:24:41.924+0000] {logging_mixin.py:190} INFO - [2026-05-10T21:24:41.924+0000] {dagbag.py:588} INFO - Filling up the DagBag from /opt/airflow/dags/04_xcom/02_taskflow_xcom.py
[2026-05-10T21:24:41.931+0000] {processor.py:925} INFO - DAG(s) 'mod_04_02_taskflow_xcom' retrieved from /opt/airflow/dags/04_xcom/02_taskflow_xcom.py
[2026-05-10T21:24:41.944+0000] {logging_mixin.py:190} INFO - [2026-05-10T21:24:41.944+0000] {dag.py:3239} INFO - Sync 1 DAGs
[2026-05-10T21:24:41.949+0000] {logging_mixin.py:190} INFO - [2026-05-10T21:24:41.949+0000] {dag.py:4180} INFO - Setting next_dagrun for mod_04_02_taskflow_xcom to None, run_after=None
[2026-05-10T21:24:41.959+0000] {processor.py:208} INFO - Processing /opt/airflow/dags/04_xcom/02_taskflow_xcom.py took 0.039 seconds
[2026-05-10T21:25:12.421+0000] {processor.py:186} INFO - Started process (PID=2780) to work on /opt/airflow/dags/04_xcom/02_taskflow_xcom.py
[2026-05-10T21:25:12.422+0000] {processor.py:914} INFO - Processing file /opt/airflow/dags/04_xcom/02_taskflow_xcom.py for tasks to queue
[2026-05-10T21:25:12.423+0000] {logging_mixin.py:190} INFO - [2026-05-10T21:25:12.422+0000] {dagbag.py:588} INFO - Filling up the DagBag from /opt/airflow/dags/04_xcom/02_taskflow_xcom.py
[2026-05-10T21:25:12.430+0000] {processor.py:925} INFO - DAG(s) 'mod_04_02_taskflow_xcom' retrieved from /opt/airflow/dags/04_xcom/02_taskflow_xcom.py
[2026-05-10T21:25:12.443+0000] {logging_mixin.py:190} INFO - [2026-05-10T21:25:12.443+0000] {dag.py:3239} INFO - Sync 1 DAGs
[2026-05-10T21:25:12.451+0000] {logging_mixin.py:190} INFO - [2026-05-10T21:25:12.451+0000] {dag.py:4180} INFO - Setting next_dagrun for mod_04_02_taskflow_xcom to None, run_after=None
[2026-05-10T21:25:12.461+0000] {processor.py:208} INFO - Processing /opt/airflow/dags/04_xcom/02_taskflow_xcom.py took 0.044 seconds
[2026-05-10T21:25:42.988+0000] {processor.py:186} INFO - Started process (PID=2983) to work on /opt/airflow/dags/04_xcom/02_taskflow_xcom.py
[2026-05-10T21:25:42.989+0000] {processor.py:914} INFO - Processing file /opt/airflow/dags/04_xcom/02_taskflow_xcom.py for tasks to queue
[2026-05-10T21:25:42.989+0000] {logging_mixin.py:190} INFO - [2026-05-10T21:25:42.989+0000] {dagbag.py:588} INFO - Filling up the DagBag from /opt/airflow/dags/04_xcom/02_taskflow_xcom.py
[2026-05-10T21:25:42.995+0000] {processor.py:925} INFO - DAG(s) 'mod_04_02_taskflow_xcom' retrieved from /opt/airflow/dags/04_xcom/02_taskflow_xcom.py
[2026-05-10T21:25:43.007+0000] {logging_mixin.py:190} INFO - [2026-05-10T21:25:43.007+0000] {dag.py:3239} INFO - Sync 1 DAGs
[2026-05-10T21:25:43.013+0000] {logging_mixin.py:190} INFO - [2026-05-10T21:25:43.012+0000] {dag.py:4180} INFO - Setting next_dagrun for mod_04_02_taskflow_xcom to None, run_after=None
[2026-05-10T21:25:43.026+0000] {processor.py:208} INFO - Processing /opt/airflow/dags/04_xcom/02_taskflow_xcom.py took 0.041 seconds
[2026-05-10T21:26:13.583+0000] {processor.py:186} INFO - Started process (PID=3186) to work on /opt/airflow/dags/04_xcom/02_taskflow_xcom.py
[2026-05-10T21:26:13.583+0000] {processor.py:914} INFO - Processing file /opt/airflow/dags/04_xcom/02_taskflow_xcom.py for tasks to queue
[2026-05-10T21:26:13.585+0000] {logging_mixin.py:190} INFO - [2026-05-10T21:26:13.584+0000] {dagbag.py:588} INFO - Filling up the DagBag from /opt/airflow/dags/04_xcom/02_taskflow_xcom.py
[2026-05-10T21:26:13.590+0000] {processor.py:925} INFO - DAG(s) 'mod_04_02_taskflow_xcom' retrieved from /opt/airflow/dags/04_xcom/02_taskflow_xcom.py
[2026-05-10T21:26:13.602+0000] {logging_mixin.py:190} INFO - [2026-05-10T21:26:13.602+0000] {dag.py:3239} INFO - Sync 1 DAGs
[2026-05-10T21:26:13.609+0000] {logging_mixin.py:190} INFO - [2026-05-10T21:26:13.609+0000] {dag.py:4180} INFO - Setting next_dagrun for mod_04_02_taskflow_xcom to None, run_after=None
[2026-05-10T21:26:13.615+0000] {processor.py:208} INFO - Processing /opt/airflow/dags/04_xcom/02_taskflow_xcom.py took 0.035 seconds
[2026-05-10T21:26:44.090+0000] {processor.py:186} INFO - Started process (PID=3389) to work on /opt/airflow/dags/04_xcom/02_taskflow_xcom.py
[2026-05-10T21:26:44.090+0000] {processor.py:914} INFO - Processing file /opt/airflow/dags/04_xcom/02_taskflow_xcom.py for tasks to queue
[2026-05-10T21:26:44.091+0000] {logging_mixin.py:190} INFO - [2026-05-10T21:26:44.091+0000] {dagbag.py:588} INFO - Filling up the DagBag from /opt/airflow/dags/04_xcom/02_taskflow_xcom.py
[2026-05-10T21:26:44.100+0000] {processor.py:925} INFO - DAG(s) 'mod_04_02_taskflow_xcom' retrieved from /opt/airflow/dags/04_xcom/02_taskflow_xcom.py
[2026-05-10T21:26:44.116+0000] {logging_mixin.py:190} INFO - [2026-05-10T21:26:44.116+0000] {dag.py:3239} INFO - Sync 1 DAGs
[2026-05-10T21:26:44.123+0000] {logging_mixin.py:190} INFO - [2026-05-10T21:26:44.123+0000] {dag.py:4180} INFO - Setting next_dagrun for mod_04_02_taskflow_xcom to None, run_after=None
[2026-05-10T21:26:44.135+0000] {processor.py:208} INFO - Processing /opt/airflow/dags/04_xcom/02_taskflow_xcom.py took 0.048 seconds
[2026-05-10T21:27:14.691+0000] {processor.py:186} INFO - Started process (PID=3592) to work on /opt/airflow/dags/04_xcom/02_taskflow_xcom.py
[2026-05-10T21:27:14.692+0000] {processor.py:914} INFO - Processing file /opt/airflow/dags/04_xcom/02_taskflow_xcom.py for tasks to queue
[2026-05-10T21:27:14.693+0000] {logging_mixin.py:190} INFO - [2026-05-10T21:27:14.693+0000] {dagbag.py:588} INFO - Filling up the DagBag from /opt/airflow/dags/04_xcom/02_taskflow_xcom.py
[2026-05-10T21:27:14.701+0000] {processor.py:925} INFO - DAG(s) 'mod_04_02_taskflow_xcom' retrieved from /opt/airflow/dags/04_xcom/02_taskflow_xcom.py
[2026-05-10T21:27:14.712+0000] {logging_mixin.py:190} INFO - [2026-05-10T21:27:14.711+0000] {dag.py:3239} INFO - Sync 1 DAGs
[2026-05-10T21:27:14.717+0000] {logging_mixin.py:190} INFO - [2026-05-10T21:27:14.717+0000] {dag.py:4180} INFO - Setting next_dagrun for mod_04_02_taskflow_xcom to None, run_after=None
[2026-05-10T21:27:14.726+0000] {processor.py:208} INFO - Processing /opt/airflow/dags/04_xcom/02_taskflow_xcom.py took 0.038 seconds
[2026-05-10T21:27:45.173+0000] {processor.py:186} INFO - Started process (PID=3795) to work on /opt/airflow/dags/04_xcom/02_taskflow_xcom.py
[2026-05-10T21:27:45.173+0000] {processor.py:914} INFO - Processing file /opt/airflow/dags/04_xcom/02_taskflow_xcom.py for tasks to queue
[2026-05-10T21:27:45.174+0000] {logging_mixin.py:190} INFO - [2026-05-10T21:27:45.174+0000] {dagbag.py:588} INFO - Filling up the DagBag from /opt/airflow/dags/04_xcom/02_taskflow_xcom.py
[2026-05-10T21:27:45.180+0000] {processor.py:925} INFO - DAG(s) 'mod_04_02_taskflow_xcom' retrieved from /opt/airflow/dags/04_xcom/02_taskflow_xcom.py
[2026-05-10T21:27:45.192+0000] {logging_mixin.py:190} INFO - [2026-05-10T21:27:45.191+0000] {dag.py:3239} INFO - Sync 1 DAGs
[2026-05-10T21:27:45.199+0000] {logging_mixin.py:190} INFO - [2026-05-10T21:27:45.199+0000] {dag.py:4180} INFO - Setting next_dagrun for mod_04_02_taskflow_xcom to None, run_after=None
[2026-05-10T21:27:45.208+0000] {processor.py:208} INFO - Processing /opt/airflow/dags/04_xcom/02_taskflow_xcom.py took 0.038 seconds
[2026-05-10T21:28:15.660+0000] {processor.py:186} INFO - Started process (PID=3998) to work on /opt/airflow/dags/04_xcom/02_taskflow_xcom.py
[2026-05-10T21:28:15.661+0000] {processor.py:914} INFO - Processing file /opt/airflow/dags/04_xcom/02_taskflow_xcom.py for tasks to queue
[2026-05-10T21:28:15.662+0000] {logging_mixin.py:190} INFO - [2026-05-10T21:28:15.662+0000] {dagbag.py:588} INFO - Filling up the DagBag from /opt/airflow/dags/04_xcom/02_taskflow_xcom.py
[2026-05-10T21:28:15.667+0000] {processor.py:925} INFO - DAG(s) 'mod_04_02_taskflow_xcom' retrieved from /opt/airflow/dags/04_xcom/02_taskflow_xcom.py
[2026-05-10T21:28:15.679+0000] {logging_mixin.py:190} INFO - [2026-05-10T21:28:15.679+0000] {dag.py:3239} INFO - Sync 1 DAGs
[2026-05-10T21:28:15.686+0000] {logging_mixin.py:190} INFO - [2026-05-10T21:28:15.686+0000] {dag.py:4180} INFO - Setting next_dagrun for mod_04_02_taskflow_xcom to None, run_after=None
[2026-05-10T21:28:15.696+0000] {processor.py:208} INFO - Processing /opt/airflow/dags/04_xcom/02_taskflow_xcom.py took 0.038 seconds
[2026-05-10T21:28:46.195+0000] {processor.py:186} INFO - Started process (PID=4201) to work on /opt/airflow/dags/04_xcom/02_taskflow_xcom.py
[2026-05-10T21:28:46.196+0000] {processor.py:914} INFO - Processing file /opt/airflow/dags/04_xcom/02_taskflow_xcom.py for tasks to queue
[2026-05-10T21:28:46.197+0000] {logging_mixin.py:190} INFO - [2026-05-10T21:28:46.197+0000] {dagbag.py:588} INFO - Filling up the DagBag from /opt/airflow/dags/04_xcom/02_taskflow_xcom.py
[2026-05-10T21:28:46.203+0000] {processor.py:925} INFO - DAG(s) 'mod_04_02_taskflow_xcom' retrieved from /opt/airflow/dags/04_xcom/02_taskflow_xcom.py
[2026-05-10T21:28:46.214+0000] {logging_mixin.py:190} INFO - [2026-05-10T21:28:46.213+0000] {dag.py:3239} INFO - Sync 1 DAGs
[2026-05-10T21:28:46.221+0000] {logging_mixin.py:190} INFO - [2026-05-10T21:28:46.221+0000] {dag.py:4180} INFO - Setting next_dagrun for mod_04_02_taskflow_xcom to None, run_after=None
[2026-05-10T21:28:46.230+0000] {processor.py:208} INFO - Processing /opt/airflow/dags/04_xcom/02_taskflow_xcom.py took 0.037 seconds
[2026-05-10T21:29:16.753+0000] {processor.py:186} INFO - Started process (PID=4404) to work on /opt/airflow/dags/04_xcom/02_taskflow_xcom.py
[2026-05-10T21:29:16.753+0000] {processor.py:914} INFO - Processing file /opt/airflow/dags/04_xcom/02_taskflow_xcom.py for tasks to queue
[2026-05-10T21:29:16.754+0000] {logging_mixin.py:190} INFO - [2026-05-10T21:29:16.754+0000] {dagbag.py:588} INFO - Filling up the DagBag from /opt/airflow/dags/04_xcom/02_taskflow_xcom.py
[2026-05-10T21:29:16.762+0000] {processor.py:925} INFO - DAG(s) 'mod_04_02_taskflow_xcom' retrieved from /opt/airflow/dags/04_xcom/02_taskflow_xcom.py
[2026-05-10T21:29:16.774+0000] {logging_mixin.py:190} INFO - [2026-05-10T21:29:16.774+0000] {dag.py:3239} INFO - Sync 1 DAGs
[2026-05-10T21:29:16.779+0000] {logging_mixin.py:190} INFO - [2026-05-10T21:29:16.779+0000] {dag.py:4180} INFO - Setting next_dagrun for mod_04_02_taskflow_xcom to None, run_after=None
[2026-05-10T21:29:16.789+0000] {processor.py:208} INFO - Processing /opt/airflow/dags/04_xcom/02_taskflow_xcom.py took 0.039 seconds
[2026-05-10T21:29:47.285+0000] {processor.py:186} INFO - Started process (PID=4605) to work on /opt/airflow/dags/04_xcom/02_taskflow_xcom.py
[2026-05-10T21:29:47.286+0000] {processor.py:914} INFO - Processing file /opt/airflow/dags/04_xcom/02_taskflow_xcom.py for tasks to queue
[2026-05-10T21:29:47.288+0000] {logging_mixin.py:190} INFO - [2026-05-10T21:29:47.287+0000] {dagbag.py:588} INFO - Filling up the DagBag from /opt/airflow/dags/04_xcom/02_taskflow_xcom.py
[2026-05-10T21:29:47.293+0000] {processor.py:925} INFO - DAG(s) 'mod_04_02_taskflow_xcom' retrieved from /opt/airflow/dags/04_xcom/02_taskflow_xcom.py
[2026-05-10T21:29:47.302+0000] {logging_mixin.py:190} INFO - [2026-05-10T21:29:47.301+0000] {dag.py:3239} INFO - Sync 1 DAGs
[2026-05-10T21:29:47.307+0000] {logging_mixin.py:190} INFO - [2026-05-10T21:29:47.307+0000] {dag.py:4180} INFO - Setting next_dagrun for mod_04_02_taskflow_xcom to None, run_after=None
[2026-05-10T21:29:47.314+0000] {processor.py:208} INFO - Processing /opt/airflow/dags/04_xcom/02_taskflow_xcom.py took 0.032 seconds
[2026-05-10T21:30:17.778+0000] {processor.py:186} INFO - Started process (PID=4810) to work on /opt/airflow/dags/04_xcom/02_taskflow_xcom.py
[2026-05-10T21:30:17.778+0000] {processor.py:914} INFO - Processing file /opt/airflow/dags/04_xcom/02_taskflow_xcom.py for tasks to queue
[2026-05-10T21:30:17.780+0000] {logging_mixin.py:190} INFO - [2026-05-10T21:30:17.780+0000] {dagbag.py:588} INFO - Filling up the DagBag from /opt/airflow/dags/04_xcom/02_taskflow_xcom.py
[2026-05-10T21:30:17.792+0000] {processor.py:925} INFO - DAG(s) 'mod_04_02_taskflow_xcom' retrieved from /opt/airflow/dags/04_xcom/02_taskflow_xcom.py
[2026-05-10T21:30:17.805+0000] {logging_mixin.py:190} INFO - [2026-05-10T21:30:17.805+0000] {dag.py:3239} INFO - Sync 1 DAGs
[2026-05-10T21:30:17.813+0000] {logging_mixin.py:190} INFO - [2026-05-10T21:30:17.813+0000] {dag.py:4180} INFO - Setting next_dagrun for mod_04_02_taskflow_xcom to None, run_after=None
[2026-05-10T21:30:17.824+0000] {processor.py:208} INFO - Processing /opt/airflow/dags/04_xcom/02_taskflow_xcom.py took 0.050 seconds
[2026-05-10T21:30:48.331+0000] {processor.py:186} INFO - Started process (PID=5013) to work on /opt/airflow/dags/04_xcom/02_taskflow_xcom.py
[2026-05-10T21:30:48.331+0000] {processor.py:914} INFO - Processing file /opt/airflow/dags/04_xcom/02_taskflow_xcom.py for tasks to queue
[2026-05-10T21:30:48.332+0000] {logging_mixin.py:190} INFO - [2026-05-10T21:30:48.332+0000] {dagbag.py:588} INFO - Filling up the DagBag from /opt/airflow/dags/04_xcom/02_taskflow_xcom.py
[2026-05-10T21:30:48.339+0000] {processor.py:925} INFO - DAG(s) 'mod_04_02_taskflow_xcom' retrieved from /opt/airflow/dags/04_xcom/02_taskflow_xcom.py
[2026-05-10T21:30:48.350+0000] {logging_mixin.py:190} INFO - [2026-05-10T21:30:48.350+0000] {dag.py:3239} INFO - Sync 1 DAGs
[2026-05-10T21:30:48.359+0000] {logging_mixin.py:190} INFO - [2026-05-10T21:30:48.359+0000] {dag.py:4180} INFO - Setting next_dagrun for mod_04_02_taskflow_xcom to None, run_after=None
[2026-05-10T21:30:48.368+0000] {processor.py:208} INFO - Processing /opt/airflow/dags/04_xcom/02_taskflow_xcom.py took 0.041 seconds
[2026-05-10T21:31:18.937+0000] {processor.py:186} INFO - Started process (PID=5216) to work on /opt/airflow/dags/04_xcom/02_taskflow_xcom.py
[2026-05-10T21:31:18.938+0000] {processor.py:914} INFO - Processing file /opt/airflow/dags/04_xcom/02_taskflow_xcom.py for tasks to queue
[2026-05-10T21:31:18.939+0000] {logging_mixin.py:190} INFO - [2026-05-10T21:31:18.939+0000] {dagbag.py:588} INFO - Filling up the DagBag from /opt/airflow/dags/04_xcom/02_taskflow_xcom.py
[2026-05-10T21:31:18.948+0000] {processor.py:925} INFO - DAG(s) 'mod_04_02_taskflow_xcom' retrieved from /opt/airflow/dags/04_xcom/02_taskflow_xcom.py
[2026-05-10T21:31:18.960+0000] {logging_mixin.py:190} INFO - [2026-05-10T21:31:18.960+0000] {dag.py:3239} INFO - Sync 1 DAGs
[2026-05-10T21:31:18.967+0000] {logging_mixin.py:190} INFO - [2026-05-10T21:31:18.967+0000] {dag.py:4180} INFO - Setting next_dagrun for mod_04_02_taskflow_xcom to None, run_after=None
[2026-05-10T21:31:18.976+0000] {processor.py:208} INFO - Processing /opt/airflow/dags/04_xcom/02_taskflow_xcom.py took 0.042 seconds
[2026-05-10T21:31:49.416+0000] {processor.py:186} INFO - Started process (PID=5419) to work on /opt/airflow/dags/04_xcom/02_taskflow_xcom.py
[2026-05-10T21:31:49.416+0000] {processor.py:914} INFO - Processing file /opt/airflow/dags/04_xcom/02_taskflow_xcom.py for tasks to queue
[2026-05-10T21:31:49.417+0000] {logging_mixin.py:190} INFO - [2026-05-10T21:31:49.417+0000] {dagbag.py:588} INFO - Filling up the DagBag from /opt/airflow/dags/04_xcom/02_taskflow_xcom.py
[2026-05-10T21:31:49.425+0000] {processor.py:925} INFO - DAG(s) 'mod_04_02_taskflow_xcom' retrieved from /opt/airflow/dags/04_xcom/02_taskflow_xcom.py
[2026-05-10T21:31:49.440+0000] {logging_mixin.py:190} INFO - [2026-05-10T21:31:49.440+0000] {dag.py:3239} INFO - Sync 1 DAGs
[2026-05-10T21:31:49.446+0000] {logging_mixin.py:190} INFO - [2026-05-10T21:31:49.446+0000] {dag.py:4180} INFO - Setting next_dagrun for mod_04_02_taskflow_xcom to None, run_after=None
[2026-05-10T21:31:49.456+0000] {processor.py:208} INFO - Processing /opt/airflow/dags/04_xcom/02_taskflow_xcom.py took 0.043 seconds
