[2026-05-10T21:19:05.863+0000] {processor.py:186} INFO - Started process (PID=323) to work on /opt/airflow/dags/04_xcom/03_xcom_size_and_serialization.py
[2026-05-10T21:19:05.865+0000] {processor.py:914} INFO - Processing file /opt/airflow/dags/04_xcom/03_xcom_size_and_serialization.py for tasks to queue
[2026-05-10T21:19:05.867+0000] {logging_mixin.py:190} INFO - [2026-05-10T21:19:05.866+0000] {dagbag.py:588} INFO - Filling up the DagBag from /opt/airflow/dags/04_xcom/03_xcom_size_and_serialization.py
[2026-05-10T21:19:05.875+0000] {processor.py:925} INFO - DAG(s) 'mod_04_03_xcom_large_payload' retrieved from /opt/airflow/dags/04_xcom/03_xcom_size_and_serialization.py
[2026-05-10T21:19:05.920+0000] {logging_mixin.py:190} INFO - [2026-05-10T21:19:05.920+0000] {override.py:1912} INFO - Created Permission View: can delete on DAG:mod_04_03_xcom_large_payload
[2026-05-10T21:19:05.925+0000] {logging_mixin.py:190} INFO - [2026-05-10T21:19:05.925+0000] {override.py:1912} INFO - Created Permission View: can edit on DAG:mod_04_03_xcom_large_payload
[2026-05-10T21:19:05.927+0000] {logging_mixin.py:190} INFO - [2026-05-10T21:19:05.927+0000] {override.py:1912} INFO - Created Permission View: can read on DAG:mod_04_03_xcom_large_payload
[2026-05-10T21:19:05.929+0000] {logging_mixin.py:190} INFO - [2026-05-10T21:19:05.929+0000] {override.py:1912} INFO - Created Permission View: can delete on DAG Run:mod_04_03_xcom_large_payload
[2026-05-10T21:19:05.930+0000] {logging_mixin.py:190} INFO - [2026-05-10T21:19:05.930+0000] {override.py:1912} INFO - Created Permission View: menu access on DAG Run:mod_04_03_xcom_large_payload
[2026-05-10T21:19:05.932+0000] {logging_mixin.py:190} INFO - [2026-05-10T21:19:05.932+0000] {override.py:1912} INFO - Created Permission View: can create on DAG Run:mod_04_03_xcom_large_payload
[2026-05-10T21:19:05.933+0000] {logging_mixin.py:190} INFO - [2026-05-10T21:19:05.933+0000] {override.py:1912} INFO - Created Permission View: can read on DAG Run:mod_04_03_xcom_large_payload
[2026-05-10T21:19:05.933+0000] {logging_mixin.py:190} INFO - [2026-05-10T21:19:05.933+0000] {dag.py:3239} INFO - Sync 1 DAGs
[2026-05-10T21:19:05.938+0000] {logging_mixin.py:190} INFO - [2026-05-10T21:19:05.938+0000] {dag.py:3262} INFO - Creating ORM DAG for mod_04_03_xcom_large_payload
[2026-05-10T21:19:05.938+0000] {logging_mixin.py:190} INFO - [2026-05-10T21:19:05.938+0000] {dag.py:4180} INFO - Setting next_dagrun for mod_04_03_xcom_large_payload to None, run_after=None
[2026-05-10T21:19:05.945+0000] {processor.py:208} INFO - Processing /opt/airflow/dags/04_xcom/03_xcom_size_and_serialization.py took 0.085 seconds
[2026-05-10T21:19:36.876+0000] {processor.py:186} INFO - Started process (PID=528) to work on /opt/airflow/dags/04_xcom/03_xcom_size_and_serialization.py
[2026-05-10T21:19:36.877+0000] {processor.py:914} INFO - Processing file /opt/airflow/dags/04_xcom/03_xcom_size_and_serialization.py for tasks to queue
[2026-05-10T21:19:36.878+0000] {logging_mixin.py:190} INFO - [2026-05-10T21:19:36.878+0000] {dagbag.py:588} INFO - Filling up the DagBag from /opt/airflow/dags/04_xcom/03_xcom_size_and_serialization.py
[2026-05-10T21:19:36.882+0000] {processor.py:925} INFO - DAG(s) 'mod_04_03_xcom_large_payload' retrieved from /opt/airflow/dags/04_xcom/03_xcom_size_and_serialization.py
[2026-05-10T21:19:36.891+0000] {logging_mixin.py:190} INFO - [2026-05-10T21:19:36.891+0000] {dag.py:3239} INFO - Sync 1 DAGs
[2026-05-10T21:19:36.896+0000] {logging_mixin.py:190} INFO - [2026-05-10T21:19:36.896+0000] {dag.py:4180} INFO - Setting next_dagrun for mod_04_03_xcom_large_payload to None, run_after=None
[2026-05-10T21:19:36.901+0000] {processor.py:208} INFO - Processing /opt/airflow/dags/04_xcom/03_xcom_size_and_serialization.py took 0.028 seconds
[2026-05-10T21:20:07.336+0000] {processor.py:186} INFO - Started process (PID=731) to work on /opt/airflow/dags/04_xcom/03_xcom_size_and_serialization.py
[2026-05-10T21:20:07.337+0000] {processor.py:914} INFO - Processing file /opt/airflow/dags/04_xcom/03_xcom_size_and_serialization.py for tasks to queue
[2026-05-10T21:20:07.338+0000] {logging_mixin.py:190} INFO - [2026-05-10T21:20:07.338+0000] {dagbag.py:588} INFO - Filling up the DagBag from /opt/airflow/dags/04_xcom/03_xcom_size_and_serialization.py
[2026-05-10T21:20:07.342+0000] {processor.py:925} INFO - DAG(s) 'mod_04_03_xcom_large_payload' retrieved from /opt/airflow/dags/04_xcom/03_xcom_size_and_serialization.py
[2026-05-10T21:20:07.350+0000] {logging_mixin.py:190} INFO - [2026-05-10T21:20:07.350+0000] {dag.py:3239} INFO - Sync 1 DAGs
[2026-05-10T21:20:07.355+0000] {logging_mixin.py:190} INFO - [2026-05-10T21:20:07.355+0000] {dag.py:4180} INFO - Setting next_dagrun for mod_04_03_xcom_large_payload to None, run_after=None
[2026-05-10T21:20:07.360+0000] {processor.py:208} INFO - Processing /opt/airflow/dags/04_xcom/03_xcom_size_and_serialization.py took 0.027 seconds
[2026-05-10T21:20:37.950+0000] {processor.py:186} INFO - Started process (PID=934) to work on /opt/airflow/dags/04_xcom/03_xcom_size_and_serialization.py
[2026-05-10T21:20:37.951+0000] {processor.py:914} INFO - Processing file /opt/airflow/dags/04_xcom/03_xcom_size_and_serialization.py for tasks to queue
[2026-05-10T21:20:37.952+0000] {logging_mixin.py:190} INFO - [2026-05-10T21:20:37.952+0000] {dagbag.py:588} INFO - Filling up the DagBag from /opt/airflow/dags/04_xcom/03_xcom_size_and_serialization.py
[2026-05-10T21:20:37.956+0000] {processor.py:925} INFO - DAG(s) 'mod_04_03_xcom_large_payload' retrieved from /opt/airflow/dags/04_xcom/03_xcom_size_and_serialization.py
[2026-05-10T21:20:37.964+0000] {logging_mixin.py:190} INFO - [2026-05-10T21:20:37.964+0000] {dag.py:3239} INFO - Sync 1 DAGs
[2026-05-10T21:20:37.970+0000] {logging_mixin.py:190} INFO - [2026-05-10T21:20:37.970+0000] {dag.py:4180} INFO - Setting next_dagrun for mod_04_03_xcom_large_payload to None, run_after=None
[2026-05-10T21:20:37.976+0000] {processor.py:208} INFO - Processing /opt/airflow/dags/04_xcom/03_xcom_size_and_serialization.py took 0.028 seconds
[2026-05-10T21:21:08.469+0000] {processor.py:186} INFO - Started process (PID=1137) to work on /opt/airflow/dags/04_xcom/03_xcom_size_and_serialization.py
[2026-05-10T21:21:08.470+0000] {processor.py:914} INFO - Processing file /opt/airflow/dags/04_xcom/03_xcom_size_and_serialization.py for tasks to queue
[2026-05-10T21:21:08.471+0000] {logging_mixin.py:190} INFO - [2026-05-10T21:21:08.471+0000] {dagbag.py:588} INFO - Filling up the DagBag from /opt/airflow/dags/04_xcom/03_xcom_size_and_serialization.py
[2026-05-10T21:21:08.475+0000] {processor.py:925} INFO - DAG(s) 'mod_04_03_xcom_large_payload' retrieved from /opt/airflow/dags/04_xcom/03_xcom_size_and_serialization.py
[2026-05-10T21:21:08.483+0000] {logging_mixin.py:190} INFO - [2026-05-10T21:21:08.483+0000] {dag.py:3239} INFO - Sync 1 DAGs
[2026-05-10T21:21:08.488+0000] {logging_mixin.py:190} INFO - [2026-05-10T21:21:08.488+0000] {dag.py:4180} INFO - Setting next_dagrun for mod_04_03_xcom_large_payload to None, run_after=None
[2026-05-10T21:21:08.493+0000] {processor.py:208} INFO - Processing /opt/airflow/dags/04_xcom/03_xcom_size_and_serialization.py took 0.027 seconds
[2026-05-10T21:21:39.015+0000] {processor.py:186} INFO - Started process (PID=1340) to work on /opt/airflow/dags/04_xcom/03_xcom_size_and_serialization.py
[2026-05-10T21:21:39.015+0000] {processor.py:914} INFO - Processing file /opt/airflow/dags/04_xcom/03_xcom_size_and_serialization.py for tasks to queue
[2026-05-10T21:21:39.016+0000] {logging_mixin.py:190} INFO - [2026-05-10T21:21:39.016+0000] {dagbag.py:588} INFO - Filling up the DagBag from /opt/airflow/dags/04_xcom/03_xcom_size_and_serialization.py
[2026-05-10T21:21:39.022+0000] {processor.py:925} INFO - DAG(s) 'mod_04_03_xcom_large_payload' retrieved from /opt/airflow/dags/04_xcom/03_xcom_size_and_serialization.py
[2026-05-10T21:21:39.030+0000] {logging_mixin.py:190} INFO - [2026-05-10T21:21:39.030+0000] {dag.py:3239} INFO - Sync 1 DAGs
[2026-05-10T21:21:39.036+0000] {logging_mixin.py:190} INFO - [2026-05-10T21:21:39.035+0000] {dag.py:4180} INFO - Setting next_dagrun for mod_04_03_xcom_large_payload to None, run_after=None
[2026-05-10T21:21:39.041+0000] {processor.py:208} INFO - Processing /opt/airflow/dags/04_xcom/03_xcom_size_and_serialization.py took 0.029 seconds
[2026-05-10T21:22:09.460+0000] {processor.py:186} INFO - Started process (PID=1543) to work on /opt/airflow/dags/04_xcom/03_xcom_size_and_serialization.py
[2026-05-10T21:22:09.460+0000] {processor.py:914} INFO - Processing file /opt/airflow/dags/04_xcom/03_xcom_size_and_serialization.py for tasks to queue
[2026-05-10T21:22:09.462+0000] {logging_mixin.py:190} INFO - [2026-05-10T21:22:09.461+0000] {dagbag.py:588} INFO - Filling up the DagBag from /opt/airflow/dags/04_xcom/03_xcom_size_and_serialization.py
[2026-05-10T21:22:09.466+0000] {processor.py:925} INFO - DAG(s) 'mod_04_03_xcom_large_payload' retrieved from /opt/airflow/dags/04_xcom/03_xcom_size_and_serialization.py
[2026-05-10T21:22:09.474+0000] {logging_mixin.py:190} INFO - [2026-05-10T21:22:09.474+0000] {dag.py:3239} INFO - Sync 1 DAGs
[2026-05-10T21:22:09.479+0000] {logging_mixin.py:190} INFO - [2026-05-10T21:22:09.479+0000] {dag.py:4180} INFO - Setting next_dagrun for mod_04_03_xcom_large_payload to None, run_after=None
[2026-05-10T21:22:09.485+0000] {processor.py:208} INFO - Processing /opt/airflow/dags/04_xcom/03_xcom_size_and_serialization.py took 0.027 seconds
[2026-05-10T21:22:39.933+0000] {processor.py:186} INFO - Started process (PID=1746) to work on /opt/airflow/dags/04_xcom/03_xcom_size_and_serialization.py
[2026-05-10T21:22:39.934+0000] {processor.py:914} INFO - Processing file /opt/airflow/dags/04_xcom/03_xcom_size_and_serialization.py for tasks to queue
[2026-05-10T21:22:39.934+0000] {logging_mixin.py:190} INFO - [2026-05-10T21:22:39.934+0000] {dagbag.py:588} INFO - Filling up the DagBag from /opt/airflow/dags/04_xcom/03_xcom_size_and_serialization.py
[2026-05-10T21:22:39.939+0000] {processor.py:925} INFO - DAG(s) 'mod_04_03_xcom_large_payload' retrieved from /opt/airflow/dags/04_xcom/03_xcom_size_and_serialization.py
[2026-05-10T21:22:39.947+0000] {logging_mixin.py:190} INFO - [2026-05-10T21:22:39.947+0000] {dag.py:3239} INFO - Sync 1 DAGs
[2026-05-10T21:22:39.953+0000] {logging_mixin.py:190} INFO - [2026-05-10T21:22:39.953+0000] {dag.py:4180} INFO - Setting next_dagrun for mod_04_03_xcom_large_payload to None, run_after=None
[2026-05-10T21:22:39.959+0000] {processor.py:208} INFO - Processing /opt/airflow/dags/04_xcom/03_xcom_size_and_serialization.py took 0.029 seconds
[2026-05-10T21:23:10.383+0000] {processor.py:186} INFO - Started process (PID=1949) to work on /opt/airflow/dags/04_xcom/03_xcom_size_and_serialization.py
[2026-05-10T21:23:10.383+0000] {processor.py:914} INFO - Processing file /opt/airflow/dags/04_xcom/03_xcom_size_and_serialization.py for tasks to queue
[2026-05-10T21:23:10.384+0000] {logging_mixin.py:190} INFO - [2026-05-10T21:23:10.384+0000] {dagbag.py:588} INFO - Filling up the DagBag from /opt/airflow/dags/04_xcom/03_xcom_size_and_serialization.py
[2026-05-10T21:23:10.389+0000] {processor.py:925} INFO - DAG(s) 'mod_04_03_xcom_large_payload' retrieved from /opt/airflow/dags/04_xcom/03_xcom_size_and_serialization.py
[2026-05-10T21:23:10.397+0000] {logging_mixin.py:190} INFO - [2026-05-10T21:23:10.397+0000] {dag.py:3239} INFO - Sync 1 DAGs
[2026-05-10T21:23:10.402+0000] {logging_mixin.py:190} INFO - [2026-05-10T21:23:10.402+0000] {dag.py:4180} INFO - Setting next_dagrun for mod_04_03_xcom_large_payload to None, run_after=None
[2026-05-10T21:23:10.407+0000] {processor.py:208} INFO - Processing /opt/airflow/dags/04_xcom/03_xcom_size_and_serialization.py took 0.027 seconds
[2026-05-10T21:23:40.854+0000] {processor.py:186} INFO - Started process (PID=2152) to work on /opt/airflow/dags/04_xcom/03_xcom_size_and_serialization.py
[2026-05-10T21:23:40.855+0000] {processor.py:914} INFO - Processing file /opt/airflow/dags/04_xcom/03_xcom_size_and_serialization.py for tasks to queue
[2026-05-10T21:23:40.856+0000] {logging_mixin.py:190} INFO - [2026-05-10T21:23:40.855+0000] {dagbag.py:588} INFO - Filling up the DagBag from /opt/airflow/dags/04_xcom/03_xcom_size_and_serialization.py
[2026-05-10T21:23:40.860+0000] {processor.py:925} INFO - DAG(s) 'mod_04_03_xcom_large_payload' retrieved from /opt/airflow/dags/04_xcom/03_xcom_size_and_serialization.py
[2026-05-10T21:23:40.868+0000] {logging_mixin.py:190} INFO - [2026-05-10T21:23:40.868+0000] {dag.py:3239} INFO - Sync 1 DAGs
[2026-05-10T21:23:40.873+0000] {logging_mixin.py:190} INFO - [2026-05-10T21:23:40.873+0000] {dag.py:4180} INFO - Setting next_dagrun for mod_04_03_xcom_large_payload to None, run_after=None
[2026-05-10T21:23:40.879+0000] {processor.py:208} INFO - Processing /opt/airflow/dags/04_xcom/03_xcom_size_and_serialization.py took 0.028 seconds
[2026-05-10T21:24:11.406+0000] {processor.py:186} INFO - Started process (PID=2369) to work on /opt/airflow/dags/04_xcom/03_xcom_size_and_serialization.py
[2026-05-10T21:24:11.406+0000] {processor.py:914} INFO - Processing file /opt/airflow/dags/04_xcom/03_xcom_size_and_serialization.py for tasks to queue
[2026-05-10T21:24:11.407+0000] {logging_mixin.py:190} INFO - [2026-05-10T21:24:11.407+0000] {dagbag.py:588} INFO - Filling up the DagBag from /opt/airflow/dags/04_xcom/03_xcom_size_and_serialization.py
[2026-05-10T21:24:11.412+0000] {processor.py:925} INFO - DAG(s) 'mod_04_03_xcom_large_payload' retrieved from /opt/airflow/dags/04_xcom/03_xcom_size_and_serialization.py
[2026-05-10T21:24:11.419+0000] {logging_mixin.py:190} INFO - [2026-05-10T21:24:11.419+0000] {dag.py:3239} INFO - Sync 1 DAGs
[2026-05-10T21:24:11.424+0000] {logging_mixin.py:190} INFO - [2026-05-10T21:24:11.424+0000] {dag.py:4180} INFO - Setting next_dagrun for mod_04_03_xcom_large_payload to None, run_after=None
[2026-05-10T21:24:11.430+0000] {processor.py:208} INFO - Processing /opt/airflow/dags/04_xcom/03_xcom_size_and_serialization.py took 0.027 seconds
[2026-05-10T21:24:41.887+0000] {processor.py:186} INFO - Started process (PID=2572) to work on /opt/airflow/dags/04_xcom/03_xcom_size_and_serialization.py
[2026-05-10T21:24:41.887+0000] {processor.py:914} INFO - Processing file /opt/airflow/dags/04_xcom/03_xcom_size_and_serialization.py for tasks to queue
[2026-05-10T21:24:41.888+0000] {logging_mixin.py:190} INFO - [2026-05-10T21:24:41.888+0000] {dagbag.py:588} INFO - Filling up the DagBag from /opt/airflow/dags/04_xcom/03_xcom_size_and_serialization.py
[2026-05-10T21:24:41.892+0000] {processor.py:925} INFO - DAG(s) 'mod_04_03_xcom_large_payload' retrieved from /opt/airflow/dags/04_xcom/03_xcom_size_and_serialization.py
[2026-05-10T21:24:41.901+0000] {logging_mixin.py:190} INFO - [2026-05-10T21:24:41.901+0000] {dag.py:3239} INFO - Sync 1 DAGs
[2026-05-10T21:24:41.906+0000] {logging_mixin.py:190} INFO - [2026-05-10T21:24:41.906+0000] {dag.py:4180} INFO - Setting next_dagrun for mod_04_03_xcom_large_payload to None, run_after=None
[2026-05-10T21:24:41.912+0000] {processor.py:208} INFO - Processing /opt/airflow/dags/04_xcom/03_xcom_size_and_serialization.py took 0.028 seconds
[2026-05-10T21:25:12.384+0000] {processor.py:186} INFO - Started process (PID=2775) to work on /opt/airflow/dags/04_xcom/03_xcom_size_and_serialization.py
[2026-05-10T21:25:12.384+0000] {processor.py:914} INFO - Processing file /opt/airflow/dags/04_xcom/03_xcom_size_and_serialization.py for tasks to queue
[2026-05-10T21:25:12.385+0000] {logging_mixin.py:190} INFO - [2026-05-10T21:25:12.385+0000] {dagbag.py:588} INFO - Filling up the DagBag from /opt/airflow/dags/04_xcom/03_xcom_size_and_serialization.py
[2026-05-10T21:25:12.390+0000] {processor.py:925} INFO - DAG(s) 'mod_04_03_xcom_large_payload' retrieved from /opt/airflow/dags/04_xcom/03_xcom_size_and_serialization.py
[2026-05-10T21:25:12.398+0000] {logging_mixin.py:190} INFO - [2026-05-10T21:25:12.398+0000] {dag.py:3239} INFO - Sync 1 DAGs
[2026-05-10T21:25:12.403+0000] {logging_mixin.py:190} INFO - [2026-05-10T21:25:12.403+0000] {dag.py:4180} INFO - Setting next_dagrun for mod_04_03_xcom_large_payload to None, run_after=None
[2026-05-10T21:25:12.409+0000] {processor.py:208} INFO - Processing /opt/airflow/dags/04_xcom/03_xcom_size_and_serialization.py took 0.028 seconds
[2026-05-10T21:25:42.953+0000] {processor.py:186} INFO - Started process (PID=2978) to work on /opt/airflow/dags/04_xcom/03_xcom_size_and_serialization.py
[2026-05-10T21:25:42.953+0000] {processor.py:914} INFO - Processing file /opt/airflow/dags/04_xcom/03_xcom_size_and_serialization.py for tasks to queue
[2026-05-10T21:25:42.954+0000] {logging_mixin.py:190} INFO - [2026-05-10T21:25:42.954+0000] {dagbag.py:588} INFO - Filling up the DagBag from /opt/airflow/dags/04_xcom/03_xcom_size_and_serialization.py
[2026-05-10T21:25:42.959+0000] {processor.py:925} INFO - DAG(s) 'mod_04_03_xcom_large_payload' retrieved from /opt/airflow/dags/04_xcom/03_xcom_size_and_serialization.py
[2026-05-10T21:25:42.967+0000] {logging_mixin.py:190} INFO - [2026-05-10T21:25:42.967+0000] {dag.py:3239} INFO - Sync 1 DAGs
[2026-05-10T21:25:42.971+0000] {logging_mixin.py:190} INFO - [2026-05-10T21:25:42.971+0000] {dag.py:4180} INFO - Setting next_dagrun for mod_04_03_xcom_large_payload to None, run_after=None
[2026-05-10T21:25:42.977+0000] {processor.py:208} INFO - Processing /opt/airflow/dags/04_xcom/03_xcom_size_and_serialization.py took 0.026 seconds
[2026-05-10T21:26:13.548+0000] {processor.py:186} INFO - Started process (PID=3181) to work on /opt/airflow/dags/04_xcom/03_xcom_size_and_serialization.py
[2026-05-10T21:26:13.548+0000] {processor.py:914} INFO - Processing file /opt/airflow/dags/04_xcom/03_xcom_size_and_serialization.py for tasks to queue
[2026-05-10T21:26:13.549+0000] {logging_mixin.py:190} INFO - [2026-05-10T21:26:13.549+0000] {dagbag.py:588} INFO - Filling up the DagBag from /opt/airflow/dags/04_xcom/03_xcom_size_and_serialization.py
[2026-05-10T21:26:13.554+0000] {processor.py:925} INFO - DAG(s) 'mod_04_03_xcom_large_payload' retrieved from /opt/airflow/dags/04_xcom/03_xcom_size_and_serialization.py
[2026-05-10T21:26:13.562+0000] {logging_mixin.py:190} INFO - [2026-05-10T21:26:13.561+0000] {dag.py:3239} INFO - Sync 1 DAGs
[2026-05-10T21:26:13.566+0000] {logging_mixin.py:190} INFO - [2026-05-10T21:26:13.566+0000] {dag.py:4180} INFO - Setting next_dagrun for mod_04_03_xcom_large_payload to None, run_after=None
[2026-05-10T21:26:13.572+0000] {processor.py:208} INFO - Processing /opt/airflow/dags/04_xcom/03_xcom_size_and_serialization.py took 0.027 seconds
[2026-05-10T21:26:44.053+0000] {processor.py:186} INFO - Started process (PID=3384) to work on /opt/airflow/dags/04_xcom/03_xcom_size_and_serialization.py
[2026-05-10T21:26:44.053+0000] {processor.py:914} INFO - Processing file /opt/airflow/dags/04_xcom/03_xcom_size_and_serialization.py for tasks to queue
[2026-05-10T21:26:44.055+0000] {logging_mixin.py:190} INFO - [2026-05-10T21:26:44.055+0000] {dagbag.py:588} INFO - Filling up the DagBag from /opt/airflow/dags/04_xcom/03_xcom_size_and_serialization.py
[2026-05-10T21:26:44.059+0000] {processor.py:925} INFO - DAG(s) 'mod_04_03_xcom_large_payload' retrieved from /opt/airflow/dags/04_xcom/03_xcom_size_and_serialization.py
[2026-05-10T21:26:44.068+0000] {logging_mixin.py:190} INFO - [2026-05-10T21:26:44.068+0000] {dag.py:3239} INFO - Sync 1 DAGs
[2026-05-10T21:26:44.072+0000] {logging_mixin.py:190} INFO - [2026-05-10T21:26:44.072+0000] {dag.py:4180} INFO - Setting next_dagrun for mod_04_03_xcom_large_payload to None, run_after=None
[2026-05-10T21:26:44.078+0000] {processor.py:208} INFO - Processing /opt/airflow/dags/04_xcom/03_xcom_size_and_serialization.py took 0.028 seconds
[2026-05-10T21:27:14.652+0000] {processor.py:186} INFO - Started process (PID=3587) to work on /opt/airflow/dags/04_xcom/03_xcom_size_and_serialization.py
[2026-05-10T21:27:14.652+0000] {processor.py:914} INFO - Processing file /opt/airflow/dags/04_xcom/03_xcom_size_and_serialization.py for tasks to queue
[2026-05-10T21:27:14.653+0000] {logging_mixin.py:190} INFO - [2026-05-10T21:27:14.653+0000] {dagbag.py:588} INFO - Filling up the DagBag from /opt/airflow/dags/04_xcom/03_xcom_size_and_serialization.py
[2026-05-10T21:27:14.659+0000] {processor.py:925} INFO - DAG(s) 'mod_04_03_xcom_large_payload' retrieved from /opt/airflow/dags/04_xcom/03_xcom_size_and_serialization.py
[2026-05-10T21:27:14.667+0000] {logging_mixin.py:190} INFO - [2026-05-10T21:27:14.667+0000] {dag.py:3239} INFO - Sync 1 DAGs
[2026-05-10T21:27:14.672+0000] {logging_mixin.py:190} INFO - [2026-05-10T21:27:14.672+0000] {dag.py:4180} INFO - Setting next_dagrun for mod_04_03_xcom_large_payload to None, run_after=None
[2026-05-10T21:27:14.679+0000] {processor.py:208} INFO - Processing /opt/airflow/dags/04_xcom/03_xcom_size_and_serialization.py took 0.029 seconds
[2026-05-10T21:27:45.137+0000] {processor.py:186} INFO - Started process (PID=3790) to work on /opt/airflow/dags/04_xcom/03_xcom_size_and_serialization.py
[2026-05-10T21:27:45.138+0000] {processor.py:914} INFO - Processing file /opt/airflow/dags/04_xcom/03_xcom_size_and_serialization.py for tasks to queue
[2026-05-10T21:27:45.139+0000] {logging_mixin.py:190} INFO - [2026-05-10T21:27:45.138+0000] {dagbag.py:588} INFO - Filling up the DagBag from /opt/airflow/dags/04_xcom/03_xcom_size_and_serialization.py
[2026-05-10T21:27:45.143+0000] {processor.py:925} INFO - DAG(s) 'mod_04_03_xcom_large_payload' retrieved from /opt/airflow/dags/04_xcom/03_xcom_size_and_serialization.py
[2026-05-10T21:27:45.151+0000] {logging_mixin.py:190} INFO - [2026-05-10T21:27:45.151+0000] {dag.py:3239} INFO - Sync 1 DAGs
[2026-05-10T21:27:45.156+0000] {logging_mixin.py:190} INFO - [2026-05-10T21:27:45.156+0000] {dag.py:4180} INFO - Setting next_dagrun for mod_04_03_xcom_large_payload to None, run_after=None
[2026-05-10T21:27:45.162+0000] {processor.py:208} INFO - Processing /opt/airflow/dags/04_xcom/03_xcom_size_and_serialization.py took 0.027 seconds
[2026-05-10T21:28:15.624+0000] {processor.py:186} INFO - Started process (PID=3993) to work on /opt/airflow/dags/04_xcom/03_xcom_size_and_serialization.py
[2026-05-10T21:28:15.624+0000] {processor.py:914} INFO - Processing file /opt/airflow/dags/04_xcom/03_xcom_size_and_serialization.py for tasks to queue
[2026-05-10T21:28:15.626+0000] {logging_mixin.py:190} INFO - [2026-05-10T21:28:15.625+0000] {dagbag.py:588} INFO - Filling up the DagBag from /opt/airflow/dags/04_xcom/03_xcom_size_and_serialization.py
[2026-05-10T21:28:15.630+0000] {processor.py:925} INFO - DAG(s) 'mod_04_03_xcom_large_payload' retrieved from /opt/airflow/dags/04_xcom/03_xcom_size_and_serialization.py
[2026-05-10T21:28:15.638+0000] {logging_mixin.py:190} INFO - [2026-05-10T21:28:15.638+0000] {dag.py:3239} INFO - Sync 1 DAGs
[2026-05-10T21:28:15.643+0000] {logging_mixin.py:190} INFO - [2026-05-10T21:28:15.643+0000] {dag.py:4180} INFO - Setting next_dagrun for mod_04_03_xcom_large_payload to None, run_after=None
[2026-05-10T21:28:15.649+0000] {processor.py:208} INFO - Processing /opt/airflow/dags/04_xcom/03_xcom_size_and_serialization.py took 0.027 seconds
[2026-05-10T21:28:46.160+0000] {processor.py:186} INFO - Started process (PID=4196) to work on /opt/airflow/dags/04_xcom/03_xcom_size_and_serialization.py
[2026-05-10T21:28:46.161+0000] {processor.py:914} INFO - Processing file /opt/airflow/dags/04_xcom/03_xcom_size_and_serialization.py for tasks to queue
[2026-05-10T21:28:46.162+0000] {logging_mixin.py:190} INFO - [2026-05-10T21:28:46.162+0000] {dagbag.py:588} INFO - Filling up the DagBag from /opt/airflow/dags/04_xcom/03_xcom_size_and_serialization.py
[2026-05-10T21:28:46.166+0000] {processor.py:925} INFO - DAG(s) 'mod_04_03_xcom_large_payload' retrieved from /opt/airflow/dags/04_xcom/03_xcom_size_and_serialization.py
[2026-05-10T21:28:46.174+0000] {logging_mixin.py:190} INFO - [2026-05-10T21:28:46.174+0000] {dag.py:3239} INFO - Sync 1 DAGs
[2026-05-10T21:28:46.179+0000] {logging_mixin.py:190} INFO - [2026-05-10T21:28:46.178+0000] {dag.py:4180} INFO - Setting next_dagrun for mod_04_03_xcom_large_payload to None, run_after=None
[2026-05-10T21:28:46.184+0000] {processor.py:208} INFO - Processing /opt/airflow/dags/04_xcom/03_xcom_size_and_serialization.py took 0.026 seconds
[2026-05-10T21:29:16.714+0000] {processor.py:186} INFO - Started process (PID=4399) to work on /opt/airflow/dags/04_xcom/03_xcom_size_and_serialization.py
[2026-05-10T21:29:16.715+0000] {processor.py:914} INFO - Processing file /opt/airflow/dags/04_xcom/03_xcom_size_and_serialization.py for tasks to queue
[2026-05-10T21:29:16.716+0000] {logging_mixin.py:190} INFO - [2026-05-10T21:29:16.716+0000] {dagbag.py:588} INFO - Filling up the DagBag from /opt/airflow/dags/04_xcom/03_xcom_size_and_serialization.py
[2026-05-10T21:29:16.720+0000] {processor.py:925} INFO - DAG(s) 'mod_04_03_xcom_large_payload' retrieved from /opt/airflow/dags/04_xcom/03_xcom_size_and_serialization.py
[2026-05-10T21:29:16.729+0000] {logging_mixin.py:190} INFO - [2026-05-10T21:29:16.729+0000] {dag.py:3239} INFO - Sync 1 DAGs
[2026-05-10T21:29:16.734+0000] {logging_mixin.py:190} INFO - [2026-05-10T21:29:16.734+0000] {dag.py:4180} INFO - Setting next_dagrun for mod_04_03_xcom_large_payload to None, run_after=None
[2026-05-10T21:29:16.740+0000] {processor.py:208} INFO - Processing /opt/airflow/dags/04_xcom/03_xcom_size_and_serialization.py took 0.029 seconds
[2026-05-10T21:29:47.278+0000] {processor.py:186} INFO - Started process (PID=4601) to work on /opt/airflow/dags/04_xcom/03_xcom_size_and_serialization.py
[2026-05-10T21:29:47.279+0000] {processor.py:914} INFO - Processing file /opt/airflow/dags/04_xcom/03_xcom_size_and_serialization.py for tasks to queue
[2026-05-10T21:29:47.280+0000] {logging_mixin.py:190} INFO - [2026-05-10T21:29:47.280+0000] {dagbag.py:588} INFO - Filling up the DagBag from /opt/airflow/dags/04_xcom/03_xcom_size_and_serialization.py
[2026-05-10T21:29:47.285+0000] {processor.py:925} INFO - DAG(s) 'mod_04_03_xcom_large_payload' retrieved from /opt/airflow/dags/04_xcom/03_xcom_size_and_serialization.py
[2026-05-10T21:29:47.299+0000] {logging_mixin.py:190} INFO - [2026-05-10T21:29:47.298+0000] {dag.py:3239} INFO - Sync 1 DAGs
[2026-05-10T21:29:47.305+0000] {logging_mixin.py:190} INFO - [2026-05-10T21:29:47.305+0000] {dag.py:4180} INFO - Setting next_dagrun for mod_04_03_xcom_large_payload to None, run_after=None
[2026-05-10T21:29:47.314+0000] {processor.py:208} INFO - Processing /opt/airflow/dags/04_xcom/03_xcom_size_and_serialization.py took 0.039 seconds
[2026-05-10T21:30:17.740+0000] {processor.py:186} INFO - Started process (PID=4805) to work on /opt/airflow/dags/04_xcom/03_xcom_size_and_serialization.py
[2026-05-10T21:30:17.741+0000] {processor.py:914} INFO - Processing file /opt/airflow/dags/04_xcom/03_xcom_size_and_serialization.py for tasks to queue
[2026-05-10T21:30:17.742+0000] {logging_mixin.py:190} INFO - [2026-05-10T21:30:17.741+0000] {dagbag.py:588} INFO - Filling up the DagBag from /opt/airflow/dags/04_xcom/03_xcom_size_and_serialization.py
[2026-05-10T21:30:17.746+0000] {processor.py:925} INFO - DAG(s) 'mod_04_03_xcom_large_payload' retrieved from /opt/airflow/dags/04_xcom/03_xcom_size_and_serialization.py
[2026-05-10T21:30:17.755+0000] {logging_mixin.py:190} INFO - [2026-05-10T21:30:17.755+0000] {dag.py:3239} INFO - Sync 1 DAGs
[2026-05-10T21:30:17.760+0000] {logging_mixin.py:190} INFO - [2026-05-10T21:30:17.760+0000] {dag.py:4180} INFO - Setting next_dagrun for mod_04_03_xcom_large_payload to None, run_after=None
[2026-05-10T21:30:17.765+0000] {processor.py:208} INFO - Processing /opt/airflow/dags/04_xcom/03_xcom_size_and_serialization.py took 0.028 seconds
