[2026-05-10T21:19:05.788+0000] {processor.py:186} INFO - Started process (PID=318) to work on /opt/airflow/dags/05_branching/01_branch_python.py
[2026-05-10T21:19:05.789+0000] {processor.py:914} INFO - Processing file /opt/airflow/dags/05_branching/01_branch_python.py for tasks to queue
[2026-05-10T21:19:05.790+0000] {logging_mixin.py:190} INFO - [2026-05-10T21:19:05.790+0000] {dagbag.py:588} INFO - Filling up the DagBag from /opt/airflow/dags/05_branching/01_branch_python.py
[2026-05-10T21:19:05.795+0000] {processor.py:925} INFO - DAG(s) 'mod_05_01_branch_python' retrieved from /opt/airflow/dags/05_branching/01_branch_python.py
[2026-05-10T21:19:05.842+0000] {logging_mixin.py:190} INFO - [2026-05-10T21:19:05.841+0000] {override.py:1912} INFO - Created Permission View: can delete on DAG:mod_05_01_branch_python
[2026-05-10T21:19:05.847+0000] {logging_mixin.py:190} INFO - [2026-05-10T21:19:05.847+0000] {override.py:1912} INFO - Created Permission View: can edit on DAG:mod_05_01_branch_python
[2026-05-10T21:19:05.850+0000] {logging_mixin.py:190} INFO - [2026-05-10T21:19:05.850+0000] {override.py:1912} INFO - Created Permission View: can read on DAG:mod_05_01_branch_python
[2026-05-10T21:19:05.854+0000] {logging_mixin.py:190} INFO - [2026-05-10T21:19:05.854+0000] {override.py:1912} INFO - Created Permission View: can delete on DAG Run:mod_05_01_branch_python
[2026-05-10T21:19:05.858+0000] {logging_mixin.py:190} INFO - [2026-05-10T21:19:05.858+0000] {override.py:1912} INFO - Created Permission View: menu access on DAG Run:mod_05_01_branch_python
[2026-05-10T21:19:05.860+0000] {logging_mixin.py:190} INFO - [2026-05-10T21:19:05.860+0000] {override.py:1912} INFO - Created Permission View: can create on DAG Run:mod_05_01_branch_python
[2026-05-10T21:19:05.862+0000] {logging_mixin.py:190} INFO - [2026-05-10T21:19:05.862+0000] {override.py:1912} INFO - Created Permission View: can read on DAG Run:mod_05_01_branch_python
[2026-05-10T21:19:05.862+0000] {logging_mixin.py:190} INFO - [2026-05-10T21:19:05.862+0000] {dag.py:3239} INFO - Sync 1 DAGs
[2026-05-10T21:19:05.869+0000] {logging_mixin.py:190} INFO - [2026-05-10T21:19:05.869+0000] {dag.py:3262} INFO - Creating ORM DAG for mod_05_01_branch_python
[2026-05-10T21:19:05.869+0000] {logging_mixin.py:190} INFO - [2026-05-10T21:19:05.869+0000] {dag.py:4180} INFO - Setting next_dagrun for mod_05_01_branch_python to None, run_after=None
[2026-05-10T21:19:05.880+0000] {processor.py:208} INFO - Processing /opt/airflow/dags/05_branching/01_branch_python.py took 0.095 seconds
[2026-05-10T21:19:36.821+0000] {processor.py:186} INFO - Started process (PID=521) to work on /opt/airflow/dags/05_branching/01_branch_python.py
[2026-05-10T21:19:36.822+0000] {processor.py:914} INFO - Processing file /opt/airflow/dags/05_branching/01_branch_python.py for tasks to queue
[2026-05-10T21:19:36.823+0000] {logging_mixin.py:190} INFO - [2026-05-10T21:19:36.823+0000] {dagbag.py:588} INFO - Filling up the DagBag from /opt/airflow/dags/05_branching/01_branch_python.py
[2026-05-10T21:19:36.831+0000] {processor.py:925} INFO - DAG(s) 'mod_05_01_branch_python' retrieved from /opt/airflow/dags/05_branching/01_branch_python.py
[2026-05-10T21:19:36.846+0000] {logging_mixin.py:190} INFO - [2026-05-10T21:19:36.846+0000] {dag.py:3239} INFO - Sync 1 DAGs
[2026-05-10T21:19:36.852+0000] {logging_mixin.py:190} INFO - [2026-05-10T21:19:36.852+0000] {dag.py:4180} INFO - Setting next_dagrun for mod_05_01_branch_python to None, run_after=None
[2026-05-10T21:19:36.864+0000] {processor.py:208} INFO - Processing /opt/airflow/dags/05_branching/01_branch_python.py took 0.046 seconds
[2026-05-10T21:20:07.290+0000] {processor.py:186} INFO - Started process (PID=724) to work on /opt/airflow/dags/05_branching/01_branch_python.py
[2026-05-10T21:20:07.291+0000] {processor.py:914} INFO - Processing file /opt/airflow/dags/05_branching/01_branch_python.py for tasks to queue
[2026-05-10T21:20:07.292+0000] {logging_mixin.py:190} INFO - [2026-05-10T21:20:07.292+0000] {dagbag.py:588} INFO - Filling up the DagBag from /opt/airflow/dags/05_branching/01_branch_python.py
[2026-05-10T21:20:07.299+0000] {processor.py:925} INFO - DAG(s) 'mod_05_01_branch_python' retrieved from /opt/airflow/dags/05_branching/01_branch_python.py
[2026-05-10T21:20:07.310+0000] {logging_mixin.py:190} INFO - [2026-05-10T21:20:07.310+0000] {dag.py:3239} INFO - Sync 1 DAGs
[2026-05-10T21:20:07.316+0000] {logging_mixin.py:190} INFO - [2026-05-10T21:20:07.316+0000] {dag.py:4180} INFO - Setting next_dagrun for mod_05_01_branch_python to None, run_after=None
[2026-05-10T21:20:07.326+0000] {processor.py:208} INFO - Processing /opt/airflow/dags/05_branching/01_branch_python.py took 0.041 seconds
[2026-05-10T21:20:37.900+0000] {processor.py:186} INFO - Started process (PID=926) to work on /opt/airflow/dags/05_branching/01_branch_python.py
[2026-05-10T21:20:37.901+0000] {processor.py:914} INFO - Processing file /opt/airflow/dags/05_branching/01_branch_python.py for tasks to queue
[2026-05-10T21:20:37.903+0000] {logging_mixin.py:190} INFO - [2026-05-10T21:20:37.903+0000] {dagbag.py:588} INFO - Filling up the DagBag from /opt/airflow/dags/05_branching/01_branch_python.py
[2026-05-10T21:20:37.911+0000] {processor.py:925} INFO - DAG(s) 'mod_05_01_branch_python' retrieved from /opt/airflow/dags/05_branching/01_branch_python.py
[2026-05-10T21:20:37.924+0000] {logging_mixin.py:190} INFO - [2026-05-10T21:20:37.923+0000] {dag.py:3239} INFO - Sync 1 DAGs
[2026-05-10T21:20:37.930+0000] {logging_mixin.py:190} INFO - [2026-05-10T21:20:37.930+0000] {dag.py:4180} INFO - Setting next_dagrun for mod_05_01_branch_python to None, run_after=None
[2026-05-10T21:20:37.940+0000] {processor.py:208} INFO - Processing /opt/airflow/dags/05_branching/01_branch_python.py took 0.044 seconds
[2026-05-10T21:21:08.410+0000] {processor.py:186} INFO - Started process (PID=1130) to work on /opt/airflow/dags/05_branching/01_branch_python.py
[2026-05-10T21:21:08.411+0000] {processor.py:914} INFO - Processing file /opt/airflow/dags/05_branching/01_branch_python.py for tasks to queue
[2026-05-10T21:21:08.413+0000] {logging_mixin.py:190} INFO - [2026-05-10T21:21:08.413+0000] {dagbag.py:588} INFO - Filling up the DagBag from /opt/airflow/dags/05_branching/01_branch_python.py
[2026-05-10T21:21:08.428+0000] {processor.py:925} INFO - DAG(s) 'mod_05_01_branch_python' retrieved from /opt/airflow/dags/05_branching/01_branch_python.py
[2026-05-10T21:21:08.439+0000] {logging_mixin.py:190} INFO - [2026-05-10T21:21:08.439+0000] {dag.py:3239} INFO - Sync 1 DAGs
[2026-05-10T21:21:08.448+0000] {logging_mixin.py:190} INFO - [2026-05-10T21:21:08.447+0000] {dag.py:4180} INFO - Setting next_dagrun for mod_05_01_branch_python to None, run_after=None
[2026-05-10T21:21:08.457+0000] {processor.py:208} INFO - Processing /opt/airflow/dags/05_branching/01_branch_python.py took 0.050 seconds
[2026-05-10T21:21:38.960+0000] {processor.py:186} INFO - Started process (PID=1333) to work on /opt/airflow/dags/05_branching/01_branch_python.py
[2026-05-10T21:21:38.961+0000] {processor.py:914} INFO - Processing file /opt/airflow/dags/05_branching/01_branch_python.py for tasks to queue
[2026-05-10T21:21:38.962+0000] {logging_mixin.py:190} INFO - [2026-05-10T21:21:38.962+0000] {dagbag.py:588} INFO - Filling up the DagBag from /opt/airflow/dags/05_branching/01_branch_python.py
[2026-05-10T21:21:38.973+0000] {processor.py:925} INFO - DAG(s) 'mod_05_01_branch_python' retrieved from /opt/airflow/dags/05_branching/01_branch_python.py
[2026-05-10T21:21:38.988+0000] {logging_mixin.py:190} INFO - [2026-05-10T21:21:38.987+0000] {dag.py:3239} INFO - Sync 1 DAGs
[2026-05-10T21:21:38.993+0000] {logging_mixin.py:190} INFO - [2026-05-10T21:21:38.993+0000] {dag.py:4180} INFO - Setting next_dagrun for mod_05_01_branch_python to None, run_after=None
[2026-05-10T21:21:39.004+0000] {processor.py:208} INFO - Processing /opt/airflow/dags/05_branching/01_branch_python.py took 0.047 seconds
[2026-05-10T21:22:09.414+0000] {processor.py:186} INFO - Started process (PID=1535) to work on /opt/airflow/dags/05_branching/01_branch_python.py
[2026-05-10T21:22:09.415+0000] {processor.py:914} INFO - Processing file /opt/airflow/dags/05_branching/01_branch_python.py for tasks to queue
[2026-05-10T21:22:09.416+0000] {logging_mixin.py:190} INFO - [2026-05-10T21:22:09.416+0000] {dagbag.py:588} INFO - Filling up the DagBag from /opt/airflow/dags/05_branching/01_branch_python.py
[2026-05-10T21:22:09.424+0000] {processor.py:925} INFO - DAG(s) 'mod_05_01_branch_python' retrieved from /opt/airflow/dags/05_branching/01_branch_python.py
[2026-05-10T21:22:09.435+0000] {logging_mixin.py:190} INFO - [2026-05-10T21:22:09.435+0000] {dag.py:3239} INFO - Sync 1 DAGs
[2026-05-10T21:22:09.441+0000] {logging_mixin.py:190} INFO - [2026-05-10T21:22:09.441+0000] {dag.py:4180} INFO - Setting next_dagrun for mod_05_01_branch_python to None, run_after=None
[2026-05-10T21:22:09.450+0000] {processor.py:208} INFO - Processing /opt/airflow/dags/05_branching/01_branch_python.py took 0.038 seconds
[2026-05-10T21:22:39.884+0000] {processor.py:186} INFO - Started process (PID=1738) to work on /opt/airflow/dags/05_branching/01_branch_python.py
[2026-05-10T21:22:39.884+0000] {processor.py:914} INFO - Processing file /opt/airflow/dags/05_branching/01_branch_python.py for tasks to queue
[2026-05-10T21:22:39.886+0000] {logging_mixin.py:190} INFO - [2026-05-10T21:22:39.885+0000] {dagbag.py:588} INFO - Filling up the DagBag from /opt/airflow/dags/05_branching/01_branch_python.py
[2026-05-10T21:22:39.894+0000] {processor.py:925} INFO - DAG(s) 'mod_05_01_branch_python' retrieved from /opt/airflow/dags/05_branching/01_branch_python.py
[2026-05-10T21:22:39.905+0000] {logging_mixin.py:190} INFO - [2026-05-10T21:22:39.905+0000] {dag.py:3239} INFO - Sync 1 DAGs
[2026-05-10T21:22:39.912+0000] {logging_mixin.py:190} INFO - [2026-05-10T21:22:39.912+0000] {dag.py:4180} INFO - Setting next_dagrun for mod_05_01_branch_python to None, run_after=None
[2026-05-10T21:22:39.922+0000] {processor.py:208} INFO - Processing /opt/airflow/dags/05_branching/01_branch_python.py took 0.042 seconds
[2026-05-10T21:23:10.326+0000] {processor.py:186} INFO - Started process (PID=1942) to work on /opt/airflow/dags/05_branching/01_branch_python.py
[2026-05-10T21:23:10.327+0000] {processor.py:914} INFO - Processing file /opt/airflow/dags/05_branching/01_branch_python.py for tasks to queue
[2026-05-10T21:23:10.328+0000] {logging_mixin.py:190} INFO - [2026-05-10T21:23:10.328+0000] {dagbag.py:588} INFO - Filling up the DagBag from /opt/airflow/dags/05_branching/01_branch_python.py
[2026-05-10T21:23:10.340+0000] {processor.py:925} INFO - DAG(s) 'mod_05_01_branch_python' retrieved from /opt/airflow/dags/05_branching/01_branch_python.py
[2026-05-10T21:23:10.353+0000] {logging_mixin.py:190} INFO - [2026-05-10T21:23:10.353+0000] {dag.py:3239} INFO - Sync 1 DAGs
[2026-05-10T21:23:10.362+0000] {logging_mixin.py:190} INFO - [2026-05-10T21:23:10.362+0000] {dag.py:4180} INFO - Setting next_dagrun for mod_05_01_branch_python to None, run_after=None
[2026-05-10T21:23:10.370+0000] {processor.py:208} INFO - Processing /opt/airflow/dags/05_branching/01_branch_python.py took 0.048 seconds
[2026-05-10T21:23:40.802+0000] {processor.py:186} INFO - Started process (PID=2145) to work on /opt/airflow/dags/05_branching/01_branch_python.py
[2026-05-10T21:23:40.802+0000] {processor.py:914} INFO - Processing file /opt/airflow/dags/05_branching/01_branch_python.py for tasks to queue
[2026-05-10T21:23:40.804+0000] {logging_mixin.py:190} INFO - [2026-05-10T21:23:40.804+0000] {dagbag.py:588} INFO - Filling up the DagBag from /opt/airflow/dags/05_branching/01_branch_python.py
[2026-05-10T21:23:40.813+0000] {processor.py:925} INFO - DAG(s) 'mod_05_01_branch_python' retrieved from /opt/airflow/dags/05_branching/01_branch_python.py
[2026-05-10T21:23:40.826+0000] {logging_mixin.py:190} INFO - [2026-05-10T21:23:40.826+0000] {dag.py:3239} INFO - Sync 1 DAGs
[2026-05-10T21:23:40.833+0000] {logging_mixin.py:190} INFO - [2026-05-10T21:23:40.833+0000] {dag.py:4180} INFO - Setting next_dagrun for mod_05_01_branch_python to None, run_after=None
[2026-05-10T21:23:40.843+0000] {processor.py:208} INFO - Processing /opt/airflow/dags/05_branching/01_branch_python.py took 0.047 seconds
[2026-05-10T21:24:11.351+0000] {processor.py:186} INFO - Started process (PID=2361) to work on /opt/airflow/dags/05_branching/01_branch_python.py
[2026-05-10T21:24:11.352+0000] {processor.py:914} INFO - Processing file /opt/airflow/dags/05_branching/01_branch_python.py for tasks to queue
[2026-05-10T21:24:11.354+0000] {logging_mixin.py:190} INFO - [2026-05-10T21:24:11.354+0000] {dagbag.py:588} INFO - Filling up the DagBag from /opt/airflow/dags/05_branching/01_branch_python.py
[2026-05-10T21:24:11.364+0000] {processor.py:925} INFO - DAG(s) 'mod_05_01_branch_python' retrieved from /opt/airflow/dags/05_branching/01_branch_python.py
[2026-05-10T21:24:11.379+0000] {logging_mixin.py:190} INFO - [2026-05-10T21:24:11.379+0000] {dag.py:3239} INFO - Sync 1 DAGs
[2026-05-10T21:24:11.386+0000] {logging_mixin.py:190} INFO - [2026-05-10T21:24:11.386+0000] {dag.py:4180} INFO - Setting next_dagrun for mod_05_01_branch_python to None, run_after=None
[2026-05-10T21:24:11.395+0000] {processor.py:208} INFO - Processing /opt/airflow/dags/05_branching/01_branch_python.py took 0.048 seconds
[2026-05-10T21:24:41.836+0000] {processor.py:186} INFO - Started process (PID=2565) to work on /opt/airflow/dags/05_branching/01_branch_python.py
[2026-05-10T21:24:41.837+0000] {processor.py:914} INFO - Processing file /opt/airflow/dags/05_branching/01_branch_python.py for tasks to queue
[2026-05-10T21:24:41.840+0000] {logging_mixin.py:190} INFO - [2026-05-10T21:24:41.840+0000] {dagbag.py:588} INFO - Filling up the DagBag from /opt/airflow/dags/05_branching/01_branch_python.py
[2026-05-10T21:24:41.846+0000] {processor.py:925} INFO - DAG(s) 'mod_05_01_branch_python' retrieved from /opt/airflow/dags/05_branching/01_branch_python.py
[2026-05-10T21:24:41.859+0000] {logging_mixin.py:190} INFO - [2026-05-10T21:24:41.859+0000] {dag.py:3239} INFO - Sync 1 DAGs
[2026-05-10T21:24:41.865+0000] {logging_mixin.py:190} INFO - [2026-05-10T21:24:41.865+0000] {dag.py:4180} INFO - Setting next_dagrun for mod_05_01_branch_python to None, run_after=None
[2026-05-10T21:24:41.874+0000] {processor.py:208} INFO - Processing /opt/airflow/dags/05_branching/01_branch_python.py took 0.044 seconds
[2026-05-10T21:25:12.327+0000] {processor.py:186} INFO - Started process (PID=2768) to work on /opt/airflow/dags/05_branching/01_branch_python.py
[2026-05-10T21:25:12.327+0000] {processor.py:914} INFO - Processing file /opt/airflow/dags/05_branching/01_branch_python.py for tasks to queue
[2026-05-10T21:25:12.330+0000] {logging_mixin.py:190} INFO - [2026-05-10T21:25:12.330+0000] {dagbag.py:588} INFO - Filling up the DagBag from /opt/airflow/dags/05_branching/01_branch_python.py
[2026-05-10T21:25:12.338+0000] {processor.py:925} INFO - DAG(s) 'mod_05_01_branch_python' retrieved from /opt/airflow/dags/05_branching/01_branch_python.py
[2026-05-10T21:25:12.350+0000] {logging_mixin.py:190} INFO - [2026-05-10T21:25:12.350+0000] {dag.py:3239} INFO - Sync 1 DAGs
[2026-05-10T21:25:12.359+0000] {logging_mixin.py:190} INFO - [2026-05-10T21:25:12.359+0000] {dag.py:4180} INFO - Setting next_dagrun for mod_05_01_branch_python to None, run_after=None
[2026-05-10T21:25:12.371+0000] {processor.py:208} INFO - Processing /opt/airflow/dags/05_branching/01_branch_python.py took 0.047 seconds
[2026-05-10T21:25:42.902+0000] {processor.py:186} INFO - Started process (PID=2970) to work on /opt/airflow/dags/05_branching/01_branch_python.py
[2026-05-10T21:25:42.903+0000] {processor.py:914} INFO - Processing file /opt/airflow/dags/05_branching/01_branch_python.py for tasks to queue
[2026-05-10T21:25:42.905+0000] {logging_mixin.py:190} INFO - [2026-05-10T21:25:42.905+0000] {dagbag.py:588} INFO - Filling up the DagBag from /opt/airflow/dags/05_branching/01_branch_python.py
[2026-05-10T21:25:42.912+0000] {processor.py:925} INFO - DAG(s) 'mod_05_01_branch_python' retrieved from /opt/airflow/dags/05_branching/01_branch_python.py
[2026-05-10T21:25:42.925+0000] {logging_mixin.py:190} INFO - [2026-05-10T21:25:42.925+0000] {dag.py:3239} INFO - Sync 1 DAGs
[2026-05-10T21:25:42.931+0000] {logging_mixin.py:190} INFO - [2026-05-10T21:25:42.931+0000] {dag.py:4180} INFO - Setting next_dagrun for mod_05_01_branch_python to None, run_after=None
[2026-05-10T21:25:42.942+0000] {processor.py:208} INFO - Processing /opt/airflow/dags/05_branching/01_branch_python.py took 0.044 seconds
[2026-05-10T21:26:13.494+0000] {processor.py:186} INFO - Started process (PID=3174) to work on /opt/airflow/dags/05_branching/01_branch_python.py
[2026-05-10T21:26:13.495+0000] {processor.py:914} INFO - Processing file /opt/airflow/dags/05_branching/01_branch_python.py for tasks to queue
[2026-05-10T21:26:13.500+0000] {logging_mixin.py:190} INFO - [2026-05-10T21:26:13.500+0000] {dagbag.py:588} INFO - Filling up the DagBag from /opt/airflow/dags/05_branching/01_branch_python.py
[2026-05-10T21:26:13.505+0000] {processor.py:925} INFO - DAG(s) 'mod_05_01_branch_python' retrieved from /opt/airflow/dags/05_branching/01_branch_python.py
[2026-05-10T21:26:13.522+0000] {logging_mixin.py:190} INFO - [2026-05-10T21:26:13.522+0000] {dag.py:3239} INFO - Sync 1 DAGs
[2026-05-10T21:26:13.527+0000] {logging_mixin.py:190} INFO - [2026-05-10T21:26:13.527+0000] {dag.py:4180} INFO - Setting next_dagrun for mod_05_01_branch_python to None, run_after=None
[2026-05-10T21:26:13.538+0000] {processor.py:208} INFO - Processing /opt/airflow/dags/05_branching/01_branch_python.py took 0.047 seconds
[2026-05-10T21:26:43.999+0000] {processor.py:186} INFO - Started process (PID=3377) to work on /opt/airflow/dags/05_branching/01_branch_python.py
[2026-05-10T21:26:43.999+0000] {processor.py:914} INFO - Processing file /opt/airflow/dags/05_branching/01_branch_python.py for tasks to queue
[2026-05-10T21:26:44.004+0000] {logging_mixin.py:190} INFO - [2026-05-10T21:26:44.004+0000] {dagbag.py:588} INFO - Filling up the DagBag from /opt/airflow/dags/05_branching/01_branch_python.py
[2026-05-10T21:26:44.010+0000] {processor.py:925} INFO - DAG(s) 'mod_05_01_branch_python' retrieved from /opt/airflow/dags/05_branching/01_branch_python.py
[2026-05-10T21:26:44.022+0000] {logging_mixin.py:190} INFO - [2026-05-10T21:26:44.022+0000] {dag.py:3239} INFO - Sync 1 DAGs
[2026-05-10T21:26:44.028+0000] {logging_mixin.py:190} INFO - [2026-05-10T21:26:44.028+0000] {dag.py:4180} INFO - Setting next_dagrun for mod_05_01_branch_python to None, run_after=None
[2026-05-10T21:26:44.039+0000] {processor.py:208} INFO - Processing /opt/airflow/dags/05_branching/01_branch_python.py took 0.044 seconds
[2026-05-10T21:27:14.594+0000] {processor.py:186} INFO - Started process (PID=3580) to work on /opt/airflow/dags/05_branching/01_branch_python.py
[2026-05-10T21:27:14.595+0000] {processor.py:914} INFO - Processing file /opt/airflow/dags/05_branching/01_branch_python.py for tasks to queue
[2026-05-10T21:27:14.597+0000] {logging_mixin.py:190} INFO - [2026-05-10T21:27:14.597+0000] {dagbag.py:588} INFO - Filling up the DagBag from /opt/airflow/dags/05_branching/01_branch_python.py
[2026-05-10T21:27:14.607+0000] {processor.py:925} INFO - DAG(s) 'mod_05_01_branch_python' retrieved from /opt/airflow/dags/05_branching/01_branch_python.py
[2026-05-10T21:27:14.626+0000] {logging_mixin.py:190} INFO - [2026-05-10T21:27:14.626+0000] {dag.py:3239} INFO - Sync 1 DAGs
[2026-05-10T21:27:14.631+0000] {logging_mixin.py:190} INFO - [2026-05-10T21:27:14.631+0000] {dag.py:4180} INFO - Setting next_dagrun for mod_05_01_branch_python to None, run_after=None
[2026-05-10T21:27:14.641+0000] {processor.py:208} INFO - Processing /opt/airflow/dags/05_branching/01_branch_python.py took 0.054 seconds
[2026-05-10T21:27:45.083+0000] {processor.py:186} INFO - Started process (PID=3783) to work on /opt/airflow/dags/05_branching/01_branch_python.py
[2026-05-10T21:27:45.084+0000] {processor.py:914} INFO - Processing file /opt/airflow/dags/05_branching/01_branch_python.py for tasks to queue
[2026-05-10T21:27:45.085+0000] {logging_mixin.py:190} INFO - [2026-05-10T21:27:45.085+0000] {dagbag.py:588} INFO - Filling up the DagBag from /opt/airflow/dags/05_branching/01_branch_python.py
[2026-05-10T21:27:45.095+0000] {processor.py:925} INFO - DAG(s) 'mod_05_01_branch_python' retrieved from /opt/airflow/dags/05_branching/01_branch_python.py
[2026-05-10T21:27:45.110+0000] {logging_mixin.py:190} INFO - [2026-05-10T21:27:45.110+0000] {dag.py:3239} INFO - Sync 1 DAGs
[2026-05-10T21:27:45.116+0000] {logging_mixin.py:190} INFO - [2026-05-10T21:27:45.116+0000] {dag.py:4180} INFO - Setting next_dagrun for mod_05_01_branch_python to None, run_after=None
[2026-05-10T21:27:45.126+0000] {processor.py:208} INFO - Processing /opt/airflow/dags/05_branching/01_branch_python.py took 0.047 seconds
[2026-05-10T21:28:15.573+0000] {processor.py:186} INFO - Started process (PID=3986) to work on /opt/airflow/dags/05_branching/01_branch_python.py
[2026-05-10T21:28:15.573+0000] {processor.py:914} INFO - Processing file /opt/airflow/dags/05_branching/01_branch_python.py for tasks to queue
[2026-05-10T21:28:15.578+0000] {logging_mixin.py:190} INFO - [2026-05-10T21:28:15.578+0000] {dagbag.py:588} INFO - Filling up the DagBag from /opt/airflow/dags/05_branching/01_branch_python.py
[2026-05-10T21:28:15.584+0000] {processor.py:925} INFO - DAG(s) 'mod_05_01_branch_python' retrieved from /opt/airflow/dags/05_branching/01_branch_python.py
[2026-05-10T21:28:15.595+0000] {logging_mixin.py:190} INFO - [2026-05-10T21:28:15.595+0000] {dag.py:3239} INFO - Sync 1 DAGs
[2026-05-10T21:28:15.604+0000] {logging_mixin.py:190} INFO - [2026-05-10T21:28:15.604+0000] {dag.py:4180} INFO - Setting next_dagrun for mod_05_01_branch_python to None, run_after=None
[2026-05-10T21:28:15.614+0000] {processor.py:208} INFO - Processing /opt/airflow/dags/05_branching/01_branch_python.py took 0.045 seconds
[2026-05-10T21:28:46.105+0000] {processor.py:186} INFO - Started process (PID=4189) to work on /opt/airflow/dags/05_branching/01_branch_python.py
[2026-05-10T21:28:46.106+0000] {processor.py:914} INFO - Processing file /opt/airflow/dags/05_branching/01_branch_python.py for tasks to queue
[2026-05-10T21:28:46.108+0000] {logging_mixin.py:190} INFO - [2026-05-10T21:28:46.107+0000] {dagbag.py:588} INFO - Filling up the DagBag from /opt/airflow/dags/05_branching/01_branch_python.py
[2026-05-10T21:28:46.117+0000] {processor.py:925} INFO - DAG(s) 'mod_05_01_branch_python' retrieved from /opt/airflow/dags/05_branching/01_branch_python.py
[2026-05-10T21:28:46.133+0000] {logging_mixin.py:190} INFO - [2026-05-10T21:28:46.133+0000] {dag.py:3239} INFO - Sync 1 DAGs
[2026-05-10T21:28:46.140+0000] {logging_mixin.py:190} INFO - [2026-05-10T21:28:46.140+0000] {dag.py:4180} INFO - Setting next_dagrun for mod_05_01_branch_python to None, run_after=None
[2026-05-10T21:28:46.149+0000] {processor.py:208} INFO - Processing /opt/airflow/dags/05_branching/01_branch_python.py took 0.048 seconds
[2026-05-10T21:29:16.651+0000] {processor.py:186} INFO - Started process (PID=4392) to work on /opt/airflow/dags/05_branching/01_branch_python.py
[2026-05-10T21:29:16.652+0000] {processor.py:914} INFO - Processing file /opt/airflow/dags/05_branching/01_branch_python.py for tasks to queue
[2026-05-10T21:29:16.655+0000] {logging_mixin.py:190} INFO - [2026-05-10T21:29:16.655+0000] {dagbag.py:588} INFO - Filling up the DagBag from /opt/airflow/dags/05_branching/01_branch_python.py
[2026-05-10T21:29:16.664+0000] {processor.py:925} INFO - DAG(s) 'mod_05_01_branch_python' retrieved from /opt/airflow/dags/05_branching/01_branch_python.py
[2026-05-10T21:29:16.683+0000] {logging_mixin.py:190} INFO - [2026-05-10T21:29:16.683+0000] {dag.py:3239} INFO - Sync 1 DAGs
[2026-05-10T21:29:16.690+0000] {logging_mixin.py:190} INFO - [2026-05-10T21:29:16.690+0000] {dag.py:4180} INFO - Setting next_dagrun for mod_05_01_branch_python to None, run_after=None
[2026-05-10T21:29:16.702+0000] {processor.py:208} INFO - Processing /opt/airflow/dags/05_branching/01_branch_python.py took 0.055 seconds
[2026-05-10T21:29:47.223+0000] {processor.py:186} INFO - Started process (PID=4594) to work on /opt/airflow/dags/05_branching/01_branch_python.py
[2026-05-10T21:29:47.224+0000] {processor.py:914} INFO - Processing file /opt/airflow/dags/05_branching/01_branch_python.py for tasks to queue
[2026-05-10T21:29:47.226+0000] {logging_mixin.py:190} INFO - [2026-05-10T21:29:47.225+0000] {dagbag.py:588} INFO - Filling up the DagBag from /opt/airflow/dags/05_branching/01_branch_python.py
[2026-05-10T21:29:47.237+0000] {processor.py:925} INFO - DAG(s) 'mod_05_01_branch_python' retrieved from /opt/airflow/dags/05_branching/01_branch_python.py
[2026-05-10T21:29:47.253+0000] {logging_mixin.py:190} INFO - [2026-05-10T21:29:47.253+0000] {dag.py:3239} INFO - Sync 1 DAGs
[2026-05-10T21:29:47.261+0000] {logging_mixin.py:190} INFO - [2026-05-10T21:29:47.261+0000] {dag.py:4180} INFO - Setting next_dagrun for mod_05_01_branch_python to None, run_after=None
[2026-05-10T21:29:47.271+0000] {processor.py:208} INFO - Processing /opt/airflow/dags/05_branching/01_branch_python.py took 0.052 seconds
[2026-05-10T21:30:17.685+0000] {processor.py:186} INFO - Started process (PID=4798) to work on /opt/airflow/dags/05_branching/01_branch_python.py
[2026-05-10T21:30:17.686+0000] {processor.py:914} INFO - Processing file /opt/airflow/dags/05_branching/01_branch_python.py for tasks to queue
[2026-05-10T21:30:17.688+0000] {logging_mixin.py:190} INFO - [2026-05-10T21:30:17.687+0000] {dagbag.py:588} INFO - Filling up the DagBag from /opt/airflow/dags/05_branching/01_branch_python.py
[2026-05-10T21:30:17.697+0000] {processor.py:925} INFO - DAG(s) 'mod_05_01_branch_python' retrieved from /opt/airflow/dags/05_branching/01_branch_python.py
[2026-05-10T21:30:17.711+0000] {logging_mixin.py:190} INFO - [2026-05-10T21:30:17.711+0000] {dag.py:3239} INFO - Sync 1 DAGs
[2026-05-10T21:30:17.718+0000] {logging_mixin.py:190} INFO - [2026-05-10T21:30:17.718+0000] {dag.py:4180} INFO - Setting next_dagrun for mod_05_01_branch_python to None, run_after=None
[2026-05-10T21:30:17.729+0000] {processor.py:208} INFO - Processing /opt/airflow/dags/05_branching/01_branch_python.py took 0.048 seconds
