[2026-05-10T21:19:05.741+0000] {processor.py:186} INFO - Started process (PID=313) to work on /opt/airflow/dags/05_branching/02_short_circuit.py
[2026-05-10T21:19:05.742+0000] {processor.py:914} INFO - Processing file /opt/airflow/dags/05_branching/02_short_circuit.py for tasks to queue
[2026-05-10T21:19:05.744+0000] {logging_mixin.py:190} INFO - [2026-05-10T21:19:05.743+0000] {dagbag.py:588} INFO - Filling up the DagBag from /opt/airflow/dags/05_branching/02_short_circuit.py
[2026-05-10T21:19:05.755+0000] {processor.py:925} INFO - DAG(s) 'mod_05_02_short_circuit' retrieved from /opt/airflow/dags/05_branching/02_short_circuit.py
[2026-05-10T21:19:05.807+0000] {logging_mixin.py:190} INFO - [2026-05-10T21:19:05.806+0000] {override.py:1912} INFO - Created Permission View: can delete on DAG:mod_05_02_short_circuit
[2026-05-10T21:19:05.816+0000] {logging_mixin.py:190} INFO - [2026-05-10T21:19:05.816+0000] {override.py:1912} INFO - Created Permission View: can edit on DAG:mod_05_02_short_circuit
[2026-05-10T21:19:05.819+0000] {logging_mixin.py:190} INFO - [2026-05-10T21:19:05.819+0000] {override.py:1912} INFO - Created Permission View: can read on DAG:mod_05_02_short_circuit
[2026-05-10T21:19:05.823+0000] {logging_mixin.py:190} INFO - [2026-05-10T21:19:05.823+0000] {override.py:1912} INFO - Created Permission View: can delete on DAG Run:mod_05_02_short_circuit
[2026-05-10T21:19:05.828+0000] {logging_mixin.py:190} INFO - [2026-05-10T21:19:05.828+0000] {override.py:1912} INFO - Created Permission View: menu access on DAG Run:mod_05_02_short_circuit
[2026-05-10T21:19:05.833+0000] {logging_mixin.py:190} INFO - [2026-05-10T21:19:05.832+0000] {override.py:1912} INFO - Created Permission View: can create on DAG Run:mod_05_02_short_circuit
[2026-05-10T21:19:05.834+0000] {logging_mixin.py:190} INFO - [2026-05-10T21:19:05.834+0000] {override.py:1912} INFO - Created Permission View: can read on DAG Run:mod_05_02_short_circuit
[2026-05-10T21:19:05.834+0000] {logging_mixin.py:190} INFO - [2026-05-10T21:19:05.834+0000] {dag.py:3239} INFO - Sync 1 DAGs
[2026-05-10T21:19:05.839+0000] {logging_mixin.py:190} INFO - [2026-05-10T21:19:05.839+0000] {dag.py:3262} INFO - Creating ORM DAG for mod_05_02_short_circuit
[2026-05-10T21:19:05.839+0000] {logging_mixin.py:190} INFO - [2026-05-10T21:19:05.839+0000] {dag.py:4180} INFO - Setting next_dagrun for mod_05_02_short_circuit to None, run_after=None
[2026-05-10T21:19:05.849+0000] {processor.py:208} INFO - Processing /opt/airflow/dags/05_branching/02_short_circuit.py took 0.113 seconds
[2026-05-10T21:19:36.817+0000] {processor.py:186} INFO - Started process (PID=518) to work on /opt/airflow/dags/05_branching/02_short_circuit.py
[2026-05-10T21:19:36.818+0000] {processor.py:914} INFO - Processing file /opt/airflow/dags/05_branching/02_short_circuit.py for tasks to queue
[2026-05-10T21:19:36.820+0000] {logging_mixin.py:190} INFO - [2026-05-10T21:19:36.820+0000] {dagbag.py:588} INFO - Filling up the DagBag from /opt/airflow/dags/05_branching/02_short_circuit.py
[2026-05-10T21:19:36.829+0000] {processor.py:925} INFO - DAG(s) 'mod_05_02_short_circuit' retrieved from /opt/airflow/dags/05_branching/02_short_circuit.py
[2026-05-10T21:19:36.842+0000] {logging_mixin.py:190} INFO - [2026-05-10T21:19:36.842+0000] {dag.py:3239} INFO - Sync 1 DAGs
[2026-05-10T21:19:36.852+0000] {logging_mixin.py:190} INFO - [2026-05-10T21:19:36.852+0000] {dag.py:4180} INFO - Setting next_dagrun for mod_05_02_short_circuit to None, run_after=None
[2026-05-10T21:19:36.864+0000] {processor.py:208} INFO - Processing /opt/airflow/dags/05_branching/02_short_circuit.py took 0.051 seconds
[2026-05-10T21:20:07.286+0000] {processor.py:186} INFO - Started process (PID=721) to work on /opt/airflow/dags/05_branching/02_short_circuit.py
[2026-05-10T21:20:07.289+0000] {processor.py:914} INFO - Processing file /opt/airflow/dags/05_branching/02_short_circuit.py for tasks to queue
[2026-05-10T21:20:07.290+0000] {logging_mixin.py:190} INFO - [2026-05-10T21:20:07.290+0000] {dagbag.py:588} INFO - Filling up the DagBag from /opt/airflow/dags/05_branching/02_short_circuit.py
[2026-05-10T21:20:07.299+0000] {processor.py:925} INFO - DAG(s) 'mod_05_02_short_circuit' retrieved from /opt/airflow/dags/05_branching/02_short_circuit.py
[2026-05-10T21:20:07.310+0000] {logging_mixin.py:190} INFO - [2026-05-10T21:20:07.310+0000] {dag.py:3239} INFO - Sync 1 DAGs
[2026-05-10T21:20:07.316+0000] {logging_mixin.py:190} INFO - [2026-05-10T21:20:07.316+0000] {dag.py:4180} INFO - Setting next_dagrun for mod_05_02_short_circuit to None, run_after=None
[2026-05-10T21:20:07.326+0000] {processor.py:208} INFO - Processing /opt/airflow/dags/05_branching/02_short_circuit.py took 0.044 seconds
[2026-05-10T21:20:37.900+0000] {processor.py:186} INFO - Started process (PID=924) to work on /opt/airflow/dags/05_branching/02_short_circuit.py
[2026-05-10T21:20:37.901+0000] {processor.py:914} INFO - Processing file /opt/airflow/dags/05_branching/02_short_circuit.py for tasks to queue
[2026-05-10T21:20:37.902+0000] {logging_mixin.py:190} INFO - [2026-05-10T21:20:37.902+0000] {dagbag.py:588} INFO - Filling up the DagBag from /opt/airflow/dags/05_branching/02_short_circuit.py
[2026-05-10T21:20:37.910+0000] {processor.py:925} INFO - DAG(s) 'mod_05_02_short_circuit' retrieved from /opt/airflow/dags/05_branching/02_short_circuit.py
[2026-05-10T21:20:37.923+0000] {logging_mixin.py:190} INFO - [2026-05-10T21:20:37.923+0000] {dag.py:3239} INFO - Sync 1 DAGs
[2026-05-10T21:20:37.930+0000] {logging_mixin.py:190} INFO - [2026-05-10T21:20:37.930+0000] {dag.py:4180} INFO - Setting next_dagrun for mod_05_02_short_circuit to None, run_after=None
[2026-05-10T21:20:37.940+0000] {processor.py:208} INFO - Processing /opt/airflow/dags/05_branching/02_short_circuit.py took 0.045 seconds
[2026-05-10T21:21:08.408+0000] {processor.py:186} INFO - Started process (PID=1127) to work on /opt/airflow/dags/05_branching/02_short_circuit.py
[2026-05-10T21:21:08.408+0000] {processor.py:914} INFO - Processing file /opt/airflow/dags/05_branching/02_short_circuit.py for tasks to queue
[2026-05-10T21:21:08.410+0000] {logging_mixin.py:190} INFO - [2026-05-10T21:21:08.410+0000] {dagbag.py:588} INFO - Filling up the DagBag from /opt/airflow/dags/05_branching/02_short_circuit.py
[2026-05-10T21:21:08.426+0000] {processor.py:925} INFO - DAG(s) 'mod_05_02_short_circuit' retrieved from /opt/airflow/dags/05_branching/02_short_circuit.py
[2026-05-10T21:21:08.439+0000] {logging_mixin.py:190} INFO - [2026-05-10T21:21:08.439+0000] {dag.py:3239} INFO - Sync 1 DAGs
[2026-05-10T21:21:08.446+0000] {logging_mixin.py:190} INFO - [2026-05-10T21:21:08.445+0000] {dag.py:4180} INFO - Setting next_dagrun for mod_05_02_short_circuit to None, run_after=None
[2026-05-10T21:21:08.456+0000] {processor.py:208} INFO - Processing /opt/airflow/dags/05_branching/02_short_circuit.py took 0.052 seconds
[2026-05-10T21:21:38.958+0000] {processor.py:186} INFO - Started process (PID=1330) to work on /opt/airflow/dags/05_branching/02_short_circuit.py
[2026-05-10T21:21:38.959+0000] {processor.py:914} INFO - Processing file /opt/airflow/dags/05_branching/02_short_circuit.py for tasks to queue
[2026-05-10T21:21:38.961+0000] {logging_mixin.py:190} INFO - [2026-05-10T21:21:38.960+0000] {dagbag.py:588} INFO - Filling up the DagBag from /opt/airflow/dags/05_branching/02_short_circuit.py
[2026-05-10T21:21:38.969+0000] {processor.py:925} INFO - DAG(s) 'mod_05_02_short_circuit' retrieved from /opt/airflow/dags/05_branching/02_short_circuit.py
[2026-05-10T21:21:38.984+0000] {logging_mixin.py:190} INFO - [2026-05-10T21:21:38.983+0000] {dag.py:3239} INFO - Sync 1 DAGs
[2026-05-10T21:21:38.994+0000] {logging_mixin.py:190} INFO - [2026-05-10T21:21:38.994+0000] {dag.py:4180} INFO - Setting next_dagrun for mod_05_02_short_circuit to None, run_after=None
[2026-05-10T21:21:39.003+0000] {processor.py:208} INFO - Processing /opt/airflow/dags/05_branching/02_short_circuit.py took 0.050 seconds
[2026-05-10T21:22:09.414+0000] {processor.py:186} INFO - Started process (PID=1533) to work on /opt/airflow/dags/05_branching/02_short_circuit.py
[2026-05-10T21:22:09.415+0000] {processor.py:914} INFO - Processing file /opt/airflow/dags/05_branching/02_short_circuit.py for tasks to queue
[2026-05-10T21:22:09.415+0000] {logging_mixin.py:190} INFO - [2026-05-10T21:22:09.415+0000] {dagbag.py:588} INFO - Filling up the DagBag from /opt/airflow/dags/05_branching/02_short_circuit.py
[2026-05-10T21:22:09.420+0000] {processor.py:925} INFO - DAG(s) 'mod_05_02_short_circuit' retrieved from /opt/airflow/dags/05_branching/02_short_circuit.py
[2026-05-10T21:22:09.431+0000] {logging_mixin.py:190} INFO - [2026-05-10T21:22:09.431+0000] {dag.py:3239} INFO - Sync 1 DAGs
[2026-05-10T21:22:09.439+0000] {logging_mixin.py:190} INFO - [2026-05-10T21:22:09.439+0000] {dag.py:4180} INFO - Setting next_dagrun for mod_05_02_short_circuit to None, run_after=None
[2026-05-10T21:22:09.448+0000] {processor.py:208} INFO - Processing /opt/airflow/dags/05_branching/02_short_circuit.py took 0.037 seconds
[2026-05-10T21:22:39.883+0000] {processor.py:186} INFO - Started process (PID=1736) to work on /opt/airflow/dags/05_branching/02_short_circuit.py
[2026-05-10T21:22:39.884+0000] {processor.py:914} INFO - Processing file /opt/airflow/dags/05_branching/02_short_circuit.py for tasks to queue
[2026-05-10T21:22:39.886+0000] {logging_mixin.py:190} INFO - [2026-05-10T21:22:39.885+0000] {dagbag.py:588} INFO - Filling up the DagBag from /opt/airflow/dags/05_branching/02_short_circuit.py
[2026-05-10T21:22:39.893+0000] {processor.py:925} INFO - DAG(s) 'mod_05_02_short_circuit' retrieved from /opt/airflow/dags/05_branching/02_short_circuit.py
[2026-05-10T21:22:39.906+0000] {logging_mixin.py:190} INFO - [2026-05-10T21:22:39.906+0000] {dag.py:3239} INFO - Sync 1 DAGs
[2026-05-10T21:22:39.913+0000] {logging_mixin.py:190} INFO - [2026-05-10T21:22:39.913+0000] {dag.py:4180} INFO - Setting next_dagrun for mod_05_02_short_circuit to None, run_after=None
[2026-05-10T21:22:39.922+0000] {processor.py:208} INFO - Processing /opt/airflow/dags/05_branching/02_short_circuit.py took 0.043 seconds
[2026-05-10T21:23:10.324+0000] {processor.py:186} INFO - Started process (PID=1939) to work on /opt/airflow/dags/05_branching/02_short_circuit.py
[2026-05-10T21:23:10.325+0000] {processor.py:914} INFO - Processing file /opt/airflow/dags/05_branching/02_short_circuit.py for tasks to queue
[2026-05-10T21:23:10.327+0000] {logging_mixin.py:190} INFO - [2026-05-10T21:23:10.326+0000] {dagbag.py:588} INFO - Filling up the DagBag from /opt/airflow/dags/05_branching/02_short_circuit.py
[2026-05-10T21:23:10.338+0000] {processor.py:925} INFO - DAG(s) 'mod_05_02_short_circuit' retrieved from /opt/airflow/dags/05_branching/02_short_circuit.py
[2026-05-10T21:23:10.356+0000] {logging_mixin.py:190} INFO - [2026-05-10T21:23:10.356+0000] {dag.py:3239} INFO - Sync 1 DAGs
[2026-05-10T21:23:10.361+0000] {logging_mixin.py:190} INFO - [2026-05-10T21:23:10.361+0000] {dag.py:4180} INFO - Setting next_dagrun for mod_05_02_short_circuit to None, run_after=None
[2026-05-10T21:23:10.371+0000] {processor.py:208} INFO - Processing /opt/airflow/dags/05_branching/02_short_circuit.py took 0.050 seconds
[2026-05-10T21:23:40.798+0000] {processor.py:186} INFO - Started process (PID=2142) to work on /opt/airflow/dags/05_branching/02_short_circuit.py
[2026-05-10T21:23:40.800+0000] {processor.py:914} INFO - Processing file /opt/airflow/dags/05_branching/02_short_circuit.py for tasks to queue
[2026-05-10T21:23:40.803+0000] {logging_mixin.py:190} INFO - [2026-05-10T21:23:40.802+0000] {dagbag.py:588} INFO - Filling up the DagBag from /opt/airflow/dags/05_branching/02_short_circuit.py
[2026-05-10T21:23:40.812+0000] {processor.py:925} INFO - DAG(s) 'mod_05_02_short_circuit' retrieved from /opt/airflow/dags/05_branching/02_short_circuit.py
[2026-05-10T21:23:40.827+0000] {logging_mixin.py:190} INFO - [2026-05-10T21:23:40.827+0000] {dag.py:3239} INFO - Sync 1 DAGs
[2026-05-10T21:23:40.833+0000] {logging_mixin.py:190} INFO - [2026-05-10T21:23:40.833+0000] {dag.py:4180} INFO - Setting next_dagrun for mod_05_02_short_circuit to None, run_after=None
[2026-05-10T21:23:40.843+0000] {processor.py:208} INFO - Processing /opt/airflow/dags/05_branching/02_short_circuit.py took 0.051 seconds
[2026-05-10T21:24:11.351+0000] {processor.py:186} INFO - Started process (PID=2359) to work on /opt/airflow/dags/05_branching/02_short_circuit.py
[2026-05-10T21:24:11.352+0000] {processor.py:914} INFO - Processing file /opt/airflow/dags/05_branching/02_short_circuit.py for tasks to queue
[2026-05-10T21:24:11.353+0000] {logging_mixin.py:190} INFO - [2026-05-10T21:24:11.353+0000] {dagbag.py:588} INFO - Filling up the DagBag from /opt/airflow/dags/05_branching/02_short_circuit.py
[2026-05-10T21:24:11.364+0000] {processor.py:925} INFO - DAG(s) 'mod_05_02_short_circuit' retrieved from /opt/airflow/dags/05_branching/02_short_circuit.py
[2026-05-10T21:24:11.379+0000] {logging_mixin.py:190} INFO - [2026-05-10T21:24:11.379+0000] {dag.py:3239} INFO - Sync 1 DAGs
[2026-05-10T21:24:11.385+0000] {logging_mixin.py:190} INFO - [2026-05-10T21:24:11.385+0000] {dag.py:4180} INFO - Setting next_dagrun for mod_05_02_short_circuit to None, run_after=None
[2026-05-10T21:24:11.395+0000] {processor.py:208} INFO - Processing /opt/airflow/dags/05_branching/02_short_circuit.py took 0.049 seconds
[2026-05-10T21:24:41.832+0000] {processor.py:186} INFO - Started process (PID=2562) to work on /opt/airflow/dags/05_branching/02_short_circuit.py
[2026-05-10T21:24:41.834+0000] {processor.py:914} INFO - Processing file /opt/airflow/dags/05_branching/02_short_circuit.py for tasks to queue
[2026-05-10T21:24:41.835+0000] {logging_mixin.py:190} INFO - [2026-05-10T21:24:41.835+0000] {dagbag.py:588} INFO - Filling up the DagBag from /opt/airflow/dags/05_branching/02_short_circuit.py
[2026-05-10T21:24:41.843+0000] {processor.py:925} INFO - DAG(s) 'mod_05_02_short_circuit' retrieved from /opt/airflow/dags/05_branching/02_short_circuit.py
[2026-05-10T21:24:41.860+0000] {logging_mixin.py:190} INFO - [2026-05-10T21:24:41.859+0000] {dag.py:3239} INFO - Sync 1 DAGs
[2026-05-10T21:24:41.867+0000] {logging_mixin.py:190} INFO - [2026-05-10T21:24:41.867+0000] {dag.py:4180} INFO - Setting next_dagrun for mod_05_02_short_circuit to None, run_after=None
[2026-05-10T21:24:41.876+0000] {processor.py:208} INFO - Processing /opt/airflow/dags/05_branching/02_short_circuit.py took 0.050 seconds
[2026-05-10T21:25:12.324+0000] {processor.py:186} INFO - Started process (PID=2765) to work on /opt/airflow/dags/05_branching/02_short_circuit.py
[2026-05-10T21:25:12.325+0000] {processor.py:914} INFO - Processing file /opt/airflow/dags/05_branching/02_short_circuit.py for tasks to queue
[2026-05-10T21:25:12.326+0000] {logging_mixin.py:190} INFO - [2026-05-10T21:25:12.326+0000] {dagbag.py:588} INFO - Filling up the DagBag from /opt/airflow/dags/05_branching/02_short_circuit.py
[2026-05-10T21:25:12.338+0000] {processor.py:925} INFO - DAG(s) 'mod_05_02_short_circuit' retrieved from /opt/airflow/dags/05_branching/02_short_circuit.py
[2026-05-10T21:25:12.352+0000] {logging_mixin.py:190} INFO - [2026-05-10T21:25:12.352+0000] {dag.py:3239} INFO - Sync 1 DAGs
[2026-05-10T21:25:12.361+0000] {logging_mixin.py:190} INFO - [2026-05-10T21:25:12.361+0000] {dag.py:4180} INFO - Setting next_dagrun for mod_05_02_short_circuit to None, run_after=None
[2026-05-10T21:25:12.371+0000] {processor.py:208} INFO - Processing /opt/airflow/dags/05_branching/02_short_circuit.py took 0.053 seconds
[2026-05-10T21:25:42.902+0000] {processor.py:186} INFO - Started process (PID=2968) to work on /opt/airflow/dags/05_branching/02_short_circuit.py
[2026-05-10T21:25:42.904+0000] {processor.py:914} INFO - Processing file /opt/airflow/dags/05_branching/02_short_circuit.py for tasks to queue
[2026-05-10T21:25:42.905+0000] {logging_mixin.py:190} INFO - [2026-05-10T21:25:42.905+0000] {dagbag.py:588} INFO - Filling up the DagBag from /opt/airflow/dags/05_branching/02_short_circuit.py
[2026-05-10T21:25:42.915+0000] {processor.py:925} INFO - DAG(s) 'mod_05_02_short_circuit' retrieved from /opt/airflow/dags/05_branching/02_short_circuit.py
[2026-05-10T21:25:42.925+0000] {logging_mixin.py:190} INFO - [2026-05-10T21:25:42.925+0000] {dag.py:3239} INFO - Sync 1 DAGs
[2026-05-10T21:25:42.933+0000] {logging_mixin.py:190} INFO - [2026-05-10T21:25:42.933+0000] {dag.py:4180} INFO - Setting next_dagrun for mod_05_02_short_circuit to None, run_after=None
[2026-05-10T21:25:42.942+0000] {processor.py:208} INFO - Processing /opt/airflow/dags/05_branching/02_short_circuit.py took 0.043 seconds
[2026-05-10T21:26:13.491+0000] {processor.py:186} INFO - Started process (PID=3171) to work on /opt/airflow/dags/05_branching/02_short_circuit.py
[2026-05-10T21:26:13.492+0000] {processor.py:914} INFO - Processing file /opt/airflow/dags/05_branching/02_short_circuit.py for tasks to queue
[2026-05-10T21:26:13.494+0000] {logging_mixin.py:190} INFO - [2026-05-10T21:26:13.493+0000] {dagbag.py:588} INFO - Filling up the DagBag from /opt/airflow/dags/05_branching/02_short_circuit.py
[2026-05-10T21:26:13.503+0000] {processor.py:925} INFO - DAG(s) 'mod_05_02_short_circuit' retrieved from /opt/airflow/dags/05_branching/02_short_circuit.py
[2026-05-10T21:26:13.518+0000] {logging_mixin.py:190} INFO - [2026-05-10T21:26:13.518+0000] {dag.py:3239} INFO - Sync 1 DAGs
[2026-05-10T21:26:13.526+0000] {logging_mixin.py:190} INFO - [2026-05-10T21:26:13.525+0000] {dag.py:4180} INFO - Setting next_dagrun for mod_05_02_short_circuit to None, run_after=None
[2026-05-10T21:26:13.536+0000] {processor.py:208} INFO - Processing /opt/airflow/dags/05_branching/02_short_circuit.py took 0.049 seconds
[2026-05-10T21:26:43.996+0000] {processor.py:186} INFO - Started process (PID=3374) to work on /opt/airflow/dags/05_branching/02_short_circuit.py
[2026-05-10T21:26:43.997+0000] {processor.py:914} INFO - Processing file /opt/airflow/dags/05_branching/02_short_circuit.py for tasks to queue
[2026-05-10T21:26:43.998+0000] {logging_mixin.py:190} INFO - [2026-05-10T21:26:43.998+0000] {dagbag.py:588} INFO - Filling up the DagBag from /opt/airflow/dags/05_branching/02_short_circuit.py
[2026-05-10T21:26:44.010+0000] {processor.py:925} INFO - DAG(s) 'mod_05_02_short_circuit' retrieved from /opt/airflow/dags/05_branching/02_short_circuit.py
[2026-05-10T21:26:44.024+0000] {logging_mixin.py:190} INFO - [2026-05-10T21:26:44.024+0000] {dag.py:3239} INFO - Sync 1 DAGs
[2026-05-10T21:26:44.030+0000] {logging_mixin.py:190} INFO - [2026-05-10T21:26:44.030+0000] {dag.py:4180} INFO - Setting next_dagrun for mod_05_02_short_circuit to None, run_after=None
[2026-05-10T21:26:44.043+0000] {processor.py:208} INFO - Processing /opt/airflow/dags/05_branching/02_short_circuit.py took 0.051 seconds
[2026-05-10T21:27:14.593+0000] {processor.py:186} INFO - Started process (PID=3577) to work on /opt/airflow/dags/05_branching/02_short_circuit.py
[2026-05-10T21:27:14.594+0000] {processor.py:914} INFO - Processing file /opt/airflow/dags/05_branching/02_short_circuit.py for tasks to queue
[2026-05-10T21:27:14.596+0000] {logging_mixin.py:190} INFO - [2026-05-10T21:27:14.596+0000] {dagbag.py:588} INFO - Filling up the DagBag from /opt/airflow/dags/05_branching/02_short_circuit.py
[2026-05-10T21:27:14.606+0000] {processor.py:925} INFO - DAG(s) 'mod_05_02_short_circuit' retrieved from /opt/airflow/dags/05_branching/02_short_circuit.py
[2026-05-10T21:27:14.622+0000] {logging_mixin.py:190} INFO - [2026-05-10T21:27:14.622+0000] {dag.py:3239} INFO - Sync 1 DAGs
[2026-05-10T21:27:14.629+0000] {logging_mixin.py:190} INFO - [2026-05-10T21:27:14.629+0000] {dag.py:4180} INFO - Setting next_dagrun for mod_05_02_short_circuit to None, run_after=None
[2026-05-10T21:27:14.641+0000] {processor.py:208} INFO - Processing /opt/airflow/dags/05_branching/02_short_circuit.py took 0.058 seconds
[2026-05-10T21:27:45.081+0000] {processor.py:186} INFO - Started process (PID=3780) to work on /opt/airflow/dags/05_branching/02_short_circuit.py
[2026-05-10T21:27:45.081+0000] {processor.py:914} INFO - Processing file /opt/airflow/dags/05_branching/02_short_circuit.py for tasks to queue
[2026-05-10T21:27:45.083+0000] {logging_mixin.py:190} INFO - [2026-05-10T21:27:45.083+0000] {dagbag.py:588} INFO - Filling up the DagBag from /opt/airflow/dags/05_branching/02_short_circuit.py
[2026-05-10T21:27:45.094+0000] {processor.py:925} INFO - DAG(s) 'mod_05_02_short_circuit' retrieved from /opt/airflow/dags/05_branching/02_short_circuit.py
[2026-05-10T21:27:45.110+0000] {logging_mixin.py:190} INFO - [2026-05-10T21:27:45.110+0000] {dag.py:3239} INFO - Sync 1 DAGs
[2026-05-10T21:27:45.117+0000] {logging_mixin.py:190} INFO - [2026-05-10T21:27:45.117+0000] {dag.py:4180} INFO - Setting next_dagrun for mod_05_02_short_circuit to None, run_after=None
[2026-05-10T21:27:45.127+0000] {processor.py:208} INFO - Processing /opt/airflow/dags/05_branching/02_short_circuit.py took 0.050 seconds
[2026-05-10T21:28:15.570+0000] {processor.py:186} INFO - Started process (PID=3983) to work on /opt/airflow/dags/05_branching/02_short_circuit.py
[2026-05-10T21:28:15.571+0000] {processor.py:914} INFO - Processing file /opt/airflow/dags/05_branching/02_short_circuit.py for tasks to queue
[2026-05-10T21:28:15.573+0000] {logging_mixin.py:190} INFO - [2026-05-10T21:28:15.572+0000] {dagbag.py:588} INFO - Filling up the DagBag from /opt/airflow/dags/05_branching/02_short_circuit.py
[2026-05-10T21:28:15.580+0000] {processor.py:925} INFO - DAG(s) 'mod_05_02_short_circuit' retrieved from /opt/airflow/dags/05_branching/02_short_circuit.py
[2026-05-10T21:28:15.595+0000] {logging_mixin.py:190} INFO - [2026-05-10T21:28:15.595+0000] {dag.py:3239} INFO - Sync 1 DAGs
[2026-05-10T21:28:15.602+0000] {logging_mixin.py:190} INFO - [2026-05-10T21:28:15.602+0000] {dag.py:4180} INFO - Setting next_dagrun for mod_05_02_short_circuit to None, run_after=None
[2026-05-10T21:28:15.613+0000] {processor.py:208} INFO - Processing /opt/airflow/dags/05_branching/02_short_circuit.py took 0.047 seconds
[2026-05-10T21:28:46.104+0000] {processor.py:186} INFO - Started process (PID=4186) to work on /opt/airflow/dags/05_branching/02_short_circuit.py
[2026-05-10T21:28:46.105+0000] {processor.py:914} INFO - Processing file /opt/airflow/dags/05_branching/02_short_circuit.py for tasks to queue
[2026-05-10T21:28:46.106+0000] {logging_mixin.py:190} INFO - [2026-05-10T21:28:46.106+0000] {dagbag.py:588} INFO - Filling up the DagBag from /opt/airflow/dags/05_branching/02_short_circuit.py
[2026-05-10T21:28:46.118+0000] {processor.py:925} INFO - DAG(s) 'mod_05_02_short_circuit' retrieved from /opt/airflow/dags/05_branching/02_short_circuit.py
[2026-05-10T21:28:46.132+0000] {logging_mixin.py:190} INFO - [2026-05-10T21:28:46.132+0000] {dag.py:3239} INFO - Sync 1 DAGs
[2026-05-10T21:28:46.138+0000] {logging_mixin.py:190} INFO - [2026-05-10T21:28:46.138+0000] {dag.py:4180} INFO - Setting next_dagrun for mod_05_02_short_circuit to None, run_after=None
[2026-05-10T21:28:46.149+0000] {processor.py:208} INFO - Processing /opt/airflow/dags/05_branching/02_short_circuit.py took 0.051 seconds
[2026-05-10T21:29:16.648+0000] {processor.py:186} INFO - Started process (PID=4389) to work on /opt/airflow/dags/05_branching/02_short_circuit.py
[2026-05-10T21:29:16.649+0000] {processor.py:914} INFO - Processing file /opt/airflow/dags/05_branching/02_short_circuit.py for tasks to queue
[2026-05-10T21:29:16.650+0000] {logging_mixin.py:190} INFO - [2026-05-10T21:29:16.650+0000] {dagbag.py:588} INFO - Filling up the DagBag from /opt/airflow/dags/05_branching/02_short_circuit.py
[2026-05-10T21:29:16.663+0000] {processor.py:925} INFO - DAG(s) 'mod_05_02_short_circuit' retrieved from /opt/airflow/dags/05_branching/02_short_circuit.py
[2026-05-10T21:29:16.679+0000] {logging_mixin.py:190} INFO - [2026-05-10T21:29:16.679+0000] {dag.py:3239} INFO - Sync 1 DAGs
[2026-05-10T21:29:16.689+0000] {logging_mixin.py:190} INFO - [2026-05-10T21:29:16.689+0000] {dag.py:4180} INFO - Setting next_dagrun for mod_05_02_short_circuit to None, run_after=None
[2026-05-10T21:29:16.702+0000] {processor.py:208} INFO - Processing /opt/airflow/dags/05_branching/02_short_circuit.py took 0.058 seconds
[2026-05-10T21:29:47.222+0000] {processor.py:186} INFO - Started process (PID=4592) to work on /opt/airflow/dags/05_branching/02_short_circuit.py
[2026-05-10T21:29:47.223+0000] {processor.py:914} INFO - Processing file /opt/airflow/dags/05_branching/02_short_circuit.py for tasks to queue
[2026-05-10T21:29:47.225+0000] {logging_mixin.py:190} INFO - [2026-05-10T21:29:47.225+0000] {dagbag.py:588} INFO - Filling up the DagBag from /opt/airflow/dags/05_branching/02_short_circuit.py
[2026-05-10T21:29:47.235+0000] {processor.py:925} INFO - DAG(s) 'mod_05_02_short_circuit' retrieved from /opt/airflow/dags/05_branching/02_short_circuit.py
[2026-05-10T21:29:47.250+0000] {logging_mixin.py:190} INFO - [2026-05-10T21:29:47.250+0000] {dag.py:3239} INFO - Sync 1 DAGs
[2026-05-10T21:29:47.256+0000] {logging_mixin.py:190} INFO - [2026-05-10T21:29:47.256+0000] {dag.py:4180} INFO - Setting next_dagrun for mod_05_02_short_circuit to None, run_after=None
[2026-05-10T21:29:47.266+0000] {processor.py:208} INFO - Processing /opt/airflow/dags/05_branching/02_short_circuit.py took 0.049 seconds
[2026-05-10T21:30:17.683+0000] {processor.py:186} INFO - Started process (PID=4795) to work on /opt/airflow/dags/05_branching/02_short_circuit.py
[2026-05-10T21:30:17.684+0000] {processor.py:914} INFO - Processing file /opt/airflow/dags/05_branching/02_short_circuit.py for tasks to queue
[2026-05-10T21:30:17.685+0000] {logging_mixin.py:190} INFO - [2026-05-10T21:30:17.685+0000] {dagbag.py:588} INFO - Filling up the DagBag from /opt/airflow/dags/05_branching/02_short_circuit.py
[2026-05-10T21:30:17.697+0000] {processor.py:925} INFO - DAG(s) 'mod_05_02_short_circuit' retrieved from /opt/airflow/dags/05_branching/02_short_circuit.py
[2026-05-10T21:30:17.712+0000] {logging_mixin.py:190} INFO - [2026-05-10T21:30:17.712+0000] {dag.py:3239} INFO - Sync 1 DAGs
[2026-05-10T21:30:17.719+0000] {logging_mixin.py:190} INFO - [2026-05-10T21:30:17.719+0000] {dag.py:4180} INFO - Setting next_dagrun for mod_05_02_short_circuit to None, run_after=None
[2026-05-10T21:30:17.729+0000] {processor.py:208} INFO - Processing /opt/airflow/dags/05_branching/02_short_circuit.py took 0.050 seconds
[2026-05-10T21:30:48.233+0000] {processor.py:186} INFO - Started process (PID=4998) to work on /opt/airflow/dags/05_branching/02_short_circuit.py
[2026-05-10T21:30:48.234+0000] {processor.py:914} INFO - Processing file /opt/airflow/dags/05_branching/02_short_circuit.py for tasks to queue
[2026-05-10T21:30:48.235+0000] {logging_mixin.py:190} INFO - [2026-05-10T21:30:48.235+0000] {dagbag.py:588} INFO - Filling up the DagBag from /opt/airflow/dags/05_branching/02_short_circuit.py
[2026-05-10T21:30:48.242+0000] {processor.py:925} INFO - DAG(s) 'mod_05_02_short_circuit' retrieved from /opt/airflow/dags/05_branching/02_short_circuit.py
[2026-05-10T21:30:48.258+0000] {logging_mixin.py:190} INFO - [2026-05-10T21:30:48.258+0000] {dag.py:3239} INFO - Sync 1 DAGs
[2026-05-10T21:30:48.268+0000] {logging_mixin.py:190} INFO - [2026-05-10T21:30:48.268+0000] {dag.py:4180} INFO - Setting next_dagrun for mod_05_02_short_circuit to None, run_after=None
[2026-05-10T21:30:48.280+0000] {processor.py:208} INFO - Processing /opt/airflow/dags/05_branching/02_short_circuit.py took 0.052 seconds
[2026-05-10T21:31:18.842+0000] {processor.py:186} INFO - Started process (PID=5201) to work on /opt/airflow/dags/05_branching/02_short_circuit.py
[2026-05-10T21:31:18.843+0000] {processor.py:914} INFO - Processing file /opt/airflow/dags/05_branching/02_short_circuit.py for tasks to queue
[2026-05-10T21:31:18.845+0000] {logging_mixin.py:190} INFO - [2026-05-10T21:31:18.844+0000] {dagbag.py:588} INFO - Filling up the DagBag from /opt/airflow/dags/05_branching/02_short_circuit.py
[2026-05-10T21:31:18.852+0000] {processor.py:925} INFO - DAG(s) 'mod_05_02_short_circuit' retrieved from /opt/airflow/dags/05_branching/02_short_circuit.py
[2026-05-10T21:31:18.871+0000] {logging_mixin.py:190} INFO - [2026-05-10T21:31:18.871+0000] {dag.py:3239} INFO - Sync 1 DAGs
[2026-05-10T21:31:18.880+0000] {logging_mixin.py:190} INFO - [2026-05-10T21:31:18.880+0000] {dag.py:4180} INFO - Setting next_dagrun for mod_05_02_short_circuit to None, run_after=None
[2026-05-10T21:31:18.891+0000] {processor.py:208} INFO - Processing /opt/airflow/dags/05_branching/02_short_circuit.py took 0.053 seconds
[2026-05-10T21:31:49.312+0000] {processor.py:186} INFO - Started process (PID=5404) to work on /opt/airflow/dags/05_branching/02_short_circuit.py
[2026-05-10T21:31:49.313+0000] {processor.py:914} INFO - Processing file /opt/airflow/dags/05_branching/02_short_circuit.py for tasks to queue
[2026-05-10T21:31:49.314+0000] {logging_mixin.py:190} INFO - [2026-05-10T21:31:49.314+0000] {dagbag.py:588} INFO - Filling up the DagBag from /opt/airflow/dags/05_branching/02_short_circuit.py
[2026-05-10T21:31:49.323+0000] {processor.py:925} INFO - DAG(s) 'mod_05_02_short_circuit' retrieved from /opt/airflow/dags/05_branching/02_short_circuit.py
[2026-05-10T21:31:49.340+0000] {logging_mixin.py:190} INFO - [2026-05-10T21:31:49.340+0000] {dag.py:3239} INFO - Sync 1 DAGs
[2026-05-10T21:31:49.347+0000] {logging_mixin.py:190} INFO - [2026-05-10T21:31:49.347+0000] {dag.py:4180} INFO - Setting next_dagrun for mod_05_02_short_circuit to None, run_after=None
[2026-05-10T21:31:49.357+0000] {processor.py:208} INFO - Processing /opt/airflow/dags/05_branching/02_short_circuit.py took 0.051 seconds
