[2026-05-10T21:19:05.631+0000] {processor.py:186} INFO - Started process (PID=308) to work on /opt/airflow/dags/05_branching/03_trigger_rules.py
[2026-05-10T21:19:05.631+0000] {processor.py:914} INFO - Processing file /opt/airflow/dags/05_branching/03_trigger_rules.py for tasks to queue
[2026-05-10T21:19:05.635+0000] {logging_mixin.py:190} INFO - [2026-05-10T21:19:05.634+0000] {dagbag.py:588} INFO - Filling up the DagBag from /opt/airflow/dags/05_branching/03_trigger_rules.py
[2026-05-10T21:19:05.645+0000] {processor.py:925} INFO - DAG(s) 'mod_05_03_trigger_rules' retrieved from /opt/airflow/dags/05_branching/03_trigger_rules.py
[2026-05-10T21:19:05.723+0000] {logging_mixin.py:190} INFO - [2026-05-10T21:19:05.722+0000] {override.py:1912} INFO - Created Permission View: can delete on DAG:mod_05_03_trigger_rules
[2026-05-10T21:19:05.729+0000] {logging_mixin.py:190} INFO - [2026-05-10T21:19:05.729+0000] {override.py:1912} INFO - Created Permission View: can edit on DAG:mod_05_03_trigger_rules
[2026-05-10T21:19:05.734+0000] {logging_mixin.py:190} INFO - [2026-05-10T21:19:05.733+0000] {override.py:1912} INFO - Created Permission View: can read on DAG:mod_05_03_trigger_rules
[2026-05-10T21:19:05.736+0000] {logging_mixin.py:190} INFO - [2026-05-10T21:19:05.736+0000] {override.py:1912} INFO - Created Permission View: can delete on DAG Run:mod_05_03_trigger_rules
[2026-05-10T21:19:05.741+0000] {logging_mixin.py:190} INFO - [2026-05-10T21:19:05.740+0000] {override.py:1912} INFO - Created Permission View: menu access on DAG Run:mod_05_03_trigger_rules
[2026-05-10T21:19:05.745+0000] {logging_mixin.py:190} INFO - [2026-05-10T21:19:05.744+0000] {override.py:1912} INFO - Created Permission View: can create on DAG Run:mod_05_03_trigger_rules
[2026-05-10T21:19:05.751+0000] {logging_mixin.py:190} INFO - [2026-05-10T21:19:05.750+0000] {override.py:1912} INFO - Created Permission View: can read on DAG Run:mod_05_03_trigger_rules
[2026-05-10T21:19:05.751+0000] {logging_mixin.py:190} INFO - [2026-05-10T21:19:05.751+0000] {dag.py:3239} INFO - Sync 1 DAGs
[2026-05-10T21:19:05.757+0000] {logging_mixin.py:190} INFO - [2026-05-10T21:19:05.757+0000] {dag.py:3262} INFO - Creating ORM DAG for mod_05_03_trigger_rules
[2026-05-10T21:19:05.758+0000] {logging_mixin.py:190} INFO - [2026-05-10T21:19:05.757+0000] {dag.py:4180} INFO - Setting next_dagrun for mod_05_03_trigger_rules to None, run_after=None
[2026-05-10T21:19:05.771+0000] {processor.py:208} INFO - Processing /opt/airflow/dags/05_branching/03_trigger_rules.py took 0.143 seconds
[2026-05-10T21:19:35.788+0000] {processor.py:186} INFO - Started process (PID=511) to work on /opt/airflow/dags/05_branching/03_trigger_rules.py
[2026-05-10T21:19:35.790+0000] {processor.py:914} INFO - Processing file /opt/airflow/dags/05_branching/03_trigger_rules.py for tasks to queue
[2026-05-10T21:19:35.791+0000] {logging_mixin.py:190} INFO - [2026-05-10T21:19:35.790+0000] {dagbag.py:588} INFO - Filling up the DagBag from /opt/airflow/dags/05_branching/03_trigger_rules.py
[2026-05-10T21:19:35.795+0000] {processor.py:925} INFO - DAG(s) 'mod_05_03_trigger_rules' retrieved from /opt/airflow/dags/05_branching/03_trigger_rules.py
[2026-05-10T21:19:35.809+0000] {logging_mixin.py:190} INFO - [2026-05-10T21:19:35.808+0000] {dag.py:3239} INFO - Sync 1 DAGs
[2026-05-10T21:19:35.814+0000] {logging_mixin.py:190} INFO - [2026-05-10T21:19:35.814+0000] {dag.py:4180} INFO - Setting next_dagrun for mod_05_03_trigger_rules to None, run_after=None
[2026-05-10T21:19:35.820+0000] {processor.py:208} INFO - Processing /opt/airflow/dags/05_branching/03_trigger_rules.py took 0.034 seconds
[2026-05-10T21:20:06.256+0000] {processor.py:186} INFO - Started process (PID=714) to work on /opt/airflow/dags/05_branching/03_trigger_rules.py
[2026-05-10T21:20:06.257+0000] {processor.py:914} INFO - Processing file /opt/airflow/dags/05_branching/03_trigger_rules.py for tasks to queue
[2026-05-10T21:20:06.258+0000] {logging_mixin.py:190} INFO - [2026-05-10T21:20:06.258+0000] {dagbag.py:588} INFO - Filling up the DagBag from /opt/airflow/dags/05_branching/03_trigger_rules.py
[2026-05-10T21:20:06.264+0000] {processor.py:925} INFO - DAG(s) 'mod_05_03_trigger_rules' retrieved from /opt/airflow/dags/05_branching/03_trigger_rules.py
[2026-05-10T21:20:06.272+0000] {logging_mixin.py:190} INFO - [2026-05-10T21:20:06.271+0000] {dag.py:3239} INFO - Sync 1 DAGs
[2026-05-10T21:20:06.276+0000] {logging_mixin.py:190} INFO - [2026-05-10T21:20:06.276+0000] {dag.py:4180} INFO - Setting next_dagrun for mod_05_03_trigger_rules to None, run_after=None
[2026-05-10T21:20:06.281+0000] {processor.py:208} INFO - Processing /opt/airflow/dags/05_branching/03_trigger_rules.py took 0.028 seconds
[2026-05-10T21:20:36.864+0000] {processor.py:186} INFO - Started process (PID=917) to work on /opt/airflow/dags/05_branching/03_trigger_rules.py
[2026-05-10T21:20:36.865+0000] {processor.py:914} INFO - Processing file /opt/airflow/dags/05_branching/03_trigger_rules.py for tasks to queue
[2026-05-10T21:20:36.866+0000] {logging_mixin.py:190} INFO - [2026-05-10T21:20:36.865+0000] {dagbag.py:588} INFO - Filling up the DagBag from /opt/airflow/dags/05_branching/03_trigger_rules.py
[2026-05-10T21:20:36.871+0000] {processor.py:925} INFO - DAG(s) 'mod_05_03_trigger_rules' retrieved from /opt/airflow/dags/05_branching/03_trigger_rules.py
[2026-05-10T21:20:36.884+0000] {logging_mixin.py:190} INFO - [2026-05-10T21:20:36.884+0000] {dag.py:3239} INFO - Sync 1 DAGs
[2026-05-10T21:20:36.890+0000] {logging_mixin.py:190} INFO - [2026-05-10T21:20:36.890+0000] {dag.py:4180} INFO - Setting next_dagrun for mod_05_03_trigger_rules to None, run_after=None
[2026-05-10T21:20:36.898+0000] {processor.py:208} INFO - Processing /opt/airflow/dags/05_branching/03_trigger_rules.py took 0.036 seconds
[2026-05-10T21:21:07.387+0000] {processor.py:186} INFO - Started process (PID=1120) to work on /opt/airflow/dags/05_branching/03_trigger_rules.py
[2026-05-10T21:21:07.387+0000] {processor.py:914} INFO - Processing file /opt/airflow/dags/05_branching/03_trigger_rules.py for tasks to queue
[2026-05-10T21:21:07.389+0000] {logging_mixin.py:190} INFO - [2026-05-10T21:21:07.389+0000] {dagbag.py:588} INFO - Filling up the DagBag from /opt/airflow/dags/05_branching/03_trigger_rules.py
[2026-05-10T21:21:07.399+0000] {processor.py:925} INFO - DAG(s) 'mod_05_03_trigger_rules' retrieved from /opt/airflow/dags/05_branching/03_trigger_rules.py
[2026-05-10T21:21:07.412+0000] {logging_mixin.py:190} INFO - [2026-05-10T21:21:07.412+0000] {dag.py:3239} INFO - Sync 1 DAGs
[2026-05-10T21:21:07.417+0000] {logging_mixin.py:190} INFO - [2026-05-10T21:21:07.417+0000] {dag.py:4180} INFO - Setting next_dagrun for mod_05_03_trigger_rules to None, run_after=None
[2026-05-10T21:21:07.427+0000] {processor.py:208} INFO - Processing /opt/airflow/dags/05_branching/03_trigger_rules.py took 0.043 seconds
[2026-05-10T21:21:37.934+0000] {processor.py:186} INFO - Started process (PID=1325) to work on /opt/airflow/dags/05_branching/03_trigger_rules.py
[2026-05-10T21:21:37.935+0000] {processor.py:914} INFO - Processing file /opt/airflow/dags/05_branching/03_trigger_rules.py for tasks to queue
[2026-05-10T21:21:37.935+0000] {logging_mixin.py:190} INFO - [2026-05-10T21:21:37.935+0000] {dagbag.py:588} INFO - Filling up the DagBag from /opt/airflow/dags/05_branching/03_trigger_rules.py
[2026-05-10T21:21:37.940+0000] {processor.py:925} INFO - DAG(s) 'mod_05_03_trigger_rules' retrieved from /opt/airflow/dags/05_branching/03_trigger_rules.py
[2026-05-10T21:21:37.949+0000] {logging_mixin.py:190} INFO - [2026-05-10T21:21:37.949+0000] {dag.py:3239} INFO - Sync 1 DAGs
[2026-05-10T21:21:37.954+0000] {logging_mixin.py:190} INFO - [2026-05-10T21:21:37.954+0000] {dag.py:4180} INFO - Setting next_dagrun for mod_05_03_trigger_rules to None, run_after=None
[2026-05-10T21:21:37.960+0000] {processor.py:208} INFO - Processing /opt/airflow/dags/05_branching/03_trigger_rules.py took 0.029 seconds
[2026-05-10T21:22:08.398+0000] {processor.py:186} INFO - Started process (PID=1526) to work on /opt/airflow/dags/05_branching/03_trigger_rules.py
[2026-05-10T21:22:08.399+0000] {processor.py:914} INFO - Processing file /opt/airflow/dags/05_branching/03_trigger_rules.py for tasks to queue
[2026-05-10T21:22:08.400+0000] {logging_mixin.py:190} INFO - [2026-05-10T21:22:08.400+0000] {dagbag.py:588} INFO - Filling up the DagBag from /opt/airflow/dags/05_branching/03_trigger_rules.py
[2026-05-10T21:22:08.404+0000] {processor.py:925} INFO - DAG(s) 'mod_05_03_trigger_rules' retrieved from /opt/airflow/dags/05_branching/03_trigger_rules.py
[2026-05-10T21:22:08.412+0000] {logging_mixin.py:190} INFO - [2026-05-10T21:22:08.412+0000] {dag.py:3239} INFO - Sync 1 DAGs
[2026-05-10T21:22:08.417+0000] {logging_mixin.py:190} INFO - [2026-05-10T21:22:08.417+0000] {dag.py:4180} INFO - Setting next_dagrun for mod_05_03_trigger_rules to None, run_after=None
[2026-05-10T21:22:08.422+0000] {processor.py:208} INFO - Processing /opt/airflow/dags/05_branching/03_trigger_rules.py took 0.027 seconds
[2026-05-10T21:22:38.866+0000] {processor.py:186} INFO - Started process (PID=1731) to work on /opt/airflow/dags/05_branching/03_trigger_rules.py
[2026-05-10T21:22:38.867+0000] {processor.py:914} INFO - Processing file /opt/airflow/dags/05_branching/03_trigger_rules.py for tasks to queue
[2026-05-10T21:22:38.868+0000] {logging_mixin.py:190} INFO - [2026-05-10T21:22:38.867+0000] {dagbag.py:588} INFO - Filling up the DagBag from /opt/airflow/dags/05_branching/03_trigger_rules.py
[2026-05-10T21:22:38.872+0000] {processor.py:925} INFO - DAG(s) 'mod_05_03_trigger_rules' retrieved from /opt/airflow/dags/05_branching/03_trigger_rules.py
[2026-05-10T21:22:38.880+0000] {logging_mixin.py:190} INFO - [2026-05-10T21:22:38.880+0000] {dag.py:3239} INFO - Sync 1 DAGs
[2026-05-10T21:22:38.884+0000] {logging_mixin.py:190} INFO - [2026-05-10T21:22:38.884+0000] {dag.py:4180} INFO - Setting next_dagrun for mod_05_03_trigger_rules to None, run_after=None
[2026-05-10T21:22:38.889+0000] {processor.py:208} INFO - Processing /opt/airflow/dags/05_branching/03_trigger_rules.py took 0.025 seconds
[2026-05-10T21:23:09.300+0000] {processor.py:186} INFO - Started process (PID=1934) to work on /opt/airflow/dags/05_branching/03_trigger_rules.py
[2026-05-10T21:23:09.300+0000] {processor.py:914} INFO - Processing file /opt/airflow/dags/05_branching/03_trigger_rules.py for tasks to queue
[2026-05-10T21:23:09.301+0000] {logging_mixin.py:190} INFO - [2026-05-10T21:23:09.301+0000] {dagbag.py:588} INFO - Filling up the DagBag from /opt/airflow/dags/05_branching/03_trigger_rules.py
[2026-05-10T21:23:09.305+0000] {processor.py:925} INFO - DAG(s) 'mod_05_03_trigger_rules' retrieved from /opt/airflow/dags/05_branching/03_trigger_rules.py
[2026-05-10T21:23:09.313+0000] {logging_mixin.py:190} INFO - [2026-05-10T21:23:09.313+0000] {dag.py:3239} INFO - Sync 1 DAGs
[2026-05-10T21:23:09.317+0000] {logging_mixin.py:190} INFO - [2026-05-10T21:23:09.317+0000] {dag.py:4180} INFO - Setting next_dagrun for mod_05_03_trigger_rules to None, run_after=None
[2026-05-10T21:23:09.323+0000] {processor.py:208} INFO - Processing /opt/airflow/dags/05_branching/03_trigger_rules.py took 0.025 seconds
[2026-05-10T21:23:39.775+0000] {processor.py:186} INFO - Started process (PID=2137) to work on /opt/airflow/dags/05_branching/03_trigger_rules.py
[2026-05-10T21:23:39.776+0000] {processor.py:914} INFO - Processing file /opt/airflow/dags/05_branching/03_trigger_rules.py for tasks to queue
[2026-05-10T21:23:39.776+0000] {logging_mixin.py:190} INFO - [2026-05-10T21:23:39.776+0000] {dagbag.py:588} INFO - Filling up the DagBag from /opt/airflow/dags/05_branching/03_trigger_rules.py
[2026-05-10T21:23:39.781+0000] {processor.py:925} INFO - DAG(s) 'mod_05_03_trigger_rules' retrieved from /opt/airflow/dags/05_branching/03_trigger_rules.py
[2026-05-10T21:23:39.789+0000] {logging_mixin.py:190} INFO - [2026-05-10T21:23:39.789+0000] {dag.py:3239} INFO - Sync 1 DAGs
[2026-05-10T21:23:39.793+0000] {logging_mixin.py:190} INFO - [2026-05-10T21:23:39.793+0000] {dag.py:4180} INFO - Setting next_dagrun for mod_05_03_trigger_rules to None, run_after=None
[2026-05-10T21:23:39.798+0000] {processor.py:208} INFO - Processing /opt/airflow/dags/05_branching/03_trigger_rules.py took 0.025 seconds
[2026-05-10T21:24:10.328+0000] {processor.py:186} INFO - Started process (PID=2354) to work on /opt/airflow/dags/05_branching/03_trigger_rules.py
[2026-05-10T21:24:10.329+0000] {processor.py:914} INFO - Processing file /opt/airflow/dags/05_branching/03_trigger_rules.py for tasks to queue
[2026-05-10T21:24:10.329+0000] {logging_mixin.py:190} INFO - [2026-05-10T21:24:10.329+0000] {dagbag.py:588} INFO - Filling up the DagBag from /opt/airflow/dags/05_branching/03_trigger_rules.py
[2026-05-10T21:24:10.334+0000] {processor.py:925} INFO - DAG(s) 'mod_05_03_trigger_rules' retrieved from /opt/airflow/dags/05_branching/03_trigger_rules.py
[2026-05-10T21:24:10.342+0000] {logging_mixin.py:190} INFO - [2026-05-10T21:24:10.342+0000] {dag.py:3239} INFO - Sync 1 DAGs
[2026-05-10T21:24:10.346+0000] {logging_mixin.py:190} INFO - [2026-05-10T21:24:10.346+0000] {dag.py:4180} INFO - Setting next_dagrun for mod_05_03_trigger_rules to None, run_after=None
[2026-05-10T21:24:10.352+0000] {processor.py:208} INFO - Processing /opt/airflow/dags/05_branching/03_trigger_rules.py took 0.026 seconds
[2026-05-10T21:24:40.810+0000] {processor.py:186} INFO - Started process (PID=2557) to work on /opt/airflow/dags/05_branching/03_trigger_rules.py
[2026-05-10T21:24:40.810+0000] {processor.py:914} INFO - Processing file /opt/airflow/dags/05_branching/03_trigger_rules.py for tasks to queue
[2026-05-10T21:24:40.811+0000] {logging_mixin.py:190} INFO - [2026-05-10T21:24:40.811+0000] {dagbag.py:588} INFO - Filling up the DagBag from /opt/airflow/dags/05_branching/03_trigger_rules.py
[2026-05-10T21:24:40.815+0000] {processor.py:925} INFO - DAG(s) 'mod_05_03_trigger_rules' retrieved from /opt/airflow/dags/05_branching/03_trigger_rules.py
[2026-05-10T21:24:40.823+0000] {logging_mixin.py:190} INFO - [2026-05-10T21:24:40.823+0000] {dag.py:3239} INFO - Sync 1 DAGs
[2026-05-10T21:24:40.828+0000] {logging_mixin.py:190} INFO - [2026-05-10T21:24:40.828+0000] {dag.py:4180} INFO - Setting next_dagrun for mod_05_03_trigger_rules to None, run_after=None
[2026-05-10T21:24:40.833+0000] {processor.py:208} INFO - Processing /opt/airflow/dags/05_branching/03_trigger_rules.py took 0.026 seconds
[2026-05-10T21:25:11.267+0000] {processor.py:186} INFO - Started process (PID=2758) to work on /opt/airflow/dags/05_branching/03_trigger_rules.py
[2026-05-10T21:25:11.267+0000] {processor.py:914} INFO - Processing file /opt/airflow/dags/05_branching/03_trigger_rules.py for tasks to queue
[2026-05-10T21:25:11.269+0000] {logging_mixin.py:190} INFO - [2026-05-10T21:25:11.268+0000] {dagbag.py:588} INFO - Filling up the DagBag from /opt/airflow/dags/05_branching/03_trigger_rules.py
[2026-05-10T21:25:11.272+0000] {processor.py:925} INFO - DAG(s) 'mod_05_03_trigger_rules' retrieved from /opt/airflow/dags/05_branching/03_trigger_rules.py
[2026-05-10T21:25:11.288+0000] {logging_mixin.py:190} INFO - [2026-05-10T21:25:11.288+0000] {dag.py:3239} INFO - Sync 1 DAGs
[2026-05-10T21:25:11.294+0000] {logging_mixin.py:190} INFO - [2026-05-10T21:25:11.294+0000] {dag.py:4180} INFO - Setting next_dagrun for mod_05_03_trigger_rules to None, run_after=None
[2026-05-10T21:25:11.299+0000] {processor.py:208} INFO - Processing /opt/airflow/dags/05_branching/03_trigger_rules.py took 0.034 seconds
[2026-05-10T21:25:41.840+0000] {processor.py:186} INFO - Started process (PID=2961) to work on /opt/airflow/dags/05_branching/03_trigger_rules.py
[2026-05-10T21:25:41.841+0000] {processor.py:914} INFO - Processing file /opt/airflow/dags/05_branching/03_trigger_rules.py for tasks to queue
[2026-05-10T21:25:41.842+0000] {logging_mixin.py:190} INFO - [2026-05-10T21:25:41.842+0000] {dagbag.py:588} INFO - Filling up the DagBag from /opt/airflow/dags/05_branching/03_trigger_rules.py
[2026-05-10T21:25:41.850+0000] {processor.py:925} INFO - DAG(s) 'mod_05_03_trigger_rules' retrieved from /opt/airflow/dags/05_branching/03_trigger_rules.py
[2026-05-10T21:25:41.866+0000] {logging_mixin.py:190} INFO - [2026-05-10T21:25:41.866+0000] {dag.py:3239} INFO - Sync 1 DAGs
[2026-05-10T21:25:41.871+0000] {logging_mixin.py:190} INFO - [2026-05-10T21:25:41.871+0000] {dag.py:4180} INFO - Setting next_dagrun for mod_05_03_trigger_rules to None, run_after=None
[2026-05-10T21:25:41.881+0000] {processor.py:208} INFO - Processing /opt/airflow/dags/05_branching/03_trigger_rules.py took 0.044 seconds
[2026-05-10T21:26:12.427+0000] {processor.py:186} INFO - Started process (PID=3164) to work on /opt/airflow/dags/05_branching/03_trigger_rules.py
[2026-05-10T21:26:12.428+0000] {processor.py:914} INFO - Processing file /opt/airflow/dags/05_branching/03_trigger_rules.py for tasks to queue
[2026-05-10T21:26:12.430+0000] {logging_mixin.py:190} INFO - [2026-05-10T21:26:12.430+0000] {dagbag.py:588} INFO - Filling up the DagBag from /opt/airflow/dags/05_branching/03_trigger_rules.py
[2026-05-10T21:26:12.436+0000] {processor.py:925} INFO - DAG(s) 'mod_05_03_trigger_rules' retrieved from /opt/airflow/dags/05_branching/03_trigger_rules.py
[2026-05-10T21:26:12.445+0000] {logging_mixin.py:190} INFO - [2026-05-10T21:26:12.445+0000] {dag.py:3239} INFO - Sync 1 DAGs
[2026-05-10T21:26:12.450+0000] {logging_mixin.py:190} INFO - [2026-05-10T21:26:12.450+0000] {dag.py:4180} INFO - Setting next_dagrun for mod_05_03_trigger_rules to None, run_after=None
[2026-05-10T21:26:12.458+0000] {processor.py:208} INFO - Processing /opt/airflow/dags/05_branching/03_trigger_rules.py took 0.033 seconds
[2026-05-10T21:26:42.929+0000] {processor.py:186} INFO - Started process (PID=3367) to work on /opt/airflow/dags/05_branching/03_trigger_rules.py
[2026-05-10T21:26:42.930+0000] {processor.py:914} INFO - Processing file /opt/airflow/dags/05_branching/03_trigger_rules.py for tasks to queue
[2026-05-10T21:26:42.931+0000] {logging_mixin.py:190} INFO - [2026-05-10T21:26:42.931+0000] {dagbag.py:588} INFO - Filling up the DagBag from /opt/airflow/dags/05_branching/03_trigger_rules.py
[2026-05-10T21:26:42.938+0000] {processor.py:925} INFO - DAG(s) 'mod_05_03_trigger_rules' retrieved from /opt/airflow/dags/05_branching/03_trigger_rules.py
[2026-05-10T21:26:42.956+0000] {logging_mixin.py:190} INFO - [2026-05-10T21:26:42.956+0000] {dag.py:3239} INFO - Sync 1 DAGs
[2026-05-10T21:26:42.965+0000] {logging_mixin.py:190} INFO - [2026-05-10T21:26:42.965+0000] {dag.py:4180} INFO - Setting next_dagrun for mod_05_03_trigger_rules to None, run_after=None
[2026-05-10T21:26:42.975+0000] {processor.py:208} INFO - Processing /opt/airflow/dags/05_branching/03_trigger_rules.py took 0.049 seconds
[2026-05-10T21:27:13.564+0000] {processor.py:186} INFO - Started process (PID=3572) to work on /opt/airflow/dags/05_branching/03_trigger_rules.py
[2026-05-10T21:27:13.564+0000] {processor.py:914} INFO - Processing file /opt/airflow/dags/05_branching/03_trigger_rules.py for tasks to queue
[2026-05-10T21:27:13.565+0000] {logging_mixin.py:190} INFO - [2026-05-10T21:27:13.565+0000] {dagbag.py:588} INFO - Filling up the DagBag from /opt/airflow/dags/05_branching/03_trigger_rules.py
[2026-05-10T21:27:13.570+0000] {processor.py:925} INFO - DAG(s) 'mod_05_03_trigger_rules' retrieved from /opt/airflow/dags/05_branching/03_trigger_rules.py
[2026-05-10T21:27:13.579+0000] {logging_mixin.py:190} INFO - [2026-05-10T21:27:13.579+0000] {dag.py:3239} INFO - Sync 1 DAGs
[2026-05-10T21:27:13.584+0000] {logging_mixin.py:190} INFO - [2026-05-10T21:27:13.584+0000] {dag.py:4180} INFO - Setting next_dagrun for mod_05_03_trigger_rules to None, run_after=None
[2026-05-10T21:27:13.590+0000] {processor.py:208} INFO - Processing /opt/airflow/dags/05_branching/03_trigger_rules.py took 0.029 seconds
[2026-05-10T21:27:44.064+0000] {processor.py:186} INFO - Started process (PID=3775) to work on /opt/airflow/dags/05_branching/03_trigger_rules.py
[2026-05-10T21:27:44.064+0000] {processor.py:914} INFO - Processing file /opt/airflow/dags/05_branching/03_trigger_rules.py for tasks to queue
[2026-05-10T21:27:44.065+0000] {logging_mixin.py:190} INFO - [2026-05-10T21:27:44.065+0000] {dagbag.py:588} INFO - Filling up the DagBag from /opt/airflow/dags/05_branching/03_trigger_rules.py
[2026-05-10T21:27:44.069+0000] {processor.py:925} INFO - DAG(s) 'mod_05_03_trigger_rules' retrieved from /opt/airflow/dags/05_branching/03_trigger_rules.py
[2026-05-10T21:27:44.078+0000] {logging_mixin.py:190} INFO - [2026-05-10T21:27:44.078+0000] {dag.py:3239} INFO - Sync 1 DAGs
[2026-05-10T21:27:44.082+0000] {logging_mixin.py:190} INFO - [2026-05-10T21:27:44.082+0000] {dag.py:4180} INFO - Setting next_dagrun for mod_05_03_trigger_rules to None, run_after=None
[2026-05-10T21:27:44.088+0000] {processor.py:208} INFO - Processing /opt/airflow/dags/05_branching/03_trigger_rules.py took 0.027 seconds
[2026-05-10T21:28:14.511+0000] {processor.py:186} INFO - Started process (PID=3976) to work on /opt/airflow/dags/05_branching/03_trigger_rules.py
[2026-05-10T21:28:14.512+0000] {processor.py:914} INFO - Processing file /opt/airflow/dags/05_branching/03_trigger_rules.py for tasks to queue
[2026-05-10T21:28:14.514+0000] {logging_mixin.py:190} INFO - [2026-05-10T21:28:14.514+0000] {dagbag.py:588} INFO - Filling up the DagBag from /opt/airflow/dags/05_branching/03_trigger_rules.py
[2026-05-10T21:28:14.518+0000] {processor.py:925} INFO - DAG(s) 'mod_05_03_trigger_rules' retrieved from /opt/airflow/dags/05_branching/03_trigger_rules.py
[2026-05-10T21:28:14.534+0000] {logging_mixin.py:190} INFO - [2026-05-10T21:28:14.534+0000] {dag.py:3239} INFO - Sync 1 DAGs
[2026-05-10T21:28:14.539+0000] {logging_mixin.py:190} INFO - [2026-05-10T21:28:14.539+0000] {dag.py:4180} INFO - Setting next_dagrun for mod_05_03_trigger_rules to None, run_after=None
[2026-05-10T21:28:14.547+0000] {processor.py:208} INFO - Processing /opt/airflow/dags/05_branching/03_trigger_rules.py took 0.039 seconds
[2026-05-10T21:28:45.083+0000] {processor.py:186} INFO - Started process (PID=4179) to work on /opt/airflow/dags/05_branching/03_trigger_rules.py
[2026-05-10T21:28:45.083+0000] {processor.py:914} INFO - Processing file /opt/airflow/dags/05_branching/03_trigger_rules.py for tasks to queue
[2026-05-10T21:28:45.086+0000] {logging_mixin.py:190} INFO - [2026-05-10T21:28:45.086+0000] {dagbag.py:588} INFO - Filling up the DagBag from /opt/airflow/dags/05_branching/03_trigger_rules.py
[2026-05-10T21:28:45.091+0000] {processor.py:925} INFO - DAG(s) 'mod_05_03_trigger_rules' retrieved from /opt/airflow/dags/05_branching/03_trigger_rules.py
[2026-05-10T21:28:45.103+0000] {logging_mixin.py:190} INFO - [2026-05-10T21:28:45.103+0000] {dag.py:3239} INFO - Sync 1 DAGs
[2026-05-10T21:28:45.108+0000] {logging_mixin.py:190} INFO - [2026-05-10T21:28:45.108+0000] {dag.py:4180} INFO - Setting next_dagrun for mod_05_03_trigger_rules to None, run_after=None
[2026-05-10T21:28:45.117+0000] {processor.py:208} INFO - Processing /opt/airflow/dags/05_branching/03_trigger_rules.py took 0.037 seconds
[2026-05-10T21:29:15.599+0000] {processor.py:186} INFO - Started process (PID=4382) to work on /opt/airflow/dags/05_branching/03_trigger_rules.py
[2026-05-10T21:29:15.600+0000] {processor.py:914} INFO - Processing file /opt/airflow/dags/05_branching/03_trigger_rules.py for tasks to queue
[2026-05-10T21:29:15.601+0000] {logging_mixin.py:190} INFO - [2026-05-10T21:29:15.601+0000] {dagbag.py:588} INFO - Filling up the DagBag from /opt/airflow/dags/05_branching/03_trigger_rules.py
[2026-05-10T21:29:15.609+0000] {processor.py:925} INFO - DAG(s) 'mod_05_03_trigger_rules' retrieved from /opt/airflow/dags/05_branching/03_trigger_rules.py
[2026-05-10T21:29:15.623+0000] {logging_mixin.py:190} INFO - [2026-05-10T21:29:15.623+0000] {dag.py:3239} INFO - Sync 1 DAGs
[2026-05-10T21:29:15.627+0000] {logging_mixin.py:190} INFO - [2026-05-10T21:29:15.627+0000] {dag.py:4180} INFO - Setting next_dagrun for mod_05_03_trigger_rules to None, run_after=None
[2026-05-10T21:29:15.632+0000] {processor.py:208} INFO - Processing /opt/airflow/dags/05_branching/03_trigger_rules.py took 0.037 seconds
[2026-05-10T21:29:46.195+0000] {processor.py:186} INFO - Started process (PID=4585) to work on /opt/airflow/dags/05_branching/03_trigger_rules.py
[2026-05-10T21:29:46.196+0000] {processor.py:914} INFO - Processing file /opt/airflow/dags/05_branching/03_trigger_rules.py for tasks to queue
[2026-05-10T21:29:46.197+0000] {logging_mixin.py:190} INFO - [2026-05-10T21:29:46.197+0000] {dagbag.py:588} INFO - Filling up the DagBag from /opt/airflow/dags/05_branching/03_trigger_rules.py
[2026-05-10T21:29:46.203+0000] {processor.py:925} INFO - DAG(s) 'mod_05_03_trigger_rules' retrieved from /opt/airflow/dags/05_branching/03_trigger_rules.py
[2026-05-10T21:29:46.217+0000] {logging_mixin.py:190} INFO - [2026-05-10T21:29:46.217+0000] {dag.py:3239} INFO - Sync 1 DAGs
[2026-05-10T21:29:46.222+0000] {logging_mixin.py:190} INFO - [2026-05-10T21:29:46.222+0000] {dag.py:4180} INFO - Setting next_dagrun for mod_05_03_trigger_rules to None, run_after=None
[2026-05-10T21:29:46.231+0000] {processor.py:208} INFO - Processing /opt/airflow/dags/05_branching/03_trigger_rules.py took 0.038 seconds
[2026-05-10T21:30:16.641+0000] {processor.py:186} INFO - Started process (PID=4788) to work on /opt/airflow/dags/05_branching/03_trigger_rules.py
[2026-05-10T21:30:16.642+0000] {processor.py:914} INFO - Processing file /opt/airflow/dags/05_branching/03_trigger_rules.py for tasks to queue
[2026-05-10T21:30:16.643+0000] {logging_mixin.py:190} INFO - [2026-05-10T21:30:16.643+0000] {dagbag.py:588} INFO - Filling up the DagBag from /opt/airflow/dags/05_branching/03_trigger_rules.py
[2026-05-10T21:30:16.650+0000] {processor.py:925} INFO - DAG(s) 'mod_05_03_trigger_rules' retrieved from /opt/airflow/dags/05_branching/03_trigger_rules.py
[2026-05-10T21:30:16.657+0000] {logging_mixin.py:190} INFO - [2026-05-10T21:30:16.657+0000] {dag.py:3239} INFO - Sync 1 DAGs
[2026-05-10T21:30:16.662+0000] {logging_mixin.py:190} INFO - [2026-05-10T21:30:16.662+0000] {dag.py:4180} INFO - Setting next_dagrun for mod_05_03_trigger_rules to None, run_after=None
[2026-05-10T21:30:16.667+0000] {processor.py:208} INFO - Processing /opt/airflow/dags/05_branching/03_trigger_rules.py took 0.029 seconds
