[2026-05-10T21:19:04.026+0000] {processor.py:186} INFO - Started process (PID=203) to work on /opt/airflow/dags/11_external_systems/02_postgres_pipeline.py
[2026-05-10T21:19:04.027+0000] {processor.py:914} INFO - Processing file /opt/airflow/dags/11_external_systems/02_postgres_pipeline.py for tasks to queue
[2026-05-10T21:19:04.029+0000] {logging_mixin.py:190} INFO - [2026-05-10T21:19:04.029+0000] {dagbag.py:588} INFO - Filling up the DagBag from /opt/airflow/dags/11_external_systems/02_postgres_pipeline.py
[2026-05-10T21:19:04.042+0000] {processor.py:925} INFO - DAG(s) 'mod_11_02_postgres_pipeline' retrieved from /opt/airflow/dags/11_external_systems/02_postgres_pipeline.py
[2026-05-10T21:19:04.139+0000] {logging_mixin.py:190} INFO - [2026-05-10T21:19:04.139+0000] {override.py:1912} INFO - Created Permission View: can delete on DAG:mod_11_02_postgres_pipeline
[2026-05-10T21:19:04.142+0000] {logging_mixin.py:190} INFO - [2026-05-10T21:19:04.142+0000] {override.py:1912} INFO - Created Permission View: can edit on DAG:mod_11_02_postgres_pipeline
[2026-05-10T21:19:04.144+0000] {logging_mixin.py:190} INFO - [2026-05-10T21:19:04.144+0000] {override.py:1912} INFO - Created Permission View: can read on DAG:mod_11_02_postgres_pipeline
[2026-05-10T21:19:04.146+0000] {logging_mixin.py:190} INFO - [2026-05-10T21:19:04.146+0000] {override.py:1912} INFO - Created Permission View: can delete on DAG Run:mod_11_02_postgres_pipeline
[2026-05-10T21:19:04.148+0000] {logging_mixin.py:190} INFO - [2026-05-10T21:19:04.148+0000] {override.py:1912} INFO - Created Permission View: menu access on DAG Run:mod_11_02_postgres_pipeline
[2026-05-10T21:19:04.150+0000] {logging_mixin.py:190} INFO - [2026-05-10T21:19:04.150+0000] {override.py:1912} INFO - Created Permission View: can create on DAG Run:mod_11_02_postgres_pipeline
[2026-05-10T21:19:04.151+0000] {logging_mixin.py:190} INFO - [2026-05-10T21:19:04.151+0000] {override.py:1912} INFO - Created Permission View: can read on DAG Run:mod_11_02_postgres_pipeline
[2026-05-10T21:19:04.151+0000] {logging_mixin.py:190} INFO - [2026-05-10T21:19:04.151+0000] {dag.py:3239} INFO - Sync 1 DAGs
[2026-05-10T21:19:04.156+0000] {logging_mixin.py:190} INFO - [2026-05-10T21:19:04.156+0000] {dag.py:3262} INFO - Creating ORM DAG for mod_11_02_postgres_pipeline
[2026-05-10T21:19:04.156+0000] {logging_mixin.py:190} INFO - [2026-05-10T21:19:04.156+0000] {dag.py:4180} INFO - Setting next_dagrun for mod_11_02_postgres_pipeline to None, run_after=None
[2026-05-10T21:19:04.164+0000] {processor.py:208} INFO - Processing /opt/airflow/dags/11_external_systems/02_postgres_pipeline.py took 0.141 seconds
[2026-05-10T21:19:35.071+0000] {processor.py:186} INFO - Started process (PID=406) to work on /opt/airflow/dags/11_external_systems/02_postgres_pipeline.py
[2026-05-10T21:19:35.073+0000] {processor.py:914} INFO - Processing file /opt/airflow/dags/11_external_systems/02_postgres_pipeline.py for tasks to queue
[2026-05-10T21:19:35.075+0000] {logging_mixin.py:190} INFO - [2026-05-10T21:19:35.075+0000] {dagbag.py:588} INFO - Filling up the DagBag from /opt/airflow/dags/11_external_systems/02_postgres_pipeline.py
[2026-05-10T21:19:35.093+0000] {processor.py:925} INFO - DAG(s) 'mod_11_02_postgres_pipeline' retrieved from /opt/airflow/dags/11_external_systems/02_postgres_pipeline.py
[2026-05-10T21:19:35.105+0000] {logging_mixin.py:190} INFO - [2026-05-10T21:19:35.105+0000] {dag.py:3239} INFO - Sync 1 DAGs
[2026-05-10T21:19:35.115+0000] {logging_mixin.py:190} INFO - [2026-05-10T21:19:35.115+0000] {dag.py:4180} INFO - Setting next_dagrun for mod_11_02_postgres_pipeline to None, run_after=None
[2026-05-10T21:19:35.129+0000] {processor.py:208} INFO - Processing /opt/airflow/dags/11_external_systems/02_postgres_pipeline.py took 0.068 seconds
[2026-05-10T21:20:05.623+0000] {processor.py:186} INFO - Started process (PID=609) to work on /opt/airflow/dags/11_external_systems/02_postgres_pipeline.py
[2026-05-10T21:20:05.623+0000] {processor.py:914} INFO - Processing file /opt/airflow/dags/11_external_systems/02_postgres_pipeline.py for tasks to queue
[2026-05-10T21:20:05.625+0000] {logging_mixin.py:190} INFO - [2026-05-10T21:20:05.625+0000] {dagbag.py:588} INFO - Filling up the DagBag from /opt/airflow/dags/11_external_systems/02_postgres_pipeline.py
[2026-05-10T21:20:05.634+0000] {processor.py:925} INFO - DAG(s) 'mod_11_02_postgres_pipeline' retrieved from /opt/airflow/dags/11_external_systems/02_postgres_pipeline.py
[2026-05-10T21:20:05.644+0000] {logging_mixin.py:190} INFO - [2026-05-10T21:20:05.644+0000] {dag.py:3239} INFO - Sync 1 DAGs
[2026-05-10T21:20:05.650+0000] {logging_mixin.py:190} INFO - [2026-05-10T21:20:05.649+0000] {dag.py:4180} INFO - Setting next_dagrun for mod_11_02_postgres_pipeline to None, run_after=None
[2026-05-10T21:20:05.656+0000] {processor.py:208} INFO - Processing /opt/airflow/dags/11_external_systems/02_postgres_pipeline.py took 0.037 seconds
[2026-05-10T21:20:36.058+0000] {processor.py:186} INFO - Started process (PID=812) to work on /opt/airflow/dags/11_external_systems/02_postgres_pipeline.py
[2026-05-10T21:20:36.059+0000] {processor.py:914} INFO - Processing file /opt/airflow/dags/11_external_systems/02_postgres_pipeline.py for tasks to queue
[2026-05-10T21:20:36.067+0000] {logging_mixin.py:190} INFO - [2026-05-10T21:20:36.066+0000] {dagbag.py:588} INFO - Filling up the DagBag from /opt/airflow/dags/11_external_systems/02_postgres_pipeline.py
[2026-05-10T21:20:36.081+0000] {processor.py:925} INFO - DAG(s) 'mod_11_02_postgres_pipeline' retrieved from /opt/airflow/dags/11_external_systems/02_postgres_pipeline.py
[2026-05-10T21:20:36.097+0000] {logging_mixin.py:190} INFO - [2026-05-10T21:20:36.097+0000] {dag.py:3239} INFO - Sync 1 DAGs
[2026-05-10T21:20:36.107+0000] {logging_mixin.py:190} INFO - [2026-05-10T21:20:36.107+0000] {dag.py:4180} INFO - Setting next_dagrun for mod_11_02_postgres_pipeline to None, run_after=None
[2026-05-10T21:20:36.117+0000] {processor.py:208} INFO - Processing /opt/airflow/dags/11_external_systems/02_postgres_pipeline.py took 0.063 seconds
[2026-05-10T21:21:06.685+0000] {processor.py:186} INFO - Started process (PID=1015) to work on /opt/airflow/dags/11_external_systems/02_postgres_pipeline.py
[2026-05-10T21:21:06.686+0000] {processor.py:914} INFO - Processing file /opt/airflow/dags/11_external_systems/02_postgres_pipeline.py for tasks to queue
[2026-05-10T21:21:06.687+0000] {logging_mixin.py:190} INFO - [2026-05-10T21:21:06.687+0000] {dagbag.py:588} INFO - Filling up the DagBag from /opt/airflow/dags/11_external_systems/02_postgres_pipeline.py
[2026-05-10T21:21:06.695+0000] {processor.py:925} INFO - DAG(s) 'mod_11_02_postgres_pipeline' retrieved from /opt/airflow/dags/11_external_systems/02_postgres_pipeline.py
[2026-05-10T21:21:06.704+0000] {logging_mixin.py:190} INFO - [2026-05-10T21:21:06.704+0000] {dag.py:3239} INFO - Sync 1 DAGs
[2026-05-10T21:21:06.710+0000] {logging_mixin.py:190} INFO - [2026-05-10T21:21:06.710+0000] {dag.py:4180} INFO - Setting next_dagrun for mod_11_02_postgres_pipeline to None, run_after=None
[2026-05-10T21:21:06.716+0000] {processor.py:208} INFO - Processing /opt/airflow/dags/11_external_systems/02_postgres_pipeline.py took 0.034 seconds
[2026-05-10T21:21:37.187+0000] {processor.py:186} INFO - Started process (PID=1218) to work on /opt/airflow/dags/11_external_systems/02_postgres_pipeline.py
[2026-05-10T21:21:37.188+0000] {processor.py:914} INFO - Processing file /opt/airflow/dags/11_external_systems/02_postgres_pipeline.py for tasks to queue
[2026-05-10T21:21:37.191+0000] {logging_mixin.py:190} INFO - [2026-05-10T21:21:37.190+0000] {dagbag.py:588} INFO - Filling up the DagBag from /opt/airflow/dags/11_external_systems/02_postgres_pipeline.py
[2026-05-10T21:21:37.202+0000] {processor.py:925} INFO - DAG(s) 'mod_11_02_postgres_pipeline' retrieved from /opt/airflow/dags/11_external_systems/02_postgres_pipeline.py
[2026-05-10T21:21:37.219+0000] {logging_mixin.py:190} INFO - [2026-05-10T21:21:37.219+0000] {dag.py:3239} INFO - Sync 1 DAGs
[2026-05-10T21:21:37.231+0000] {logging_mixin.py:190} INFO - [2026-05-10T21:21:37.231+0000] {dag.py:4180} INFO - Setting next_dagrun for mod_11_02_postgres_pipeline to None, run_after=None
[2026-05-10T21:21:37.241+0000] {processor.py:208} INFO - Processing /opt/airflow/dags/11_external_systems/02_postgres_pipeline.py took 0.059 seconds
[2026-05-10T21:22:07.758+0000] {processor.py:186} INFO - Started process (PID=1421) to work on /opt/airflow/dags/11_external_systems/02_postgres_pipeline.py
[2026-05-10T21:22:07.758+0000] {processor.py:914} INFO - Processing file /opt/airflow/dags/11_external_systems/02_postgres_pipeline.py for tasks to queue
[2026-05-10T21:22:07.759+0000] {logging_mixin.py:190} INFO - [2026-05-10T21:22:07.759+0000] {dagbag.py:588} INFO - Filling up the DagBag from /opt/airflow/dags/11_external_systems/02_postgres_pipeline.py
[2026-05-10T21:22:07.769+0000] {processor.py:925} INFO - DAG(s) 'mod_11_02_postgres_pipeline' retrieved from /opt/airflow/dags/11_external_systems/02_postgres_pipeline.py
[2026-05-10T21:22:07.780+0000] {logging_mixin.py:190} INFO - [2026-05-10T21:22:07.780+0000] {dag.py:3239} INFO - Sync 1 DAGs
[2026-05-10T21:22:07.786+0000] {logging_mixin.py:190} INFO - [2026-05-10T21:22:07.786+0000] {dag.py:4180} INFO - Setting next_dagrun for mod_11_02_postgres_pipeline to None, run_after=None
[2026-05-10T21:22:07.794+0000] {processor.py:208} INFO - Processing /opt/airflow/dags/11_external_systems/02_postgres_pipeline.py took 0.040 seconds
[2026-05-10T21:22:38.212+0000] {processor.py:186} INFO - Started process (PID=1624) to work on /opt/airflow/dags/11_external_systems/02_postgres_pipeline.py
[2026-05-10T21:22:38.212+0000] {processor.py:914} INFO - Processing file /opt/airflow/dags/11_external_systems/02_postgres_pipeline.py for tasks to queue
[2026-05-10T21:22:38.214+0000] {logging_mixin.py:190} INFO - [2026-05-10T21:22:38.214+0000] {dagbag.py:588} INFO - Filling up the DagBag from /opt/airflow/dags/11_external_systems/02_postgres_pipeline.py
[2026-05-10T21:22:38.223+0000] {processor.py:925} INFO - DAG(s) 'mod_11_02_postgres_pipeline' retrieved from /opt/airflow/dags/11_external_systems/02_postgres_pipeline.py
[2026-05-10T21:22:38.234+0000] {logging_mixin.py:190} INFO - [2026-05-10T21:22:38.234+0000] {dag.py:3239} INFO - Sync 1 DAGs
[2026-05-10T21:22:38.240+0000] {logging_mixin.py:190} INFO - [2026-05-10T21:22:38.240+0000] {dag.py:4180} INFO - Setting next_dagrun for mod_11_02_postgres_pipeline to None, run_after=None
[2026-05-10T21:22:38.247+0000] {processor.py:208} INFO - Processing /opt/airflow/dags/11_external_systems/02_postgres_pipeline.py took 0.041 seconds
[2026-05-10T21:23:08.661+0000] {processor.py:186} INFO - Started process (PID=1827) to work on /opt/airflow/dags/11_external_systems/02_postgres_pipeline.py
[2026-05-10T21:23:08.662+0000] {processor.py:914} INFO - Processing file /opt/airflow/dags/11_external_systems/02_postgres_pipeline.py for tasks to queue
[2026-05-10T21:23:08.663+0000] {logging_mixin.py:190} INFO - [2026-05-10T21:23:08.663+0000] {dagbag.py:588} INFO - Filling up the DagBag from /opt/airflow/dags/11_external_systems/02_postgres_pipeline.py
[2026-05-10T21:23:08.673+0000] {processor.py:925} INFO - DAG(s) 'mod_11_02_postgres_pipeline' retrieved from /opt/airflow/dags/11_external_systems/02_postgres_pipeline.py
[2026-05-10T21:23:08.689+0000] {logging_mixin.py:190} INFO - [2026-05-10T21:23:08.689+0000] {dag.py:3239} INFO - Sync 1 DAGs
[2026-05-10T21:23:08.695+0000] {logging_mixin.py:190} INFO - [2026-05-10T21:23:08.695+0000] {dag.py:4180} INFO - Setting next_dagrun for mod_11_02_postgres_pipeline to None, run_after=None
[2026-05-10T21:23:08.702+0000] {processor.py:208} INFO - Processing /opt/airflow/dags/11_external_systems/02_postgres_pipeline.py took 0.046 seconds
[2026-05-10T21:23:39.081+0000] {processor.py:186} INFO - Started process (PID=2030) to work on /opt/airflow/dags/11_external_systems/02_postgres_pipeline.py
[2026-05-10T21:23:39.081+0000] {processor.py:914} INFO - Processing file /opt/airflow/dags/11_external_systems/02_postgres_pipeline.py for tasks to queue
[2026-05-10T21:23:39.084+0000] {logging_mixin.py:190} INFO - [2026-05-10T21:23:39.083+0000] {dagbag.py:588} INFO - Filling up the DagBag from /opt/airflow/dags/11_external_systems/02_postgres_pipeline.py
[2026-05-10T21:23:39.093+0000] {processor.py:925} INFO - DAG(s) 'mod_11_02_postgres_pipeline' retrieved from /opt/airflow/dags/11_external_systems/02_postgres_pipeline.py
[2026-05-10T21:23:39.108+0000] {logging_mixin.py:190} INFO - [2026-05-10T21:23:39.107+0000] {dag.py:3239} INFO - Sync 1 DAGs
[2026-05-10T21:23:39.116+0000] {logging_mixin.py:190} INFO - [2026-05-10T21:23:39.116+0000] {dag.py:4180} INFO - Setting next_dagrun for mod_11_02_postgres_pipeline to None, run_after=None
[2026-05-10T21:23:39.124+0000] {processor.py:208} INFO - Processing /opt/airflow/dags/11_external_systems/02_postgres_pipeline.py took 0.048 seconds
[2026-05-10T21:24:09.627+0000] {processor.py:186} INFO - Started process (PID=2247) to work on /opt/airflow/dags/11_external_systems/02_postgres_pipeline.py
[2026-05-10T21:24:09.628+0000] {processor.py:914} INFO - Processing file /opt/airflow/dags/11_external_systems/02_postgres_pipeline.py for tasks to queue
[2026-05-10T21:24:09.630+0000] {logging_mixin.py:190} INFO - [2026-05-10T21:24:09.629+0000] {dagbag.py:588} INFO - Filling up the DagBag from /opt/airflow/dags/11_external_systems/02_postgres_pipeline.py
[2026-05-10T21:24:09.641+0000] {processor.py:925} INFO - DAG(s) 'mod_11_02_postgres_pipeline' retrieved from /opt/airflow/dags/11_external_systems/02_postgres_pipeline.py
[2026-05-10T21:24:09.657+0000] {logging_mixin.py:190} INFO - [2026-05-10T21:24:09.657+0000] {dag.py:3239} INFO - Sync 1 DAGs
[2026-05-10T21:24:09.667+0000] {logging_mixin.py:190} INFO - [2026-05-10T21:24:09.667+0000] {dag.py:4180} INFO - Setting next_dagrun for mod_11_02_postgres_pipeline to None, run_after=None
[2026-05-10T21:24:09.683+0000] {processor.py:208} INFO - Processing /opt/airflow/dags/11_external_systems/02_postgres_pipeline.py took 0.061 seconds
[2026-05-10T21:24:40.103+0000] {processor.py:186} INFO - Started process (PID=2450) to work on /opt/airflow/dags/11_external_systems/02_postgres_pipeline.py
[2026-05-10T21:24:40.104+0000] {processor.py:914} INFO - Processing file /opt/airflow/dags/11_external_systems/02_postgres_pipeline.py for tasks to queue
[2026-05-10T21:24:40.105+0000] {logging_mixin.py:190} INFO - [2026-05-10T21:24:40.105+0000] {dagbag.py:588} INFO - Filling up the DagBag from /opt/airflow/dags/11_external_systems/02_postgres_pipeline.py
[2026-05-10T21:24:40.116+0000] {processor.py:925} INFO - DAG(s) 'mod_11_02_postgres_pipeline' retrieved from /opt/airflow/dags/11_external_systems/02_postgres_pipeline.py
[2026-05-10T21:24:40.131+0000] {logging_mixin.py:190} INFO - [2026-05-10T21:24:40.131+0000] {dag.py:3239} INFO - Sync 1 DAGs
[2026-05-10T21:24:40.138+0000] {logging_mixin.py:190} INFO - [2026-05-10T21:24:40.138+0000] {dag.py:4180} INFO - Setting next_dagrun for mod_11_02_postgres_pipeline to None, run_after=None
[2026-05-10T21:24:40.153+0000] {processor.py:208} INFO - Processing /opt/airflow/dags/11_external_systems/02_postgres_pipeline.py took 0.053 seconds
[2026-05-10T21:25:10.550+0000] {processor.py:186} INFO - Started process (PID=2653) to work on /opt/airflow/dags/11_external_systems/02_postgres_pipeline.py
[2026-05-10T21:25:10.551+0000] {processor.py:914} INFO - Processing file /opt/airflow/dags/11_external_systems/02_postgres_pipeline.py for tasks to queue
[2026-05-10T21:25:10.554+0000] {logging_mixin.py:190} INFO - [2026-05-10T21:25:10.554+0000] {dagbag.py:588} INFO - Filling up the DagBag from /opt/airflow/dags/11_external_systems/02_postgres_pipeline.py
[2026-05-10T21:25:10.567+0000] {processor.py:925} INFO - DAG(s) 'mod_11_02_postgres_pipeline' retrieved from /opt/airflow/dags/11_external_systems/02_postgres_pipeline.py
[2026-05-10T21:25:10.583+0000] {logging_mixin.py:190} INFO - [2026-05-10T21:25:10.583+0000] {dag.py:3239} INFO - Sync 1 DAGs
[2026-05-10T21:25:10.594+0000] {logging_mixin.py:190} INFO - [2026-05-10T21:25:10.594+0000] {dag.py:4180} INFO - Setting next_dagrun for mod_11_02_postgres_pipeline to None, run_after=None
[2026-05-10T21:25:10.606+0000] {processor.py:208} INFO - Processing /opt/airflow/dags/11_external_systems/02_postgres_pipeline.py took 0.061 seconds
[2026-05-10T21:25:41.130+0000] {processor.py:186} INFO - Started process (PID=2856) to work on /opt/airflow/dags/11_external_systems/02_postgres_pipeline.py
[2026-05-10T21:25:41.131+0000] {processor.py:914} INFO - Processing file /opt/airflow/dags/11_external_systems/02_postgres_pipeline.py for tasks to queue
[2026-05-10T21:25:41.133+0000] {logging_mixin.py:190} INFO - [2026-05-10T21:25:41.133+0000] {dagbag.py:588} INFO - Filling up the DagBag from /opt/airflow/dags/11_external_systems/02_postgres_pipeline.py
[2026-05-10T21:25:41.147+0000] {processor.py:925} INFO - DAG(s) 'mod_11_02_postgres_pipeline' retrieved from /opt/airflow/dags/11_external_systems/02_postgres_pipeline.py
[2026-05-10T21:25:41.163+0000] {logging_mixin.py:190} INFO - [2026-05-10T21:25:41.163+0000] {dag.py:3239} INFO - Sync 1 DAGs
[2026-05-10T21:25:41.172+0000] {logging_mixin.py:190} INFO - [2026-05-10T21:25:41.172+0000] {dag.py:4180} INFO - Setting next_dagrun for mod_11_02_postgres_pipeline to None, run_after=None
[2026-05-10T21:25:41.180+0000] {processor.py:208} INFO - Processing /opt/airflow/dags/11_external_systems/02_postgres_pipeline.py took 0.056 seconds
[2026-05-10T21:26:11.686+0000] {processor.py:186} INFO - Started process (PID=3059) to work on /opt/airflow/dags/11_external_systems/02_postgres_pipeline.py
[2026-05-10T21:26:11.688+0000] {processor.py:914} INFO - Processing file /opt/airflow/dags/11_external_systems/02_postgres_pipeline.py for tasks to queue
[2026-05-10T21:26:11.691+0000] {logging_mixin.py:190} INFO - [2026-05-10T21:26:11.691+0000] {dagbag.py:588} INFO - Filling up the DagBag from /opt/airflow/dags/11_external_systems/02_postgres_pipeline.py
[2026-05-10T21:26:11.710+0000] {processor.py:925} INFO - DAG(s) 'mod_11_02_postgres_pipeline' retrieved from /opt/airflow/dags/11_external_systems/02_postgres_pipeline.py
[2026-05-10T21:26:11.729+0000] {logging_mixin.py:190} INFO - [2026-05-10T21:26:11.729+0000] {dag.py:3239} INFO - Sync 1 DAGs
[2026-05-10T21:26:11.738+0000] {logging_mixin.py:190} INFO - [2026-05-10T21:26:11.738+0000] {dag.py:4180} INFO - Setting next_dagrun for mod_11_02_postgres_pipeline to None, run_after=None
[2026-05-10T21:26:11.747+0000] {processor.py:208} INFO - Processing /opt/airflow/dags/11_external_systems/02_postgres_pipeline.py took 0.066 seconds
[2026-05-10T21:26:42.200+0000] {processor.py:186} INFO - Started process (PID=3262) to work on /opt/airflow/dags/11_external_systems/02_postgres_pipeline.py
[2026-05-10T21:26:42.201+0000] {processor.py:914} INFO - Processing file /opt/airflow/dags/11_external_systems/02_postgres_pipeline.py for tasks to queue
[2026-05-10T21:26:42.203+0000] {logging_mixin.py:190} INFO - [2026-05-10T21:26:42.203+0000] {dagbag.py:588} INFO - Filling up the DagBag from /opt/airflow/dags/11_external_systems/02_postgres_pipeline.py
[2026-05-10T21:26:42.216+0000] {processor.py:925} INFO - DAG(s) 'mod_11_02_postgres_pipeline' retrieved from /opt/airflow/dags/11_external_systems/02_postgres_pipeline.py
[2026-05-10T21:26:42.233+0000] {logging_mixin.py:190} INFO - [2026-05-10T21:26:42.233+0000] {dag.py:3239} INFO - Sync 1 DAGs
[2026-05-10T21:26:42.243+0000] {logging_mixin.py:190} INFO - [2026-05-10T21:26:42.243+0000] {dag.py:4180} INFO - Setting next_dagrun for mod_11_02_postgres_pipeline to None, run_after=None
[2026-05-10T21:26:42.252+0000] {processor.py:208} INFO - Processing /opt/airflow/dags/11_external_systems/02_postgres_pipeline.py took 0.058 seconds
[2026-05-10T21:27:12.827+0000] {processor.py:186} INFO - Started process (PID=3465) to work on /opt/airflow/dags/11_external_systems/02_postgres_pipeline.py
[2026-05-10T21:27:12.828+0000] {processor.py:914} INFO - Processing file /opt/airflow/dags/11_external_systems/02_postgres_pipeline.py for tasks to queue
[2026-05-10T21:27:12.830+0000] {logging_mixin.py:190} INFO - [2026-05-10T21:27:12.830+0000] {dagbag.py:588} INFO - Filling up the DagBag from /opt/airflow/dags/11_external_systems/02_postgres_pipeline.py
[2026-05-10T21:27:12.840+0000] {processor.py:925} INFO - DAG(s) 'mod_11_02_postgres_pipeline' retrieved from /opt/airflow/dags/11_external_systems/02_postgres_pipeline.py
[2026-05-10T21:27:12.857+0000] {logging_mixin.py:190} INFO - [2026-05-10T21:27:12.857+0000] {dag.py:3239} INFO - Sync 1 DAGs
[2026-05-10T21:27:12.864+0000] {logging_mixin.py:190} INFO - [2026-05-10T21:27:12.863+0000] {dag.py:4180} INFO - Setting next_dagrun for mod_11_02_postgres_pipeline to None, run_after=None
[2026-05-10T21:27:12.871+0000] {processor.py:208} INFO - Processing /opt/airflow/dags/11_external_systems/02_postgres_pipeline.py took 0.048 seconds
[2026-05-10T21:27:43.384+0000] {processor.py:186} INFO - Started process (PID=3668) to work on /opt/airflow/dags/11_external_systems/02_postgres_pipeline.py
[2026-05-10T21:27:43.385+0000] {processor.py:914} INFO - Processing file /opt/airflow/dags/11_external_systems/02_postgres_pipeline.py for tasks to queue
[2026-05-10T21:27:43.386+0000] {logging_mixin.py:190} INFO - [2026-05-10T21:27:43.386+0000] {dagbag.py:588} INFO - Filling up the DagBag from /opt/airflow/dags/11_external_systems/02_postgres_pipeline.py
[2026-05-10T21:27:43.397+0000] {processor.py:925} INFO - DAG(s) 'mod_11_02_postgres_pipeline' retrieved from /opt/airflow/dags/11_external_systems/02_postgres_pipeline.py
[2026-05-10T21:27:43.409+0000] {logging_mixin.py:190} INFO - [2026-05-10T21:27:43.409+0000] {dag.py:3239} INFO - Sync 1 DAGs
[2026-05-10T21:27:43.416+0000] {logging_mixin.py:190} INFO - [2026-05-10T21:27:43.416+0000] {dag.py:4180} INFO - Setting next_dagrun for mod_11_02_postgres_pipeline to None, run_after=None
[2026-05-10T21:27:43.423+0000] {processor.py:208} INFO - Processing /opt/airflow/dags/11_external_systems/02_postgres_pipeline.py took 0.043 seconds
[2026-05-10T21:28:13.852+0000] {processor.py:186} INFO - Started process (PID=3870) to work on /opt/airflow/dags/11_external_systems/02_postgres_pipeline.py
[2026-05-10T21:28:13.854+0000] {processor.py:914} INFO - Processing file /opt/airflow/dags/11_external_systems/02_postgres_pipeline.py for tasks to queue
[2026-05-10T21:28:13.856+0000] {logging_mixin.py:190} INFO - [2026-05-10T21:28:13.856+0000] {dagbag.py:588} INFO - Filling up the DagBag from /opt/airflow/dags/11_external_systems/02_postgres_pipeline.py
[2026-05-10T21:28:13.867+0000] {processor.py:925} INFO - DAG(s) 'mod_11_02_postgres_pipeline' retrieved from /opt/airflow/dags/11_external_systems/02_postgres_pipeline.py
[2026-05-10T21:28:13.878+0000] {logging_mixin.py:190} INFO - [2026-05-10T21:28:13.878+0000] {dag.py:3239} INFO - Sync 1 DAGs
[2026-05-10T21:28:13.884+0000] {logging_mixin.py:190} INFO - [2026-05-10T21:28:13.884+0000] {dag.py:4180} INFO - Setting next_dagrun for mod_11_02_postgres_pipeline to None, run_after=None
[2026-05-10T21:28:13.891+0000] {processor.py:208} INFO - Processing /opt/airflow/dags/11_external_systems/02_postgres_pipeline.py took 0.042 seconds
[2026-05-10T21:28:44.325+0000] {processor.py:186} INFO - Started process (PID=4074) to work on /opt/airflow/dags/11_external_systems/02_postgres_pipeline.py
[2026-05-10T21:28:44.325+0000] {processor.py:914} INFO - Processing file /opt/airflow/dags/11_external_systems/02_postgres_pipeline.py for tasks to queue
[2026-05-10T21:28:44.328+0000] {logging_mixin.py:190} INFO - [2026-05-10T21:28:44.328+0000] {dagbag.py:588} INFO - Filling up the DagBag from /opt/airflow/dags/11_external_systems/02_postgres_pipeline.py
[2026-05-10T21:28:44.338+0000] {processor.py:925} INFO - DAG(s) 'mod_11_02_postgres_pipeline' retrieved from /opt/airflow/dags/11_external_systems/02_postgres_pipeline.py
[2026-05-10T21:28:44.355+0000] {logging_mixin.py:190} INFO - [2026-05-10T21:28:44.355+0000] {dag.py:3239} INFO - Sync 1 DAGs
[2026-05-10T21:28:44.365+0000] {logging_mixin.py:190} INFO - [2026-05-10T21:28:44.364+0000] {dag.py:4180} INFO - Setting next_dagrun for mod_11_02_postgres_pipeline to None, run_after=None
[2026-05-10T21:28:44.373+0000] {processor.py:208} INFO - Processing /opt/airflow/dags/11_external_systems/02_postgres_pipeline.py took 0.055 seconds
[2026-05-10T21:29:14.948+0000] {processor.py:186} INFO - Started process (PID=4276) to work on /opt/airflow/dags/11_external_systems/02_postgres_pipeline.py
[2026-05-10T21:29:14.950+0000] {processor.py:914} INFO - Processing file /opt/airflow/dags/11_external_systems/02_postgres_pipeline.py for tasks to queue
[2026-05-10T21:29:14.952+0000] {logging_mixin.py:190} INFO - [2026-05-10T21:29:14.952+0000] {dagbag.py:588} INFO - Filling up the DagBag from /opt/airflow/dags/11_external_systems/02_postgres_pipeline.py
[2026-05-10T21:29:14.959+0000] {processor.py:925} INFO - DAG(s) 'mod_11_02_postgres_pipeline' retrieved from /opt/airflow/dags/11_external_systems/02_postgres_pipeline.py
[2026-05-10T21:29:14.971+0000] {logging_mixin.py:190} INFO - [2026-05-10T21:29:14.971+0000] {dag.py:3239} INFO - Sync 1 DAGs
[2026-05-10T21:29:14.980+0000] {logging_mixin.py:190} INFO - [2026-05-10T21:29:14.980+0000] {dag.py:4180} INFO - Setting next_dagrun for mod_11_02_postgres_pipeline to None, run_after=None
[2026-05-10T21:29:14.994+0000] {processor.py:208} INFO - Processing /opt/airflow/dags/11_external_systems/02_postgres_pipeline.py took 0.050 seconds
[2026-05-10T21:29:45.499+0000] {processor.py:186} INFO - Started process (PID=4480) to work on /opt/airflow/dags/11_external_systems/02_postgres_pipeline.py
[2026-05-10T21:29:45.499+0000] {processor.py:914} INFO - Processing file /opt/airflow/dags/11_external_systems/02_postgres_pipeline.py for tasks to queue
[2026-05-10T21:29:45.503+0000] {logging_mixin.py:190} INFO - [2026-05-10T21:29:45.502+0000] {dagbag.py:588} INFO - Filling up the DagBag from /opt/airflow/dags/11_external_systems/02_postgres_pipeline.py
[2026-05-10T21:29:45.519+0000] {processor.py:925} INFO - DAG(s) 'mod_11_02_postgres_pipeline' retrieved from /opt/airflow/dags/11_external_systems/02_postgres_pipeline.py
[2026-05-10T21:29:45.536+0000] {logging_mixin.py:190} INFO - [2026-05-10T21:29:45.536+0000] {dag.py:3239} INFO - Sync 1 DAGs
[2026-05-10T21:29:45.544+0000] {logging_mixin.py:190} INFO - [2026-05-10T21:29:45.544+0000] {dag.py:4180} INFO - Setting next_dagrun for mod_11_02_postgres_pipeline to None, run_after=None
[2026-05-10T21:29:45.552+0000] {processor.py:208} INFO - Processing /opt/airflow/dags/11_external_systems/02_postgres_pipeline.py took 0.060 seconds
[2026-05-10T21:30:15.988+0000] {processor.py:186} INFO - Started process (PID=4683) to work on /opt/airflow/dags/11_external_systems/02_postgres_pipeline.py
[2026-05-10T21:30:15.988+0000] {processor.py:914} INFO - Processing file /opt/airflow/dags/11_external_systems/02_postgres_pipeline.py for tasks to queue
[2026-05-10T21:30:15.990+0000] {logging_mixin.py:190} INFO - [2026-05-10T21:30:15.990+0000] {dagbag.py:588} INFO - Filling up the DagBag from /opt/airflow/dags/11_external_systems/02_postgres_pipeline.py
[2026-05-10T21:30:16.002+0000] {processor.py:925} INFO - DAG(s) 'mod_11_02_postgres_pipeline' retrieved from /opt/airflow/dags/11_external_systems/02_postgres_pipeline.py
[2026-05-10T21:30:16.018+0000] {logging_mixin.py:190} INFO - [2026-05-10T21:30:16.018+0000] {dag.py:3239} INFO - Sync 1 DAGs
[2026-05-10T21:30:16.024+0000] {logging_mixin.py:190} INFO - [2026-05-10T21:30:16.024+0000] {dag.py:4180} INFO - Setting next_dagrun for mod_11_02_postgres_pipeline to None, run_after=None
[2026-05-10T21:30:16.032+0000] {processor.py:208} INFO - Processing /opt/airflow/dags/11_external_systems/02_postgres_pipeline.py took 0.048 seconds
[2026-05-10T21:30:46.543+0000] {processor.py:186} INFO - Started process (PID=4886) to work on /opt/airflow/dags/11_external_systems/02_postgres_pipeline.py
[2026-05-10T21:30:46.544+0000] {processor.py:914} INFO - Processing file /opt/airflow/dags/11_external_systems/02_postgres_pipeline.py for tasks to queue
[2026-05-10T21:30:46.546+0000] {logging_mixin.py:190} INFO - [2026-05-10T21:30:46.545+0000] {dagbag.py:588} INFO - Filling up the DagBag from /opt/airflow/dags/11_external_systems/02_postgres_pipeline.py
[2026-05-10T21:30:46.554+0000] {processor.py:925} INFO - DAG(s) 'mod_11_02_postgres_pipeline' retrieved from /opt/airflow/dags/11_external_systems/02_postgres_pipeline.py
[2026-05-10T21:30:46.566+0000] {logging_mixin.py:190} INFO - [2026-05-10T21:30:46.566+0000] {dag.py:3239} INFO - Sync 1 DAGs
[2026-05-10T21:30:46.572+0000] {logging_mixin.py:190} INFO - [2026-05-10T21:30:46.572+0000] {dag.py:4180} INFO - Setting next_dagrun for mod_11_02_postgres_pipeline to None, run_after=None
[2026-05-10T21:30:46.580+0000] {processor.py:208} INFO - Processing /opt/airflow/dags/11_external_systems/02_postgres_pipeline.py took 0.041 seconds
[2026-05-10T21:31:17.046+0000] {processor.py:186} INFO - Started process (PID=5087) to work on /opt/airflow/dags/11_external_systems/02_postgres_pipeline.py
[2026-05-10T21:31:17.048+0000] {processor.py:914} INFO - Processing file /opt/airflow/dags/11_external_systems/02_postgres_pipeline.py for tasks to queue
[2026-05-10T21:31:17.051+0000] {logging_mixin.py:190} INFO - [2026-05-10T21:31:17.051+0000] {dagbag.py:588} INFO - Filling up the DagBag from /opt/airflow/dags/11_external_systems/02_postgres_pipeline.py
[2026-05-10T21:31:17.061+0000] {processor.py:925} INFO - DAG(s) 'mod_11_02_postgres_pipeline' retrieved from /opt/airflow/dags/11_external_systems/02_postgres_pipeline.py
[2026-05-10T21:31:17.074+0000] {logging_mixin.py:190} INFO - [2026-05-10T21:31:17.074+0000] {dag.py:3239} INFO - Sync 1 DAGs
[2026-05-10T21:31:17.083+0000] {logging_mixin.py:190} INFO - [2026-05-10T21:31:17.083+0000] {dag.py:4180} INFO - Setting next_dagrun for mod_11_02_postgres_pipeline to None, run_after=None
[2026-05-10T21:31:17.091+0000] {processor.py:208} INFO - Processing /opt/airflow/dags/11_external_systems/02_postgres_pipeline.py took 0.050 seconds
[2026-05-10T21:31:47.590+0000] {processor.py:186} INFO - Started process (PID=5291) to work on /opt/airflow/dags/11_external_systems/02_postgres_pipeline.py
[2026-05-10T21:31:47.590+0000] {processor.py:914} INFO - Processing file /opt/airflow/dags/11_external_systems/02_postgres_pipeline.py for tasks to queue
[2026-05-10T21:31:47.592+0000] {logging_mixin.py:190} INFO - [2026-05-10T21:31:47.592+0000] {dagbag.py:588} INFO - Filling up the DagBag from /opt/airflow/dags/11_external_systems/02_postgres_pipeline.py
[2026-05-10T21:31:47.602+0000] {processor.py:925} INFO - DAG(s) 'mod_11_02_postgres_pipeline' retrieved from /opt/airflow/dags/11_external_systems/02_postgres_pipeline.py
[2026-05-10T21:31:47.622+0000] {logging_mixin.py:190} INFO - [2026-05-10T21:31:47.622+0000] {dag.py:3239} INFO - Sync 1 DAGs
[2026-05-10T21:31:47.629+0000] {logging_mixin.py:190} INFO - [2026-05-10T21:31:47.629+0000] {dag.py:4180} INFO - Setting next_dagrun for mod_11_02_postgres_pipeline to None, run_after=None
[2026-05-10T21:31:47.637+0000] {processor.py:208} INFO - Processing /opt/airflow/dags/11_external_systems/02_postgres_pipeline.py took 0.053 seconds
