[2026-05-10T21:19:04.018+0000] {processor.py:186} INFO - Started process (PID=200) to work on /opt/airflow/dags/11_external_systems/03_full_etl_pipeline.py
[2026-05-10T21:19:04.020+0000] {processor.py:914} INFO - Processing file /opt/airflow/dags/11_external_systems/03_full_etl_pipeline.py for tasks to queue
[2026-05-10T21:19:04.023+0000] {logging_mixin.py:190} INFO - [2026-05-10T21:19:04.023+0000] {dagbag.py:588} INFO - Filling up the DagBag from /opt/airflow/dags/11_external_systems/03_full_etl_pipeline.py
[2026-05-10T21:19:04.635+0000] {logging_mixin.py:190} WARNING - /opt/airflow/dags/11_external_systems/03_full_etl_pipeline.py:37 UserWarning: The dataset URI postgres://airflow/learning_users is not AIP-60 compliant: URI format postgres:// must contain database, schema, and table names. In Airflow 3, this will raise an exception.
[2026-05-10T21:19:04.637+0000] {processor.py:925} INFO - DAG(s) 'mod_11_03_full_etl', 'mod_11_03_full_etl_consumer' retrieved from /opt/airflow/dags/11_external_systems/03_full_etl_pipeline.py
[2026-05-10T21:19:04.678+0000] {logging_mixin.py:190} INFO - [2026-05-10T21:19:04.677+0000] {override.py:1912} INFO - Created Permission View: can delete on DAG:mod_11_03_full_etl
[2026-05-10T21:19:04.685+0000] {logging_mixin.py:190} INFO - [2026-05-10T21:19:04.685+0000] {override.py:1912} INFO - Created Permission View: can edit on DAG:mod_11_03_full_etl
[2026-05-10T21:19:04.687+0000] {logging_mixin.py:190} INFO - [2026-05-10T21:19:04.687+0000] {override.py:1912} INFO - Created Permission View: can read on DAG:mod_11_03_full_etl
[2026-05-10T21:19:04.691+0000] {logging_mixin.py:190} INFO - [2026-05-10T21:19:04.691+0000] {override.py:1912} INFO - Created Permission View: can delete on DAG Run:mod_11_03_full_etl
[2026-05-10T21:19:04.694+0000] {logging_mixin.py:190} INFO - [2026-05-10T21:19:04.694+0000] {override.py:1912} INFO - Created Permission View: menu access on DAG Run:mod_11_03_full_etl
[2026-05-10T21:19:04.696+0000] {logging_mixin.py:190} INFO - [2026-05-10T21:19:04.696+0000] {override.py:1912} INFO - Created Permission View: can create on DAG Run:mod_11_03_full_etl
[2026-05-10T21:19:04.698+0000] {logging_mixin.py:190} INFO - [2026-05-10T21:19:04.698+0000] {override.py:1912} INFO - Created Permission View: can read on DAG Run:mod_11_03_full_etl
[2026-05-10T21:19:04.704+0000] {logging_mixin.py:190} INFO - [2026-05-10T21:19:04.704+0000] {override.py:1912} INFO - Created Permission View: can delete on DAG:mod_11_03_full_etl_consumer
[2026-05-10T21:19:04.707+0000] {logging_mixin.py:190} INFO - [2026-05-10T21:19:04.707+0000] {override.py:1912} INFO - Created Permission View: can edit on DAG:mod_11_03_full_etl_consumer
[2026-05-10T21:19:04.709+0000] {logging_mixin.py:190} INFO - [2026-05-10T21:19:04.709+0000] {override.py:1912} INFO - Created Permission View: can read on DAG:mod_11_03_full_etl_consumer
[2026-05-10T21:19:04.712+0000] {logging_mixin.py:190} INFO - [2026-05-10T21:19:04.712+0000] {override.py:1912} INFO - Created Permission View: can delete on DAG Run:mod_11_03_full_etl_consumer
[2026-05-10T21:19:04.714+0000] {logging_mixin.py:190} INFO - [2026-05-10T21:19:04.714+0000] {override.py:1912} INFO - Created Permission View: menu access on DAG Run:mod_11_03_full_etl_consumer
[2026-05-10T21:19:04.716+0000] {logging_mixin.py:190} INFO - [2026-05-10T21:19:04.716+0000] {override.py:1912} INFO - Created Permission View: can create on DAG Run:mod_11_03_full_etl_consumer
[2026-05-10T21:19:04.718+0000] {logging_mixin.py:190} INFO - [2026-05-10T21:19:04.718+0000] {override.py:1912} INFO - Created Permission View: can read on DAG Run:mod_11_03_full_etl_consumer
[2026-05-10T21:19:04.719+0000] {logging_mixin.py:190} INFO - [2026-05-10T21:19:04.719+0000] {dag.py:3239} INFO - Sync 2 DAGs
[2026-05-10T21:19:04.724+0000] {logging_mixin.py:190} INFO - [2026-05-10T21:19:04.724+0000] {dag.py:3262} INFO - Creating ORM DAG for mod_11_03_full_etl
[2026-05-10T21:19:04.724+0000] {logging_mixin.py:190} INFO - [2026-05-10T21:19:04.724+0000] {dag.py:3262} INFO - Creating ORM DAG for mod_11_03_full_etl_consumer
[2026-05-10T21:19:04.730+0000] {logging_mixin.py:190} INFO - [2026-05-10T21:19:04.730+0000] {dag.py:4180} INFO - Setting next_dagrun for mod_11_03_full_etl to 2026-05-10 20:00:00+00:00, run_after=2026-05-10 21:00:00+00:00
[2026-05-10T21:19:04.730+0000] {logging_mixin.py:190} INFO - [2026-05-10T21:19:04.730+0000] {dag.py:4180} INFO - Setting next_dagrun for mod_11_03_full_etl_consumer to None, run_after=None
[2026-05-10T21:19:04.738+0000] {logging_mixin.py:190} WARNING - /home/airflow/.local/lib/python3.11/site-packages/airflow/datasets/manager.py:68 UserWarning: The dataset URI postgres://airflow/learning_users is not AIP-60 compliant: URI format postgres:// must contain database, schema, and table names. In Airflow 3, this will raise an exception.
[2026-05-10T21:19:04.745+0000] {processor.py:208} INFO - Processing /opt/airflow/dags/11_external_systems/03_full_etl_pipeline.py took 0.731 seconds
[2026-05-10T21:19:35.071+0000] {processor.py:186} INFO - Started process (PID=403) to work on /opt/airflow/dags/11_external_systems/03_full_etl_pipeline.py
[2026-05-10T21:19:35.073+0000] {processor.py:914} INFO - Processing file /opt/airflow/dags/11_external_systems/03_full_etl_pipeline.py for tasks to queue
[2026-05-10T21:19:35.075+0000] {logging_mixin.py:190} INFO - [2026-05-10T21:19:35.074+0000] {dagbag.py:588} INFO - Filling up the DagBag from /opt/airflow/dags/11_external_systems/03_full_etl_pipeline.py
[2026-05-10T21:19:35.362+0000] {logging_mixin.py:190} WARNING - /opt/airflow/dags/11_external_systems/03_full_etl_pipeline.py:37 UserWarning: The dataset URI postgres://airflow/learning_users is not AIP-60 compliant: URI format postgres:// must contain database, schema, and table names. In Airflow 3, this will raise an exception.
[2026-05-10T21:19:35.364+0000] {processor.py:925} INFO - DAG(s) 'mod_11_03_full_etl', 'mod_11_03_full_etl_consumer' retrieved from /opt/airflow/dags/11_external_systems/03_full_etl_pipeline.py
[2026-05-10T21:19:35.380+0000] {logging_mixin.py:190} INFO - [2026-05-10T21:19:35.379+0000] {dag.py:3239} INFO - Sync 2 DAGs
[2026-05-10T21:19:35.391+0000] {logging_mixin.py:190} INFO - [2026-05-10T21:19:35.391+0000] {dag.py:4180} INFO - Setting next_dagrun for mod_11_03_full_etl to 2026-05-10 20:00:00+00:00, run_after=2026-05-10 21:00:00+00:00
[2026-05-10T21:19:35.393+0000] {logging_mixin.py:190} INFO - [2026-05-10T21:19:35.393+0000] {dag.py:4180} INFO - Setting next_dagrun for mod_11_03_full_etl_consumer to None, run_after=None
[2026-05-10T21:19:35.403+0000] {processor.py:208} INFO - Processing /opt/airflow/dags/11_external_systems/03_full_etl_pipeline.py took 0.344 seconds
[2026-05-10T21:20:05.620+0000] {processor.py:186} INFO - Started process (PID=606) to work on /opt/airflow/dags/11_external_systems/03_full_etl_pipeline.py
[2026-05-10T21:20:05.621+0000] {processor.py:914} INFO - Processing file /opt/airflow/dags/11_external_systems/03_full_etl_pipeline.py for tasks to queue
[2026-05-10T21:20:05.624+0000] {logging_mixin.py:190} INFO - [2026-05-10T21:20:05.624+0000] {dagbag.py:588} INFO - Filling up the DagBag from /opt/airflow/dags/11_external_systems/03_full_etl_pipeline.py
[2026-05-10T21:20:05.826+0000] {logging_mixin.py:190} WARNING - /opt/airflow/dags/11_external_systems/03_full_etl_pipeline.py:37 UserWarning: The dataset URI postgres://airflow/learning_users is not AIP-60 compliant: URI format postgres:// must contain database, schema, and table names. In Airflow 3, this will raise an exception.
[2026-05-10T21:20:05.828+0000] {processor.py:925} INFO - DAG(s) 'mod_11_03_full_etl', 'mod_11_03_full_etl_consumer' retrieved from /opt/airflow/dags/11_external_systems/03_full_etl_pipeline.py
[2026-05-10T21:20:05.840+0000] {logging_mixin.py:190} INFO - [2026-05-10T21:20:05.839+0000] {dag.py:3239} INFO - Sync 2 DAGs
[2026-05-10T21:20:05.849+0000] {logging_mixin.py:190} INFO - [2026-05-10T21:20:05.849+0000] {dag.py:4180} INFO - Setting next_dagrun for mod_11_03_full_etl to 2026-05-10 20:00:00+00:00, run_after=2026-05-10 21:00:00+00:00
[2026-05-10T21:20:05.852+0000] {logging_mixin.py:190} INFO - [2026-05-10T21:20:05.851+0000] {dag.py:4180} INFO - Setting next_dagrun for mod_11_03_full_etl_consumer to None, run_after=None
[2026-05-10T21:20:05.861+0000] {processor.py:208} INFO - Processing /opt/airflow/dags/11_external_systems/03_full_etl_pipeline.py took 0.246 seconds
[2026-05-10T21:20:36.058+0000] {processor.py:186} INFO - Started process (PID=809) to work on /opt/airflow/dags/11_external_systems/03_full_etl_pipeline.py
[2026-05-10T21:20:36.059+0000] {processor.py:914} INFO - Processing file /opt/airflow/dags/11_external_systems/03_full_etl_pipeline.py for tasks to queue
[2026-05-10T21:20:36.067+0000] {logging_mixin.py:190} INFO - [2026-05-10T21:20:36.066+0000] {dagbag.py:588} INFO - Filling up the DagBag from /opt/airflow/dags/11_external_systems/03_full_etl_pipeline.py
[2026-05-10T21:20:36.369+0000] {logging_mixin.py:190} WARNING - /opt/airflow/dags/11_external_systems/03_full_etl_pipeline.py:37 UserWarning: The dataset URI postgres://airflow/learning_users is not AIP-60 compliant: URI format postgres:// must contain database, schema, and table names. In Airflow 3, this will raise an exception.
[2026-05-10T21:20:36.370+0000] {processor.py:925} INFO - DAG(s) 'mod_11_03_full_etl', 'mod_11_03_full_etl_consumer' retrieved from /opt/airflow/dags/11_external_systems/03_full_etl_pipeline.py
[2026-05-10T21:20:36.386+0000] {logging_mixin.py:190} INFO - [2026-05-10T21:20:36.386+0000] {dag.py:3239} INFO - Sync 2 DAGs
[2026-05-10T21:20:36.398+0000] {logging_mixin.py:190} INFO - [2026-05-10T21:20:36.398+0000] {dag.py:4180} INFO - Setting next_dagrun for mod_11_03_full_etl to 2026-05-10 20:00:00+00:00, run_after=2026-05-10 21:00:00+00:00
[2026-05-10T21:20:36.401+0000] {logging_mixin.py:190} INFO - [2026-05-10T21:20:36.401+0000] {dag.py:4180} INFO - Setting next_dagrun for mod_11_03_full_etl_consumer to None, run_after=None
[2026-05-10T21:20:36.409+0000] {processor.py:208} INFO - Processing /opt/airflow/dags/11_external_systems/03_full_etl_pipeline.py took 0.358 seconds
[2026-05-10T21:21:06.681+0000] {processor.py:186} INFO - Started process (PID=1012) to work on /opt/airflow/dags/11_external_systems/03_full_etl_pipeline.py
[2026-05-10T21:21:06.681+0000] {processor.py:914} INFO - Processing file /opt/airflow/dags/11_external_systems/03_full_etl_pipeline.py for tasks to queue
[2026-05-10T21:21:06.683+0000] {logging_mixin.py:190} INFO - [2026-05-10T21:21:06.683+0000] {dagbag.py:588} INFO - Filling up the DagBag from /opt/airflow/dags/11_external_systems/03_full_etl_pipeline.py
[2026-05-10T21:21:06.894+0000] {logging_mixin.py:190} WARNING - /opt/airflow/dags/11_external_systems/03_full_etl_pipeline.py:37 UserWarning: The dataset URI postgres://airflow/learning_users is not AIP-60 compliant: URI format postgres:// must contain database, schema, and table names. In Airflow 3, this will raise an exception.
[2026-05-10T21:21:06.895+0000] {processor.py:925} INFO - DAG(s) 'mod_11_03_full_etl_consumer', 'mod_11_03_full_etl' retrieved from /opt/airflow/dags/11_external_systems/03_full_etl_pipeline.py
[2026-05-10T21:21:06.911+0000] {logging_mixin.py:190} INFO - [2026-05-10T21:21:06.910+0000] {dag.py:3239} INFO - Sync 2 DAGs
[2026-05-10T21:21:06.921+0000] {logging_mixin.py:190} INFO - [2026-05-10T21:21:06.920+0000] {dag.py:4180} INFO - Setting next_dagrun for mod_11_03_full_etl to 2026-05-10 20:00:00+00:00, run_after=2026-05-10 21:00:00+00:00
[2026-05-10T21:21:06.923+0000] {logging_mixin.py:190} INFO - [2026-05-10T21:21:06.923+0000] {dag.py:4180} INFO - Setting next_dagrun for mod_11_03_full_etl_consumer to None, run_after=None
[2026-05-10T21:21:06.931+0000] {processor.py:208} INFO - Processing /opt/airflow/dags/11_external_systems/03_full_etl_pipeline.py took 0.254 seconds
[2026-05-10T21:21:37.187+0000] {processor.py:186} INFO - Started process (PID=1215) to work on /opt/airflow/dags/11_external_systems/03_full_etl_pipeline.py
[2026-05-10T21:21:37.188+0000] {processor.py:914} INFO - Processing file /opt/airflow/dags/11_external_systems/03_full_etl_pipeline.py for tasks to queue
[2026-05-10T21:21:37.191+0000] {logging_mixin.py:190} INFO - [2026-05-10T21:21:37.190+0000] {dagbag.py:588} INFO - Filling up the DagBag from /opt/airflow/dags/11_external_systems/03_full_etl_pipeline.py
[2026-05-10T21:21:37.496+0000] {logging_mixin.py:190} WARNING - /opt/airflow/dags/11_external_systems/03_full_etl_pipeline.py:37 UserWarning: The dataset URI postgres://airflow/learning_users is not AIP-60 compliant: URI format postgres:// must contain database, schema, and table names. In Airflow 3, this will raise an exception.
[2026-05-10T21:21:37.497+0000] {processor.py:925} INFO - DAG(s) 'mod_11_03_full_etl_consumer', 'mod_11_03_full_etl' retrieved from /opt/airflow/dags/11_external_systems/03_full_etl_pipeline.py
[2026-05-10T21:21:37.511+0000] {logging_mixin.py:190} INFO - [2026-05-10T21:21:37.511+0000] {dag.py:3239} INFO - Sync 2 DAGs
[2026-05-10T21:21:37.520+0000] {logging_mixin.py:190} INFO - [2026-05-10T21:21:37.520+0000] {dag.py:4180} INFO - Setting next_dagrun for mod_11_03_full_etl to 2026-05-10 20:00:00+00:00, run_after=2026-05-10 21:00:00+00:00
[2026-05-10T21:21:37.522+0000] {logging_mixin.py:190} INFO - [2026-05-10T21:21:37.521+0000] {dag.py:4180} INFO - Setting next_dagrun for mod_11_03_full_etl_consumer to None, run_after=None
[2026-05-10T21:21:37.533+0000] {processor.py:208} INFO - Processing /opt/airflow/dags/11_external_systems/03_full_etl_pipeline.py took 0.354 seconds
[2026-05-10T21:22:07.755+0000] {processor.py:186} INFO - Started process (PID=1418) to work on /opt/airflow/dags/11_external_systems/03_full_etl_pipeline.py
[2026-05-10T21:22:07.757+0000] {processor.py:914} INFO - Processing file /opt/airflow/dags/11_external_systems/03_full_etl_pipeline.py for tasks to queue
[2026-05-10T21:22:07.759+0000] {logging_mixin.py:190} INFO - [2026-05-10T21:22:07.758+0000] {dagbag.py:588} INFO - Filling up the DagBag from /opt/airflow/dags/11_external_systems/03_full_etl_pipeline.py
[2026-05-10T21:22:07.963+0000] {logging_mixin.py:190} WARNING - /opt/airflow/dags/11_external_systems/03_full_etl_pipeline.py:37 UserWarning: The dataset URI postgres://airflow/learning_users is not AIP-60 compliant: URI format postgres:// must contain database, schema, and table names. In Airflow 3, this will raise an exception.
[2026-05-10T21:22:07.963+0000] {processor.py:925} INFO - DAG(s) 'mod_11_03_full_etl', 'mod_11_03_full_etl_consumer' retrieved from /opt/airflow/dags/11_external_systems/03_full_etl_pipeline.py
[2026-05-10T21:22:07.974+0000] {logging_mixin.py:190} INFO - [2026-05-10T21:22:07.974+0000] {dag.py:3239} INFO - Sync 2 DAGs
[2026-05-10T21:22:07.983+0000] {logging_mixin.py:190} INFO - [2026-05-10T21:22:07.983+0000] {dag.py:4180} INFO - Setting next_dagrun for mod_11_03_full_etl to 2026-05-10 20:00:00+00:00, run_after=2026-05-10 21:00:00+00:00
[2026-05-10T21:22:07.986+0000] {logging_mixin.py:190} INFO - [2026-05-10T21:22:07.986+0000] {dag.py:4180} INFO - Setting next_dagrun for mod_11_03_full_etl_consumer to None, run_after=None
[2026-05-10T21:22:07.994+0000] {processor.py:208} INFO - Processing /opt/airflow/dags/11_external_systems/03_full_etl_pipeline.py took 0.244 seconds
[2026-05-10T21:22:38.208+0000] {processor.py:186} INFO - Started process (PID=1621) to work on /opt/airflow/dags/11_external_systems/03_full_etl_pipeline.py
[2026-05-10T21:22:38.209+0000] {processor.py:914} INFO - Processing file /opt/airflow/dags/11_external_systems/03_full_etl_pipeline.py for tasks to queue
[2026-05-10T21:22:38.211+0000] {logging_mixin.py:190} INFO - [2026-05-10T21:22:38.211+0000] {dagbag.py:588} INFO - Filling up the DagBag from /opt/airflow/dags/11_external_systems/03_full_etl_pipeline.py
[2026-05-10T21:22:38.414+0000] {logging_mixin.py:190} WARNING - /opt/airflow/dags/11_external_systems/03_full_etl_pipeline.py:37 UserWarning: The dataset URI postgres://airflow/learning_users is not AIP-60 compliant: URI format postgres:// must contain database, schema, and table names. In Airflow 3, this will raise an exception.
[2026-05-10T21:22:38.416+0000] {processor.py:925} INFO - DAG(s) 'mod_11_03_full_etl', 'mod_11_03_full_etl_consumer' retrieved from /opt/airflow/dags/11_external_systems/03_full_etl_pipeline.py
[2026-05-10T21:22:38.426+0000] {logging_mixin.py:190} INFO - [2026-05-10T21:22:38.426+0000] {dag.py:3239} INFO - Sync 2 DAGs
[2026-05-10T21:22:38.434+0000] {logging_mixin.py:190} INFO - [2026-05-10T21:22:38.434+0000] {dag.py:4180} INFO - Setting next_dagrun for mod_11_03_full_etl to 2026-05-10 20:00:00+00:00, run_after=2026-05-10 21:00:00+00:00
[2026-05-10T21:22:38.436+0000] {logging_mixin.py:190} INFO - [2026-05-10T21:22:38.435+0000] {dag.py:4180} INFO - Setting next_dagrun for mod_11_03_full_etl_consumer to None, run_after=None
[2026-05-10T21:22:38.444+0000] {processor.py:208} INFO - Processing /opt/airflow/dags/11_external_systems/03_full_etl_pipeline.py took 0.242 seconds
[2026-05-10T21:23:08.658+0000] {processor.py:186} INFO - Started process (PID=1824) to work on /opt/airflow/dags/11_external_systems/03_full_etl_pipeline.py
[2026-05-10T21:23:08.660+0000] {processor.py:914} INFO - Processing file /opt/airflow/dags/11_external_systems/03_full_etl_pipeline.py for tasks to queue
[2026-05-10T21:23:08.662+0000] {logging_mixin.py:190} INFO - [2026-05-10T21:23:08.661+0000] {dagbag.py:588} INFO - Filling up the DagBag from /opt/airflow/dags/11_external_systems/03_full_etl_pipeline.py
[2026-05-10T21:23:08.874+0000] {logging_mixin.py:190} WARNING - /opt/airflow/dags/11_external_systems/03_full_etl_pipeline.py:37 UserWarning: The dataset URI postgres://airflow/learning_users is not AIP-60 compliant: URI format postgres:// must contain database, schema, and table names. In Airflow 3, this will raise an exception.
[2026-05-10T21:23:08.876+0000] {processor.py:925} INFO - DAG(s) 'mod_11_03_full_etl_consumer', 'mod_11_03_full_etl' retrieved from /opt/airflow/dags/11_external_systems/03_full_etl_pipeline.py
[2026-05-10T21:23:08.887+0000] {logging_mixin.py:190} INFO - [2026-05-10T21:23:08.887+0000] {dag.py:3239} INFO - Sync 2 DAGs
[2026-05-10T21:23:08.895+0000] {logging_mixin.py:190} INFO - [2026-05-10T21:23:08.895+0000] {dag.py:4180} INFO - Setting next_dagrun for mod_11_03_full_etl to 2026-05-10 20:00:00+00:00, run_after=2026-05-10 21:00:00+00:00
[2026-05-10T21:23:08.896+0000] {logging_mixin.py:190} INFO - [2026-05-10T21:23:08.896+0000] {dag.py:4180} INFO - Setting next_dagrun for mod_11_03_full_etl_consumer to None, run_after=None
[2026-05-10T21:23:08.904+0000] {processor.py:208} INFO - Processing /opt/airflow/dags/11_external_systems/03_full_etl_pipeline.py took 0.252 seconds
[2026-05-10T21:23:39.074+0000] {processor.py:186} INFO - Started process (PID=2027) to work on /opt/airflow/dags/11_external_systems/03_full_etl_pipeline.py
[2026-05-10T21:23:39.075+0000] {processor.py:914} INFO - Processing file /opt/airflow/dags/11_external_systems/03_full_etl_pipeline.py for tasks to queue
[2026-05-10T21:23:39.079+0000] {logging_mixin.py:190} INFO - [2026-05-10T21:23:39.078+0000] {dagbag.py:588} INFO - Filling up the DagBag from /opt/airflow/dags/11_external_systems/03_full_etl_pipeline.py
[2026-05-10T21:23:39.330+0000] {logging_mixin.py:190} WARNING - /opt/airflow/dags/11_external_systems/03_full_etl_pipeline.py:37 UserWarning: The dataset URI postgres://airflow/learning_users is not AIP-60 compliant: URI format postgres:// must contain database, schema, and table names. In Airflow 3, this will raise an exception.
[2026-05-10T21:23:39.331+0000] {processor.py:925} INFO - DAG(s) 'mod_11_03_full_etl', 'mod_11_03_full_etl_consumer' retrieved from /opt/airflow/dags/11_external_systems/03_full_etl_pipeline.py
[2026-05-10T21:23:39.344+0000] {logging_mixin.py:190} INFO - [2026-05-10T21:23:39.344+0000] {dag.py:3239} INFO - Sync 2 DAGs
[2026-05-10T21:23:39.354+0000] {logging_mixin.py:190} INFO - [2026-05-10T21:23:39.354+0000] {dag.py:4180} INFO - Setting next_dagrun for mod_11_03_full_etl to 2026-05-10 20:00:00+00:00, run_after=2026-05-10 21:00:00+00:00
[2026-05-10T21:23:39.356+0000] {logging_mixin.py:190} INFO - [2026-05-10T21:23:39.356+0000] {dag.py:4180} INFO - Setting next_dagrun for mod_11_03_full_etl_consumer to None, run_after=None
[2026-05-10T21:23:39.370+0000] {processor.py:208} INFO - Processing /opt/airflow/dags/11_external_systems/03_full_etl_pipeline.py took 0.303 seconds
[2026-05-10T21:24:09.625+0000] {processor.py:186} INFO - Started process (PID=2244) to work on /opt/airflow/dags/11_external_systems/03_full_etl_pipeline.py
[2026-05-10T21:24:09.627+0000] {processor.py:914} INFO - Processing file /opt/airflow/dags/11_external_systems/03_full_etl_pipeline.py for tasks to queue
[2026-05-10T21:24:09.630+0000] {logging_mixin.py:190} INFO - [2026-05-10T21:24:09.630+0000] {dagbag.py:588} INFO - Filling up the DagBag from /opt/airflow/dags/11_external_systems/03_full_etl_pipeline.py
[2026-05-10T21:24:09.869+0000] {logging_mixin.py:190} WARNING - /opt/airflow/dags/11_external_systems/03_full_etl_pipeline.py:37 UserWarning: The dataset URI postgres://airflow/learning_users is not AIP-60 compliant: URI format postgres:// must contain database, schema, and table names. In Airflow 3, this will raise an exception.
[2026-05-10T21:24:09.870+0000] {processor.py:925} INFO - DAG(s) 'mod_11_03_full_etl_consumer', 'mod_11_03_full_etl' retrieved from /opt/airflow/dags/11_external_systems/03_full_etl_pipeline.py
[2026-05-10T21:24:09.884+0000] {logging_mixin.py:190} INFO - [2026-05-10T21:24:09.884+0000] {dag.py:3239} INFO - Sync 2 DAGs
[2026-05-10T21:24:09.893+0000] {logging_mixin.py:190} INFO - [2026-05-10T21:24:09.893+0000] {dag.py:4180} INFO - Setting next_dagrun for mod_11_03_full_etl to 2026-05-10 20:00:00+00:00, run_after=2026-05-10 21:00:00+00:00
[2026-05-10T21:24:09.894+0000] {logging_mixin.py:190} INFO - [2026-05-10T21:24:09.894+0000] {dag.py:4180} INFO - Setting next_dagrun for mod_11_03_full_etl_consumer to None, run_after=None
[2026-05-10T21:24:09.903+0000] {processor.py:208} INFO - Processing /opt/airflow/dags/11_external_systems/03_full_etl_pipeline.py took 0.286 seconds
[2026-05-10T21:24:40.100+0000] {processor.py:186} INFO - Started process (PID=2447) to work on /opt/airflow/dags/11_external_systems/03_full_etl_pipeline.py
[2026-05-10T21:24:40.102+0000] {processor.py:914} INFO - Processing file /opt/airflow/dags/11_external_systems/03_full_etl_pipeline.py for tasks to queue
[2026-05-10T21:24:40.103+0000] {logging_mixin.py:190} INFO - [2026-05-10T21:24:40.103+0000] {dagbag.py:588} INFO - Filling up the DagBag from /opt/airflow/dags/11_external_systems/03_full_etl_pipeline.py
[2026-05-10T21:24:40.378+0000] {logging_mixin.py:190} WARNING - /opt/airflow/dags/11_external_systems/03_full_etl_pipeline.py:37 UserWarning: The dataset URI postgres://airflow/learning_users is not AIP-60 compliant: URI format postgres:// must contain database, schema, and table names. In Airflow 3, this will raise an exception.
[2026-05-10T21:24:40.380+0000] {processor.py:925} INFO - DAG(s) 'mod_11_03_full_etl', 'mod_11_03_full_etl_consumer' retrieved from /opt/airflow/dags/11_external_systems/03_full_etl_pipeline.py
[2026-05-10T21:24:40.393+0000] {logging_mixin.py:190} INFO - [2026-05-10T21:24:40.393+0000] {dag.py:3239} INFO - Sync 2 DAGs
[2026-05-10T21:24:40.404+0000] {logging_mixin.py:190} INFO - [2026-05-10T21:24:40.404+0000] {dag.py:4180} INFO - Setting next_dagrun for mod_11_03_full_etl to 2026-05-10 20:00:00+00:00, run_after=2026-05-10 21:00:00+00:00
[2026-05-10T21:24:40.406+0000] {logging_mixin.py:190} INFO - [2026-05-10T21:24:40.406+0000] {dag.py:4180} INFO - Setting next_dagrun for mod_11_03_full_etl_consumer to None, run_after=None
[2026-05-10T21:24:40.416+0000] {processor.py:208} INFO - Processing /opt/airflow/dags/11_external_systems/03_full_etl_pipeline.py took 0.322 seconds
[2026-05-10T21:25:10.550+0000] {processor.py:186} INFO - Started process (PID=2650) to work on /opt/airflow/dags/11_external_systems/03_full_etl_pipeline.py
[2026-05-10T21:25:10.551+0000] {processor.py:914} INFO - Processing file /opt/airflow/dags/11_external_systems/03_full_etl_pipeline.py for tasks to queue
[2026-05-10T21:25:10.553+0000] {logging_mixin.py:190} INFO - [2026-05-10T21:25:10.553+0000] {dagbag.py:588} INFO - Filling up the DagBag from /opt/airflow/dags/11_external_systems/03_full_etl_pipeline.py
[2026-05-10T21:25:10.837+0000] {logging_mixin.py:190} WARNING - /opt/airflow/dags/11_external_systems/03_full_etl_pipeline.py:37 UserWarning: The dataset URI postgres://airflow/learning_users is not AIP-60 compliant: URI format postgres:// must contain database, schema, and table names. In Airflow 3, this will raise an exception.
[2026-05-10T21:25:10.838+0000] {processor.py:925} INFO - DAG(s) 'mod_11_03_full_etl', 'mod_11_03_full_etl_consumer' retrieved from /opt/airflow/dags/11_external_systems/03_full_etl_pipeline.py
[2026-05-10T21:25:10.850+0000] {logging_mixin.py:190} INFO - [2026-05-10T21:25:10.850+0000] {dag.py:3239} INFO - Sync 2 DAGs
[2026-05-10T21:25:10.859+0000] {logging_mixin.py:190} INFO - [2026-05-10T21:25:10.858+0000] {dag.py:4180} INFO - Setting next_dagrun for mod_11_03_full_etl to 2026-05-10 20:00:00+00:00, run_after=2026-05-10 21:00:00+00:00
[2026-05-10T21:25:10.862+0000] {logging_mixin.py:190} INFO - [2026-05-10T21:25:10.862+0000] {dag.py:4180} INFO - Setting next_dagrun for mod_11_03_full_etl_consumer to None, run_after=None
[2026-05-10T21:25:10.872+0000] {processor.py:208} INFO - Processing /opt/airflow/dags/11_external_systems/03_full_etl_pipeline.py took 0.329 seconds
[2026-05-10T21:25:41.129+0000] {processor.py:186} INFO - Started process (PID=2853) to work on /opt/airflow/dags/11_external_systems/03_full_etl_pipeline.py
[2026-05-10T21:25:41.130+0000] {processor.py:914} INFO - Processing file /opt/airflow/dags/11_external_systems/03_full_etl_pipeline.py for tasks to queue
[2026-05-10T21:25:41.133+0000] {logging_mixin.py:190} INFO - [2026-05-10T21:25:41.133+0000] {dagbag.py:588} INFO - Filling up the DagBag from /opt/airflow/dags/11_external_systems/03_full_etl_pipeline.py
[2026-05-10T21:25:41.405+0000] {logging_mixin.py:190} WARNING - /opt/airflow/dags/11_external_systems/03_full_etl_pipeline.py:37 UserWarning: The dataset URI postgres://airflow/learning_users is not AIP-60 compliant: URI format postgres:// must contain database, schema, and table names. In Airflow 3, this will raise an exception.
[2026-05-10T21:25:41.407+0000] {processor.py:925} INFO - DAG(s) 'mod_11_03_full_etl', 'mod_11_03_full_etl_consumer' retrieved from /opt/airflow/dags/11_external_systems/03_full_etl_pipeline.py
[2026-05-10T21:25:41.416+0000] {logging_mixin.py:190} INFO - [2026-05-10T21:25:41.416+0000] {dag.py:3239} INFO - Sync 2 DAGs
[2026-05-10T21:25:41.426+0000] {logging_mixin.py:190} INFO - [2026-05-10T21:25:41.426+0000] {dag.py:4180} INFO - Setting next_dagrun for mod_11_03_full_etl to 2026-05-10 20:00:00+00:00, run_after=2026-05-10 21:00:00+00:00
[2026-05-10T21:25:41.428+0000] {logging_mixin.py:190} INFO - [2026-05-10T21:25:41.428+0000] {dag.py:4180} INFO - Setting next_dagrun for mod_11_03_full_etl_consumer to None, run_after=None
[2026-05-10T21:25:41.444+0000] {processor.py:208} INFO - Processing /opt/airflow/dags/11_external_systems/03_full_etl_pipeline.py took 0.324 seconds
[2026-05-10T21:26:11.686+0000] {processor.py:186} INFO - Started process (PID=3056) to work on /opt/airflow/dags/11_external_systems/03_full_etl_pipeline.py
[2026-05-10T21:26:11.688+0000] {processor.py:914} INFO - Processing file /opt/airflow/dags/11_external_systems/03_full_etl_pipeline.py for tasks to queue
[2026-05-10T21:26:11.690+0000] {logging_mixin.py:190} INFO - [2026-05-10T21:26:11.690+0000] {dagbag.py:588} INFO - Filling up the DagBag from /opt/airflow/dags/11_external_systems/03_full_etl_pipeline.py
[2026-05-10T21:26:11.991+0000] {logging_mixin.py:190} WARNING - /opt/airflow/dags/11_external_systems/03_full_etl_pipeline.py:37 UserWarning: The dataset URI postgres://airflow/learning_users is not AIP-60 compliant: URI format postgres:// must contain database, schema, and table names. In Airflow 3, this will raise an exception.
[2026-05-10T21:26:11.992+0000] {processor.py:925} INFO - DAG(s) 'mod_11_03_full_etl_consumer', 'mod_11_03_full_etl' retrieved from /opt/airflow/dags/11_external_systems/03_full_etl_pipeline.py
[2026-05-10T21:26:12.006+0000] {logging_mixin.py:190} INFO - [2026-05-10T21:26:12.006+0000] {dag.py:3239} INFO - Sync 2 DAGs
[2026-05-10T21:26:12.015+0000] {logging_mixin.py:190} INFO - [2026-05-10T21:26:12.015+0000] {dag.py:4180} INFO - Setting next_dagrun for mod_11_03_full_etl to 2026-05-10 20:00:00+00:00, run_after=2026-05-10 21:00:00+00:00
[2026-05-10T21:26:12.017+0000] {logging_mixin.py:190} INFO - [2026-05-10T21:26:12.016+0000] {dag.py:4180} INFO - Setting next_dagrun for mod_11_03_full_etl_consumer to None, run_after=None
[2026-05-10T21:26:12.026+0000] {processor.py:208} INFO - Processing /opt/airflow/dags/11_external_systems/03_full_etl_pipeline.py took 0.349 seconds
[2026-05-10T21:26:42.199+0000] {processor.py:186} INFO - Started process (PID=3259) to work on /opt/airflow/dags/11_external_systems/03_full_etl_pipeline.py
[2026-05-10T21:26:42.200+0000] {processor.py:914} INFO - Processing file /opt/airflow/dags/11_external_systems/03_full_etl_pipeline.py for tasks to queue
[2026-05-10T21:26:42.204+0000] {logging_mixin.py:190} INFO - [2026-05-10T21:26:42.204+0000] {dagbag.py:588} INFO - Filling up the DagBag from /opt/airflow/dags/11_external_systems/03_full_etl_pipeline.py
[2026-05-10T21:26:42.479+0000] {logging_mixin.py:190} WARNING - /opt/airflow/dags/11_external_systems/03_full_etl_pipeline.py:37 UserWarning: The dataset URI postgres://airflow/learning_users is not AIP-60 compliant: URI format postgres:// must contain database, schema, and table names. In Airflow 3, this will raise an exception.
[2026-05-10T21:26:42.481+0000] {processor.py:925} INFO - DAG(s) 'mod_11_03_full_etl', 'mod_11_03_full_etl_consumer' retrieved from /opt/airflow/dags/11_external_systems/03_full_etl_pipeline.py
[2026-05-10T21:26:42.490+0000] {logging_mixin.py:190} INFO - [2026-05-10T21:26:42.490+0000] {dag.py:3239} INFO - Sync 2 DAGs
[2026-05-10T21:26:42.502+0000] {logging_mixin.py:190} INFO - [2026-05-10T21:26:42.502+0000] {dag.py:4180} INFO - Setting next_dagrun for mod_11_03_full_etl to 2026-05-10 20:00:00+00:00, run_after=2026-05-10 21:00:00+00:00
[2026-05-10T21:26:42.503+0000] {logging_mixin.py:190} INFO - [2026-05-10T21:26:42.503+0000] {dag.py:4180} INFO - Setting next_dagrun for mod_11_03_full_etl_consumer to None, run_after=None
[2026-05-10T21:26:42.516+0000] {processor.py:208} INFO - Processing /opt/airflow/dags/11_external_systems/03_full_etl_pipeline.py took 0.325 seconds
[2026-05-10T21:27:12.823+0000] {processor.py:186} INFO - Started process (PID=3462) to work on /opt/airflow/dags/11_external_systems/03_full_etl_pipeline.py
[2026-05-10T21:27:12.825+0000] {processor.py:914} INFO - Processing file /opt/airflow/dags/11_external_systems/03_full_etl_pipeline.py for tasks to queue
[2026-05-10T21:27:12.828+0000] {logging_mixin.py:190} INFO - [2026-05-10T21:27:12.827+0000] {dagbag.py:588} INFO - Filling up the DagBag from /opt/airflow/dags/11_external_systems/03_full_etl_pipeline.py
[2026-05-10T21:27:13.053+0000] {logging_mixin.py:190} WARNING - /opt/airflow/dags/11_external_systems/03_full_etl_pipeline.py:37 UserWarning: The dataset URI postgres://airflow/learning_users is not AIP-60 compliant: URI format postgres:// must contain database, schema, and table names. In Airflow 3, this will raise an exception.
[2026-05-10T21:27:13.054+0000] {processor.py:925} INFO - DAG(s) 'mod_11_03_full_etl_consumer', 'mod_11_03_full_etl' retrieved from /opt/airflow/dags/11_external_systems/03_full_etl_pipeline.py
[2026-05-10T21:27:13.067+0000] {logging_mixin.py:190} INFO - [2026-05-10T21:27:13.067+0000] {dag.py:3239} INFO - Sync 2 DAGs
[2026-05-10T21:27:13.080+0000] {logging_mixin.py:190} INFO - [2026-05-10T21:27:13.080+0000] {dag.py:4180} INFO - Setting next_dagrun for mod_11_03_full_etl to 2026-05-10 20:00:00+00:00, run_after=2026-05-10 21:00:00+00:00
[2026-05-10T21:27:13.083+0000] {logging_mixin.py:190} INFO - [2026-05-10T21:27:13.082+0000] {dag.py:4180} INFO - Setting next_dagrun for mod_11_03_full_etl_consumer to None, run_after=None
[2026-05-10T21:27:13.092+0000] {processor.py:208} INFO - Processing /opt/airflow/dags/11_external_systems/03_full_etl_pipeline.py took 0.274 seconds
[2026-05-10T21:27:43.381+0000] {processor.py:186} INFO - Started process (PID=3665) to work on /opt/airflow/dags/11_external_systems/03_full_etl_pipeline.py
[2026-05-10T21:27:43.383+0000] {processor.py:914} INFO - Processing file /opt/airflow/dags/11_external_systems/03_full_etl_pipeline.py for tasks to queue
[2026-05-10T21:27:43.384+0000] {logging_mixin.py:190} INFO - [2026-05-10T21:27:43.384+0000] {dagbag.py:588} INFO - Filling up the DagBag from /opt/airflow/dags/11_external_systems/03_full_etl_pipeline.py
[2026-05-10T21:27:43.593+0000] {logging_mixin.py:190} WARNING - /opt/airflow/dags/11_external_systems/03_full_etl_pipeline.py:37 UserWarning: The dataset URI postgres://airflow/learning_users is not AIP-60 compliant: URI format postgres:// must contain database, schema, and table names. In Airflow 3, this will raise an exception.
[2026-05-10T21:27:43.594+0000] {processor.py:925} INFO - DAG(s) 'mod_11_03_full_etl', 'mod_11_03_full_etl_consumer' retrieved from /opt/airflow/dags/11_external_systems/03_full_etl_pipeline.py
[2026-05-10T21:27:43.609+0000] {logging_mixin.py:190} INFO - [2026-05-10T21:27:43.609+0000] {dag.py:3239} INFO - Sync 2 DAGs
[2026-05-10T21:27:43.616+0000] {logging_mixin.py:190} INFO - [2026-05-10T21:27:43.616+0000] {dag.py:4180} INFO - Setting next_dagrun for mod_11_03_full_etl to 2026-05-10 20:00:00+00:00, run_after=2026-05-10 21:00:00+00:00
[2026-05-10T21:27:43.619+0000] {logging_mixin.py:190} INFO - [2026-05-10T21:27:43.619+0000] {dag.py:4180} INFO - Setting next_dagrun for mod_11_03_full_etl_consumer to None, run_after=None
[2026-05-10T21:27:43.627+0000] {processor.py:208} INFO - Processing /opt/airflow/dags/11_external_systems/03_full_etl_pipeline.py took 0.252 seconds
[2026-05-10T21:28:13.855+0000] {processor.py:186} INFO - Started process (PID=3868) to work on /opt/airflow/dags/11_external_systems/03_full_etl_pipeline.py
[2026-05-10T21:28:13.856+0000] {processor.py:914} INFO - Processing file /opt/airflow/dags/11_external_systems/03_full_etl_pipeline.py for tasks to queue
[2026-05-10T21:28:13.857+0000] {logging_mixin.py:190} INFO - [2026-05-10T21:28:13.857+0000] {dagbag.py:588} INFO - Filling up the DagBag from /opt/airflow/dags/11_external_systems/03_full_etl_pipeline.py
[2026-05-10T21:28:14.066+0000] {logging_mixin.py:190} WARNING - /opt/airflow/dags/11_external_systems/03_full_etl_pipeline.py:37 UserWarning: The dataset URI postgres://airflow/learning_users is not AIP-60 compliant: URI format postgres:// must contain database, schema, and table names. In Airflow 3, this will raise an exception.
[2026-05-10T21:28:14.067+0000] {processor.py:925} INFO - DAG(s) 'mod_11_03_full_etl_consumer', 'mod_11_03_full_etl' retrieved from /opt/airflow/dags/11_external_systems/03_full_etl_pipeline.py
[2026-05-10T21:28:14.078+0000] {logging_mixin.py:190} INFO - [2026-05-10T21:28:14.078+0000] {dag.py:3239} INFO - Sync 2 DAGs
[2026-05-10T21:28:14.089+0000] {logging_mixin.py:190} INFO - [2026-05-10T21:28:14.089+0000] {dag.py:4180} INFO - Setting next_dagrun for mod_11_03_full_etl to 2026-05-10 20:00:00+00:00, run_after=2026-05-10 21:00:00+00:00
[2026-05-10T21:28:14.091+0000] {logging_mixin.py:190} INFO - [2026-05-10T21:28:14.091+0000] {dag.py:4180} INFO - Setting next_dagrun for mod_11_03_full_etl_consumer to None, run_after=None
[2026-05-10T21:28:14.101+0000] {processor.py:208} INFO - Processing /opt/airflow/dags/11_external_systems/03_full_etl_pipeline.py took 0.251 seconds
[2026-05-10T21:28:44.322+0000] {processor.py:186} INFO - Started process (PID=4071) to work on /opt/airflow/dags/11_external_systems/03_full_etl_pipeline.py
[2026-05-10T21:28:44.324+0000] {processor.py:914} INFO - Processing file /opt/airflow/dags/11_external_systems/03_full_etl_pipeline.py for tasks to queue
[2026-05-10T21:28:44.328+0000] {logging_mixin.py:190} INFO - [2026-05-10T21:28:44.327+0000] {dagbag.py:588} INFO - Filling up the DagBag from /opt/airflow/dags/11_external_systems/03_full_etl_pipeline.py
[2026-05-10T21:28:44.617+0000] {logging_mixin.py:190} WARNING - /opt/airflow/dags/11_external_systems/03_full_etl_pipeline.py:37 UserWarning: The dataset URI postgres://airflow/learning_users is not AIP-60 compliant: URI format postgres:// must contain database, schema, and table names. In Airflow 3, this will raise an exception.
[2026-05-10T21:28:44.619+0000] {processor.py:925} INFO - DAG(s) 'mod_11_03_full_etl', 'mod_11_03_full_etl_consumer' retrieved from /opt/airflow/dags/11_external_systems/03_full_etl_pipeline.py
[2026-05-10T21:28:44.634+0000] {logging_mixin.py:190} INFO - [2026-05-10T21:28:44.633+0000] {dag.py:3239} INFO - Sync 2 DAGs
[2026-05-10T21:28:44.643+0000] {logging_mixin.py:190} INFO - [2026-05-10T21:28:44.643+0000] {dag.py:4180} INFO - Setting next_dagrun for mod_11_03_full_etl to 2026-05-10 20:00:00+00:00, run_after=2026-05-10 21:00:00+00:00
[2026-05-10T21:28:44.644+0000] {logging_mixin.py:190} INFO - [2026-05-10T21:28:44.644+0000] {dag.py:4180} INFO - Setting next_dagrun for mod_11_03_full_etl_consumer to None, run_after=None
[2026-05-10T21:28:44.653+0000] {processor.py:208} INFO - Processing /opt/airflow/dags/11_external_systems/03_full_etl_pipeline.py took 0.338 seconds
[2026-05-10T21:29:14.949+0000] {processor.py:186} INFO - Started process (PID=4274) to work on /opt/airflow/dags/11_external_systems/03_full_etl_pipeline.py
[2026-05-10T21:29:14.950+0000] {processor.py:914} INFO - Processing file /opt/airflow/dags/11_external_systems/03_full_etl_pipeline.py for tasks to queue
[2026-05-10T21:29:14.952+0000] {logging_mixin.py:190} INFO - [2026-05-10T21:29:14.952+0000] {dagbag.py:588} INFO - Filling up the DagBag from /opt/airflow/dags/11_external_systems/03_full_etl_pipeline.py
[2026-05-10T21:29:15.175+0000] {logging_mixin.py:190} WARNING - /opt/airflow/dags/11_external_systems/03_full_etl_pipeline.py:37 UserWarning: The dataset URI postgres://airflow/learning_users is not AIP-60 compliant: URI format postgres:// must contain database, schema, and table names. In Airflow 3, this will raise an exception.
[2026-05-10T21:29:15.176+0000] {processor.py:925} INFO - DAG(s) 'mod_11_03_full_etl_consumer', 'mod_11_03_full_etl' retrieved from /opt/airflow/dags/11_external_systems/03_full_etl_pipeline.py
[2026-05-10T21:29:15.191+0000] {logging_mixin.py:190} INFO - [2026-05-10T21:29:15.190+0000] {dag.py:3239} INFO - Sync 2 DAGs
[2026-05-10T21:29:15.199+0000] {logging_mixin.py:190} INFO - [2026-05-10T21:29:15.199+0000] {dag.py:4180} INFO - Setting next_dagrun for mod_11_03_full_etl to 2026-05-10 20:00:00+00:00, run_after=2026-05-10 21:00:00+00:00
[2026-05-10T21:29:15.202+0000] {logging_mixin.py:190} INFO - [2026-05-10T21:29:15.202+0000] {dag.py:4180} INFO - Setting next_dagrun for mod_11_03_full_etl_consumer to None, run_after=None
[2026-05-10T21:29:15.208+0000] {processor.py:208} INFO - Processing /opt/airflow/dags/11_external_systems/03_full_etl_pipeline.py took 0.263 seconds
[2026-05-10T21:29:45.497+0000] {processor.py:186} INFO - Started process (PID=4477) to work on /opt/airflow/dags/11_external_systems/03_full_etl_pipeline.py
[2026-05-10T21:29:45.498+0000] {processor.py:914} INFO - Processing file /opt/airflow/dags/11_external_systems/03_full_etl_pipeline.py for tasks to queue
[2026-05-10T21:29:45.504+0000] {logging_mixin.py:190} INFO - [2026-05-10T21:29:45.503+0000] {dagbag.py:588} INFO - Filling up the DagBag from /opt/airflow/dags/11_external_systems/03_full_etl_pipeline.py
[2026-05-10T21:29:45.767+0000] {logging_mixin.py:190} WARNING - /opt/airflow/dags/11_external_systems/03_full_etl_pipeline.py:37 UserWarning: The dataset URI postgres://airflow/learning_users is not AIP-60 compliant: URI format postgres:// must contain database, schema, and table names. In Airflow 3, this will raise an exception.
[2026-05-10T21:29:45.768+0000] {processor.py:925} INFO - DAG(s) 'mod_11_03_full_etl_consumer', 'mod_11_03_full_etl' retrieved from /opt/airflow/dags/11_external_systems/03_full_etl_pipeline.py
[2026-05-10T21:29:45.779+0000] {logging_mixin.py:190} INFO - [2026-05-10T21:29:45.779+0000] {dag.py:3239} INFO - Sync 2 DAGs
[2026-05-10T21:29:45.790+0000] {logging_mixin.py:190} INFO - [2026-05-10T21:29:45.790+0000] {dag.py:4180} INFO - Setting next_dagrun for mod_11_03_full_etl to 2026-05-10 20:00:00+00:00, run_after=2026-05-10 21:00:00+00:00
[2026-05-10T21:29:45.792+0000] {logging_mixin.py:190} INFO - [2026-05-10T21:29:45.792+0000] {dag.py:4180} INFO - Setting next_dagrun for mod_11_03_full_etl_consumer to None, run_after=None
[2026-05-10T21:29:45.805+0000] {processor.py:208} INFO - Processing /opt/airflow/dags/11_external_systems/03_full_etl_pipeline.py took 0.317 seconds
[2026-05-10T21:30:15.985+0000] {processor.py:186} INFO - Started process (PID=4680) to work on /opt/airflow/dags/11_external_systems/03_full_etl_pipeline.py
[2026-05-10T21:30:15.986+0000] {processor.py:914} INFO - Processing file /opt/airflow/dags/11_external_systems/03_full_etl_pipeline.py for tasks to queue
[2026-05-10T21:30:15.988+0000] {logging_mixin.py:190} INFO - [2026-05-10T21:30:15.988+0000] {dagbag.py:588} INFO - Filling up the DagBag from /opt/airflow/dags/11_external_systems/03_full_etl_pipeline.py
[2026-05-10T21:30:16.201+0000] {logging_mixin.py:190} WARNING - /opt/airflow/dags/11_external_systems/03_full_etl_pipeline.py:37 UserWarning: The dataset URI postgres://airflow/learning_users is not AIP-60 compliant: URI format postgres:// must contain database, schema, and table names. In Airflow 3, this will raise an exception.
[2026-05-10T21:30:16.202+0000] {processor.py:925} INFO - DAG(s) 'mod_11_03_full_etl', 'mod_11_03_full_etl_consumer' retrieved from /opt/airflow/dags/11_external_systems/03_full_etl_pipeline.py
[2026-05-10T21:30:16.214+0000] {logging_mixin.py:190} INFO - [2026-05-10T21:30:16.213+0000] {dag.py:3239} INFO - Sync 2 DAGs
[2026-05-10T21:30:16.225+0000] {logging_mixin.py:190} INFO - [2026-05-10T21:30:16.225+0000] {dag.py:4180} INFO - Setting next_dagrun for mod_11_03_full_etl to 2026-05-10 20:00:00+00:00, run_after=2026-05-10 21:00:00+00:00
[2026-05-10T21:30:16.226+0000] {logging_mixin.py:190} INFO - [2026-05-10T21:30:16.226+0000] {dag.py:4180} INFO - Setting next_dagrun for mod_11_03_full_etl_consumer to None, run_after=None
[2026-05-10T21:30:16.236+0000] {processor.py:208} INFO - Processing /opt/airflow/dags/11_external_systems/03_full_etl_pipeline.py took 0.256 seconds
