[2026-05-10T21:19:06.115+0000] {processor.py:186} INFO - Started process (PID=348) to work on /opt/airflow/dags/03_dependencies/01_bitshift_deps.py
[2026-05-10T21:19:06.116+0000] {processor.py:914} INFO - Processing file /opt/airflow/dags/03_dependencies/01_bitshift_deps.py for tasks to queue
[2026-05-10T21:19:06.117+0000] {logging_mixin.py:190} INFO - [2026-05-10T21:19:06.117+0000] {dagbag.py:588} INFO - Filling up the DagBag from /opt/airflow/dags/03_dependencies/01_bitshift_deps.py
[2026-05-10T21:19:06.124+0000] {processor.py:925} INFO - DAG(s) 'mod_03_01_bitshift_deps' retrieved from /opt/airflow/dags/03_dependencies/01_bitshift_deps.py
[2026-05-10T21:19:06.180+0000] {logging_mixin.py:190} INFO - [2026-05-10T21:19:06.179+0000] {override.py:1912} INFO - Created Permission View: can delete on DAG:mod_03_01_bitshift_deps
[2026-05-10T21:19:06.183+0000] {logging_mixin.py:190} INFO - [2026-05-10T21:19:06.183+0000] {override.py:1912} INFO - Created Permission View: can edit on DAG:mod_03_01_bitshift_deps
[2026-05-10T21:19:06.187+0000] {logging_mixin.py:190} INFO - [2026-05-10T21:19:06.187+0000] {override.py:1912} INFO - Created Permission View: can read on DAG:mod_03_01_bitshift_deps
[2026-05-10T21:19:06.189+0000] {logging_mixin.py:190} INFO - [2026-05-10T21:19:06.189+0000] {override.py:1912} INFO - Created Permission View: can delete on DAG Run:mod_03_01_bitshift_deps
[2026-05-10T21:19:06.193+0000] {logging_mixin.py:190} INFO - [2026-05-10T21:19:06.193+0000] {override.py:1912} INFO - Created Permission View: menu access on DAG Run:mod_03_01_bitshift_deps
[2026-05-10T21:19:06.195+0000] {logging_mixin.py:190} INFO - [2026-05-10T21:19:06.195+0000] {override.py:1912} INFO - Created Permission View: can create on DAG Run:mod_03_01_bitshift_deps
[2026-05-10T21:19:06.197+0000] {logging_mixin.py:190} INFO - [2026-05-10T21:19:06.196+0000] {override.py:1912} INFO - Created Permission View: can read on DAG Run:mod_03_01_bitshift_deps
[2026-05-10T21:19:06.197+0000] {logging_mixin.py:190} INFO - [2026-05-10T21:19:06.197+0000] {dag.py:3239} INFO - Sync 1 DAGs
[2026-05-10T21:19:06.204+0000] {logging_mixin.py:190} INFO - [2026-05-10T21:19:06.204+0000] {dag.py:3262} INFO - Creating ORM DAG for mod_03_01_bitshift_deps
[2026-05-10T21:19:06.205+0000] {logging_mixin.py:190} INFO - [2026-05-10T21:19:06.205+0000] {dag.py:4180} INFO - Setting next_dagrun for mod_03_01_bitshift_deps to None, run_after=None
[2026-05-10T21:19:06.215+0000] {processor.py:208} INFO - Processing /opt/airflow/dags/03_dependencies/01_bitshift_deps.py took 0.103 seconds
[2026-05-10T21:19:36.997+0000] {processor.py:186} INFO - Started process (PID=551) to work on /opt/airflow/dags/03_dependencies/01_bitshift_deps.py
[2026-05-10T21:19:36.997+0000] {processor.py:914} INFO - Processing file /opt/airflow/dags/03_dependencies/01_bitshift_deps.py for tasks to queue
[2026-05-10T21:19:36.999+0000] {logging_mixin.py:190} INFO - [2026-05-10T21:19:36.999+0000] {dagbag.py:588} INFO - Filling up the DagBag from /opt/airflow/dags/03_dependencies/01_bitshift_deps.py
[2026-05-10T21:19:37.005+0000] {processor.py:925} INFO - DAG(s) 'mod_03_01_bitshift_deps' retrieved from /opt/airflow/dags/03_dependencies/01_bitshift_deps.py
[2026-05-10T21:19:37.015+0000] {logging_mixin.py:190} INFO - [2026-05-10T21:19:37.015+0000] {dag.py:3239} INFO - Sync 1 DAGs
[2026-05-10T21:19:37.020+0000] {logging_mixin.py:190} INFO - [2026-05-10T21:19:37.020+0000] {dag.py:4180} INFO - Setting next_dagrun for mod_03_01_bitshift_deps to None, run_after=None
[2026-05-10T21:19:37.030+0000] {processor.py:208} INFO - Processing /opt/airflow/dags/03_dependencies/01_bitshift_deps.py took 0.036 seconds
[2026-05-10T21:20:07.455+0000] {processor.py:186} INFO - Started process (PID=754) to work on /opt/airflow/dags/03_dependencies/01_bitshift_deps.py
[2026-05-10T21:20:07.455+0000] {processor.py:914} INFO - Processing file /opt/airflow/dags/03_dependencies/01_bitshift_deps.py for tasks to queue
[2026-05-10T21:20:07.456+0000] {logging_mixin.py:190} INFO - [2026-05-10T21:20:07.456+0000] {dagbag.py:588} INFO - Filling up the DagBag from /opt/airflow/dags/03_dependencies/01_bitshift_deps.py
[2026-05-10T21:20:07.463+0000] {processor.py:925} INFO - DAG(s) 'mod_03_01_bitshift_deps' retrieved from /opt/airflow/dags/03_dependencies/01_bitshift_deps.py
[2026-05-10T21:20:07.472+0000] {logging_mixin.py:190} INFO - [2026-05-10T21:20:07.471+0000] {dag.py:3239} INFO - Sync 1 DAGs
[2026-05-10T21:20:07.476+0000] {logging_mixin.py:190} INFO - [2026-05-10T21:20:07.476+0000] {dag.py:4180} INFO - Setting next_dagrun for mod_03_01_bitshift_deps to None, run_after=None
[2026-05-10T21:20:07.486+0000] {processor.py:208} INFO - Processing /opt/airflow/dags/03_dependencies/01_bitshift_deps.py took 0.034 seconds
[2026-05-10T21:20:38.073+0000] {processor.py:186} INFO - Started process (PID=957) to work on /opt/airflow/dags/03_dependencies/01_bitshift_deps.py
[2026-05-10T21:20:38.074+0000] {processor.py:914} INFO - Processing file /opt/airflow/dags/03_dependencies/01_bitshift_deps.py for tasks to queue
[2026-05-10T21:20:38.075+0000] {logging_mixin.py:190} INFO - [2026-05-10T21:20:38.075+0000] {dagbag.py:588} INFO - Filling up the DagBag from /opt/airflow/dags/03_dependencies/01_bitshift_deps.py
[2026-05-10T21:20:38.079+0000] {processor.py:925} INFO - DAG(s) 'mod_03_01_bitshift_deps' retrieved from /opt/airflow/dags/03_dependencies/01_bitshift_deps.py
[2026-05-10T21:20:38.091+0000] {logging_mixin.py:190} INFO - [2026-05-10T21:20:38.091+0000] {dag.py:3239} INFO - Sync 1 DAGs
[2026-05-10T21:20:38.098+0000] {logging_mixin.py:190} INFO - [2026-05-10T21:20:38.098+0000] {dag.py:4180} INFO - Setting next_dagrun for mod_03_01_bitshift_deps to None, run_after=None
[2026-05-10T21:20:38.110+0000] {processor.py:208} INFO - Processing /opt/airflow/dags/03_dependencies/01_bitshift_deps.py took 0.039 seconds
[2026-05-10T21:21:08.583+0000] {processor.py:186} INFO - Started process (PID=1160) to work on /opt/airflow/dags/03_dependencies/01_bitshift_deps.py
[2026-05-10T21:21:08.584+0000] {processor.py:914} INFO - Processing file /opt/airflow/dags/03_dependencies/01_bitshift_deps.py for tasks to queue
[2026-05-10T21:21:08.585+0000] {logging_mixin.py:190} INFO - [2026-05-10T21:21:08.585+0000] {dagbag.py:588} INFO - Filling up the DagBag from /opt/airflow/dags/03_dependencies/01_bitshift_deps.py
[2026-05-10T21:21:08.592+0000] {processor.py:925} INFO - DAG(s) 'mod_03_01_bitshift_deps' retrieved from /opt/airflow/dags/03_dependencies/01_bitshift_deps.py
[2026-05-10T21:21:08.605+0000] {logging_mixin.py:190} INFO - [2026-05-10T21:21:08.605+0000] {dag.py:3239} INFO - Sync 1 DAGs
[2026-05-10T21:21:08.611+0000] {logging_mixin.py:190} INFO - [2026-05-10T21:21:08.611+0000] {dag.py:4180} INFO - Setting next_dagrun for mod_03_01_bitshift_deps to None, run_after=None
[2026-05-10T21:21:08.618+0000] {processor.py:208} INFO - Processing /opt/airflow/dags/03_dependencies/01_bitshift_deps.py took 0.037 seconds
[2026-05-10T21:21:39.133+0000] {processor.py:186} INFO - Started process (PID=1363) to work on /opt/airflow/dags/03_dependencies/01_bitshift_deps.py
[2026-05-10T21:21:39.134+0000] {processor.py:914} INFO - Processing file /opt/airflow/dags/03_dependencies/01_bitshift_deps.py for tasks to queue
[2026-05-10T21:21:39.135+0000] {logging_mixin.py:190} INFO - [2026-05-10T21:21:39.135+0000] {dagbag.py:588} INFO - Filling up the DagBag from /opt/airflow/dags/03_dependencies/01_bitshift_deps.py
[2026-05-10T21:21:39.141+0000] {processor.py:925} INFO - DAG(s) 'mod_03_01_bitshift_deps' retrieved from /opt/airflow/dags/03_dependencies/01_bitshift_deps.py
[2026-05-10T21:21:39.153+0000] {logging_mixin.py:190} INFO - [2026-05-10T21:21:39.153+0000] {dag.py:3239} INFO - Sync 1 DAGs
[2026-05-10T21:21:39.162+0000] {logging_mixin.py:190} INFO - [2026-05-10T21:21:39.161+0000] {dag.py:4180} INFO - Setting next_dagrun for mod_03_01_bitshift_deps to None, run_after=None
[2026-05-10T21:21:39.171+0000] {processor.py:208} INFO - Processing /opt/airflow/dags/03_dependencies/01_bitshift_deps.py took 0.039 seconds
[2026-05-10T21:22:09.581+0000] {processor.py:186} INFO - Started process (PID=1566) to work on /opt/airflow/dags/03_dependencies/01_bitshift_deps.py
[2026-05-10T21:22:09.582+0000] {processor.py:914} INFO - Processing file /opt/airflow/dags/03_dependencies/01_bitshift_deps.py for tasks to queue
[2026-05-10T21:22:09.583+0000] {logging_mixin.py:190} INFO - [2026-05-10T21:22:09.583+0000] {dagbag.py:588} INFO - Filling up the DagBag from /opt/airflow/dags/03_dependencies/01_bitshift_deps.py
[2026-05-10T21:22:09.590+0000] {processor.py:925} INFO - DAG(s) 'mod_03_01_bitshift_deps' retrieved from /opt/airflow/dags/03_dependencies/01_bitshift_deps.py
[2026-05-10T21:22:09.601+0000] {logging_mixin.py:190} INFO - [2026-05-10T21:22:09.601+0000] {dag.py:3239} INFO - Sync 1 DAGs
[2026-05-10T21:22:09.607+0000] {logging_mixin.py:190} INFO - [2026-05-10T21:22:09.607+0000] {dag.py:4180} INFO - Setting next_dagrun for mod_03_01_bitshift_deps to None, run_after=None
[2026-05-10T21:22:09.616+0000] {processor.py:208} INFO - Processing /opt/airflow/dags/03_dependencies/01_bitshift_deps.py took 0.038 seconds
[2026-05-10T21:22:40.060+0000] {processor.py:186} INFO - Started process (PID=1769) to work on /opt/airflow/dags/03_dependencies/01_bitshift_deps.py
[2026-05-10T21:22:40.061+0000] {processor.py:914} INFO - Processing file /opt/airflow/dags/03_dependencies/01_bitshift_deps.py for tasks to queue
[2026-05-10T21:22:40.063+0000] {logging_mixin.py:190} INFO - [2026-05-10T21:22:40.062+0000] {dagbag.py:588} INFO - Filling up the DagBag from /opt/airflow/dags/03_dependencies/01_bitshift_deps.py
[2026-05-10T21:22:40.070+0000] {processor.py:925} INFO - DAG(s) 'mod_03_01_bitshift_deps' retrieved from /opt/airflow/dags/03_dependencies/01_bitshift_deps.py
[2026-05-10T21:22:40.081+0000] {logging_mixin.py:190} INFO - [2026-05-10T21:22:40.081+0000] {dag.py:3239} INFO - Sync 1 DAGs
[2026-05-10T21:22:40.087+0000] {logging_mixin.py:190} INFO - [2026-05-10T21:22:40.087+0000] {dag.py:4180} INFO - Setting next_dagrun for mod_03_01_bitshift_deps to None, run_after=None
[2026-05-10T21:22:40.096+0000] {processor.py:208} INFO - Processing /opt/airflow/dags/03_dependencies/01_bitshift_deps.py took 0.038 seconds
[2026-05-10T21:23:10.499+0000] {processor.py:186} INFO - Started process (PID=1972) to work on /opt/airflow/dags/03_dependencies/01_bitshift_deps.py
[2026-05-10T21:23:10.500+0000] {processor.py:914} INFO - Processing file /opt/airflow/dags/03_dependencies/01_bitshift_deps.py for tasks to queue
[2026-05-10T21:23:10.502+0000] {logging_mixin.py:190} INFO - [2026-05-10T21:23:10.502+0000] {dagbag.py:588} INFO - Filling up the DagBag from /opt/airflow/dags/03_dependencies/01_bitshift_deps.py
[2026-05-10T21:23:10.508+0000] {processor.py:925} INFO - DAG(s) 'mod_03_01_bitshift_deps' retrieved from /opt/airflow/dags/03_dependencies/01_bitshift_deps.py
[2026-05-10T21:23:10.523+0000] {logging_mixin.py:190} INFO - [2026-05-10T21:23:10.523+0000] {dag.py:3239} INFO - Sync 1 DAGs
[2026-05-10T21:23:10.530+0000] {logging_mixin.py:190} INFO - [2026-05-10T21:23:10.530+0000] {dag.py:4180} INFO - Setting next_dagrun for mod_03_01_bitshift_deps to None, run_after=None
[2026-05-10T21:23:10.539+0000] {processor.py:208} INFO - Processing /opt/airflow/dags/03_dependencies/01_bitshift_deps.py took 0.042 seconds
[2026-05-10T21:23:40.975+0000] {processor.py:186} INFO - Started process (PID=2175) to work on /opt/airflow/dags/03_dependencies/01_bitshift_deps.py
[2026-05-10T21:23:40.976+0000] {processor.py:914} INFO - Processing file /opt/airflow/dags/03_dependencies/01_bitshift_deps.py for tasks to queue
[2026-05-10T21:23:40.978+0000] {logging_mixin.py:190} INFO - [2026-05-10T21:23:40.977+0000] {dagbag.py:588} INFO - Filling up the DagBag from /opt/airflow/dags/03_dependencies/01_bitshift_deps.py
[2026-05-10T21:23:40.983+0000] {processor.py:925} INFO - DAG(s) 'mod_03_01_bitshift_deps' retrieved from /opt/airflow/dags/03_dependencies/01_bitshift_deps.py
[2026-05-10T21:23:40.995+0000] {logging_mixin.py:190} INFO - [2026-05-10T21:23:40.995+0000] {dag.py:3239} INFO - Sync 1 DAGs
[2026-05-10T21:23:41.000+0000] {logging_mixin.py:190} INFO - [2026-05-10T21:23:41.000+0000] {dag.py:4180} INFO - Setting next_dagrun for mod_03_01_bitshift_deps to None, run_after=None
[2026-05-10T21:23:41.008+0000] {processor.py:208} INFO - Processing /opt/airflow/dags/03_dependencies/01_bitshift_deps.py took 0.035 seconds
[2026-05-10T21:24:11.527+0000] {processor.py:186} INFO - Started process (PID=2392) to work on /opt/airflow/dags/03_dependencies/01_bitshift_deps.py
[2026-05-10T21:24:11.528+0000] {processor.py:914} INFO - Processing file /opt/airflow/dags/03_dependencies/01_bitshift_deps.py for tasks to queue
[2026-05-10T21:24:11.529+0000] {logging_mixin.py:190} INFO - [2026-05-10T21:24:11.529+0000] {dagbag.py:588} INFO - Filling up the DagBag from /opt/airflow/dags/03_dependencies/01_bitshift_deps.py
[2026-05-10T21:24:11.533+0000] {processor.py:925} INFO - DAG(s) 'mod_03_01_bitshift_deps' retrieved from /opt/airflow/dags/03_dependencies/01_bitshift_deps.py
[2026-05-10T21:24:11.548+0000] {logging_mixin.py:190} INFO - [2026-05-10T21:24:11.548+0000] {dag.py:3239} INFO - Sync 1 DAGs
[2026-05-10T21:24:11.553+0000] {logging_mixin.py:190} INFO - [2026-05-10T21:24:11.553+0000] {dag.py:4180} INFO - Setting next_dagrun for mod_03_01_bitshift_deps to None, run_after=None
[2026-05-10T21:24:11.562+0000] {processor.py:208} INFO - Processing /opt/airflow/dags/03_dependencies/01_bitshift_deps.py took 0.037 seconds
[2026-05-10T21:24:42.016+0000] {processor.py:186} INFO - Started process (PID=2595) to work on /opt/airflow/dags/03_dependencies/01_bitshift_deps.py
[2026-05-10T21:24:42.017+0000] {processor.py:914} INFO - Processing file /opt/airflow/dags/03_dependencies/01_bitshift_deps.py for tasks to queue
[2026-05-10T21:24:42.018+0000] {logging_mixin.py:190} INFO - [2026-05-10T21:24:42.018+0000] {dagbag.py:588} INFO - Filling up the DagBag from /opt/airflow/dags/03_dependencies/01_bitshift_deps.py
[2026-05-10T21:24:42.022+0000] {processor.py:925} INFO - DAG(s) 'mod_03_01_bitshift_deps' retrieved from /opt/airflow/dags/03_dependencies/01_bitshift_deps.py
[2026-05-10T21:24:42.033+0000] {logging_mixin.py:190} INFO - [2026-05-10T21:24:42.033+0000] {dag.py:3239} INFO - Sync 1 DAGs
[2026-05-10T21:24:42.040+0000] {logging_mixin.py:190} INFO - [2026-05-10T21:24:42.040+0000] {dag.py:4180} INFO - Setting next_dagrun for mod_03_01_bitshift_deps to None, run_after=None
[2026-05-10T21:24:42.051+0000] {processor.py:208} INFO - Processing /opt/airflow/dags/03_dependencies/01_bitshift_deps.py took 0.037 seconds
[2026-05-10T21:25:12.512+0000] {processor.py:186} INFO - Started process (PID=2798) to work on /opt/airflow/dags/03_dependencies/01_bitshift_deps.py
[2026-05-10T21:25:12.513+0000] {processor.py:914} INFO - Processing file /opt/airflow/dags/03_dependencies/01_bitshift_deps.py for tasks to queue
[2026-05-10T21:25:12.515+0000] {logging_mixin.py:190} INFO - [2026-05-10T21:25:12.515+0000] {dagbag.py:588} INFO - Filling up the DagBag from /opt/airflow/dags/03_dependencies/01_bitshift_deps.py
[2026-05-10T21:25:12.521+0000] {processor.py:925} INFO - DAG(s) 'mod_03_01_bitshift_deps' retrieved from /opt/airflow/dags/03_dependencies/01_bitshift_deps.py
[2026-05-10T21:25:12.538+0000] {logging_mixin.py:190} INFO - [2026-05-10T21:25:12.538+0000] {dag.py:3239} INFO - Sync 1 DAGs
[2026-05-10T21:25:12.543+0000] {logging_mixin.py:190} INFO - [2026-05-10T21:25:12.543+0000] {dag.py:4180} INFO - Setting next_dagrun for mod_03_01_bitshift_deps to None, run_after=None
[2026-05-10T21:25:12.551+0000] {processor.py:208} INFO - Processing /opt/airflow/dags/03_dependencies/01_bitshift_deps.py took 0.042 seconds
[2026-05-10T21:25:43.099+0000] {processor.py:186} INFO - Started process (PID=3003) to work on /opt/airflow/dags/03_dependencies/01_bitshift_deps.py
[2026-05-10T21:25:43.099+0000] {processor.py:914} INFO - Processing file /opt/airflow/dags/03_dependencies/01_bitshift_deps.py for tasks to queue
[2026-05-10T21:25:43.100+0000] {logging_mixin.py:190} INFO - [2026-05-10T21:25:43.100+0000] {dagbag.py:588} INFO - Filling up the DagBag from /opt/airflow/dags/03_dependencies/01_bitshift_deps.py
[2026-05-10T21:25:43.104+0000] {processor.py:925} INFO - DAG(s) 'mod_03_01_bitshift_deps' retrieved from /opt/airflow/dags/03_dependencies/01_bitshift_deps.py
[2026-05-10T21:25:43.112+0000] {logging_mixin.py:190} INFO - [2026-05-10T21:25:43.112+0000] {dag.py:3239} INFO - Sync 1 DAGs
[2026-05-10T21:25:43.117+0000] {logging_mixin.py:190} INFO - [2026-05-10T21:25:43.117+0000] {dag.py:4180} INFO - Setting next_dagrun for mod_03_01_bitshift_deps to None, run_after=None
[2026-05-10T21:25:43.123+0000] {processor.py:208} INFO - Processing /opt/airflow/dags/03_dependencies/01_bitshift_deps.py took 0.027 seconds
[2026-05-10T21:26:13.675+0000] {processor.py:186} INFO - Started process (PID=3204) to work on /opt/airflow/dags/03_dependencies/01_bitshift_deps.py
[2026-05-10T21:26:13.676+0000] {processor.py:914} INFO - Processing file /opt/airflow/dags/03_dependencies/01_bitshift_deps.py for tasks to queue
[2026-05-10T21:26:13.677+0000] {logging_mixin.py:190} INFO - [2026-05-10T21:26:13.677+0000] {dagbag.py:588} INFO - Filling up the DagBag from /opt/airflow/dags/03_dependencies/01_bitshift_deps.py
[2026-05-10T21:26:13.681+0000] {processor.py:925} INFO - DAG(s) 'mod_03_01_bitshift_deps' retrieved from /opt/airflow/dags/03_dependencies/01_bitshift_deps.py
[2026-05-10T21:26:13.691+0000] {logging_mixin.py:190} INFO - [2026-05-10T21:26:13.691+0000] {dag.py:3239} INFO - Sync 1 DAGs
[2026-05-10T21:26:13.698+0000] {logging_mixin.py:190} INFO - [2026-05-10T21:26:13.698+0000] {dag.py:4180} INFO - Setting next_dagrun for mod_03_01_bitshift_deps to None, run_after=None
[2026-05-10T21:26:13.708+0000] {processor.py:208} INFO - Processing /opt/airflow/dags/03_dependencies/01_bitshift_deps.py took 0.037 seconds
[2026-05-10T21:26:44.195+0000] {processor.py:186} INFO - Started process (PID=3407) to work on /opt/airflow/dags/03_dependencies/01_bitshift_deps.py
[2026-05-10T21:26:44.196+0000] {processor.py:914} INFO - Processing file /opt/airflow/dags/03_dependencies/01_bitshift_deps.py for tasks to queue
[2026-05-10T21:26:44.199+0000] {logging_mixin.py:190} INFO - [2026-05-10T21:26:44.198+0000] {dagbag.py:588} INFO - Filling up the DagBag from /opt/airflow/dags/03_dependencies/01_bitshift_deps.py
[2026-05-10T21:26:44.205+0000] {processor.py:925} INFO - DAG(s) 'mod_03_01_bitshift_deps' retrieved from /opt/airflow/dags/03_dependencies/01_bitshift_deps.py
[2026-05-10T21:26:44.219+0000] {logging_mixin.py:190} INFO - [2026-05-10T21:26:44.219+0000] {dag.py:3239} INFO - Sync 1 DAGs
[2026-05-10T21:26:44.225+0000] {logging_mixin.py:190} INFO - [2026-05-10T21:26:44.225+0000] {dag.py:4180} INFO - Setting next_dagrun for mod_03_01_bitshift_deps to None, run_after=None
[2026-05-10T21:26:44.234+0000] {processor.py:208} INFO - Processing /opt/airflow/dags/03_dependencies/01_bitshift_deps.py took 0.043 seconds
[2026-05-10T21:27:14.776+0000] {processor.py:186} INFO - Started process (PID=3610) to work on /opt/airflow/dags/03_dependencies/01_bitshift_deps.py
[2026-05-10T21:27:14.776+0000] {processor.py:914} INFO - Processing file /opt/airflow/dags/03_dependencies/01_bitshift_deps.py for tasks to queue
[2026-05-10T21:27:14.781+0000] {logging_mixin.py:190} INFO - [2026-05-10T21:27:14.778+0000] {dagbag.py:588} INFO - Filling up the DagBag from /opt/airflow/dags/03_dependencies/01_bitshift_deps.py
[2026-05-10T21:27:14.784+0000] {processor.py:925} INFO - DAG(s) 'mod_03_01_bitshift_deps' retrieved from /opt/airflow/dags/03_dependencies/01_bitshift_deps.py
[2026-05-10T21:27:14.797+0000] {logging_mixin.py:190} INFO - [2026-05-10T21:27:14.797+0000] {dag.py:3239} INFO - Sync 1 DAGs
[2026-05-10T21:27:14.802+0000] {logging_mixin.py:190} INFO - [2026-05-10T21:27:14.802+0000] {dag.py:4180} INFO - Setting next_dagrun for mod_03_01_bitshift_deps to None, run_after=None
[2026-05-10T21:27:14.813+0000] {processor.py:208} INFO - Processing /opt/airflow/dags/03_dependencies/01_bitshift_deps.py took 0.040 seconds
[2026-05-10T21:27:45.258+0000] {processor.py:186} INFO - Started process (PID=3813) to work on /opt/airflow/dags/03_dependencies/01_bitshift_deps.py
[2026-05-10T21:27:45.259+0000] {processor.py:914} INFO - Processing file /opt/airflow/dags/03_dependencies/01_bitshift_deps.py for tasks to queue
[2026-05-10T21:27:45.260+0000] {logging_mixin.py:190} INFO - [2026-05-10T21:27:45.260+0000] {dagbag.py:588} INFO - Filling up the DagBag from /opt/airflow/dags/03_dependencies/01_bitshift_deps.py
[2026-05-10T21:27:45.266+0000] {processor.py:925} INFO - DAG(s) 'mod_03_01_bitshift_deps' retrieved from /opt/airflow/dags/03_dependencies/01_bitshift_deps.py
[2026-05-10T21:27:45.276+0000] {logging_mixin.py:190} INFO - [2026-05-10T21:27:45.276+0000] {dag.py:3239} INFO - Sync 1 DAGs
[2026-05-10T21:27:45.281+0000] {logging_mixin.py:190} INFO - [2026-05-10T21:27:45.281+0000] {dag.py:4180} INFO - Setting next_dagrun for mod_03_01_bitshift_deps to None, run_after=None
[2026-05-10T21:27:45.290+0000] {processor.py:208} INFO - Processing /opt/airflow/dags/03_dependencies/01_bitshift_deps.py took 0.034 seconds
[2026-05-10T21:28:15.743+0000] {processor.py:186} INFO - Started process (PID=4016) to work on /opt/airflow/dags/03_dependencies/01_bitshift_deps.py
[2026-05-10T21:28:15.743+0000] {processor.py:914} INFO - Processing file /opt/airflow/dags/03_dependencies/01_bitshift_deps.py for tasks to queue
[2026-05-10T21:28:15.746+0000] {logging_mixin.py:190} INFO - [2026-05-10T21:28:15.745+0000] {dagbag.py:588} INFO - Filling up the DagBag from /opt/airflow/dags/03_dependencies/01_bitshift_deps.py
[2026-05-10T21:28:15.751+0000] {processor.py:925} INFO - DAG(s) 'mod_03_01_bitshift_deps' retrieved from /opt/airflow/dags/03_dependencies/01_bitshift_deps.py
[2026-05-10T21:28:15.763+0000] {logging_mixin.py:190} INFO - [2026-05-10T21:28:15.763+0000] {dag.py:3239} INFO - Sync 1 DAGs
[2026-05-10T21:28:15.768+0000] {logging_mixin.py:190} INFO - [2026-05-10T21:28:15.768+0000] {dag.py:4180} INFO - Setting next_dagrun for mod_03_01_bitshift_deps to None, run_after=None
[2026-05-10T21:28:15.777+0000] {processor.py:208} INFO - Processing /opt/airflow/dags/03_dependencies/01_bitshift_deps.py took 0.036 seconds
[2026-05-10T21:28:46.280+0000] {processor.py:186} INFO - Started process (PID=4219) to work on /opt/airflow/dags/03_dependencies/01_bitshift_deps.py
[2026-05-10T21:28:46.280+0000] {processor.py:914} INFO - Processing file /opt/airflow/dags/03_dependencies/01_bitshift_deps.py for tasks to queue
[2026-05-10T21:28:46.282+0000] {logging_mixin.py:190} INFO - [2026-05-10T21:28:46.282+0000] {dagbag.py:588} INFO - Filling up the DagBag from /opt/airflow/dags/03_dependencies/01_bitshift_deps.py
[2026-05-10T21:28:46.288+0000] {processor.py:925} INFO - DAG(s) 'mod_03_01_bitshift_deps' retrieved from /opt/airflow/dags/03_dependencies/01_bitshift_deps.py
[2026-05-10T21:28:46.301+0000] {logging_mixin.py:190} INFO - [2026-05-10T21:28:46.301+0000] {dag.py:3239} INFO - Sync 1 DAGs
[2026-05-10T21:28:46.306+0000] {logging_mixin.py:190} INFO - [2026-05-10T21:28:46.306+0000] {dag.py:4180} INFO - Setting next_dagrun for mod_03_01_bitshift_deps to None, run_after=None
[2026-05-10T21:28:46.315+0000] {processor.py:208} INFO - Processing /opt/airflow/dags/03_dependencies/01_bitshift_deps.py took 0.038 seconds
[2026-05-10T21:29:16.841+0000] {processor.py:186} INFO - Started process (PID=4422) to work on /opt/airflow/dags/03_dependencies/01_bitshift_deps.py
[2026-05-10T21:29:16.842+0000] {processor.py:914} INFO - Processing file /opt/airflow/dags/03_dependencies/01_bitshift_deps.py for tasks to queue
[2026-05-10T21:29:16.843+0000] {logging_mixin.py:190} INFO - [2026-05-10T21:29:16.843+0000] {dagbag.py:588} INFO - Filling up the DagBag from /opt/airflow/dags/03_dependencies/01_bitshift_deps.py
[2026-05-10T21:29:16.849+0000] {processor.py:925} INFO - DAG(s) 'mod_03_01_bitshift_deps' retrieved from /opt/airflow/dags/03_dependencies/01_bitshift_deps.py
[2026-05-10T21:29:16.864+0000] {logging_mixin.py:190} INFO - [2026-05-10T21:29:16.864+0000] {dag.py:3239} INFO - Sync 1 DAGs
[2026-05-10T21:29:16.871+0000] {logging_mixin.py:190} INFO - [2026-05-10T21:29:16.871+0000] {dag.py:4180} INFO - Setting next_dagrun for mod_03_01_bitshift_deps to None, run_after=None
[2026-05-10T21:29:16.881+0000] {processor.py:208} INFO - Processing /opt/airflow/dags/03_dependencies/01_bitshift_deps.py took 0.042 seconds
[2026-05-10T21:29:47.412+0000] {processor.py:186} INFO - Started process (PID=4627) to work on /opt/airflow/dags/03_dependencies/01_bitshift_deps.py
[2026-05-10T21:29:47.412+0000] {processor.py:914} INFO - Processing file /opt/airflow/dags/03_dependencies/01_bitshift_deps.py for tasks to queue
[2026-05-10T21:29:47.413+0000] {logging_mixin.py:190} INFO - [2026-05-10T21:29:47.413+0000] {dagbag.py:588} INFO - Filling up the DagBag from /opt/airflow/dags/03_dependencies/01_bitshift_deps.py
[2026-05-10T21:29:47.417+0000] {processor.py:925} INFO - DAG(s) 'mod_03_01_bitshift_deps' retrieved from /opt/airflow/dags/03_dependencies/01_bitshift_deps.py
[2026-05-10T21:29:47.425+0000] {logging_mixin.py:190} INFO - [2026-05-10T21:29:47.425+0000] {dag.py:3239} INFO - Sync 1 DAGs
[2026-05-10T21:29:47.429+0000] {logging_mixin.py:190} INFO - [2026-05-10T21:29:47.429+0000] {dag.py:4180} INFO - Setting next_dagrun for mod_03_01_bitshift_deps to None, run_after=None
[2026-05-10T21:29:47.440+0000] {processor.py:208} INFO - Processing /opt/airflow/dags/03_dependencies/01_bitshift_deps.py took 0.031 seconds
[2026-05-10T21:30:17.880+0000] {processor.py:186} INFO - Started process (PID=4828) to work on /opt/airflow/dags/03_dependencies/01_bitshift_deps.py
[2026-05-10T21:30:17.881+0000] {processor.py:914} INFO - Processing file /opt/airflow/dags/03_dependencies/01_bitshift_deps.py for tasks to queue
[2026-05-10T21:30:17.883+0000] {logging_mixin.py:190} INFO - [2026-05-10T21:30:17.883+0000] {dagbag.py:588} INFO - Filling up the DagBag from /opt/airflow/dags/03_dependencies/01_bitshift_deps.py
[2026-05-10T21:30:17.889+0000] {processor.py:925} INFO - DAG(s) 'mod_03_01_bitshift_deps' retrieved from /opt/airflow/dags/03_dependencies/01_bitshift_deps.py
[2026-05-10T21:30:17.905+0000] {logging_mixin.py:190} INFO - [2026-05-10T21:30:17.905+0000] {dag.py:3239} INFO - Sync 1 DAGs
[2026-05-10T21:30:17.913+0000] {logging_mixin.py:190} INFO - [2026-05-10T21:30:17.913+0000] {dag.py:4180} INFO - Setting next_dagrun for mod_03_01_bitshift_deps to None, run_after=None
[2026-05-10T21:30:17.924+0000] {processor.py:208} INFO - Processing /opt/airflow/dags/03_dependencies/01_bitshift_deps.py took 0.046 seconds
[2026-05-10T21:30:48.431+0000] {processor.py:186} INFO - Started process (PID=5031) to work on /opt/airflow/dags/03_dependencies/01_bitshift_deps.py
[2026-05-10T21:30:48.432+0000] {processor.py:914} INFO - Processing file /opt/airflow/dags/03_dependencies/01_bitshift_deps.py for tasks to queue
[2026-05-10T21:30:48.434+0000] {logging_mixin.py:190} INFO - [2026-05-10T21:30:48.434+0000] {dagbag.py:588} INFO - Filling up the DagBag from /opt/airflow/dags/03_dependencies/01_bitshift_deps.py
[2026-05-10T21:30:48.439+0000] {processor.py:925} INFO - DAG(s) 'mod_03_01_bitshift_deps' retrieved from /opt/airflow/dags/03_dependencies/01_bitshift_deps.py
[2026-05-10T21:30:48.451+0000] {logging_mixin.py:190} INFO - [2026-05-10T21:30:48.451+0000] {dag.py:3239} INFO - Sync 1 DAGs
[2026-05-10T21:30:48.456+0000] {logging_mixin.py:190} INFO - [2026-05-10T21:30:48.456+0000] {dag.py:4180} INFO - Setting next_dagrun for mod_03_01_bitshift_deps to None, run_after=None
[2026-05-10T21:30:48.466+0000] {processor.py:208} INFO - Processing /opt/airflow/dags/03_dependencies/01_bitshift_deps.py took 0.038 seconds
[2026-05-10T21:31:19.021+0000] {processor.py:186} INFO - Started process (PID=5234) to work on /opt/airflow/dags/03_dependencies/01_bitshift_deps.py
[2026-05-10T21:31:19.023+0000] {processor.py:914} INFO - Processing file /opt/airflow/dags/03_dependencies/01_bitshift_deps.py for tasks to queue
[2026-05-10T21:31:19.027+0000] {logging_mixin.py:190} INFO - [2026-05-10T21:31:19.027+0000] {dagbag.py:588} INFO - Filling up the DagBag from /opt/airflow/dags/03_dependencies/01_bitshift_deps.py
[2026-05-10T21:31:19.032+0000] {processor.py:925} INFO - DAG(s) 'mod_03_01_bitshift_deps' retrieved from /opt/airflow/dags/03_dependencies/01_bitshift_deps.py
[2026-05-10T21:31:19.046+0000] {logging_mixin.py:190} INFO - [2026-05-10T21:31:19.046+0000] {dag.py:3239} INFO - Sync 1 DAGs
[2026-05-10T21:31:19.052+0000] {logging_mixin.py:190} INFO - [2026-05-10T21:31:19.052+0000] {dag.py:4180} INFO - Setting next_dagrun for mod_03_01_bitshift_deps to None, run_after=None
[2026-05-10T21:31:19.061+0000] {processor.py:208} INFO - Processing /opt/airflow/dags/03_dependencies/01_bitshift_deps.py took 0.042 seconds
[2026-05-10T21:31:49.499+0000] {processor.py:186} INFO - Started process (PID=5437) to work on /opt/airflow/dags/03_dependencies/01_bitshift_deps.py
[2026-05-10T21:31:49.500+0000] {processor.py:914} INFO - Processing file /opt/airflow/dags/03_dependencies/01_bitshift_deps.py for tasks to queue
[2026-05-10T21:31:49.501+0000] {logging_mixin.py:190} INFO - [2026-05-10T21:31:49.501+0000] {dagbag.py:588} INFO - Filling up the DagBag from /opt/airflow/dags/03_dependencies/01_bitshift_deps.py
[2026-05-10T21:31:49.507+0000] {processor.py:925} INFO - DAG(s) 'mod_03_01_bitshift_deps' retrieved from /opt/airflow/dags/03_dependencies/01_bitshift_deps.py
[2026-05-10T21:31:49.517+0000] {logging_mixin.py:190} INFO - [2026-05-10T21:31:49.517+0000] {dag.py:3239} INFO - Sync 1 DAGs
[2026-05-10T21:31:49.522+0000] {logging_mixin.py:190} INFO - [2026-05-10T21:31:49.522+0000] {dag.py:4180} INFO - Setting next_dagrun for mod_03_01_bitshift_deps to None, run_after=None
[2026-05-10T21:31:49.530+0000] {processor.py:208} INFO - Processing /opt/airflow/dags/03_dependencies/01_bitshift_deps.py took 0.033 seconds
