[2026-05-10T21:19:06.063+0000] {processor.py:186} INFO - Started process (PID=343) to work on /opt/airflow/dags/03_dependencies/02_chain_and_cross_downstream.py
[2026-05-10T21:19:06.063+0000] {processor.py:914} INFO - Processing file /opt/airflow/dags/03_dependencies/02_chain_and_cross_downstream.py for tasks to queue
[2026-05-10T21:19:06.065+0000] {logging_mixin.py:190} INFO - [2026-05-10T21:19:06.065+0000] {dagbag.py:588} INFO - Filling up the DagBag from /opt/airflow/dags/03_dependencies/02_chain_and_cross_downstream.py
[2026-05-10T21:19:06.072+0000] {processor.py:925} INFO - DAG(s) 'mod_03_02_chain_helper', 'mod_03_02_cross_downstream' retrieved from /opt/airflow/dags/03_dependencies/02_chain_and_cross_downstream.py
[2026-05-10T21:19:06.118+0000] {logging_mixin.py:190} INFO - [2026-05-10T21:19:06.118+0000] {override.py:1912} INFO - Created Permission View: can delete on DAG:mod_03_02_chain_helper
[2026-05-10T21:19:06.124+0000] {logging_mixin.py:190} INFO - [2026-05-10T21:19:06.124+0000] {override.py:1912} INFO - Created Permission View: can edit on DAG:mod_03_02_chain_helper
[2026-05-10T21:19:06.126+0000] {logging_mixin.py:190} INFO - [2026-05-10T21:19:06.126+0000] {override.py:1912} INFO - Created Permission View: can read on DAG:mod_03_02_chain_helper
[2026-05-10T21:19:06.128+0000] {logging_mixin.py:190} INFO - [2026-05-10T21:19:06.128+0000] {override.py:1912} INFO - Created Permission View: can delete on DAG Run:mod_03_02_chain_helper
[2026-05-10T21:19:06.131+0000] {logging_mixin.py:190} INFO - [2026-05-10T21:19:06.131+0000] {override.py:1912} INFO - Created Permission View: menu access on DAG Run:mod_03_02_chain_helper
[2026-05-10T21:19:06.134+0000] {logging_mixin.py:190} INFO - [2026-05-10T21:19:06.134+0000] {override.py:1912} INFO - Created Permission View: can create on DAG Run:mod_03_02_chain_helper
[2026-05-10T21:19:06.137+0000] {logging_mixin.py:190} INFO - [2026-05-10T21:19:06.137+0000] {override.py:1912} INFO - Created Permission View: can read on DAG Run:mod_03_02_chain_helper
[2026-05-10T21:19:06.146+0000] {logging_mixin.py:190} INFO - [2026-05-10T21:19:06.146+0000] {override.py:1912} INFO - Created Permission View: can delete on DAG:mod_03_02_cross_downstream
[2026-05-10T21:19:06.152+0000] {logging_mixin.py:190} INFO - [2026-05-10T21:19:06.152+0000] {override.py:1912} INFO - Created Permission View: can edit on DAG:mod_03_02_cross_downstream
[2026-05-10T21:19:06.153+0000] {logging_mixin.py:190} INFO - [2026-05-10T21:19:06.153+0000] {override.py:1912} INFO - Created Permission View: can read on DAG:mod_03_02_cross_downstream
[2026-05-10T21:19:06.157+0000] {logging_mixin.py:190} INFO - [2026-05-10T21:19:06.157+0000] {override.py:1912} INFO - Created Permission View: can delete on DAG Run:mod_03_02_cross_downstream
[2026-05-10T21:19:06.160+0000] {logging_mixin.py:190} INFO - [2026-05-10T21:19:06.160+0000] {override.py:1912} INFO - Created Permission View: menu access on DAG Run:mod_03_02_cross_downstream
[2026-05-10T21:19:06.166+0000] {logging_mixin.py:190} INFO - [2026-05-10T21:19:06.166+0000] {override.py:1912} INFO - Created Permission View: can create on DAG Run:mod_03_02_cross_downstream
[2026-05-10T21:19:06.168+0000] {logging_mixin.py:190} INFO - [2026-05-10T21:19:06.168+0000] {override.py:1912} INFO - Created Permission View: can read on DAG Run:mod_03_02_cross_downstream
[2026-05-10T21:19:06.169+0000] {logging_mixin.py:190} INFO - [2026-05-10T21:19:06.169+0000] {dag.py:3239} INFO - Sync 2 DAGs
[2026-05-10T21:19:06.173+0000] {logging_mixin.py:190} INFO - [2026-05-10T21:19:06.173+0000] {dag.py:3262} INFO - Creating ORM DAG for mod_03_02_chain_helper
[2026-05-10T21:19:06.174+0000] {logging_mixin.py:190} INFO - [2026-05-10T21:19:06.174+0000] {dag.py:3262} INFO - Creating ORM DAG for mod_03_02_cross_downstream
[2026-05-10T21:19:06.174+0000] {logging_mixin.py:190} INFO - [2026-05-10T21:19:06.174+0000] {dag.py:4180} INFO - Setting next_dagrun for mod_03_02_chain_helper to None, run_after=None
[2026-05-10T21:19:06.174+0000] {logging_mixin.py:190} INFO - [2026-05-10T21:19:06.174+0000] {dag.py:4180} INFO - Setting next_dagrun for mod_03_02_cross_downstream to None, run_after=None
[2026-05-10T21:19:06.183+0000] {processor.py:208} INFO - Processing /opt/airflow/dags/03_dependencies/02_chain_and_cross_downstream.py took 0.123 seconds
[2026-05-10T21:19:36.996+0000] {processor.py:186} INFO - Started process (PID=548) to work on /opt/airflow/dags/03_dependencies/02_chain_and_cross_downstream.py
[2026-05-10T21:19:36.996+0000] {processor.py:914} INFO - Processing file /opt/airflow/dags/03_dependencies/02_chain_and_cross_downstream.py for tasks to queue
[2026-05-10T21:19:36.997+0000] {logging_mixin.py:190} INFO - [2026-05-10T21:19:36.997+0000] {dagbag.py:588} INFO - Filling up the DagBag from /opt/airflow/dags/03_dependencies/02_chain_and_cross_downstream.py
[2026-05-10T21:19:37.003+0000] {processor.py:925} INFO - DAG(s) 'mod_03_02_cross_downstream', 'mod_03_02_chain_helper' retrieved from /opt/airflow/dags/03_dependencies/02_chain_and_cross_downstream.py
[2026-05-10T21:19:37.018+0000] {logging_mixin.py:190} INFO - [2026-05-10T21:19:37.018+0000] {dag.py:3239} INFO - Sync 2 DAGs
[2026-05-10T21:19:37.024+0000] {logging_mixin.py:190} INFO - [2026-05-10T21:19:37.024+0000] {dag.py:4180} INFO - Setting next_dagrun for mod_03_02_chain_helper to None, run_after=None
[2026-05-10T21:19:37.025+0000] {logging_mixin.py:190} INFO - [2026-05-10T21:19:37.025+0000] {dag.py:4180} INFO - Setting next_dagrun for mod_03_02_cross_downstream to None, run_after=None
[2026-05-10T21:19:37.033+0000] {processor.py:208} INFO - Processing /opt/airflow/dags/03_dependencies/02_chain_and_cross_downstream.py took 0.041 seconds
[2026-05-10T21:20:07.454+0000] {processor.py:186} INFO - Started process (PID=751) to work on /opt/airflow/dags/03_dependencies/02_chain_and_cross_downstream.py
[2026-05-10T21:20:07.454+0000] {processor.py:914} INFO - Processing file /opt/airflow/dags/03_dependencies/02_chain_and_cross_downstream.py for tasks to queue
[2026-05-10T21:20:07.455+0000] {logging_mixin.py:190} INFO - [2026-05-10T21:20:07.455+0000] {dagbag.py:588} INFO - Filling up the DagBag from /opt/airflow/dags/03_dependencies/02_chain_and_cross_downstream.py
[2026-05-10T21:20:07.460+0000] {processor.py:925} INFO - DAG(s) 'mod_03_02_cross_downstream', 'mod_03_02_chain_helper' retrieved from /opt/airflow/dags/03_dependencies/02_chain_and_cross_downstream.py
[2026-05-10T21:20:07.474+0000] {logging_mixin.py:190} INFO - [2026-05-10T21:20:07.474+0000] {dag.py:3239} INFO - Sync 2 DAGs
[2026-05-10T21:20:07.481+0000] {logging_mixin.py:190} INFO - [2026-05-10T21:20:07.481+0000] {dag.py:4180} INFO - Setting next_dagrun for mod_03_02_chain_helper to None, run_after=None
[2026-05-10T21:20:07.482+0000] {logging_mixin.py:190} INFO - [2026-05-10T21:20:07.482+0000] {dag.py:4180} INFO - Setting next_dagrun for mod_03_02_cross_downstream to None, run_after=None
[2026-05-10T21:20:07.490+0000] {processor.py:208} INFO - Processing /opt/airflow/dags/03_dependencies/02_chain_and_cross_downstream.py took 0.039 seconds
[2026-05-10T21:20:38.072+0000] {processor.py:186} INFO - Started process (PID=954) to work on /opt/airflow/dags/03_dependencies/02_chain_and_cross_downstream.py
[2026-05-10T21:20:38.073+0000] {processor.py:914} INFO - Processing file /opt/airflow/dags/03_dependencies/02_chain_and_cross_downstream.py for tasks to queue
[2026-05-10T21:20:38.074+0000] {logging_mixin.py:190} INFO - [2026-05-10T21:20:38.073+0000] {dagbag.py:588} INFO - Filling up the DagBag from /opt/airflow/dags/03_dependencies/02_chain_and_cross_downstream.py
[2026-05-10T21:20:38.080+0000] {processor.py:925} INFO - DAG(s) 'mod_03_02_cross_downstream', 'mod_03_02_chain_helper' retrieved from /opt/airflow/dags/03_dependencies/02_chain_and_cross_downstream.py
[2026-05-10T21:20:38.096+0000] {logging_mixin.py:190} INFO - [2026-05-10T21:20:38.095+0000] {dag.py:3239} INFO - Sync 2 DAGs
[2026-05-10T21:20:38.104+0000] {logging_mixin.py:190} INFO - [2026-05-10T21:20:38.104+0000] {dag.py:4180} INFO - Setting next_dagrun for mod_03_02_chain_helper to None, run_after=None
[2026-05-10T21:20:38.105+0000] {logging_mixin.py:190} INFO - [2026-05-10T21:20:38.105+0000] {dag.py:4180} INFO - Setting next_dagrun for mod_03_02_cross_downstream to None, run_after=None
[2026-05-10T21:20:38.112+0000] {processor.py:208} INFO - Processing /opt/airflow/dags/03_dependencies/02_chain_and_cross_downstream.py took 0.043 seconds
[2026-05-10T21:21:08.582+0000] {processor.py:186} INFO - Started process (PID=1157) to work on /opt/airflow/dags/03_dependencies/02_chain_and_cross_downstream.py
[2026-05-10T21:21:08.583+0000] {processor.py:914} INFO - Processing file /opt/airflow/dags/03_dependencies/02_chain_and_cross_downstream.py for tasks to queue
[2026-05-10T21:21:08.584+0000] {logging_mixin.py:190} INFO - [2026-05-10T21:21:08.583+0000] {dagbag.py:588} INFO - Filling up the DagBag from /opt/airflow/dags/03_dependencies/02_chain_and_cross_downstream.py
[2026-05-10T21:21:08.588+0000] {processor.py:925} INFO - DAG(s) 'mod_03_02_chain_helper', 'mod_03_02_cross_downstream' retrieved from /opt/airflow/dags/03_dependencies/02_chain_and_cross_downstream.py
[2026-05-10T21:21:08.605+0000] {logging_mixin.py:190} INFO - [2026-05-10T21:21:08.605+0000] {dag.py:3239} INFO - Sync 2 DAGs
[2026-05-10T21:21:08.610+0000] {logging_mixin.py:190} INFO - [2026-05-10T21:21:08.610+0000] {dag.py:4180} INFO - Setting next_dagrun for mod_03_02_chain_helper to None, run_after=None
[2026-05-10T21:21:08.612+0000] {logging_mixin.py:190} INFO - [2026-05-10T21:21:08.612+0000] {dag.py:4180} INFO - Setting next_dagrun for mod_03_02_cross_downstream to None, run_after=None
[2026-05-10T21:21:08.621+0000] {processor.py:208} INFO - Processing /opt/airflow/dags/03_dependencies/02_chain_and_cross_downstream.py took 0.041 seconds
[2026-05-10T21:21:39.133+0000] {processor.py:186} INFO - Started process (PID=1360) to work on /opt/airflow/dags/03_dependencies/02_chain_and_cross_downstream.py
[2026-05-10T21:21:39.133+0000] {processor.py:914} INFO - Processing file /opt/airflow/dags/03_dependencies/02_chain_and_cross_downstream.py for tasks to queue
[2026-05-10T21:21:39.134+0000] {logging_mixin.py:190} INFO - [2026-05-10T21:21:39.134+0000] {dagbag.py:588} INFO - Filling up the DagBag from /opt/airflow/dags/03_dependencies/02_chain_and_cross_downstream.py
[2026-05-10T21:21:39.140+0000] {processor.py:925} INFO - DAG(s) 'mod_03_02_cross_downstream', 'mod_03_02_chain_helper' retrieved from /opt/airflow/dags/03_dependencies/02_chain_and_cross_downstream.py
[2026-05-10T21:21:39.153+0000] {logging_mixin.py:190} INFO - [2026-05-10T21:21:39.153+0000] {dag.py:3239} INFO - Sync 2 DAGs
[2026-05-10T21:21:39.158+0000] {logging_mixin.py:190} INFO - [2026-05-10T21:21:39.158+0000] {dag.py:4180} INFO - Setting next_dagrun for mod_03_02_chain_helper to None, run_after=None
[2026-05-10T21:21:39.159+0000] {logging_mixin.py:190} INFO - [2026-05-10T21:21:39.159+0000] {dag.py:4180} INFO - Setting next_dagrun for mod_03_02_cross_downstream to None, run_after=None
[2026-05-10T21:21:39.166+0000] {processor.py:208} INFO - Processing /opt/airflow/dags/03_dependencies/02_chain_and_cross_downstream.py took 0.036 seconds
[2026-05-10T21:22:09.580+0000] {processor.py:186} INFO - Started process (PID=1563) to work on /opt/airflow/dags/03_dependencies/02_chain_and_cross_downstream.py
[2026-05-10T21:22:09.580+0000] {processor.py:914} INFO - Processing file /opt/airflow/dags/03_dependencies/02_chain_and_cross_downstream.py for tasks to queue
[2026-05-10T21:22:09.581+0000] {logging_mixin.py:190} INFO - [2026-05-10T21:22:09.581+0000] {dagbag.py:588} INFO - Filling up the DagBag from /opt/airflow/dags/03_dependencies/02_chain_and_cross_downstream.py
[2026-05-10T21:22:09.590+0000] {processor.py:925} INFO - DAG(s) 'mod_03_02_chain_helper', 'mod_03_02_cross_downstream' retrieved from /opt/airflow/dags/03_dependencies/02_chain_and_cross_downstream.py
[2026-05-10T21:22:09.602+0000] {logging_mixin.py:190} INFO - [2026-05-10T21:22:09.602+0000] {dag.py:3239} INFO - Sync 2 DAGs
[2026-05-10T21:22:09.607+0000] {logging_mixin.py:190} INFO - [2026-05-10T21:22:09.607+0000] {dag.py:4180} INFO - Setting next_dagrun for mod_03_02_chain_helper to None, run_after=None
[2026-05-10T21:22:09.609+0000] {logging_mixin.py:190} INFO - [2026-05-10T21:22:09.609+0000] {dag.py:4180} INFO - Setting next_dagrun for mod_03_02_cross_downstream to None, run_after=None
[2026-05-10T21:22:09.617+0000] {processor.py:208} INFO - Processing /opt/airflow/dags/03_dependencies/02_chain_and_cross_downstream.py took 0.040 seconds
[2026-05-10T21:22:40.059+0000] {processor.py:186} INFO - Started process (PID=1766) to work on /opt/airflow/dags/03_dependencies/02_chain_and_cross_downstream.py
[2026-05-10T21:22:40.059+0000] {processor.py:914} INFO - Processing file /opt/airflow/dags/03_dependencies/02_chain_and_cross_downstream.py for tasks to queue
[2026-05-10T21:22:40.060+0000] {logging_mixin.py:190} INFO - [2026-05-10T21:22:40.060+0000] {dagbag.py:588} INFO - Filling up the DagBag from /opt/airflow/dags/03_dependencies/02_chain_and_cross_downstream.py
[2026-05-10T21:22:40.066+0000] {processor.py:925} INFO - DAG(s) 'mod_03_02_cross_downstream', 'mod_03_02_chain_helper' retrieved from /opt/airflow/dags/03_dependencies/02_chain_and_cross_downstream.py
[2026-05-10T21:22:40.081+0000] {logging_mixin.py:190} INFO - [2026-05-10T21:22:40.081+0000] {dag.py:3239} INFO - Sync 2 DAGs
[2026-05-10T21:22:40.086+0000] {logging_mixin.py:190} INFO - [2026-05-10T21:22:40.086+0000] {dag.py:4180} INFO - Setting next_dagrun for mod_03_02_chain_helper to None, run_after=None
[2026-05-10T21:22:40.089+0000] {logging_mixin.py:190} INFO - [2026-05-10T21:22:40.089+0000] {dag.py:4180} INFO - Setting next_dagrun for mod_03_02_cross_downstream to None, run_after=None
[2026-05-10T21:22:40.096+0000] {processor.py:208} INFO - Processing /opt/airflow/dags/03_dependencies/02_chain_and_cross_downstream.py took 0.040 seconds
[2026-05-10T21:23:10.498+0000] {processor.py:186} INFO - Started process (PID=1969) to work on /opt/airflow/dags/03_dependencies/02_chain_and_cross_downstream.py
[2026-05-10T21:23:10.498+0000] {processor.py:914} INFO - Processing file /opt/airflow/dags/03_dependencies/02_chain_and_cross_downstream.py for tasks to queue
[2026-05-10T21:23:10.500+0000] {logging_mixin.py:190} INFO - [2026-05-10T21:23:10.499+0000] {dagbag.py:588} INFO - Filling up the DagBag from /opt/airflow/dags/03_dependencies/02_chain_and_cross_downstream.py
[2026-05-10T21:23:10.505+0000] {processor.py:925} INFO - DAG(s) 'mod_03_02_chain_helper', 'mod_03_02_cross_downstream' retrieved from /opt/airflow/dags/03_dependencies/02_chain_and_cross_downstream.py
[2026-05-10T21:23:10.519+0000] {logging_mixin.py:190} INFO - [2026-05-10T21:23:10.519+0000] {dag.py:3239} INFO - Sync 2 DAGs
[2026-05-10T21:23:10.524+0000] {logging_mixin.py:190} INFO - [2026-05-10T21:23:10.524+0000] {dag.py:4180} INFO - Setting next_dagrun for mod_03_02_chain_helper to None, run_after=None
[2026-05-10T21:23:10.528+0000] {logging_mixin.py:190} INFO - [2026-05-10T21:23:10.527+0000] {dag.py:4180} INFO - Setting next_dagrun for mod_03_02_cross_downstream to None, run_after=None
[2026-05-10T21:23:10.535+0000] {processor.py:208} INFO - Processing /opt/airflow/dags/03_dependencies/02_chain_and_cross_downstream.py took 0.040 seconds
[2026-05-10T21:23:40.974+0000] {processor.py:186} INFO - Started process (PID=2172) to work on /opt/airflow/dags/03_dependencies/02_chain_and_cross_downstream.py
[2026-05-10T21:23:40.975+0000] {processor.py:914} INFO - Processing file /opt/airflow/dags/03_dependencies/02_chain_and_cross_downstream.py for tasks to queue
[2026-05-10T21:23:40.976+0000] {logging_mixin.py:190} INFO - [2026-05-10T21:23:40.976+0000] {dagbag.py:588} INFO - Filling up the DagBag from /opt/airflow/dags/03_dependencies/02_chain_and_cross_downstream.py
[2026-05-10T21:23:40.981+0000] {processor.py:925} INFO - DAG(s) 'mod_03_02_chain_helper', 'mod_03_02_cross_downstream' retrieved from /opt/airflow/dags/03_dependencies/02_chain_and_cross_downstream.py
[2026-05-10T21:23:40.998+0000] {logging_mixin.py:190} INFO - [2026-05-10T21:23:40.998+0000] {dag.py:3239} INFO - Sync 2 DAGs
[2026-05-10T21:23:41.003+0000] {logging_mixin.py:190} INFO - [2026-05-10T21:23:41.003+0000] {dag.py:4180} INFO - Setting next_dagrun for mod_03_02_chain_helper to None, run_after=None
[2026-05-10T21:23:41.005+0000] {logging_mixin.py:190} INFO - [2026-05-10T21:23:41.005+0000] {dag.py:4180} INFO - Setting next_dagrun for mod_03_02_cross_downstream to None, run_after=None
[2026-05-10T21:23:41.013+0000] {processor.py:208} INFO - Processing /opt/airflow/dags/03_dependencies/02_chain_and_cross_downstream.py took 0.041 seconds
[2026-05-10T21:24:11.526+0000] {processor.py:186} INFO - Started process (PID=2389) to work on /opt/airflow/dags/03_dependencies/02_chain_and_cross_downstream.py
[2026-05-10T21:24:11.526+0000] {processor.py:914} INFO - Processing file /opt/airflow/dags/03_dependencies/02_chain_and_cross_downstream.py for tasks to queue
[2026-05-10T21:24:11.527+0000] {logging_mixin.py:190} INFO - [2026-05-10T21:24:11.527+0000] {dagbag.py:588} INFO - Filling up the DagBag from /opt/airflow/dags/03_dependencies/02_chain_and_cross_downstream.py
[2026-05-10T21:24:11.533+0000] {processor.py:925} INFO - DAG(s) 'mod_03_02_cross_downstream', 'mod_03_02_chain_helper' retrieved from /opt/airflow/dags/03_dependencies/02_chain_and_cross_downstream.py
[2026-05-10T21:24:11.545+0000] {logging_mixin.py:190} INFO - [2026-05-10T21:24:11.544+0000] {dag.py:3239} INFO - Sync 2 DAGs
[2026-05-10T21:24:11.550+0000] {logging_mixin.py:190} INFO - [2026-05-10T21:24:11.550+0000] {dag.py:4180} INFO - Setting next_dagrun for mod_03_02_chain_helper to None, run_after=None
[2026-05-10T21:24:11.553+0000] {logging_mixin.py:190} INFO - [2026-05-10T21:24:11.552+0000] {dag.py:4180} INFO - Setting next_dagrun for mod_03_02_cross_downstream to None, run_after=None
[2026-05-10T21:24:11.561+0000] {processor.py:208} INFO - Processing /opt/airflow/dags/03_dependencies/02_chain_and_cross_downstream.py took 0.037 seconds
[2026-05-10T21:24:41.976+0000] {processor.py:186} INFO - Started process (PID=2590) to work on /opt/airflow/dags/03_dependencies/02_chain_and_cross_downstream.py
[2026-05-10T21:24:41.977+0000] {processor.py:914} INFO - Processing file /opt/airflow/dags/03_dependencies/02_chain_and_cross_downstream.py for tasks to queue
[2026-05-10T21:24:41.979+0000] {logging_mixin.py:190} INFO - [2026-05-10T21:24:41.978+0000] {dagbag.py:588} INFO - Filling up the DagBag from /opt/airflow/dags/03_dependencies/02_chain_and_cross_downstream.py
[2026-05-10T21:24:41.982+0000] {processor.py:925} INFO - DAG(s) 'mod_03_02_cross_downstream', 'mod_03_02_chain_helper' retrieved from /opt/airflow/dags/03_dependencies/02_chain_and_cross_downstream.py
[2026-05-10T21:24:41.994+0000] {logging_mixin.py:190} INFO - [2026-05-10T21:24:41.994+0000] {dag.py:3239} INFO - Sync 2 DAGs
[2026-05-10T21:24:42.000+0000] {logging_mixin.py:190} INFO - [2026-05-10T21:24:42.000+0000] {dag.py:4180} INFO - Setting next_dagrun for mod_03_02_chain_helper to None, run_after=None
[2026-05-10T21:24:42.002+0000] {logging_mixin.py:190} INFO - [2026-05-10T21:24:42.002+0000] {dag.py:4180} INFO - Setting next_dagrun for mod_03_02_cross_downstream to None, run_after=None
[2026-05-10T21:24:42.011+0000] {processor.py:208} INFO - Processing /opt/airflow/dags/03_dependencies/02_chain_and_cross_downstream.py took 0.038 seconds
[2026-05-10T21:25:12.511+0000] {processor.py:186} INFO - Started process (PID=2795) to work on /opt/airflow/dags/03_dependencies/02_chain_and_cross_downstream.py
[2026-05-10T21:25:12.511+0000] {processor.py:914} INFO - Processing file /opt/airflow/dags/03_dependencies/02_chain_and_cross_downstream.py for tasks to queue
[2026-05-10T21:25:12.512+0000] {logging_mixin.py:190} INFO - [2026-05-10T21:25:12.512+0000] {dagbag.py:588} INFO - Filling up the DagBag from /opt/airflow/dags/03_dependencies/02_chain_and_cross_downstream.py
[2026-05-10T21:25:12.517+0000] {processor.py:925} INFO - DAG(s) 'mod_03_02_cross_downstream', 'mod_03_02_chain_helper' retrieved from /opt/airflow/dags/03_dependencies/02_chain_and_cross_downstream.py
[2026-05-10T21:25:12.534+0000] {logging_mixin.py:190} INFO - [2026-05-10T21:25:12.534+0000] {dag.py:3239} INFO - Sync 2 DAGs
[2026-05-10T21:25:12.540+0000] {logging_mixin.py:190} INFO - [2026-05-10T21:25:12.540+0000] {dag.py:4180} INFO - Setting next_dagrun for mod_03_02_chain_helper to None, run_after=None
[2026-05-10T21:25:12.544+0000] {logging_mixin.py:190} INFO - [2026-05-10T21:25:12.544+0000] {dag.py:4180} INFO - Setting next_dagrun for mod_03_02_cross_downstream to None, run_after=None
[2026-05-10T21:25:12.552+0000] {processor.py:208} INFO - Processing /opt/airflow/dags/03_dependencies/02_chain_and_cross_downstream.py took 0.044 seconds
[2026-05-10T21:25:43.051+0000] {processor.py:186} INFO - Started process (PID=2996) to work on /opt/airflow/dags/03_dependencies/02_chain_and_cross_downstream.py
[2026-05-10T21:25:43.052+0000] {processor.py:914} INFO - Processing file /opt/airflow/dags/03_dependencies/02_chain_and_cross_downstream.py for tasks to queue
[2026-05-10T21:25:43.054+0000] {logging_mixin.py:190} INFO - [2026-05-10T21:25:43.054+0000] {dagbag.py:588} INFO - Filling up the DagBag from /opt/airflow/dags/03_dependencies/02_chain_and_cross_downstream.py
[2026-05-10T21:25:43.059+0000] {processor.py:925} INFO - DAG(s) 'mod_03_02_cross_downstream', 'mod_03_02_chain_helper' retrieved from /opt/airflow/dags/03_dependencies/02_chain_and_cross_downstream.py
[2026-05-10T21:25:43.072+0000] {logging_mixin.py:190} INFO - [2026-05-10T21:25:43.072+0000] {dag.py:3239} INFO - Sync 2 DAGs
[2026-05-10T21:25:43.079+0000] {logging_mixin.py:190} INFO - [2026-05-10T21:25:43.079+0000] {dag.py:4180} INFO - Setting next_dagrun for mod_03_02_chain_helper to None, run_after=None
[2026-05-10T21:25:43.082+0000] {logging_mixin.py:190} INFO - [2026-05-10T21:25:43.082+0000] {dag.py:4180} INFO - Setting next_dagrun for mod_03_02_cross_downstream to None, run_after=None
[2026-05-10T21:25:43.090+0000] {processor.py:208} INFO - Processing /opt/airflow/dags/03_dependencies/02_chain_and_cross_downstream.py took 0.042 seconds
[2026-05-10T21:26:13.635+0000] {processor.py:186} INFO - Started process (PID=3199) to work on /opt/airflow/dags/03_dependencies/02_chain_and_cross_downstream.py
[2026-05-10T21:26:13.636+0000] {processor.py:914} INFO - Processing file /opt/airflow/dags/03_dependencies/02_chain_and_cross_downstream.py for tasks to queue
[2026-05-10T21:26:13.637+0000] {logging_mixin.py:190} INFO - [2026-05-10T21:26:13.637+0000] {dagbag.py:588} INFO - Filling up the DagBag from /opt/airflow/dags/03_dependencies/02_chain_and_cross_downstream.py
[2026-05-10T21:26:13.642+0000] {processor.py:925} INFO - DAG(s) 'mod_03_02_chain_helper', 'mod_03_02_cross_downstream' retrieved from /opt/airflow/dags/03_dependencies/02_chain_and_cross_downstream.py
[2026-05-10T21:26:13.657+0000] {logging_mixin.py:190} INFO - [2026-05-10T21:26:13.656+0000] {dag.py:3239} INFO - Sync 2 DAGs
[2026-05-10T21:26:13.664+0000] {logging_mixin.py:190} INFO - [2026-05-10T21:26:13.664+0000] {dag.py:4180} INFO - Setting next_dagrun for mod_03_02_chain_helper to None, run_after=None
[2026-05-10T21:26:13.666+0000] {logging_mixin.py:190} INFO - [2026-05-10T21:26:13.666+0000] {dag.py:4180} INFO - Setting next_dagrun for mod_03_02_cross_downstream to None, run_after=None
[2026-05-10T21:26:13.672+0000] {processor.py:208} INFO - Processing /opt/airflow/dags/03_dependencies/02_chain_and_cross_downstream.py took 0.040 seconds
[2026-05-10T21:26:44.193+0000] {processor.py:186} INFO - Started process (PID=3404) to work on /opt/airflow/dags/03_dependencies/02_chain_and_cross_downstream.py
[2026-05-10T21:26:44.194+0000] {processor.py:914} INFO - Processing file /opt/airflow/dags/03_dependencies/02_chain_and_cross_downstream.py for tasks to queue
[2026-05-10T21:26:44.195+0000] {logging_mixin.py:190} INFO - [2026-05-10T21:26:44.195+0000] {dagbag.py:588} INFO - Filling up the DagBag from /opt/airflow/dags/03_dependencies/02_chain_and_cross_downstream.py
[2026-05-10T21:26:44.203+0000] {processor.py:925} INFO - DAG(s) 'mod_03_02_chain_helper', 'mod_03_02_cross_downstream' retrieved from /opt/airflow/dags/03_dependencies/02_chain_and_cross_downstream.py
[2026-05-10T21:26:44.219+0000] {logging_mixin.py:190} INFO - [2026-05-10T21:26:44.219+0000] {dag.py:3239} INFO - Sync 2 DAGs
[2026-05-10T21:26:44.226+0000] {logging_mixin.py:190} INFO - [2026-05-10T21:26:44.226+0000] {dag.py:4180} INFO - Setting next_dagrun for mod_03_02_chain_helper to None, run_after=None
[2026-05-10T21:26:44.227+0000] {logging_mixin.py:190} INFO - [2026-05-10T21:26:44.227+0000] {dag.py:4180} INFO - Setting next_dagrun for mod_03_02_cross_downstream to None, run_after=None
[2026-05-10T21:26:44.235+0000] {processor.py:208} INFO - Processing /opt/airflow/dags/03_dependencies/02_chain_and_cross_downstream.py took 0.045 seconds
[2026-05-10T21:27:14.774+0000] {processor.py:186} INFO - Started process (PID=3607) to work on /opt/airflow/dags/03_dependencies/02_chain_and_cross_downstream.py
[2026-05-10T21:27:14.775+0000] {processor.py:914} INFO - Processing file /opt/airflow/dags/03_dependencies/02_chain_and_cross_downstream.py for tasks to queue
[2026-05-10T21:27:14.776+0000] {logging_mixin.py:190} INFO - [2026-05-10T21:27:14.776+0000] {dagbag.py:588} INFO - Filling up the DagBag from /opt/airflow/dags/03_dependencies/02_chain_and_cross_downstream.py
[2026-05-10T21:27:14.781+0000] {processor.py:925} INFO - DAG(s) 'mod_03_02_chain_helper', 'mod_03_02_cross_downstream' retrieved from /opt/airflow/dags/03_dependencies/02_chain_and_cross_downstream.py
[2026-05-10T21:27:14.801+0000] {logging_mixin.py:190} INFO - [2026-05-10T21:27:14.801+0000] {dag.py:3239} INFO - Sync 2 DAGs
[2026-05-10T21:27:14.808+0000] {logging_mixin.py:190} INFO - [2026-05-10T21:27:14.808+0000] {dag.py:4180} INFO - Setting next_dagrun for mod_03_02_chain_helper to None, run_after=None
[2026-05-10T21:27:14.810+0000] {logging_mixin.py:190} INFO - [2026-05-10T21:27:14.810+0000] {dag.py:4180} INFO - Setting next_dagrun for mod_03_02_cross_downstream to None, run_after=None
[2026-05-10T21:27:14.818+0000] {processor.py:208} INFO - Processing /opt/airflow/dags/03_dependencies/02_chain_and_cross_downstream.py took 0.046 seconds
[2026-05-10T21:27:45.257+0000] {processor.py:186} INFO - Started process (PID=3810) to work on /opt/airflow/dags/03_dependencies/02_chain_and_cross_downstream.py
[2026-05-10T21:27:45.257+0000] {processor.py:914} INFO - Processing file /opt/airflow/dags/03_dependencies/02_chain_and_cross_downstream.py for tasks to queue
[2026-05-10T21:27:45.258+0000] {logging_mixin.py:190} INFO - [2026-05-10T21:27:45.258+0000] {dagbag.py:588} INFO - Filling up the DagBag from /opt/airflow/dags/03_dependencies/02_chain_and_cross_downstream.py
[2026-05-10T21:27:45.266+0000] {processor.py:925} INFO - DAG(s) 'mod_03_02_chain_helper', 'mod_03_02_cross_downstream' retrieved from /opt/airflow/dags/03_dependencies/02_chain_and_cross_downstream.py
[2026-05-10T21:27:45.277+0000] {logging_mixin.py:190} INFO - [2026-05-10T21:27:45.277+0000] {dag.py:3239} INFO - Sync 2 DAGs
[2026-05-10T21:27:45.282+0000] {logging_mixin.py:190} INFO - [2026-05-10T21:27:45.282+0000] {dag.py:4180} INFO - Setting next_dagrun for mod_03_02_chain_helper to None, run_after=None
[2026-05-10T21:27:45.285+0000] {logging_mixin.py:190} INFO - [2026-05-10T21:27:45.284+0000] {dag.py:4180} INFO - Setting next_dagrun for mod_03_02_cross_downstream to None, run_after=None
[2026-05-10T21:27:45.292+0000] {processor.py:208} INFO - Processing /opt/airflow/dags/03_dependencies/02_chain_and_cross_downstream.py took 0.038 seconds
[2026-05-10T21:28:15.742+0000] {processor.py:186} INFO - Started process (PID=4013) to work on /opt/airflow/dags/03_dependencies/02_chain_and_cross_downstream.py
[2026-05-10T21:28:15.742+0000] {processor.py:914} INFO - Processing file /opt/airflow/dags/03_dependencies/02_chain_and_cross_downstream.py for tasks to queue
[2026-05-10T21:28:15.743+0000] {logging_mixin.py:190} INFO - [2026-05-10T21:28:15.743+0000] {dagbag.py:588} INFO - Filling up the DagBag from /opt/airflow/dags/03_dependencies/02_chain_and_cross_downstream.py
[2026-05-10T21:28:15.748+0000] {processor.py:925} INFO - DAG(s) 'mod_03_02_cross_downstream', 'mod_03_02_chain_helper' retrieved from /opt/airflow/dags/03_dependencies/02_chain_and_cross_downstream.py
[2026-05-10T21:28:15.763+0000] {logging_mixin.py:190} INFO - [2026-05-10T21:28:15.763+0000] {dag.py:3239} INFO - Sync 2 DAGs
[2026-05-10T21:28:15.768+0000] {logging_mixin.py:190} INFO - [2026-05-10T21:28:15.768+0000] {dag.py:4180} INFO - Setting next_dagrun for mod_03_02_chain_helper to None, run_after=None
[2026-05-10T21:28:15.770+0000] {logging_mixin.py:190} INFO - [2026-05-10T21:28:15.770+0000] {dag.py:4180} INFO - Setting next_dagrun for mod_03_02_cross_downstream to None, run_after=None
[2026-05-10T21:28:15.777+0000] {processor.py:208} INFO - Processing /opt/airflow/dags/03_dependencies/02_chain_and_cross_downstream.py took 0.038 seconds
[2026-05-10T21:28:46.278+0000] {processor.py:186} INFO - Started process (PID=4216) to work on /opt/airflow/dags/03_dependencies/02_chain_and_cross_downstream.py
[2026-05-10T21:28:46.279+0000] {processor.py:914} INFO - Processing file /opt/airflow/dags/03_dependencies/02_chain_and_cross_downstream.py for tasks to queue
[2026-05-10T21:28:46.280+0000] {logging_mixin.py:190} INFO - [2026-05-10T21:28:46.280+0000] {dagbag.py:588} INFO - Filling up the DagBag from /opt/airflow/dags/03_dependencies/02_chain_and_cross_downstream.py
[2026-05-10T21:28:46.285+0000] {processor.py:925} INFO - DAG(s) 'mod_03_02_chain_helper', 'mod_03_02_cross_downstream' retrieved from /opt/airflow/dags/03_dependencies/02_chain_and_cross_downstream.py
[2026-05-10T21:28:46.301+0000] {logging_mixin.py:190} INFO - [2026-05-10T21:28:46.301+0000] {dag.py:3239} INFO - Sync 2 DAGs
[2026-05-10T21:28:46.306+0000] {logging_mixin.py:190} INFO - [2026-05-10T21:28:46.306+0000] {dag.py:4180} INFO - Setting next_dagrun for mod_03_02_chain_helper to None, run_after=None
[2026-05-10T21:28:46.308+0000] {logging_mixin.py:190} INFO - [2026-05-10T21:28:46.308+0000] {dag.py:4180} INFO - Setting next_dagrun for mod_03_02_cross_downstream to None, run_after=None
[2026-05-10T21:28:46.315+0000] {processor.py:208} INFO - Processing /opt/airflow/dags/03_dependencies/02_chain_and_cross_downstream.py took 0.041 seconds
[2026-05-10T21:29:16.840+0000] {processor.py:186} INFO - Started process (PID=4419) to work on /opt/airflow/dags/03_dependencies/02_chain_and_cross_downstream.py
[2026-05-10T21:29:16.840+0000] {processor.py:914} INFO - Processing file /opt/airflow/dags/03_dependencies/02_chain_and_cross_downstream.py for tasks to queue
[2026-05-10T21:29:16.842+0000] {logging_mixin.py:190} INFO - [2026-05-10T21:29:16.841+0000] {dagbag.py:588} INFO - Filling up the DagBag from /opt/airflow/dags/03_dependencies/02_chain_and_cross_downstream.py
[2026-05-10T21:29:16.846+0000] {processor.py:925} INFO - DAG(s) 'mod_03_02_chain_helper', 'mod_03_02_cross_downstream' retrieved from /opt/airflow/dags/03_dependencies/02_chain_and_cross_downstream.py
[2026-05-10T21:29:16.861+0000] {logging_mixin.py:190} INFO - [2026-05-10T21:29:16.861+0000] {dag.py:3239} INFO - Sync 2 DAGs
[2026-05-10T21:29:16.866+0000] {logging_mixin.py:190} INFO - [2026-05-10T21:29:16.866+0000] {dag.py:4180} INFO - Setting next_dagrun for mod_03_02_chain_helper to None, run_after=None
[2026-05-10T21:29:16.869+0000] {logging_mixin.py:190} INFO - [2026-05-10T21:29:16.869+0000] {dag.py:4180} INFO - Setting next_dagrun for mod_03_02_cross_downstream to None, run_after=None
[2026-05-10T21:29:16.877+0000] {processor.py:208} INFO - Processing /opt/airflow/dags/03_dependencies/02_chain_and_cross_downstream.py took 0.040 seconds
[2026-05-10T21:29:47.365+0000] {processor.py:186} INFO - Started process (PID=4620) to work on /opt/airflow/dags/03_dependencies/02_chain_and_cross_downstream.py
[2026-05-10T21:29:47.365+0000] {processor.py:914} INFO - Processing file /opt/airflow/dags/03_dependencies/02_chain_and_cross_downstream.py for tasks to queue
[2026-05-10T21:29:47.369+0000] {logging_mixin.py:190} INFO - [2026-05-10T21:29:47.369+0000] {dagbag.py:588} INFO - Filling up the DagBag from /opt/airflow/dags/03_dependencies/02_chain_and_cross_downstream.py
[2026-05-10T21:29:47.373+0000] {processor.py:925} INFO - DAG(s) 'mod_03_02_cross_downstream', 'mod_03_02_chain_helper' retrieved from /opt/airflow/dags/03_dependencies/02_chain_and_cross_downstream.py
[2026-05-10T21:29:47.386+0000] {logging_mixin.py:190} INFO - [2026-05-10T21:29:47.386+0000] {dag.py:3239} INFO - Sync 2 DAGs
[2026-05-10T21:29:47.393+0000] {logging_mixin.py:190} INFO - [2026-05-10T21:29:47.393+0000] {dag.py:4180} INFO - Setting next_dagrun for mod_03_02_chain_helper to None, run_after=None
[2026-05-10T21:29:47.395+0000] {logging_mixin.py:190} INFO - [2026-05-10T21:29:47.395+0000] {dag.py:4180} INFO - Setting next_dagrun for mod_03_02_cross_downstream to None, run_after=None
[2026-05-10T21:29:47.402+0000] {processor.py:208} INFO - Processing /opt/airflow/dags/03_dependencies/02_chain_and_cross_downstream.py took 0.040 seconds
[2026-05-10T21:30:17.879+0000] {processor.py:186} INFO - Started process (PID=4825) to work on /opt/airflow/dags/03_dependencies/02_chain_and_cross_downstream.py
[2026-05-10T21:30:17.879+0000] {processor.py:914} INFO - Processing file /opt/airflow/dags/03_dependencies/02_chain_and_cross_downstream.py for tasks to queue
[2026-05-10T21:30:17.881+0000] {logging_mixin.py:190} INFO - [2026-05-10T21:30:17.880+0000] {dagbag.py:588} INFO - Filling up the DagBag from /opt/airflow/dags/03_dependencies/02_chain_and_cross_downstream.py
[2026-05-10T21:30:17.886+0000] {processor.py:925} INFO - DAG(s) 'mod_03_02_cross_downstream', 'mod_03_02_chain_helper' retrieved from /opt/airflow/dags/03_dependencies/02_chain_and_cross_downstream.py
[2026-05-10T21:30:17.902+0000] {logging_mixin.py:190} INFO - [2026-05-10T21:30:17.902+0000] {dag.py:3239} INFO - Sync 2 DAGs
[2026-05-10T21:30:17.907+0000] {logging_mixin.py:190} INFO - [2026-05-10T21:30:17.907+0000] {dag.py:4180} INFO - Setting next_dagrun for mod_03_02_chain_helper to None, run_after=None
[2026-05-10T21:30:17.911+0000] {logging_mixin.py:190} INFO - [2026-05-10T21:30:17.911+0000] {dag.py:4180} INFO - Setting next_dagrun for mod_03_02_cross_downstream to None, run_after=None
[2026-05-10T21:30:17.921+0000] {processor.py:208} INFO - Processing /opt/airflow/dags/03_dependencies/02_chain_and_cross_downstream.py took 0.045 seconds
[2026-05-10T21:30:48.387+0000] {processor.py:186} INFO - Started process (PID=5026) to work on /opt/airflow/dags/03_dependencies/02_chain_and_cross_downstream.py
[2026-05-10T21:30:48.388+0000] {processor.py:914} INFO - Processing file /opt/airflow/dags/03_dependencies/02_chain_and_cross_downstream.py for tasks to queue
[2026-05-10T21:30:48.390+0000] {logging_mixin.py:190} INFO - [2026-05-10T21:30:48.390+0000] {dagbag.py:588} INFO - Filling up the DagBag from /opt/airflow/dags/03_dependencies/02_chain_and_cross_downstream.py
[2026-05-10T21:30:48.394+0000] {processor.py:925} INFO - DAG(s) 'mod_03_02_cross_downstream', 'mod_03_02_chain_helper' retrieved from /opt/airflow/dags/03_dependencies/02_chain_and_cross_downstream.py
[2026-05-10T21:30:48.412+0000] {logging_mixin.py:190} INFO - [2026-05-10T21:30:48.412+0000] {dag.py:3239} INFO - Sync 2 DAGs
[2026-05-10T21:30:48.418+0000] {logging_mixin.py:190} INFO - [2026-05-10T21:30:48.418+0000] {dag.py:4180} INFO - Setting next_dagrun for mod_03_02_chain_helper to None, run_after=None
[2026-05-10T21:30:48.420+0000] {logging_mixin.py:190} INFO - [2026-05-10T21:30:48.420+0000] {dag.py:4180} INFO - Setting next_dagrun for mod_03_02_cross_downstream to None, run_after=None
[2026-05-10T21:30:48.428+0000] {processor.py:208} INFO - Processing /opt/airflow/dags/03_dependencies/02_chain_and_cross_downstream.py took 0.044 seconds
[2026-05-10T21:31:19.020+0000] {processor.py:186} INFO - Started process (PID=5231) to work on /opt/airflow/dags/03_dependencies/02_chain_and_cross_downstream.py
[2026-05-10T21:31:19.020+0000] {processor.py:914} INFO - Processing file /opt/airflow/dags/03_dependencies/02_chain_and_cross_downstream.py for tasks to queue
[2026-05-10T21:31:19.023+0000] {logging_mixin.py:190} INFO - [2026-05-10T21:31:19.023+0000] {dagbag.py:588} INFO - Filling up the DagBag from /opt/airflow/dags/03_dependencies/02_chain_and_cross_downstream.py
[2026-05-10T21:31:19.032+0000] {processor.py:925} INFO - DAG(s) 'mod_03_02_chain_helper', 'mod_03_02_cross_downstream' retrieved from /opt/airflow/dags/03_dependencies/02_chain_and_cross_downstream.py
[2026-05-10T21:31:19.050+0000] {logging_mixin.py:190} INFO - [2026-05-10T21:31:19.047+0000] {dag.py:3239} INFO - Sync 2 DAGs
[2026-05-10T21:31:19.056+0000] {logging_mixin.py:190} INFO - [2026-05-10T21:31:19.056+0000] {dag.py:4180} INFO - Setting next_dagrun for mod_03_02_chain_helper to None, run_after=None
[2026-05-10T21:31:19.058+0000] {logging_mixin.py:190} INFO - [2026-05-10T21:31:19.058+0000] {dag.py:4180} INFO - Setting next_dagrun for mod_03_02_cross_downstream to None, run_after=None
[2026-05-10T21:31:19.065+0000] {processor.py:208} INFO - Processing /opt/airflow/dags/03_dependencies/02_chain_and_cross_downstream.py took 0.048 seconds
[2026-05-10T21:31:49.498+0000] {processor.py:186} INFO - Started process (PID=5434) to work on /opt/airflow/dags/03_dependencies/02_chain_and_cross_downstream.py
[2026-05-10T21:31:49.499+0000] {processor.py:914} INFO - Processing file /opt/airflow/dags/03_dependencies/02_chain_and_cross_downstream.py for tasks to queue
[2026-05-10T21:31:49.500+0000] {logging_mixin.py:190} INFO - [2026-05-10T21:31:49.500+0000] {dagbag.py:588} INFO - Filling up the DagBag from /opt/airflow/dags/03_dependencies/02_chain_and_cross_downstream.py
[2026-05-10T21:31:49.505+0000] {processor.py:925} INFO - DAG(s) 'mod_03_02_cross_downstream', 'mod_03_02_chain_helper' retrieved from /opt/airflow/dags/03_dependencies/02_chain_and_cross_downstream.py
[2026-05-10T21:31:49.517+0000] {logging_mixin.py:190} INFO - [2026-05-10T21:31:49.517+0000] {dag.py:3239} INFO - Sync 2 DAGs
[2026-05-10T21:31:49.525+0000] {logging_mixin.py:190} INFO - [2026-05-10T21:31:49.524+0000] {dag.py:4180} INFO - Setting next_dagrun for mod_03_02_chain_helper to None, run_after=None
[2026-05-10T21:31:49.526+0000] {logging_mixin.py:190} INFO - [2026-05-10T21:31:49.526+0000] {dag.py:4180} INFO - Setting next_dagrun for mod_03_02_cross_downstream to None, run_after=None
[2026-05-10T21:31:49.534+0000] {processor.py:208} INFO - Processing /opt/airflow/dags/03_dependencies/02_chain_and_cross_downstream.py took 0.038 seconds
