[2026-05-10T21:19:06.197+0000] {processor.py:186} INFO - Started process (PID=353) to work on /opt/airflow/dags/02_taskflow_api/03_mixing_classic_and_taskflow.py
[2026-05-10T21:19:06.197+0000] {processor.py:914} INFO - Processing file /opt/airflow/dags/02_taskflow_api/03_mixing_classic_and_taskflow.py for tasks to queue
[2026-05-10T21:19:06.202+0000] {logging_mixin.py:190} INFO - [2026-05-10T21:19:06.201+0000] {dagbag.py:588} INFO - Filling up the DagBag from /opt/airflow/dags/02_taskflow_api/03_mixing_classic_and_taskflow.py
[2026-05-10T21:19:06.210+0000] {processor.py:925} INFO - DAG(s) 'mod_02_03_mixing_taskflow_and_classic' retrieved from /opt/airflow/dags/02_taskflow_api/03_mixing_classic_and_taskflow.py
[2026-05-10T21:19:06.259+0000] {logging_mixin.py:190} INFO - [2026-05-10T21:19:06.259+0000] {override.py:1912} INFO - Created Permission View: can delete on DAG:mod_02_03_mixing_taskflow_and_classic
[2026-05-10T21:19:06.264+0000] {logging_mixin.py:190} INFO - [2026-05-10T21:19:06.264+0000] {override.py:1912} INFO - Created Permission View: can edit on DAG:mod_02_03_mixing_taskflow_and_classic
[2026-05-10T21:19:06.265+0000] {logging_mixin.py:190} INFO - [2026-05-10T21:19:06.265+0000] {override.py:1912} INFO - Created Permission View: can read on DAG:mod_02_03_mixing_taskflow_and_classic
[2026-05-10T21:19:06.267+0000] {logging_mixin.py:190} INFO - [2026-05-10T21:19:06.267+0000] {override.py:1912} INFO - Created Permission View: can delete on DAG Run:mod_02_03_mixing_taskflow_and_classic
[2026-05-10T21:19:06.269+0000] {logging_mixin.py:190} INFO - [2026-05-10T21:19:06.269+0000] {override.py:1912} INFO - Created Permission View: menu access on DAG Run:mod_02_03_mixing_taskflow_and_classic
[2026-05-10T21:19:06.270+0000] {logging_mixin.py:190} INFO - [2026-05-10T21:19:06.270+0000] {override.py:1912} INFO - Created Permission View: can create on DAG Run:mod_02_03_mixing_taskflow_and_classic
[2026-05-10T21:19:06.271+0000] {logging_mixin.py:190} INFO - [2026-05-10T21:19:06.271+0000] {override.py:1912} INFO - Created Permission View: can read on DAG Run:mod_02_03_mixing_taskflow_and_classic
[2026-05-10T21:19:06.272+0000] {logging_mixin.py:190} INFO - [2026-05-10T21:19:06.272+0000] {dag.py:3239} INFO - Sync 1 DAGs
[2026-05-10T21:19:06.276+0000] {logging_mixin.py:190} INFO - [2026-05-10T21:19:06.276+0000] {dag.py:3262} INFO - Creating ORM DAG for mod_02_03_mixing_taskflow_and_classic
[2026-05-10T21:19:06.276+0000] {logging_mixin.py:190} INFO - [2026-05-10T21:19:06.276+0000] {dag.py:4180} INFO - Setting next_dagrun for mod_02_03_mixing_taskflow_and_classic to None, run_after=None
[2026-05-10T21:19:06.281+0000] {processor.py:208} INFO - Processing /opt/airflow/dags/02_taskflow_api/03_mixing_classic_and_taskflow.py took 0.087 seconds
[2026-05-10T21:19:37.041+0000] {processor.py:186} INFO - Started process (PID=558) to work on /opt/airflow/dags/02_taskflow_api/03_mixing_classic_and_taskflow.py
[2026-05-10T21:19:37.042+0000] {processor.py:914} INFO - Processing file /opt/airflow/dags/02_taskflow_api/03_mixing_classic_and_taskflow.py for tasks to queue
[2026-05-10T21:19:37.043+0000] {logging_mixin.py:190} INFO - [2026-05-10T21:19:37.043+0000] {dagbag.py:588} INFO - Filling up the DagBag from /opt/airflow/dags/02_taskflow_api/03_mixing_classic_and_taskflow.py
[2026-05-10T21:19:37.048+0000] {processor.py:925} INFO - DAG(s) 'mod_02_03_mixing_taskflow_and_classic' retrieved from /opt/airflow/dags/02_taskflow_api/03_mixing_classic_and_taskflow.py
[2026-05-10T21:19:37.055+0000] {logging_mixin.py:190} INFO - [2026-05-10T21:19:37.055+0000] {dag.py:3239} INFO - Sync 1 DAGs
[2026-05-10T21:19:37.060+0000] {logging_mixin.py:190} INFO - [2026-05-10T21:19:37.060+0000] {dag.py:4180} INFO - Setting next_dagrun for mod_02_03_mixing_taskflow_and_classic to None, run_after=None
[2026-05-10T21:19:37.065+0000] {processor.py:208} INFO - Processing /opt/airflow/dags/02_taskflow_api/03_mixing_classic_and_taskflow.py took 0.026 seconds
[2026-05-10T21:20:07.498+0000] {processor.py:186} INFO - Started process (PID=761) to work on /opt/airflow/dags/02_taskflow_api/03_mixing_classic_and_taskflow.py
[2026-05-10T21:20:07.498+0000] {processor.py:914} INFO - Processing file /opt/airflow/dags/02_taskflow_api/03_mixing_classic_and_taskflow.py for tasks to queue
[2026-05-10T21:20:07.500+0000] {logging_mixin.py:190} INFO - [2026-05-10T21:20:07.499+0000] {dagbag.py:588} INFO - Filling up the DagBag from /opt/airflow/dags/02_taskflow_api/03_mixing_classic_and_taskflow.py
[2026-05-10T21:20:07.504+0000] {processor.py:925} INFO - DAG(s) 'mod_02_03_mixing_taskflow_and_classic' retrieved from /opt/airflow/dags/02_taskflow_api/03_mixing_classic_and_taskflow.py
[2026-05-10T21:20:07.511+0000] {logging_mixin.py:190} INFO - [2026-05-10T21:20:07.511+0000] {dag.py:3239} INFO - Sync 1 DAGs
[2026-05-10T21:20:07.516+0000] {logging_mixin.py:190} INFO - [2026-05-10T21:20:07.516+0000] {dag.py:4180} INFO - Setting next_dagrun for mod_02_03_mixing_taskflow_and_classic to None, run_after=None
[2026-05-10T21:20:07.521+0000] {processor.py:208} INFO - Processing /opt/airflow/dags/02_taskflow_api/03_mixing_classic_and_taskflow.py took 0.025 seconds
[2026-05-10T21:20:38.123+0000] {processor.py:186} INFO - Started process (PID=964) to work on /opt/airflow/dags/02_taskflow_api/03_mixing_classic_and_taskflow.py
[2026-05-10T21:20:38.123+0000] {processor.py:914} INFO - Processing file /opt/airflow/dags/02_taskflow_api/03_mixing_classic_and_taskflow.py for tasks to queue
[2026-05-10T21:20:38.125+0000] {logging_mixin.py:190} INFO - [2026-05-10T21:20:38.124+0000] {dagbag.py:588} INFO - Filling up the DagBag from /opt/airflow/dags/02_taskflow_api/03_mixing_classic_and_taskflow.py
[2026-05-10T21:20:38.129+0000] {processor.py:925} INFO - DAG(s) 'mod_02_03_mixing_taskflow_and_classic' retrieved from /opt/airflow/dags/02_taskflow_api/03_mixing_classic_and_taskflow.py
[2026-05-10T21:20:38.137+0000] {logging_mixin.py:190} INFO - [2026-05-10T21:20:38.137+0000] {dag.py:3239} INFO - Sync 1 DAGs
[2026-05-10T21:20:38.142+0000] {logging_mixin.py:190} INFO - [2026-05-10T21:20:38.142+0000] {dag.py:4180} INFO - Setting next_dagrun for mod_02_03_mixing_taskflow_and_classic to None, run_after=None
[2026-05-10T21:20:38.147+0000] {processor.py:208} INFO - Processing /opt/airflow/dags/02_taskflow_api/03_mixing_classic_and_taskflow.py took 0.027 seconds
[2026-05-10T21:21:08.630+0000] {processor.py:186} INFO - Started process (PID=1167) to work on /opt/airflow/dags/02_taskflow_api/03_mixing_classic_and_taskflow.py
[2026-05-10T21:21:08.630+0000] {processor.py:914} INFO - Processing file /opt/airflow/dags/02_taskflow_api/03_mixing_classic_and_taskflow.py for tasks to queue
[2026-05-10T21:21:08.631+0000] {logging_mixin.py:190} INFO - [2026-05-10T21:21:08.631+0000] {dagbag.py:588} INFO - Filling up the DagBag from /opt/airflow/dags/02_taskflow_api/03_mixing_classic_and_taskflow.py
[2026-05-10T21:21:08.635+0000] {processor.py:925} INFO - DAG(s) 'mod_02_03_mixing_taskflow_and_classic' retrieved from /opt/airflow/dags/02_taskflow_api/03_mixing_classic_and_taskflow.py
[2026-05-10T21:21:08.643+0000] {logging_mixin.py:190} INFO - [2026-05-10T21:21:08.642+0000] {dag.py:3239} INFO - Sync 1 DAGs
[2026-05-10T21:21:08.647+0000] {logging_mixin.py:190} INFO - [2026-05-10T21:21:08.647+0000] {dag.py:4180} INFO - Setting next_dagrun for mod_02_03_mixing_taskflow_and_classic to None, run_after=None
[2026-05-10T21:21:08.652+0000] {processor.py:208} INFO - Processing /opt/airflow/dags/02_taskflow_api/03_mixing_classic_and_taskflow.py took 0.025 seconds
[2026-05-10T21:21:39.179+0000] {processor.py:186} INFO - Started process (PID=1370) to work on /opt/airflow/dags/02_taskflow_api/03_mixing_classic_and_taskflow.py
[2026-05-10T21:21:39.179+0000] {processor.py:914} INFO - Processing file /opt/airflow/dags/02_taskflow_api/03_mixing_classic_and_taskflow.py for tasks to queue
[2026-05-10T21:21:39.180+0000] {logging_mixin.py:190} INFO - [2026-05-10T21:21:39.180+0000] {dagbag.py:588} INFO - Filling up the DagBag from /opt/airflow/dags/02_taskflow_api/03_mixing_classic_and_taskflow.py
[2026-05-10T21:21:39.185+0000] {processor.py:925} INFO - DAG(s) 'mod_02_03_mixing_taskflow_and_classic' retrieved from /opt/airflow/dags/02_taskflow_api/03_mixing_classic_and_taskflow.py
[2026-05-10T21:21:39.192+0000] {logging_mixin.py:190} INFO - [2026-05-10T21:21:39.192+0000] {dag.py:3239} INFO - Sync 1 DAGs
[2026-05-10T21:21:39.196+0000] {logging_mixin.py:190} INFO - [2026-05-10T21:21:39.196+0000] {dag.py:4180} INFO - Setting next_dagrun for mod_02_03_mixing_taskflow_and_classic to None, run_after=None
[2026-05-10T21:21:39.202+0000] {processor.py:208} INFO - Processing /opt/airflow/dags/02_taskflow_api/03_mixing_classic_and_taskflow.py took 0.025 seconds
[2026-05-10T21:22:09.628+0000] {processor.py:186} INFO - Started process (PID=1573) to work on /opt/airflow/dags/02_taskflow_api/03_mixing_classic_and_taskflow.py
[2026-05-10T21:22:09.629+0000] {processor.py:914} INFO - Processing file /opt/airflow/dags/02_taskflow_api/03_mixing_classic_and_taskflow.py for tasks to queue
[2026-05-10T21:22:09.630+0000] {logging_mixin.py:190} INFO - [2026-05-10T21:22:09.630+0000] {dagbag.py:588} INFO - Filling up the DagBag from /opt/airflow/dags/02_taskflow_api/03_mixing_classic_and_taskflow.py
[2026-05-10T21:22:09.634+0000] {processor.py:925} INFO - DAG(s) 'mod_02_03_mixing_taskflow_and_classic' retrieved from /opt/airflow/dags/02_taskflow_api/03_mixing_classic_and_taskflow.py
[2026-05-10T21:22:09.643+0000] {logging_mixin.py:190} INFO - [2026-05-10T21:22:09.643+0000] {dag.py:3239} INFO - Sync 1 DAGs
[2026-05-10T21:22:09.647+0000] {logging_mixin.py:190} INFO - [2026-05-10T21:22:09.647+0000] {dag.py:4180} INFO - Setting next_dagrun for mod_02_03_mixing_taskflow_and_classic to None, run_after=None
[2026-05-10T21:22:09.653+0000] {processor.py:208} INFO - Processing /opt/airflow/dags/02_taskflow_api/03_mixing_classic_and_taskflow.py took 0.027 seconds
[2026-05-10T21:22:40.108+0000] {processor.py:186} INFO - Started process (PID=1776) to work on /opt/airflow/dags/02_taskflow_api/03_mixing_classic_and_taskflow.py
[2026-05-10T21:22:40.108+0000] {processor.py:914} INFO - Processing file /opt/airflow/dags/02_taskflow_api/03_mixing_classic_and_taskflow.py for tasks to queue
[2026-05-10T21:22:40.109+0000] {logging_mixin.py:190} INFO - [2026-05-10T21:22:40.109+0000] {dagbag.py:588} INFO - Filling up the DagBag from /opt/airflow/dags/02_taskflow_api/03_mixing_classic_and_taskflow.py
[2026-05-10T21:22:40.114+0000] {processor.py:925} INFO - DAG(s) 'mod_02_03_mixing_taskflow_and_classic' retrieved from /opt/airflow/dags/02_taskflow_api/03_mixing_classic_and_taskflow.py
[2026-05-10T21:22:40.122+0000] {logging_mixin.py:190} INFO - [2026-05-10T21:22:40.122+0000] {dag.py:3239} INFO - Sync 1 DAGs
[2026-05-10T21:22:40.127+0000] {logging_mixin.py:190} INFO - [2026-05-10T21:22:40.127+0000] {dag.py:4180} INFO - Setting next_dagrun for mod_02_03_mixing_taskflow_and_classic to None, run_after=None
[2026-05-10T21:22:40.133+0000] {processor.py:208} INFO - Processing /opt/airflow/dags/02_taskflow_api/03_mixing_classic_and_taskflow.py took 0.028 seconds
[2026-05-10T21:23:10.547+0000] {processor.py:186} INFO - Started process (PID=1979) to work on /opt/airflow/dags/02_taskflow_api/03_mixing_classic_and_taskflow.py
[2026-05-10T21:23:10.547+0000] {processor.py:914} INFO - Processing file /opt/airflow/dags/02_taskflow_api/03_mixing_classic_and_taskflow.py for tasks to queue
[2026-05-10T21:23:10.548+0000] {logging_mixin.py:190} INFO - [2026-05-10T21:23:10.548+0000] {dagbag.py:588} INFO - Filling up the DagBag from /opt/airflow/dags/02_taskflow_api/03_mixing_classic_and_taskflow.py
[2026-05-10T21:23:10.552+0000] {processor.py:925} INFO - DAG(s) 'mod_02_03_mixing_taskflow_and_classic' retrieved from /opt/airflow/dags/02_taskflow_api/03_mixing_classic_and_taskflow.py
[2026-05-10T21:23:10.560+0000] {logging_mixin.py:190} INFO - [2026-05-10T21:23:10.560+0000] {dag.py:3239} INFO - Sync 1 DAGs
[2026-05-10T21:23:10.564+0000] {logging_mixin.py:190} INFO - [2026-05-10T21:23:10.564+0000] {dag.py:4180} INFO - Setting next_dagrun for mod_02_03_mixing_taskflow_and_classic to None, run_after=None
[2026-05-10T21:23:10.570+0000] {processor.py:208} INFO - Processing /opt/airflow/dags/02_taskflow_api/03_mixing_classic_and_taskflow.py took 0.025 seconds
[2026-05-10T21:23:41.020+0000] {processor.py:186} INFO - Started process (PID=2182) to work on /opt/airflow/dags/02_taskflow_api/03_mixing_classic_and_taskflow.py
[2026-05-10T21:23:41.021+0000] {processor.py:914} INFO - Processing file /opt/airflow/dags/02_taskflow_api/03_mixing_classic_and_taskflow.py for tasks to queue
[2026-05-10T21:23:41.022+0000] {logging_mixin.py:190} INFO - [2026-05-10T21:23:41.022+0000] {dagbag.py:588} INFO - Filling up the DagBag from /opt/airflow/dags/02_taskflow_api/03_mixing_classic_and_taskflow.py
[2026-05-10T21:23:41.026+0000] {processor.py:925} INFO - DAG(s) 'mod_02_03_mixing_taskflow_and_classic' retrieved from /opt/airflow/dags/02_taskflow_api/03_mixing_classic_and_taskflow.py
[2026-05-10T21:23:41.034+0000] {logging_mixin.py:190} INFO - [2026-05-10T21:23:41.034+0000] {dag.py:3239} INFO - Sync 1 DAGs
[2026-05-10T21:23:41.038+0000] {logging_mixin.py:190} INFO - [2026-05-10T21:23:41.038+0000] {dag.py:4180} INFO - Setting next_dagrun for mod_02_03_mixing_taskflow_and_classic to None, run_after=None
[2026-05-10T21:23:41.044+0000] {processor.py:208} INFO - Processing /opt/airflow/dags/02_taskflow_api/03_mixing_classic_and_taskflow.py took 0.026 seconds
[2026-05-10T21:24:11.572+0000] {processor.py:186} INFO - Started process (PID=2399) to work on /opt/airflow/dags/02_taskflow_api/03_mixing_classic_and_taskflow.py
[2026-05-10T21:24:11.572+0000] {processor.py:914} INFO - Processing file /opt/airflow/dags/02_taskflow_api/03_mixing_classic_and_taskflow.py for tasks to queue
[2026-05-10T21:24:11.573+0000] {logging_mixin.py:190} INFO - [2026-05-10T21:24:11.573+0000] {dagbag.py:588} INFO - Filling up the DagBag from /opt/airflow/dags/02_taskflow_api/03_mixing_classic_and_taskflow.py
[2026-05-10T21:24:11.578+0000] {processor.py:925} INFO - DAG(s) 'mod_02_03_mixing_taskflow_and_classic' retrieved from /opt/airflow/dags/02_taskflow_api/03_mixing_classic_and_taskflow.py
[2026-05-10T21:24:11.585+0000] {logging_mixin.py:190} INFO - [2026-05-10T21:24:11.585+0000] {dag.py:3239} INFO - Sync 1 DAGs
[2026-05-10T21:24:11.590+0000] {logging_mixin.py:190} INFO - [2026-05-10T21:24:11.589+0000] {dag.py:4180} INFO - Setting next_dagrun for mod_02_03_mixing_taskflow_and_classic to None, run_after=None
[2026-05-10T21:24:11.595+0000] {processor.py:208} INFO - Processing /opt/airflow/dags/02_taskflow_api/03_mixing_classic_and_taskflow.py took 0.025 seconds
[2026-05-10T21:24:42.023+0000] {processor.py:186} INFO - Started process (PID=2600) to work on /opt/airflow/dags/02_taskflow_api/03_mixing_classic_and_taskflow.py
[2026-05-10T21:24:42.024+0000] {processor.py:914} INFO - Processing file /opt/airflow/dags/02_taskflow_api/03_mixing_classic_and_taskflow.py for tasks to queue
[2026-05-10T21:24:42.025+0000] {logging_mixin.py:190} INFO - [2026-05-10T21:24:42.025+0000] {dagbag.py:588} INFO - Filling up the DagBag from /opt/airflow/dags/02_taskflow_api/03_mixing_classic_and_taskflow.py
[2026-05-10T21:24:42.033+0000] {processor.py:925} INFO - DAG(s) 'mod_02_03_mixing_taskflow_and_classic' retrieved from /opt/airflow/dags/02_taskflow_api/03_mixing_classic_and_taskflow.py
[2026-05-10T21:24:42.045+0000] {logging_mixin.py:190} INFO - [2026-05-10T21:24:42.045+0000] {dag.py:3239} INFO - Sync 1 DAGs
[2026-05-10T21:24:42.050+0000] {logging_mixin.py:190} INFO - [2026-05-10T21:24:42.049+0000] {dag.py:4180} INFO - Setting next_dagrun for mod_02_03_mixing_taskflow_and_classic to None, run_after=None
[2026-05-10T21:24:42.057+0000] {processor.py:208} INFO - Processing /opt/airflow/dags/02_taskflow_api/03_mixing_classic_and_taskflow.py took 0.036 seconds
[2026-05-10T21:25:12.564+0000] {processor.py:186} INFO - Started process (PID=2805) to work on /opt/airflow/dags/02_taskflow_api/03_mixing_classic_and_taskflow.py
[2026-05-10T21:25:12.564+0000] {processor.py:914} INFO - Processing file /opt/airflow/dags/02_taskflow_api/03_mixing_classic_and_taskflow.py for tasks to queue
[2026-05-10T21:25:12.565+0000] {logging_mixin.py:190} INFO - [2026-05-10T21:25:12.565+0000] {dagbag.py:588} INFO - Filling up the DagBag from /opt/airflow/dags/02_taskflow_api/03_mixing_classic_and_taskflow.py
[2026-05-10T21:25:12.570+0000] {processor.py:925} INFO - DAG(s) 'mod_02_03_mixing_taskflow_and_classic' retrieved from /opt/airflow/dags/02_taskflow_api/03_mixing_classic_and_taskflow.py
[2026-05-10T21:25:12.577+0000] {logging_mixin.py:190} INFO - [2026-05-10T21:25:12.577+0000] {dag.py:3239} INFO - Sync 1 DAGs
[2026-05-10T21:25:12.582+0000] {logging_mixin.py:190} INFO - [2026-05-10T21:25:12.582+0000] {dag.py:4180} INFO - Setting next_dagrun for mod_02_03_mixing_taskflow_and_classic to None, run_after=None
[2026-05-10T21:25:12.589+0000] {processor.py:208} INFO - Processing /opt/airflow/dags/02_taskflow_api/03_mixing_classic_and_taskflow.py took 0.027 seconds
[2026-05-10T21:25:43.135+0000] {processor.py:186} INFO - Started process (PID=3008) to work on /opt/airflow/dags/02_taskflow_api/03_mixing_classic_and_taskflow.py
[2026-05-10T21:25:43.136+0000] {processor.py:914} INFO - Processing file /opt/airflow/dags/02_taskflow_api/03_mixing_classic_and_taskflow.py for tasks to queue
[2026-05-10T21:25:43.137+0000] {logging_mixin.py:190} INFO - [2026-05-10T21:25:43.137+0000] {dagbag.py:588} INFO - Filling up the DagBag from /opt/airflow/dags/02_taskflow_api/03_mixing_classic_and_taskflow.py
[2026-05-10T21:25:43.144+0000] {processor.py:925} INFO - DAG(s) 'mod_02_03_mixing_taskflow_and_classic' retrieved from /opt/airflow/dags/02_taskflow_api/03_mixing_classic_and_taskflow.py
[2026-05-10T21:25:43.157+0000] {logging_mixin.py:190} INFO - [2026-05-10T21:25:43.157+0000] {dag.py:3239} INFO - Sync 1 DAGs
[2026-05-10T21:25:43.162+0000] {logging_mixin.py:190} INFO - [2026-05-10T21:25:43.162+0000] {dag.py:4180} INFO - Setting next_dagrun for mod_02_03_mixing_taskflow_and_classic to None, run_after=None
[2026-05-10T21:25:43.170+0000] {processor.py:208} INFO - Processing /opt/airflow/dags/02_taskflow_api/03_mixing_classic_and_taskflow.py took 0.037 seconds
[2026-05-10T21:26:13.688+0000] {processor.py:186} INFO - Started process (PID=3209) to work on /opt/airflow/dags/02_taskflow_api/03_mixing_classic_and_taskflow.py
[2026-05-10T21:26:13.690+0000] {processor.py:914} INFO - Processing file /opt/airflow/dags/02_taskflow_api/03_mixing_classic_and_taskflow.py for tasks to queue
[2026-05-10T21:26:13.690+0000] {logging_mixin.py:190} INFO - [2026-05-10T21:26:13.690+0000] {dagbag.py:588} INFO - Filling up the DagBag from /opt/airflow/dags/02_taskflow_api/03_mixing_classic_and_taskflow.py
[2026-05-10T21:26:13.697+0000] {processor.py:925} INFO - DAG(s) 'mod_02_03_mixing_taskflow_and_classic' retrieved from /opt/airflow/dags/02_taskflow_api/03_mixing_classic_and_taskflow.py
[2026-05-10T21:26:13.708+0000] {logging_mixin.py:190} INFO - [2026-05-10T21:26:13.708+0000] {dag.py:3239} INFO - Sync 1 DAGs
[2026-05-10T21:26:13.714+0000] {logging_mixin.py:190} INFO - [2026-05-10T21:26:13.714+0000] {dag.py:4180} INFO - Setting next_dagrun for mod_02_03_mixing_taskflow_and_classic to None, run_after=None
[2026-05-10T21:26:13.722+0000] {processor.py:208} INFO - Processing /opt/airflow/dags/02_taskflow_api/03_mixing_classic_and_taskflow.py took 0.037 seconds
[2026-05-10T21:26:44.246+0000] {processor.py:186} INFO - Started process (PID=3414) to work on /opt/airflow/dags/02_taskflow_api/03_mixing_classic_and_taskflow.py
[2026-05-10T21:26:44.247+0000] {processor.py:914} INFO - Processing file /opt/airflow/dags/02_taskflow_api/03_mixing_classic_and_taskflow.py for tasks to queue
[2026-05-10T21:26:44.248+0000] {logging_mixin.py:190} INFO - [2026-05-10T21:26:44.248+0000] {dagbag.py:588} INFO - Filling up the DagBag from /opt/airflow/dags/02_taskflow_api/03_mixing_classic_and_taskflow.py
[2026-05-10T21:26:44.252+0000] {processor.py:925} INFO - DAG(s) 'mod_02_03_mixing_taskflow_and_classic' retrieved from /opt/airflow/dags/02_taskflow_api/03_mixing_classic_and_taskflow.py
[2026-05-10T21:26:44.260+0000] {logging_mixin.py:190} INFO - [2026-05-10T21:26:44.260+0000] {dag.py:3239} INFO - Sync 1 DAGs
[2026-05-10T21:26:44.265+0000] {logging_mixin.py:190} INFO - [2026-05-10T21:26:44.265+0000] {dag.py:4180} INFO - Setting next_dagrun for mod_02_03_mixing_taskflow_and_classic to None, run_after=None
[2026-05-10T21:26:44.272+0000] {processor.py:208} INFO - Processing /opt/airflow/dags/02_taskflow_api/03_mixing_classic_and_taskflow.py took 0.028 seconds
[2026-05-10T21:27:14.827+0000] {processor.py:186} INFO - Started process (PID=3617) to work on /opt/airflow/dags/02_taskflow_api/03_mixing_classic_and_taskflow.py
[2026-05-10T21:27:14.827+0000] {processor.py:914} INFO - Processing file /opt/airflow/dags/02_taskflow_api/03_mixing_classic_and_taskflow.py for tasks to queue
[2026-05-10T21:27:14.828+0000] {logging_mixin.py:190} INFO - [2026-05-10T21:27:14.828+0000] {dagbag.py:588} INFO - Filling up the DagBag from /opt/airflow/dags/02_taskflow_api/03_mixing_classic_and_taskflow.py
[2026-05-10T21:27:14.832+0000] {processor.py:925} INFO - DAG(s) 'mod_02_03_mixing_taskflow_and_classic' retrieved from /opt/airflow/dags/02_taskflow_api/03_mixing_classic_and_taskflow.py
[2026-05-10T21:27:14.841+0000] {logging_mixin.py:190} INFO - [2026-05-10T21:27:14.841+0000] {dag.py:3239} INFO - Sync 1 DAGs
[2026-05-10T21:27:14.846+0000] {logging_mixin.py:190} INFO - [2026-05-10T21:27:14.846+0000] {dag.py:4180} INFO - Setting next_dagrun for mod_02_03_mixing_taskflow_and_classic to None, run_after=None
[2026-05-10T21:27:14.852+0000] {processor.py:208} INFO - Processing /opt/airflow/dags/02_taskflow_api/03_mixing_classic_and_taskflow.py took 0.027 seconds
[2026-05-10T21:27:45.300+0000] {processor.py:186} INFO - Started process (PID=3820) to work on /opt/airflow/dags/02_taskflow_api/03_mixing_classic_and_taskflow.py
[2026-05-10T21:27:45.301+0000] {processor.py:914} INFO - Processing file /opt/airflow/dags/02_taskflow_api/03_mixing_classic_and_taskflow.py for tasks to queue
[2026-05-10T21:27:45.302+0000] {logging_mixin.py:190} INFO - [2026-05-10T21:27:45.302+0000] {dagbag.py:588} INFO - Filling up the DagBag from /opt/airflow/dags/02_taskflow_api/03_mixing_classic_and_taskflow.py
[2026-05-10T21:27:45.306+0000] {processor.py:925} INFO - DAG(s) 'mod_02_03_mixing_taskflow_and_classic' retrieved from /opt/airflow/dags/02_taskflow_api/03_mixing_classic_and_taskflow.py
[2026-05-10T21:27:45.314+0000] {logging_mixin.py:190} INFO - [2026-05-10T21:27:45.314+0000] {dag.py:3239} INFO - Sync 1 DAGs
[2026-05-10T21:27:45.318+0000] {logging_mixin.py:190} INFO - [2026-05-10T21:27:45.318+0000] {dag.py:4180} INFO - Setting next_dagrun for mod_02_03_mixing_taskflow_and_classic to None, run_after=None
[2026-05-10T21:27:45.324+0000] {processor.py:208} INFO - Processing /opt/airflow/dags/02_taskflow_api/03_mixing_classic_and_taskflow.py took 0.026 seconds
[2026-05-10T21:28:15.787+0000] {processor.py:186} INFO - Started process (PID=4023) to work on /opt/airflow/dags/02_taskflow_api/03_mixing_classic_and_taskflow.py
[2026-05-10T21:28:15.788+0000] {processor.py:914} INFO - Processing file /opt/airflow/dags/02_taskflow_api/03_mixing_classic_and_taskflow.py for tasks to queue
[2026-05-10T21:28:15.788+0000] {logging_mixin.py:190} INFO - [2026-05-10T21:28:15.788+0000] {dagbag.py:588} INFO - Filling up the DagBag from /opt/airflow/dags/02_taskflow_api/03_mixing_classic_and_taskflow.py
[2026-05-10T21:28:15.793+0000] {processor.py:925} INFO - DAG(s) 'mod_02_03_mixing_taskflow_and_classic' retrieved from /opt/airflow/dags/02_taskflow_api/03_mixing_classic_and_taskflow.py
[2026-05-10T21:28:15.801+0000] {logging_mixin.py:190} INFO - [2026-05-10T21:28:15.801+0000] {dag.py:3239} INFO - Sync 1 DAGs
[2026-05-10T21:28:15.805+0000] {logging_mixin.py:190} INFO - [2026-05-10T21:28:15.805+0000] {dag.py:4180} INFO - Setting next_dagrun for mod_02_03_mixing_taskflow_and_classic to None, run_after=None
[2026-05-10T21:28:15.810+0000] {processor.py:208} INFO - Processing /opt/airflow/dags/02_taskflow_api/03_mixing_classic_and_taskflow.py took 0.025 seconds
[2026-05-10T21:28:46.326+0000] {processor.py:186} INFO - Started process (PID=4226) to work on /opt/airflow/dags/02_taskflow_api/03_mixing_classic_and_taskflow.py
[2026-05-10T21:28:46.326+0000] {processor.py:914} INFO - Processing file /opt/airflow/dags/02_taskflow_api/03_mixing_classic_and_taskflow.py for tasks to queue
[2026-05-10T21:28:46.327+0000] {logging_mixin.py:190} INFO - [2026-05-10T21:28:46.327+0000] {dagbag.py:588} INFO - Filling up the DagBag from /opt/airflow/dags/02_taskflow_api/03_mixing_classic_and_taskflow.py
[2026-05-10T21:28:46.332+0000] {processor.py:925} INFO - DAG(s) 'mod_02_03_mixing_taskflow_and_classic' retrieved from /opt/airflow/dags/02_taskflow_api/03_mixing_classic_and_taskflow.py
[2026-05-10T21:28:46.340+0000] {logging_mixin.py:190} INFO - [2026-05-10T21:28:46.340+0000] {dag.py:3239} INFO - Sync 1 DAGs
[2026-05-10T21:28:46.344+0000] {logging_mixin.py:190} INFO - [2026-05-10T21:28:46.344+0000] {dag.py:4180} INFO - Setting next_dagrun for mod_02_03_mixing_taskflow_and_classic to None, run_after=None
[2026-05-10T21:28:46.350+0000] {processor.py:208} INFO - Processing /opt/airflow/dags/02_taskflow_api/03_mixing_classic_and_taskflow.py took 0.027 seconds
[2026-05-10T21:29:16.888+0000] {processor.py:186} INFO - Started process (PID=4429) to work on /opt/airflow/dags/02_taskflow_api/03_mixing_classic_and_taskflow.py
[2026-05-10T21:29:16.889+0000] {processor.py:914} INFO - Processing file /opt/airflow/dags/02_taskflow_api/03_mixing_classic_and_taskflow.py for tasks to queue
[2026-05-10T21:29:16.890+0000] {logging_mixin.py:190} INFO - [2026-05-10T21:29:16.890+0000] {dagbag.py:588} INFO - Filling up the DagBag from /opt/airflow/dags/02_taskflow_api/03_mixing_classic_and_taskflow.py
[2026-05-10T21:29:16.894+0000] {processor.py:925} INFO - DAG(s) 'mod_02_03_mixing_taskflow_and_classic' retrieved from /opt/airflow/dags/02_taskflow_api/03_mixing_classic_and_taskflow.py
[2026-05-10T21:29:16.901+0000] {logging_mixin.py:190} INFO - [2026-05-10T21:29:16.901+0000] {dag.py:3239} INFO - Sync 1 DAGs
[2026-05-10T21:29:16.906+0000] {logging_mixin.py:190} INFO - [2026-05-10T21:29:16.906+0000] {dag.py:4180} INFO - Setting next_dagrun for mod_02_03_mixing_taskflow_and_classic to None, run_after=None
[2026-05-10T21:29:16.912+0000] {processor.py:208} INFO - Processing /opt/airflow/dags/02_taskflow_api/03_mixing_classic_and_taskflow.py took 0.026 seconds
[2026-05-10T21:29:47.454+0000] {processor.py:186} INFO - Started process (PID=4632) to work on /opt/airflow/dags/02_taskflow_api/03_mixing_classic_and_taskflow.py
[2026-05-10T21:29:47.454+0000] {processor.py:914} INFO - Processing file /opt/airflow/dags/02_taskflow_api/03_mixing_classic_and_taskflow.py for tasks to queue
[2026-05-10T21:29:47.455+0000] {logging_mixin.py:190} INFO - [2026-05-10T21:29:47.455+0000] {dagbag.py:588} INFO - Filling up the DagBag from /opt/airflow/dags/02_taskflow_api/03_mixing_classic_and_taskflow.py
[2026-05-10T21:29:47.461+0000] {processor.py:925} INFO - DAG(s) 'mod_02_03_mixing_taskflow_and_classic' retrieved from /opt/airflow/dags/02_taskflow_api/03_mixing_classic_and_taskflow.py
[2026-05-10T21:29:47.471+0000] {logging_mixin.py:190} INFO - [2026-05-10T21:29:47.471+0000] {dag.py:3239} INFO - Sync 1 DAGs
[2026-05-10T21:29:47.477+0000] {logging_mixin.py:190} INFO - [2026-05-10T21:29:47.477+0000] {dag.py:4180} INFO - Setting next_dagrun for mod_02_03_mixing_taskflow_and_classic to None, run_after=None
[2026-05-10T21:29:47.489+0000] {processor.py:208} INFO - Processing /opt/airflow/dags/02_taskflow_api/03_mixing_classic_and_taskflow.py took 0.038 seconds
[2026-05-10T21:30:17.933+0000] {processor.py:186} INFO - Started process (PID=4835) to work on /opt/airflow/dags/02_taskflow_api/03_mixing_classic_and_taskflow.py
[2026-05-10T21:30:17.933+0000] {processor.py:914} INFO - Processing file /opt/airflow/dags/02_taskflow_api/03_mixing_classic_and_taskflow.py for tasks to queue
[2026-05-10T21:30:17.934+0000] {logging_mixin.py:190} INFO - [2026-05-10T21:30:17.934+0000] {dagbag.py:588} INFO - Filling up the DagBag from /opt/airflow/dags/02_taskflow_api/03_mixing_classic_and_taskflow.py
[2026-05-10T21:30:17.938+0000] {processor.py:925} INFO - DAG(s) 'mod_02_03_mixing_taskflow_and_classic' retrieved from /opt/airflow/dags/02_taskflow_api/03_mixing_classic_and_taskflow.py
[2026-05-10T21:30:17.946+0000] {logging_mixin.py:190} INFO - [2026-05-10T21:30:17.946+0000] {dag.py:3239} INFO - Sync 1 DAGs
[2026-05-10T21:30:17.951+0000] {logging_mixin.py:190} INFO - [2026-05-10T21:30:17.951+0000] {dag.py:4180} INFO - Setting next_dagrun for mod_02_03_mixing_taskflow_and_classic to None, run_after=None
[2026-05-10T21:30:17.958+0000] {processor.py:208} INFO - Processing /opt/airflow/dags/02_taskflow_api/03_mixing_classic_and_taskflow.py took 0.028 seconds
