[2026-05-10T21:19:05.357+0000] {processor.py:186} INFO - Started process (PID=283) to work on /opt/airflow/dags/07_dynamic_task_mapping/01_simple_expand.py
[2026-05-10T21:19:05.358+0000] {processor.py:914} INFO - Processing file /opt/airflow/dags/07_dynamic_task_mapping/01_simple_expand.py for tasks to queue
[2026-05-10T21:19:05.360+0000] {logging_mixin.py:190} INFO - [2026-05-10T21:19:05.359+0000] {dagbag.py:588} INFO - Filling up the DagBag from /opt/airflow/dags/07_dynamic_task_mapping/01_simple_expand.py
[2026-05-10T21:19:05.368+0000] {processor.py:925} INFO - DAG(s) 'mod_07_01_simple_expand' retrieved from /opt/airflow/dags/07_dynamic_task_mapping/01_simple_expand.py
[2026-05-10T21:19:05.429+0000] {logging_mixin.py:190} INFO - [2026-05-10T21:19:05.428+0000] {override.py:1912} INFO - Created Permission View: can delete on DAG:mod_07_01_simple_expand
[2026-05-10T21:19:05.435+0000] {logging_mixin.py:190} INFO - [2026-05-10T21:19:05.435+0000] {override.py:1912} INFO - Created Permission View: can edit on DAG:mod_07_01_simple_expand
[2026-05-10T21:19:05.439+0000] {logging_mixin.py:190} INFO - [2026-05-10T21:19:05.439+0000] {override.py:1912} INFO - Created Permission View: can read on DAG:mod_07_01_simple_expand
[2026-05-10T21:19:05.440+0000] {logging_mixin.py:190} INFO - [2026-05-10T21:19:05.440+0000] {override.py:1912} INFO - Created Permission View: can delete on DAG Run:mod_07_01_simple_expand
[2026-05-10T21:19:05.445+0000] {logging_mixin.py:190} INFO - [2026-05-10T21:19:05.445+0000] {override.py:1912} INFO - Created Permission View: menu access on DAG Run:mod_07_01_simple_expand
[2026-05-10T21:19:05.446+0000] {logging_mixin.py:190} INFO - [2026-05-10T21:19:05.446+0000] {override.py:1912} INFO - Created Permission View: can create on DAG Run:mod_07_01_simple_expand
[2026-05-10T21:19:05.448+0000] {logging_mixin.py:190} INFO - [2026-05-10T21:19:05.448+0000] {override.py:1912} INFO - Created Permission View: can read on DAG Run:mod_07_01_simple_expand
[2026-05-10T21:19:05.448+0000] {logging_mixin.py:190} INFO - [2026-05-10T21:19:05.448+0000] {dag.py:3239} INFO - Sync 1 DAGs
[2026-05-10T21:19:05.454+0000] {logging_mixin.py:190} INFO - [2026-05-10T21:19:05.454+0000] {dag.py:3262} INFO - Creating ORM DAG for mod_07_01_simple_expand
[2026-05-10T21:19:05.455+0000] {logging_mixin.py:190} INFO - [2026-05-10T21:19:05.455+0000] {dag.py:4180} INFO - Setting next_dagrun for mod_07_01_simple_expand to None, run_after=None
[2026-05-10T21:19:05.463+0000] {processor.py:208} INFO - Processing /opt/airflow/dags/07_dynamic_task_mapping/01_simple_expand.py took 0.109 seconds
[2026-05-10T21:19:35.648+0000] {processor.py:186} INFO - Started process (PID=486) to work on /opt/airflow/dags/07_dynamic_task_mapping/01_simple_expand.py
[2026-05-10T21:19:35.649+0000] {processor.py:914} INFO - Processing file /opt/airflow/dags/07_dynamic_task_mapping/01_simple_expand.py for tasks to queue
[2026-05-10T21:19:35.651+0000] {logging_mixin.py:190} INFO - [2026-05-10T21:19:35.651+0000] {dagbag.py:588} INFO - Filling up the DagBag from /opt/airflow/dags/07_dynamic_task_mapping/01_simple_expand.py
[2026-05-10T21:19:35.659+0000] {processor.py:925} INFO - DAG(s) 'mod_07_01_simple_expand' retrieved from /opt/airflow/dags/07_dynamic_task_mapping/01_simple_expand.py
[2026-05-10T21:19:35.672+0000] {logging_mixin.py:190} INFO - [2026-05-10T21:19:35.672+0000] {dag.py:3239} INFO - Sync 1 DAGs
[2026-05-10T21:19:35.678+0000] {logging_mixin.py:190} INFO - [2026-05-10T21:19:35.678+0000] {dag.py:4180} INFO - Setting next_dagrun for mod_07_01_simple_expand to None, run_after=None
[2026-05-10T21:19:35.686+0000] {processor.py:208} INFO - Processing /opt/airflow/dags/07_dynamic_task_mapping/01_simple_expand.py took 0.040 seconds
[2026-05-10T21:20:06.136+0000] {processor.py:186} INFO - Started process (PID=689) to work on /opt/airflow/dags/07_dynamic_task_mapping/01_simple_expand.py
[2026-05-10T21:20:06.137+0000] {processor.py:914} INFO - Processing file /opt/airflow/dags/07_dynamic_task_mapping/01_simple_expand.py for tasks to queue
[2026-05-10T21:20:06.138+0000] {logging_mixin.py:190} INFO - [2026-05-10T21:20:06.138+0000] {dagbag.py:588} INFO - Filling up the DagBag from /opt/airflow/dags/07_dynamic_task_mapping/01_simple_expand.py
[2026-05-10T21:20:06.143+0000] {processor.py:925} INFO - DAG(s) 'mod_07_01_simple_expand' retrieved from /opt/airflow/dags/07_dynamic_task_mapping/01_simple_expand.py
[2026-05-10T21:20:06.151+0000] {logging_mixin.py:190} INFO - [2026-05-10T21:20:06.151+0000] {dag.py:3239} INFO - Sync 1 DAGs
[2026-05-10T21:20:06.158+0000] {logging_mixin.py:190} INFO - [2026-05-10T21:20:06.158+0000] {dag.py:4180} INFO - Setting next_dagrun for mod_07_01_simple_expand to None, run_after=None
[2026-05-10T21:20:06.167+0000] {processor.py:208} INFO - Processing /opt/airflow/dags/07_dynamic_task_mapping/01_simple_expand.py took 0.033 seconds
[2026-05-10T21:20:36.693+0000] {processor.py:186} INFO - Started process (PID=894) to work on /opt/airflow/dags/07_dynamic_task_mapping/01_simple_expand.py
[2026-05-10T21:20:36.693+0000] {processor.py:914} INFO - Processing file /opt/airflow/dags/07_dynamic_task_mapping/01_simple_expand.py for tasks to queue
[2026-05-10T21:20:36.694+0000] {logging_mixin.py:190} INFO - [2026-05-10T21:20:36.694+0000] {dagbag.py:588} INFO - Filling up the DagBag from /opt/airflow/dags/07_dynamic_task_mapping/01_simple_expand.py
[2026-05-10T21:20:36.699+0000] {processor.py:925} INFO - DAG(s) 'mod_07_01_simple_expand' retrieved from /opt/airflow/dags/07_dynamic_task_mapping/01_simple_expand.py
[2026-05-10T21:20:36.708+0000] {logging_mixin.py:190} INFO - [2026-05-10T21:20:36.708+0000] {dag.py:3239} INFO - Sync 1 DAGs
[2026-05-10T21:20:36.714+0000] {logging_mixin.py:190} INFO - [2026-05-10T21:20:36.714+0000] {dag.py:4180} INFO - Setting next_dagrun for mod_07_01_simple_expand to None, run_after=None
[2026-05-10T21:20:36.723+0000] {processor.py:208} INFO - Processing /opt/airflow/dags/07_dynamic_task_mapping/01_simple_expand.py took 0.032 seconds
[2026-05-10T21:21:07.249+0000] {processor.py:186} INFO - Started process (PID=1097) to work on /opt/airflow/dags/07_dynamic_task_mapping/01_simple_expand.py
[2026-05-10T21:21:07.250+0000] {processor.py:914} INFO - Processing file /opt/airflow/dags/07_dynamic_task_mapping/01_simple_expand.py for tasks to queue
[2026-05-10T21:21:07.251+0000] {logging_mixin.py:190} INFO - [2026-05-10T21:21:07.251+0000] {dagbag.py:588} INFO - Filling up the DagBag from /opt/airflow/dags/07_dynamic_task_mapping/01_simple_expand.py
[2026-05-10T21:21:07.256+0000] {processor.py:925} INFO - DAG(s) 'mod_07_01_simple_expand' retrieved from /opt/airflow/dags/07_dynamic_task_mapping/01_simple_expand.py
[2026-05-10T21:21:07.264+0000] {logging_mixin.py:190} INFO - [2026-05-10T21:21:07.264+0000] {dag.py:3239} INFO - Sync 1 DAGs
[2026-05-10T21:21:07.269+0000] {logging_mixin.py:190} INFO - [2026-05-10T21:21:07.269+0000] {dag.py:4180} INFO - Setting next_dagrun for mod_07_01_simple_expand to None, run_after=None
[2026-05-10T21:21:07.275+0000] {processor.py:208} INFO - Processing /opt/airflow/dags/07_dynamic_task_mapping/01_simple_expand.py took 0.028 seconds
[2026-05-10T21:21:37.782+0000] {processor.py:186} INFO - Started process (PID=1298) to work on /opt/airflow/dags/07_dynamic_task_mapping/01_simple_expand.py
[2026-05-10T21:21:37.783+0000] {processor.py:914} INFO - Processing file /opt/airflow/dags/07_dynamic_task_mapping/01_simple_expand.py for tasks to queue
[2026-05-10T21:21:37.785+0000] {logging_mixin.py:190} INFO - [2026-05-10T21:21:37.785+0000] {dagbag.py:588} INFO - Filling up the DagBag from /opt/airflow/dags/07_dynamic_task_mapping/01_simple_expand.py
[2026-05-10T21:21:37.794+0000] {processor.py:925} INFO - DAG(s) 'mod_07_01_simple_expand' retrieved from /opt/airflow/dags/07_dynamic_task_mapping/01_simple_expand.py
[2026-05-10T21:21:37.806+0000] {logging_mixin.py:190} INFO - [2026-05-10T21:21:37.806+0000] {dag.py:3239} INFO - Sync 1 DAGs
[2026-05-10T21:21:37.812+0000] {logging_mixin.py:190} INFO - [2026-05-10T21:21:37.812+0000] {dag.py:4180} INFO - Setting next_dagrun for mod_07_01_simple_expand to None, run_after=None
[2026-05-10T21:21:37.819+0000] {processor.py:208} INFO - Processing /opt/airflow/dags/07_dynamic_task_mapping/01_simple_expand.py took 0.040 seconds
[2026-05-10T21:22:08.265+0000] {processor.py:186} INFO - Started process (PID=1501) to work on /opt/airflow/dags/07_dynamic_task_mapping/01_simple_expand.py
[2026-05-10T21:22:08.265+0000] {processor.py:914} INFO - Processing file /opt/airflow/dags/07_dynamic_task_mapping/01_simple_expand.py for tasks to queue
[2026-05-10T21:22:08.266+0000] {logging_mixin.py:190} INFO - [2026-05-10T21:22:08.266+0000] {dagbag.py:588} INFO - Filling up the DagBag from /opt/airflow/dags/07_dynamic_task_mapping/01_simple_expand.py
[2026-05-10T21:22:08.273+0000] {processor.py:925} INFO - DAG(s) 'mod_07_01_simple_expand' retrieved from /opt/airflow/dags/07_dynamic_task_mapping/01_simple_expand.py
[2026-05-10T21:22:08.284+0000] {logging_mixin.py:190} INFO - [2026-05-10T21:22:08.284+0000] {dag.py:3239} INFO - Sync 1 DAGs
[2026-05-10T21:22:08.290+0000] {logging_mixin.py:190} INFO - [2026-05-10T21:22:08.290+0000] {dag.py:4180} INFO - Setting next_dagrun for mod_07_01_simple_expand to None, run_after=None
[2026-05-10T21:22:08.300+0000] {processor.py:208} INFO - Processing /opt/airflow/dags/07_dynamic_task_mapping/01_simple_expand.py took 0.038 seconds
[2026-05-10T21:22:38.741+0000] {processor.py:186} INFO - Started process (PID=1706) to work on /opt/airflow/dags/07_dynamic_task_mapping/01_simple_expand.py
[2026-05-10T21:22:38.742+0000] {processor.py:914} INFO - Processing file /opt/airflow/dags/07_dynamic_task_mapping/01_simple_expand.py for tasks to queue
[2026-05-10T21:22:38.743+0000] {logging_mixin.py:190} INFO - [2026-05-10T21:22:38.743+0000] {dagbag.py:588} INFO - Filling up the DagBag from /opt/airflow/dags/07_dynamic_task_mapping/01_simple_expand.py
[2026-05-10T21:22:38.750+0000] {processor.py:925} INFO - DAG(s) 'mod_07_01_simple_expand' retrieved from /opt/airflow/dags/07_dynamic_task_mapping/01_simple_expand.py
[2026-05-10T21:22:38.761+0000] {logging_mixin.py:190} INFO - [2026-05-10T21:22:38.761+0000] {dag.py:3239} INFO - Sync 1 DAGs
[2026-05-10T21:22:38.767+0000] {logging_mixin.py:190} INFO - [2026-05-10T21:22:38.767+0000] {dag.py:4180} INFO - Setting next_dagrun for mod_07_01_simple_expand to None, run_after=None
[2026-05-10T21:22:38.775+0000] {processor.py:208} INFO - Processing /opt/airflow/dags/07_dynamic_task_mapping/01_simple_expand.py took 0.036 seconds
[2026-05-10T21:23:09.174+0000] {processor.py:186} INFO - Started process (PID=1908) to work on /opt/airflow/dags/07_dynamic_task_mapping/01_simple_expand.py
[2026-05-10T21:23:09.175+0000] {processor.py:914} INFO - Processing file /opt/airflow/dags/07_dynamic_task_mapping/01_simple_expand.py for tasks to queue
[2026-05-10T21:23:09.176+0000] {logging_mixin.py:190} INFO - [2026-05-10T21:23:09.176+0000] {dagbag.py:588} INFO - Filling up the DagBag from /opt/airflow/dags/07_dynamic_task_mapping/01_simple_expand.py
[2026-05-10T21:23:09.181+0000] {processor.py:925} INFO - DAG(s) 'mod_07_01_simple_expand' retrieved from /opt/airflow/dags/07_dynamic_task_mapping/01_simple_expand.py
[2026-05-10T21:23:09.193+0000] {logging_mixin.py:190} INFO - [2026-05-10T21:23:09.192+0000] {dag.py:3239} INFO - Sync 1 DAGs
[2026-05-10T21:23:09.201+0000] {logging_mixin.py:190} INFO - [2026-05-10T21:23:09.200+0000] {dag.py:4180} INFO - Setting next_dagrun for mod_07_01_simple_expand to None, run_after=None
[2026-05-10T21:23:09.209+0000] {processor.py:208} INFO - Processing /opt/airflow/dags/07_dynamic_task_mapping/01_simple_expand.py took 0.038 seconds
[2026-05-10T21:23:39.614+0000] {processor.py:186} INFO - Started process (PID=2110) to work on /opt/airflow/dags/07_dynamic_task_mapping/01_simple_expand.py
[2026-05-10T21:23:39.616+0000] {processor.py:914} INFO - Processing file /opt/airflow/dags/07_dynamic_task_mapping/01_simple_expand.py for tasks to queue
[2026-05-10T21:23:39.616+0000] {logging_mixin.py:190} INFO - [2026-05-10T21:23:39.616+0000] {dagbag.py:588} INFO - Filling up the DagBag from /opt/airflow/dags/07_dynamic_task_mapping/01_simple_expand.py
[2026-05-10T21:23:39.622+0000] {processor.py:925} INFO - DAG(s) 'mod_07_01_simple_expand' retrieved from /opt/airflow/dags/07_dynamic_task_mapping/01_simple_expand.py
[2026-05-10T21:23:39.634+0000] {logging_mixin.py:190} INFO - [2026-05-10T21:23:39.634+0000] {dag.py:3239} INFO - Sync 1 DAGs
[2026-05-10T21:23:39.640+0000] {logging_mixin.py:190} INFO - [2026-05-10T21:23:39.640+0000] {dag.py:4180} INFO - Setting next_dagrun for mod_07_01_simple_expand to None, run_after=None
[2026-05-10T21:23:39.648+0000] {processor.py:208} INFO - Processing /opt/airflow/dags/07_dynamic_task_mapping/01_simple_expand.py took 0.036 seconds
[2026-05-10T21:24:10.193+0000] {processor.py:186} INFO - Started process (PID=2328) to work on /opt/airflow/dags/07_dynamic_task_mapping/01_simple_expand.py
[2026-05-10T21:24:10.194+0000] {processor.py:914} INFO - Processing file /opt/airflow/dags/07_dynamic_task_mapping/01_simple_expand.py for tasks to queue
[2026-05-10T21:24:10.195+0000] {logging_mixin.py:190} INFO - [2026-05-10T21:24:10.195+0000] {dagbag.py:588} INFO - Filling up the DagBag from /opt/airflow/dags/07_dynamic_task_mapping/01_simple_expand.py
[2026-05-10T21:24:10.200+0000] {processor.py:925} INFO - DAG(s) 'mod_07_01_simple_expand' retrieved from /opt/airflow/dags/07_dynamic_task_mapping/01_simple_expand.py
[2026-05-10T21:24:10.213+0000] {logging_mixin.py:190} INFO - [2026-05-10T21:24:10.212+0000] {dag.py:3239} INFO - Sync 1 DAGs
[2026-05-10T21:24:10.219+0000] {logging_mixin.py:190} INFO - [2026-05-10T21:24:10.219+0000] {dag.py:4180} INFO - Setting next_dagrun for mod_07_01_simple_expand to None, run_after=None
[2026-05-10T21:24:10.229+0000] {processor.py:208} INFO - Processing /opt/airflow/dags/07_dynamic_task_mapping/01_simple_expand.py took 0.039 seconds
[2026-05-10T21:24:40.679+0000] {processor.py:186} INFO - Started process (PID=2532) to work on /opt/airflow/dags/07_dynamic_task_mapping/01_simple_expand.py
[2026-05-10T21:24:40.679+0000] {processor.py:914} INFO - Processing file /opt/airflow/dags/07_dynamic_task_mapping/01_simple_expand.py for tasks to queue
[2026-05-10T21:24:40.680+0000] {logging_mixin.py:190} INFO - [2026-05-10T21:24:40.680+0000] {dagbag.py:588} INFO - Filling up the DagBag from /opt/airflow/dags/07_dynamic_task_mapping/01_simple_expand.py
[2026-05-10T21:24:40.688+0000] {processor.py:925} INFO - DAG(s) 'mod_07_01_simple_expand' retrieved from /opt/airflow/dags/07_dynamic_task_mapping/01_simple_expand.py
[2026-05-10T21:24:40.699+0000] {logging_mixin.py:190} INFO - [2026-05-10T21:24:40.699+0000] {dag.py:3239} INFO - Sync 1 DAGs
[2026-05-10T21:24:40.703+0000] {logging_mixin.py:190} INFO - [2026-05-10T21:24:40.703+0000] {dag.py:4180} INFO - Setting next_dagrun for mod_07_01_simple_expand to None, run_after=None
[2026-05-10T21:24:40.712+0000] {processor.py:208} INFO - Processing /opt/airflow/dags/07_dynamic_task_mapping/01_simple_expand.py took 0.036 seconds
[2026-05-10T21:25:11.160+0000] {processor.py:186} INFO - Started process (PID=2733) to work on /opt/airflow/dags/07_dynamic_task_mapping/01_simple_expand.py
[2026-05-10T21:25:11.161+0000] {processor.py:914} INFO - Processing file /opt/airflow/dags/07_dynamic_task_mapping/01_simple_expand.py for tasks to queue
[2026-05-10T21:25:11.162+0000] {logging_mixin.py:190} INFO - [2026-05-10T21:25:11.162+0000] {dagbag.py:588} INFO - Filling up the DagBag from /opt/airflow/dags/07_dynamic_task_mapping/01_simple_expand.py
[2026-05-10T21:25:11.167+0000] {processor.py:925} INFO - DAG(s) 'mod_07_01_simple_expand' retrieved from /opt/airflow/dags/07_dynamic_task_mapping/01_simple_expand.py
[2026-05-10T21:25:11.179+0000] {logging_mixin.py:190} INFO - [2026-05-10T21:25:11.179+0000] {dag.py:3239} INFO - Sync 1 DAGs
[2026-05-10T21:25:11.184+0000] {logging_mixin.py:190} INFO - [2026-05-10T21:25:11.184+0000] {dag.py:4180} INFO - Setting next_dagrun for mod_07_01_simple_expand to None, run_after=None
[2026-05-10T21:25:11.197+0000] {processor.py:208} INFO - Processing /opt/airflow/dags/07_dynamic_task_mapping/01_simple_expand.py took 0.039 seconds
[2026-05-10T21:25:41.720+0000] {processor.py:186} INFO - Started process (PID=2938) to work on /opt/airflow/dags/07_dynamic_task_mapping/01_simple_expand.py
[2026-05-10T21:25:41.720+0000] {processor.py:914} INFO - Processing file /opt/airflow/dags/07_dynamic_task_mapping/01_simple_expand.py for tasks to queue
[2026-05-10T21:25:41.721+0000] {logging_mixin.py:190} INFO - [2026-05-10T21:25:41.721+0000] {dagbag.py:588} INFO - Filling up the DagBag from /opt/airflow/dags/07_dynamic_task_mapping/01_simple_expand.py
[2026-05-10T21:25:41.726+0000] {processor.py:925} INFO - DAG(s) 'mod_07_01_simple_expand' retrieved from /opt/airflow/dags/07_dynamic_task_mapping/01_simple_expand.py
[2026-05-10T21:25:41.734+0000] {logging_mixin.py:190} INFO - [2026-05-10T21:25:41.734+0000] {dag.py:3239} INFO - Sync 1 DAGs
[2026-05-10T21:25:41.738+0000] {logging_mixin.py:190} INFO - [2026-05-10T21:25:41.738+0000] {dag.py:4180} INFO - Setting next_dagrun for mod_07_01_simple_expand to None, run_after=None
[2026-05-10T21:25:41.743+0000] {processor.py:208} INFO - Processing /opt/airflow/dags/07_dynamic_task_mapping/01_simple_expand.py took 0.026 seconds
[2026-05-10T21:26:12.302+0000] {processor.py:186} INFO - Started process (PID=3141) to work on /opt/airflow/dags/07_dynamic_task_mapping/01_simple_expand.py
[2026-05-10T21:26:12.302+0000] {processor.py:914} INFO - Processing file /opt/airflow/dags/07_dynamic_task_mapping/01_simple_expand.py for tasks to queue
[2026-05-10T21:26:12.304+0000] {logging_mixin.py:190} INFO - [2026-05-10T21:26:12.303+0000] {dagbag.py:588} INFO - Filling up the DagBag from /opt/airflow/dags/07_dynamic_task_mapping/01_simple_expand.py
[2026-05-10T21:26:12.308+0000] {processor.py:925} INFO - DAG(s) 'mod_07_01_simple_expand' retrieved from /opt/airflow/dags/07_dynamic_task_mapping/01_simple_expand.py
[2026-05-10T21:26:12.316+0000] {logging_mixin.py:190} INFO - [2026-05-10T21:26:12.316+0000] {dag.py:3239} INFO - Sync 1 DAGs
[2026-05-10T21:26:12.320+0000] {logging_mixin.py:190} INFO - [2026-05-10T21:26:12.320+0000] {dag.py:4180} INFO - Setting next_dagrun for mod_07_01_simple_expand to None, run_after=None
[2026-05-10T21:26:12.326+0000] {processor.py:208} INFO - Processing /opt/airflow/dags/07_dynamic_task_mapping/01_simple_expand.py took 0.026 seconds
[2026-05-10T21:26:42.796+0000] {processor.py:186} INFO - Started process (PID=3344) to work on /opt/airflow/dags/07_dynamic_task_mapping/01_simple_expand.py
[2026-05-10T21:26:42.797+0000] {processor.py:914} INFO - Processing file /opt/airflow/dags/07_dynamic_task_mapping/01_simple_expand.py for tasks to queue
[2026-05-10T21:26:42.798+0000] {logging_mixin.py:190} INFO - [2026-05-10T21:26:42.798+0000] {dagbag.py:588} INFO - Filling up the DagBag from /opt/airflow/dags/07_dynamic_task_mapping/01_simple_expand.py
[2026-05-10T21:26:42.802+0000] {processor.py:925} INFO - DAG(s) 'mod_07_01_simple_expand' retrieved from /opt/airflow/dags/07_dynamic_task_mapping/01_simple_expand.py
[2026-05-10T21:26:42.810+0000] {logging_mixin.py:190} INFO - [2026-05-10T21:26:42.810+0000] {dag.py:3239} INFO - Sync 1 DAGs
[2026-05-10T21:26:42.815+0000] {logging_mixin.py:190} INFO - [2026-05-10T21:26:42.815+0000] {dag.py:4180} INFO - Setting next_dagrun for mod_07_01_simple_expand to None, run_after=None
[2026-05-10T21:26:42.820+0000] {processor.py:208} INFO - Processing /opt/airflow/dags/07_dynamic_task_mapping/01_simple_expand.py took 0.027 seconds
[2026-05-10T21:27:13.418+0000] {processor.py:186} INFO - Started process (PID=3547) to work on /opt/airflow/dags/07_dynamic_task_mapping/01_simple_expand.py
[2026-05-10T21:27:13.419+0000] {processor.py:914} INFO - Processing file /opt/airflow/dags/07_dynamic_task_mapping/01_simple_expand.py for tasks to queue
[2026-05-10T21:27:13.420+0000] {logging_mixin.py:190} INFO - [2026-05-10T21:27:13.420+0000] {dagbag.py:588} INFO - Filling up the DagBag from /opt/airflow/dags/07_dynamic_task_mapping/01_simple_expand.py
[2026-05-10T21:27:13.426+0000] {processor.py:925} INFO - DAG(s) 'mod_07_01_simple_expand' retrieved from /opt/airflow/dags/07_dynamic_task_mapping/01_simple_expand.py
[2026-05-10T21:27:13.438+0000] {logging_mixin.py:190} INFO - [2026-05-10T21:27:13.437+0000] {dag.py:3239} INFO - Sync 1 DAGs
[2026-05-10T21:27:13.448+0000] {logging_mixin.py:190} INFO - [2026-05-10T21:27:13.448+0000] {dag.py:4180} INFO - Setting next_dagrun for mod_07_01_simple_expand to None, run_after=None
[2026-05-10T21:27:13.461+0000] {processor.py:208} INFO - Processing /opt/airflow/dags/07_dynamic_task_mapping/01_simple_expand.py took 0.045 seconds
[2026-05-10T21:27:43.899+0000] {processor.py:186} INFO - Started process (PID=3748) to work on /opt/airflow/dags/07_dynamic_task_mapping/01_simple_expand.py
[2026-05-10T21:27:43.900+0000] {processor.py:914} INFO - Processing file /opt/airflow/dags/07_dynamic_task_mapping/01_simple_expand.py for tasks to queue
[2026-05-10T21:27:43.901+0000] {logging_mixin.py:190} INFO - [2026-05-10T21:27:43.901+0000] {dagbag.py:588} INFO - Filling up the DagBag from /opt/airflow/dags/07_dynamic_task_mapping/01_simple_expand.py
[2026-05-10T21:27:43.906+0000] {processor.py:925} INFO - DAG(s) 'mod_07_01_simple_expand' retrieved from /opt/airflow/dags/07_dynamic_task_mapping/01_simple_expand.py
[2026-05-10T21:27:43.920+0000] {logging_mixin.py:190} INFO - [2026-05-10T21:27:43.919+0000] {dag.py:3239} INFO - Sync 1 DAGs
[2026-05-10T21:27:43.925+0000] {logging_mixin.py:190} INFO - [2026-05-10T21:27:43.925+0000] {dag.py:4180} INFO - Setting next_dagrun for mod_07_01_simple_expand to None, run_after=None
[2026-05-10T21:27:43.934+0000] {processor.py:208} INFO - Processing /opt/airflow/dags/07_dynamic_task_mapping/01_simple_expand.py took 0.037 seconds
[2026-05-10T21:28:14.384+0000] {processor.py:186} INFO - Started process (PID=3951) to work on /opt/airflow/dags/07_dynamic_task_mapping/01_simple_expand.py
[2026-05-10T21:28:14.385+0000] {processor.py:914} INFO - Processing file /opt/airflow/dags/07_dynamic_task_mapping/01_simple_expand.py for tasks to queue
[2026-05-10T21:28:14.386+0000] {logging_mixin.py:190} INFO - [2026-05-10T21:28:14.386+0000] {dagbag.py:588} INFO - Filling up the DagBag from /opt/airflow/dags/07_dynamic_task_mapping/01_simple_expand.py
[2026-05-10T21:28:14.393+0000] {processor.py:925} INFO - DAG(s) 'mod_07_01_simple_expand' retrieved from /opt/airflow/dags/07_dynamic_task_mapping/01_simple_expand.py
[2026-05-10T21:28:14.402+0000] {logging_mixin.py:190} INFO - [2026-05-10T21:28:14.402+0000] {dag.py:3239} INFO - Sync 1 DAGs
[2026-05-10T21:28:14.407+0000] {logging_mixin.py:190} INFO - [2026-05-10T21:28:14.407+0000] {dag.py:4180} INFO - Setting next_dagrun for mod_07_01_simple_expand to None, run_after=None
[2026-05-10T21:28:14.414+0000] {processor.py:208} INFO - Processing /opt/airflow/dags/07_dynamic_task_mapping/01_simple_expand.py took 0.033 seconds
[2026-05-10T21:28:44.942+0000] {processor.py:186} INFO - Started process (PID=4154) to work on /opt/airflow/dags/07_dynamic_task_mapping/01_simple_expand.py
[2026-05-10T21:28:44.943+0000] {processor.py:914} INFO - Processing file /opt/airflow/dags/07_dynamic_task_mapping/01_simple_expand.py for tasks to queue
[2026-05-10T21:28:44.945+0000] {logging_mixin.py:190} INFO - [2026-05-10T21:28:44.945+0000] {dagbag.py:588} INFO - Filling up the DagBag from /opt/airflow/dags/07_dynamic_task_mapping/01_simple_expand.py
[2026-05-10T21:28:44.953+0000] {processor.py:925} INFO - DAG(s) 'mod_07_01_simple_expand' retrieved from /opt/airflow/dags/07_dynamic_task_mapping/01_simple_expand.py
[2026-05-10T21:28:44.965+0000] {logging_mixin.py:190} INFO - [2026-05-10T21:28:44.965+0000] {dag.py:3239} INFO - Sync 1 DAGs
[2026-05-10T21:28:44.973+0000] {logging_mixin.py:190} INFO - [2026-05-10T21:28:44.973+0000] {dag.py:4180} INFO - Setting next_dagrun for mod_07_01_simple_expand to None, run_after=None
[2026-05-10T21:28:44.981+0000] {processor.py:208} INFO - Processing /opt/airflow/dags/07_dynamic_task_mapping/01_simple_expand.py took 0.042 seconds
[2026-05-10T21:29:15.490+0000] {processor.py:186} INFO - Started process (PID=4359) to work on /opt/airflow/dags/07_dynamic_task_mapping/01_simple_expand.py
[2026-05-10T21:29:15.490+0000] {processor.py:914} INFO - Processing file /opt/airflow/dags/07_dynamic_task_mapping/01_simple_expand.py for tasks to queue
[2026-05-10T21:29:15.492+0000] {logging_mixin.py:190} INFO - [2026-05-10T21:29:15.491+0000] {dagbag.py:588} INFO - Filling up the DagBag from /opt/airflow/dags/07_dynamic_task_mapping/01_simple_expand.py
[2026-05-10T21:29:15.496+0000] {processor.py:925} INFO - DAG(s) 'mod_07_01_simple_expand' retrieved from /opt/airflow/dags/07_dynamic_task_mapping/01_simple_expand.py
[2026-05-10T21:29:15.508+0000] {logging_mixin.py:190} INFO - [2026-05-10T21:29:15.507+0000] {dag.py:3239} INFO - Sync 1 DAGs
[2026-05-10T21:29:15.513+0000] {logging_mixin.py:190} INFO - [2026-05-10T21:29:15.513+0000] {dag.py:4180} INFO - Setting next_dagrun for mod_07_01_simple_expand to None, run_after=None
[2026-05-10T21:29:15.524+0000] {processor.py:208} INFO - Processing /opt/airflow/dags/07_dynamic_task_mapping/01_simple_expand.py took 0.037 seconds
[2026-05-10T21:29:46.078+0000] {processor.py:186} INFO - Started process (PID=4562) to work on /opt/airflow/dags/07_dynamic_task_mapping/01_simple_expand.py
[2026-05-10T21:29:46.079+0000] {processor.py:914} INFO - Processing file /opt/airflow/dags/07_dynamic_task_mapping/01_simple_expand.py for tasks to queue
[2026-05-10T21:29:46.080+0000] {logging_mixin.py:190} INFO - [2026-05-10T21:29:46.080+0000] {dagbag.py:588} INFO - Filling up the DagBag from /opt/airflow/dags/07_dynamic_task_mapping/01_simple_expand.py
[2026-05-10T21:29:46.084+0000] {processor.py:925} INFO - DAG(s) 'mod_07_01_simple_expand' retrieved from /opt/airflow/dags/07_dynamic_task_mapping/01_simple_expand.py
[2026-05-10T21:29:46.092+0000] {logging_mixin.py:190} INFO - [2026-05-10T21:29:46.092+0000] {dag.py:3239} INFO - Sync 1 DAGs
[2026-05-10T21:29:46.096+0000] {logging_mixin.py:190} INFO - [2026-05-10T21:29:46.096+0000] {dag.py:4180} INFO - Setting next_dagrun for mod_07_01_simple_expand to None, run_after=None
[2026-05-10T21:29:46.101+0000] {processor.py:208} INFO - Processing /opt/airflow/dags/07_dynamic_task_mapping/01_simple_expand.py took 0.025 seconds
[2026-05-10T21:30:16.510+0000] {processor.py:186} INFO - Started process (PID=4763) to work on /opt/airflow/dags/07_dynamic_task_mapping/01_simple_expand.py
[2026-05-10T21:30:16.510+0000] {processor.py:914} INFO - Processing file /opt/airflow/dags/07_dynamic_task_mapping/01_simple_expand.py for tasks to queue
[2026-05-10T21:30:16.512+0000] {logging_mixin.py:190} INFO - [2026-05-10T21:30:16.512+0000] {dagbag.py:588} INFO - Filling up the DagBag from /opt/airflow/dags/07_dynamic_task_mapping/01_simple_expand.py
[2026-05-10T21:30:16.518+0000] {processor.py:925} INFO - DAG(s) 'mod_07_01_simple_expand' retrieved from /opt/airflow/dags/07_dynamic_task_mapping/01_simple_expand.py
[2026-05-10T21:30:16.531+0000] {logging_mixin.py:190} INFO - [2026-05-10T21:30:16.531+0000] {dag.py:3239} INFO - Sync 1 DAGs
[2026-05-10T21:30:16.537+0000] {logging_mixin.py:190} INFO - [2026-05-10T21:30:16.537+0000] {dag.py:4180} INFO - Setting next_dagrun for mod_07_01_simple_expand to None, run_after=None
[2026-05-10T21:30:16.546+0000] {processor.py:208} INFO - Processing /opt/airflow/dags/07_dynamic_task_mapping/01_simple_expand.py took 0.038 seconds
