[2026-05-10T21:19:05.283+0000] {processor.py:186} INFO - Started process (PID=278) to work on /opt/airflow/dags/07_dynamic_task_mapping/02_expand_kwargs.py
[2026-05-10T21:19:05.284+0000] {processor.py:914} INFO - Processing file /opt/airflow/dags/07_dynamic_task_mapping/02_expand_kwargs.py for tasks to queue
[2026-05-10T21:19:05.286+0000] {logging_mixin.py:190} INFO - [2026-05-10T21:19:05.285+0000] {dagbag.py:588} INFO - Filling up the DagBag from /opt/airflow/dags/07_dynamic_task_mapping/02_expand_kwargs.py
[2026-05-10T21:19:05.295+0000] {processor.py:925} INFO - DAG(s) 'mod_07_02_expand_kwargs' retrieved from /opt/airflow/dags/07_dynamic_task_mapping/02_expand_kwargs.py
[2026-05-10T21:19:05.343+0000] {logging_mixin.py:190} INFO - [2026-05-10T21:19:05.343+0000] {override.py:1912} INFO - Created Permission View: can delete on DAG:mod_07_02_expand_kwargs
[2026-05-10T21:19:05.347+0000] {logging_mixin.py:190} INFO - [2026-05-10T21:19:05.347+0000] {override.py:1912} INFO - Created Permission View: can edit on DAG:mod_07_02_expand_kwargs
[2026-05-10T21:19:05.349+0000] {logging_mixin.py:190} INFO - [2026-05-10T21:19:05.349+0000] {override.py:1912} INFO - Created Permission View: can read on DAG:mod_07_02_expand_kwargs
[2026-05-10T21:19:05.353+0000] {logging_mixin.py:190} INFO - [2026-05-10T21:19:05.352+0000] {override.py:1912} INFO - Created Permission View: can delete on DAG Run:mod_07_02_expand_kwargs
[2026-05-10T21:19:05.354+0000] {logging_mixin.py:190} INFO - [2026-05-10T21:19:05.354+0000] {override.py:1912} INFO - Created Permission View: menu access on DAG Run:mod_07_02_expand_kwargs
[2026-05-10T21:19:05.356+0000] {logging_mixin.py:190} INFO - [2026-05-10T21:19:05.356+0000] {override.py:1912} INFO - Created Permission View: can create on DAG Run:mod_07_02_expand_kwargs
[2026-05-10T21:19:05.358+0000] {logging_mixin.py:190} INFO - [2026-05-10T21:19:05.357+0000] {override.py:1912} INFO - Created Permission View: can read on DAG Run:mod_07_02_expand_kwargs
[2026-05-10T21:19:05.358+0000] {logging_mixin.py:190} INFO - [2026-05-10T21:19:05.358+0000] {dag.py:3239} INFO - Sync 1 DAGs
[2026-05-10T21:19:05.364+0000] {logging_mixin.py:190} INFO - [2026-05-10T21:19:05.364+0000] {dag.py:3262} INFO - Creating ORM DAG for mod_07_02_expand_kwargs
[2026-05-10T21:19:05.365+0000] {logging_mixin.py:190} INFO - [2026-05-10T21:19:05.365+0000] {dag.py:4180} INFO - Setting next_dagrun for mod_07_02_expand_kwargs to None, run_after=None
[2026-05-10T21:19:05.375+0000] {processor.py:208} INFO - Processing /opt/airflow/dags/07_dynamic_task_mapping/02_expand_kwargs.py took 0.095 seconds
[2026-05-10T21:19:35.642+0000] {processor.py:186} INFO - Started process (PID=481) to work on /opt/airflow/dags/07_dynamic_task_mapping/02_expand_kwargs.py
[2026-05-10T21:19:35.643+0000] {processor.py:914} INFO - Processing file /opt/airflow/dags/07_dynamic_task_mapping/02_expand_kwargs.py for tasks to queue
[2026-05-10T21:19:35.644+0000] {logging_mixin.py:190} INFO - [2026-05-10T21:19:35.644+0000] {dagbag.py:588} INFO - Filling up the DagBag from /opt/airflow/dags/07_dynamic_task_mapping/02_expand_kwargs.py
[2026-05-10T21:19:35.649+0000] {processor.py:925} INFO - DAG(s) 'mod_07_02_expand_kwargs' retrieved from /opt/airflow/dags/07_dynamic_task_mapping/02_expand_kwargs.py
[2026-05-10T21:19:35.662+0000] {logging_mixin.py:190} INFO - [2026-05-10T21:19:35.662+0000] {dag.py:3239} INFO - Sync 1 DAGs
[2026-05-10T21:19:35.667+0000] {logging_mixin.py:190} INFO - [2026-05-10T21:19:35.667+0000] {dag.py:4180} INFO - Setting next_dagrun for mod_07_02_expand_kwargs to None, run_after=None
[2026-05-10T21:19:35.676+0000] {processor.py:208} INFO - Processing /opt/airflow/dags/07_dynamic_task_mapping/02_expand_kwargs.py took 0.037 seconds
[2026-05-10T21:20:06.101+0000] {processor.py:186} INFO - Started process (PID=684) to work on /opt/airflow/dags/07_dynamic_task_mapping/02_expand_kwargs.py
[2026-05-10T21:20:06.104+0000] {processor.py:914} INFO - Processing file /opt/airflow/dags/07_dynamic_task_mapping/02_expand_kwargs.py for tasks to queue
[2026-05-10T21:20:06.106+0000] {logging_mixin.py:190} INFO - [2026-05-10T21:20:06.106+0000] {dagbag.py:588} INFO - Filling up the DagBag from /opt/airflow/dags/07_dynamic_task_mapping/02_expand_kwargs.py
[2026-05-10T21:20:06.114+0000] {processor.py:925} INFO - DAG(s) 'mod_07_02_expand_kwargs' retrieved from /opt/airflow/dags/07_dynamic_task_mapping/02_expand_kwargs.py
[2026-05-10T21:20:06.126+0000] {logging_mixin.py:190} INFO - [2026-05-10T21:20:06.126+0000] {dag.py:3239} INFO - Sync 1 DAGs
[2026-05-10T21:20:06.132+0000] {logging_mixin.py:190} INFO - [2026-05-10T21:20:06.132+0000] {dag.py:4180} INFO - Setting next_dagrun for mod_07_02_expand_kwargs to None, run_after=None
[2026-05-10T21:20:06.139+0000] {processor.py:208} INFO - Processing /opt/airflow/dags/07_dynamic_task_mapping/02_expand_kwargs.py took 0.040 seconds
[2026-05-10T21:20:36.648+0000] {processor.py:186} INFO - Started process (PID=887) to work on /opt/airflow/dags/07_dynamic_task_mapping/02_expand_kwargs.py
[2026-05-10T21:20:36.649+0000] {processor.py:914} INFO - Processing file /opt/airflow/dags/07_dynamic_task_mapping/02_expand_kwargs.py for tasks to queue
[2026-05-10T21:20:36.650+0000] {logging_mixin.py:190} INFO - [2026-05-10T21:20:36.650+0000] {dagbag.py:588} INFO - Filling up the DagBag from /opt/airflow/dags/07_dynamic_task_mapping/02_expand_kwargs.py
[2026-05-10T21:20:36.659+0000] {processor.py:925} INFO - DAG(s) 'mod_07_02_expand_kwargs' retrieved from /opt/airflow/dags/07_dynamic_task_mapping/02_expand_kwargs.py
[2026-05-10T21:20:36.671+0000] {logging_mixin.py:190} INFO - [2026-05-10T21:20:36.671+0000] {dag.py:3239} INFO - Sync 1 DAGs
[2026-05-10T21:20:36.676+0000] {logging_mixin.py:190} INFO - [2026-05-10T21:20:36.676+0000] {dag.py:4180} INFO - Setting next_dagrun for mod_07_02_expand_kwargs to None, run_after=None
[2026-05-10T21:20:36.684+0000] {processor.py:208} INFO - Processing /opt/airflow/dags/07_dynamic_task_mapping/02_expand_kwargs.py took 0.038 seconds
[2026-05-10T21:21:07.205+0000] {processor.py:186} INFO - Started process (PID=1090) to work on /opt/airflow/dags/07_dynamic_task_mapping/02_expand_kwargs.py
[2026-05-10T21:21:07.206+0000] {processor.py:914} INFO - Processing file /opt/airflow/dags/07_dynamic_task_mapping/02_expand_kwargs.py for tasks to queue
[2026-05-10T21:21:07.207+0000] {logging_mixin.py:190} INFO - [2026-05-10T21:21:07.207+0000] {dagbag.py:588} INFO - Filling up the DagBag from /opt/airflow/dags/07_dynamic_task_mapping/02_expand_kwargs.py
[2026-05-10T21:21:07.215+0000] {processor.py:925} INFO - DAG(s) 'mod_07_02_expand_kwargs' retrieved from /opt/airflow/dags/07_dynamic_task_mapping/02_expand_kwargs.py
[2026-05-10T21:21:07.225+0000] {logging_mixin.py:190} INFO - [2026-05-10T21:21:07.225+0000] {dag.py:3239} INFO - Sync 1 DAGs
[2026-05-10T21:21:07.230+0000] {logging_mixin.py:190} INFO - [2026-05-10T21:21:07.230+0000] {dag.py:4180} INFO - Setting next_dagrun for mod_07_02_expand_kwargs to None, run_after=None
[2026-05-10T21:21:07.240+0000] {processor.py:208} INFO - Processing /opt/airflow/dags/07_dynamic_task_mapping/02_expand_kwargs.py took 0.038 seconds
[2026-05-10T21:21:37.769+0000] {processor.py:186} INFO - Started process (PID=1293) to work on /opt/airflow/dags/07_dynamic_task_mapping/02_expand_kwargs.py
[2026-05-10T21:21:37.770+0000] {processor.py:914} INFO - Processing file /opt/airflow/dags/07_dynamic_task_mapping/02_expand_kwargs.py for tasks to queue
[2026-05-10T21:21:37.771+0000] {logging_mixin.py:190} INFO - [2026-05-10T21:21:37.771+0000] {dagbag.py:588} INFO - Filling up the DagBag from /opt/airflow/dags/07_dynamic_task_mapping/02_expand_kwargs.py
[2026-05-10T21:21:37.776+0000] {processor.py:925} INFO - DAG(s) 'mod_07_02_expand_kwargs' retrieved from /opt/airflow/dags/07_dynamic_task_mapping/02_expand_kwargs.py
[2026-05-10T21:21:37.787+0000] {logging_mixin.py:190} INFO - [2026-05-10T21:21:37.786+0000] {dag.py:3239} INFO - Sync 1 DAGs
[2026-05-10T21:21:37.794+0000] {logging_mixin.py:190} INFO - [2026-05-10T21:21:37.794+0000] {dag.py:4180} INFO - Setting next_dagrun for mod_07_02_expand_kwargs to None, run_after=None
[2026-05-10T21:21:37.802+0000] {processor.py:208} INFO - Processing /opt/airflow/dags/07_dynamic_task_mapping/02_expand_kwargs.py took 0.036 seconds
[2026-05-10T21:22:08.238+0000] {processor.py:186} INFO - Started process (PID=1496) to work on /opt/airflow/dags/07_dynamic_task_mapping/02_expand_kwargs.py
[2026-05-10T21:22:08.239+0000] {processor.py:914} INFO - Processing file /opt/airflow/dags/07_dynamic_task_mapping/02_expand_kwargs.py for tasks to queue
[2026-05-10T21:22:08.241+0000] {logging_mixin.py:190} INFO - [2026-05-10T21:22:08.240+0000] {dagbag.py:588} INFO - Filling up the DagBag from /opt/airflow/dags/07_dynamic_task_mapping/02_expand_kwargs.py
[2026-05-10T21:22:08.247+0000] {processor.py:925} INFO - DAG(s) 'mod_07_02_expand_kwargs' retrieved from /opt/airflow/dags/07_dynamic_task_mapping/02_expand_kwargs.py
[2026-05-10T21:22:08.259+0000] {logging_mixin.py:190} INFO - [2026-05-10T21:22:08.259+0000] {dag.py:3239} INFO - Sync 1 DAGs
[2026-05-10T21:22:08.264+0000] {logging_mixin.py:190} INFO - [2026-05-10T21:22:08.264+0000] {dag.py:4180} INFO - Setting next_dagrun for mod_07_02_expand_kwargs to None, run_after=None
[2026-05-10T21:22:08.275+0000] {processor.py:208} INFO - Processing /opt/airflow/dags/07_dynamic_task_mapping/02_expand_kwargs.py took 0.039 seconds
[2026-05-10T21:22:38.707+0000] {processor.py:186} INFO - Started process (PID=1701) to work on /opt/airflow/dags/07_dynamic_task_mapping/02_expand_kwargs.py
[2026-05-10T21:22:38.708+0000] {processor.py:914} INFO - Processing file /opt/airflow/dags/07_dynamic_task_mapping/02_expand_kwargs.py for tasks to queue
[2026-05-10T21:22:38.708+0000] {logging_mixin.py:190} INFO - [2026-05-10T21:22:38.708+0000] {dagbag.py:588} INFO - Filling up the DagBag from /opt/airflow/dags/07_dynamic_task_mapping/02_expand_kwargs.py
[2026-05-10T21:22:38.713+0000] {processor.py:925} INFO - DAG(s) 'mod_07_02_expand_kwargs' retrieved from /opt/airflow/dags/07_dynamic_task_mapping/02_expand_kwargs.py
[2026-05-10T21:22:38.721+0000] {logging_mixin.py:190} INFO - [2026-05-10T21:22:38.721+0000] {dag.py:3239} INFO - Sync 1 DAGs
[2026-05-10T21:22:38.725+0000] {logging_mixin.py:190} INFO - [2026-05-10T21:22:38.725+0000] {dag.py:4180} INFO - Setting next_dagrun for mod_07_02_expand_kwargs to None, run_after=None
[2026-05-10T21:22:38.731+0000] {processor.py:208} INFO - Processing /opt/airflow/dags/07_dynamic_task_mapping/02_expand_kwargs.py took 0.026 seconds
[2026-05-10T21:23:09.134+0000] {processor.py:186} INFO - Started process (PID=1902) to work on /opt/airflow/dags/07_dynamic_task_mapping/02_expand_kwargs.py
[2026-05-10T21:23:09.135+0000] {processor.py:914} INFO - Processing file /opt/airflow/dags/07_dynamic_task_mapping/02_expand_kwargs.py for tasks to queue
[2026-05-10T21:23:09.136+0000] {logging_mixin.py:190} INFO - [2026-05-10T21:23:09.136+0000] {dagbag.py:588} INFO - Filling up the DagBag from /opt/airflow/dags/07_dynamic_task_mapping/02_expand_kwargs.py
[2026-05-10T21:23:09.141+0000] {processor.py:925} INFO - DAG(s) 'mod_07_02_expand_kwargs' retrieved from /opt/airflow/dags/07_dynamic_task_mapping/02_expand_kwargs.py
[2026-05-10T21:23:09.152+0000] {logging_mixin.py:190} INFO - [2026-05-10T21:23:09.152+0000] {dag.py:3239} INFO - Sync 1 DAGs
[2026-05-10T21:23:09.158+0000] {logging_mixin.py:190} INFO - [2026-05-10T21:23:09.158+0000] {dag.py:4180} INFO - Setting next_dagrun for mod_07_02_expand_kwargs to None, run_after=None
[2026-05-10T21:23:09.167+0000] {processor.py:208} INFO - Processing /opt/airflow/dags/07_dynamic_task_mapping/02_expand_kwargs.py took 0.036 seconds
[2026-05-10T21:23:39.608+0000] {processor.py:186} INFO - Started process (PID=2106) to work on /opt/airflow/dags/07_dynamic_task_mapping/02_expand_kwargs.py
[2026-05-10T21:23:39.610+0000] {processor.py:914} INFO - Processing file /opt/airflow/dags/07_dynamic_task_mapping/02_expand_kwargs.py for tasks to queue
[2026-05-10T21:23:39.611+0000] {logging_mixin.py:190} INFO - [2026-05-10T21:23:39.611+0000] {dagbag.py:588} INFO - Filling up the DagBag from /opt/airflow/dags/07_dynamic_task_mapping/02_expand_kwargs.py
[2026-05-10T21:23:39.616+0000] {processor.py:925} INFO - DAG(s) 'mod_07_02_expand_kwargs' retrieved from /opt/airflow/dags/07_dynamic_task_mapping/02_expand_kwargs.py
[2026-05-10T21:23:39.633+0000] {logging_mixin.py:190} INFO - [2026-05-10T21:23:39.632+0000] {dag.py:3239} INFO - Sync 1 DAGs
[2026-05-10T21:23:39.639+0000] {logging_mixin.py:190} INFO - [2026-05-10T21:23:39.639+0000] {dag.py:4180} INFO - Setting next_dagrun for mod_07_02_expand_kwargs to None, run_after=None
[2026-05-10T21:23:39.648+0000] {processor.py:208} INFO - Processing /opt/airflow/dags/07_dynamic_task_mapping/02_expand_kwargs.py took 0.042 seconds
[2026-05-10T21:24:10.151+0000] {processor.py:186} INFO - Started process (PID=2322) to work on /opt/airflow/dags/07_dynamic_task_mapping/02_expand_kwargs.py
[2026-05-10T21:24:10.152+0000] {processor.py:914} INFO - Processing file /opt/airflow/dags/07_dynamic_task_mapping/02_expand_kwargs.py for tasks to queue
[2026-05-10T21:24:10.153+0000] {logging_mixin.py:190} INFO - [2026-05-10T21:24:10.153+0000] {dagbag.py:588} INFO - Filling up the DagBag from /opt/airflow/dags/07_dynamic_task_mapping/02_expand_kwargs.py
[2026-05-10T21:24:10.157+0000] {processor.py:925} INFO - DAG(s) 'mod_07_02_expand_kwargs' retrieved from /opt/airflow/dags/07_dynamic_task_mapping/02_expand_kwargs.py
[2026-05-10T21:24:10.172+0000] {logging_mixin.py:190} INFO - [2026-05-10T21:24:10.172+0000] {dag.py:3239} INFO - Sync 1 DAGs
[2026-05-10T21:24:10.177+0000] {logging_mixin.py:190} INFO - [2026-05-10T21:24:10.177+0000] {dag.py:4180} INFO - Setting next_dagrun for mod_07_02_expand_kwargs to None, run_after=None
[2026-05-10T21:24:10.186+0000] {processor.py:208} INFO - Processing /opt/airflow/dags/07_dynamic_task_mapping/02_expand_kwargs.py took 0.038 seconds
[2026-05-10T21:24:40.646+0000] {processor.py:186} INFO - Started process (PID=2527) to work on /opt/airflow/dags/07_dynamic_task_mapping/02_expand_kwargs.py
[2026-05-10T21:24:40.646+0000] {processor.py:914} INFO - Processing file /opt/airflow/dags/07_dynamic_task_mapping/02_expand_kwargs.py for tasks to queue
[2026-05-10T21:24:40.647+0000] {logging_mixin.py:190} INFO - [2026-05-10T21:24:40.647+0000] {dagbag.py:588} INFO - Filling up the DagBag from /opt/airflow/dags/07_dynamic_task_mapping/02_expand_kwargs.py
[2026-05-10T21:24:40.651+0000] {processor.py:925} INFO - DAG(s) 'mod_07_02_expand_kwargs' retrieved from /opt/airflow/dags/07_dynamic_task_mapping/02_expand_kwargs.py
[2026-05-10T21:24:40.658+0000] {logging_mixin.py:190} INFO - [2026-05-10T21:24:40.658+0000] {dag.py:3239} INFO - Sync 1 DAGs
[2026-05-10T21:24:40.663+0000] {logging_mixin.py:190} INFO - [2026-05-10T21:24:40.663+0000] {dag.py:4180} INFO - Setting next_dagrun for mod_07_02_expand_kwargs to None, run_after=None
[2026-05-10T21:24:40.668+0000] {processor.py:208} INFO - Processing /opt/airflow/dags/07_dynamic_task_mapping/02_expand_kwargs.py took 0.025 seconds
[2026-05-10T21:25:11.117+0000] {processor.py:186} INFO - Started process (PID=2728) to work on /opt/airflow/dags/07_dynamic_task_mapping/02_expand_kwargs.py
[2026-05-10T21:25:11.118+0000] {processor.py:914} INFO - Processing file /opt/airflow/dags/07_dynamic_task_mapping/02_expand_kwargs.py for tasks to queue
[2026-05-10T21:25:11.120+0000] {logging_mixin.py:190} INFO - [2026-05-10T21:25:11.120+0000] {dagbag.py:588} INFO - Filling up the DagBag from /opt/airflow/dags/07_dynamic_task_mapping/02_expand_kwargs.py
[2026-05-10T21:25:11.126+0000] {processor.py:925} INFO - DAG(s) 'mod_07_02_expand_kwargs' retrieved from /opt/airflow/dags/07_dynamic_task_mapping/02_expand_kwargs.py
[2026-05-10T21:25:11.141+0000] {logging_mixin.py:190} INFO - [2026-05-10T21:25:11.141+0000] {dag.py:3239} INFO - Sync 1 DAGs
[2026-05-10T21:25:11.146+0000] {logging_mixin.py:190} INFO - [2026-05-10T21:25:11.146+0000] {dag.py:4180} INFO - Setting next_dagrun for mod_07_02_expand_kwargs to None, run_after=None
[2026-05-10T21:25:11.155+0000] {processor.py:208} INFO - Processing /opt/airflow/dags/07_dynamic_task_mapping/02_expand_kwargs.py took 0.041 seconds
[2026-05-10T21:25:41.674+0000] {processor.py:186} INFO - Started process (PID=2931) to work on /opt/airflow/dags/07_dynamic_task_mapping/02_expand_kwargs.py
[2026-05-10T21:25:41.675+0000] {processor.py:914} INFO - Processing file /opt/airflow/dags/07_dynamic_task_mapping/02_expand_kwargs.py for tasks to queue
[2026-05-10T21:25:41.676+0000] {logging_mixin.py:190} INFO - [2026-05-10T21:25:41.676+0000] {dagbag.py:588} INFO - Filling up the DagBag from /opt/airflow/dags/07_dynamic_task_mapping/02_expand_kwargs.py
[2026-05-10T21:25:41.684+0000] {processor.py:925} INFO - DAG(s) 'mod_07_02_expand_kwargs' retrieved from /opt/airflow/dags/07_dynamic_task_mapping/02_expand_kwargs.py
[2026-05-10T21:25:41.696+0000] {logging_mixin.py:190} INFO - [2026-05-10T21:25:41.696+0000] {dag.py:3239} INFO - Sync 1 DAGs
[2026-05-10T21:25:41.701+0000] {logging_mixin.py:190} INFO - [2026-05-10T21:25:41.700+0000] {dag.py:4180} INFO - Setting next_dagrun for mod_07_02_expand_kwargs to None, run_after=None
[2026-05-10T21:25:41.709+0000] {processor.py:208} INFO - Processing /opt/airflow/dags/07_dynamic_task_mapping/02_expand_kwargs.py took 0.037 seconds
[2026-05-10T21:26:12.265+0000] {processor.py:186} INFO - Started process (PID=3134) to work on /opt/airflow/dags/07_dynamic_task_mapping/02_expand_kwargs.py
[2026-05-10T21:26:12.266+0000] {processor.py:914} INFO - Processing file /opt/airflow/dags/07_dynamic_task_mapping/02_expand_kwargs.py for tasks to queue
[2026-05-10T21:26:12.267+0000] {logging_mixin.py:190} INFO - [2026-05-10T21:26:12.267+0000] {dagbag.py:588} INFO - Filling up the DagBag from /opt/airflow/dags/07_dynamic_task_mapping/02_expand_kwargs.py
[2026-05-10T21:26:12.272+0000] {processor.py:925} INFO - DAG(s) 'mod_07_02_expand_kwargs' retrieved from /opt/airflow/dags/07_dynamic_task_mapping/02_expand_kwargs.py
[2026-05-10T21:26:12.281+0000] {logging_mixin.py:190} INFO - [2026-05-10T21:26:12.281+0000] {dag.py:3239} INFO - Sync 1 DAGs
[2026-05-10T21:26:12.285+0000] {logging_mixin.py:190} INFO - [2026-05-10T21:26:12.285+0000] {dag.py:4180} INFO - Setting next_dagrun for mod_07_02_expand_kwargs to None, run_after=None
[2026-05-10T21:26:12.294+0000] {processor.py:208} INFO - Processing /opt/airflow/dags/07_dynamic_task_mapping/02_expand_kwargs.py took 0.033 seconds
[2026-05-10T21:26:42.748+0000] {processor.py:186} INFO - Started process (PID=3337) to work on /opt/airflow/dags/07_dynamic_task_mapping/02_expand_kwargs.py
[2026-05-10T21:26:42.748+0000] {processor.py:914} INFO - Processing file /opt/airflow/dags/07_dynamic_task_mapping/02_expand_kwargs.py for tasks to queue
[2026-05-10T21:26:42.750+0000] {logging_mixin.py:190} INFO - [2026-05-10T21:26:42.750+0000] {dagbag.py:588} INFO - Filling up the DagBag from /opt/airflow/dags/07_dynamic_task_mapping/02_expand_kwargs.py
[2026-05-10T21:26:42.755+0000] {processor.py:925} INFO - DAG(s) 'mod_07_02_expand_kwargs' retrieved from /opt/airflow/dags/07_dynamic_task_mapping/02_expand_kwargs.py
[2026-05-10T21:26:42.769+0000] {logging_mixin.py:190} INFO - [2026-05-10T21:26:42.769+0000] {dag.py:3239} INFO - Sync 1 DAGs
[2026-05-10T21:26:42.777+0000] {logging_mixin.py:190} INFO - [2026-05-10T21:26:42.777+0000] {dag.py:4180} INFO - Setting next_dagrun for mod_07_02_expand_kwargs to None, run_after=None
[2026-05-10T21:26:42.785+0000] {processor.py:208} INFO - Processing /opt/airflow/dags/07_dynamic_task_mapping/02_expand_kwargs.py took 0.040 seconds
[2026-05-10T21:27:13.381+0000] {processor.py:186} INFO - Started process (PID=3542) to work on /opt/airflow/dags/07_dynamic_task_mapping/02_expand_kwargs.py
[2026-05-10T21:27:13.381+0000] {processor.py:914} INFO - Processing file /opt/airflow/dags/07_dynamic_task_mapping/02_expand_kwargs.py for tasks to queue
[2026-05-10T21:27:13.382+0000] {logging_mixin.py:190} INFO - [2026-05-10T21:27:13.382+0000] {dagbag.py:588} INFO - Filling up the DagBag from /opt/airflow/dags/07_dynamic_task_mapping/02_expand_kwargs.py
[2026-05-10T21:27:13.387+0000] {processor.py:925} INFO - DAG(s) 'mod_07_02_expand_kwargs' retrieved from /opt/airflow/dags/07_dynamic_task_mapping/02_expand_kwargs.py
[2026-05-10T21:27:13.395+0000] {logging_mixin.py:190} INFO - [2026-05-10T21:27:13.395+0000] {dag.py:3239} INFO - Sync 1 DAGs
[2026-05-10T21:27:13.400+0000] {logging_mixin.py:190} INFO - [2026-05-10T21:27:13.400+0000] {dag.py:4180} INFO - Setting next_dagrun for mod_07_02_expand_kwargs to None, run_after=None
[2026-05-10T21:27:13.406+0000] {processor.py:208} INFO - Processing /opt/airflow/dags/07_dynamic_task_mapping/02_expand_kwargs.py took 0.028 seconds
[2026-05-10T21:27:43.898+0000] {processor.py:186} INFO - Started process (PID=3745) to work on /opt/airflow/dags/07_dynamic_task_mapping/02_expand_kwargs.py
[2026-05-10T21:27:43.898+0000] {processor.py:914} INFO - Processing file /opt/airflow/dags/07_dynamic_task_mapping/02_expand_kwargs.py for tasks to queue
[2026-05-10T21:27:43.899+0000] {logging_mixin.py:190} INFO - [2026-05-10T21:27:43.899+0000] {dagbag.py:588} INFO - Filling up the DagBag from /opt/airflow/dags/07_dynamic_task_mapping/02_expand_kwargs.py
[2026-05-10T21:27:43.909+0000] {processor.py:925} INFO - DAG(s) 'mod_07_02_expand_kwargs' retrieved from /opt/airflow/dags/07_dynamic_task_mapping/02_expand_kwargs.py
[2026-05-10T21:27:43.920+0000] {logging_mixin.py:190} INFO - [2026-05-10T21:27:43.920+0000] {dag.py:3239} INFO - Sync 1 DAGs
[2026-05-10T21:27:43.926+0000] {logging_mixin.py:190} INFO - [2026-05-10T21:27:43.926+0000] {dag.py:4180} INFO - Setting next_dagrun for mod_07_02_expand_kwargs to None, run_after=None
[2026-05-10T21:27:43.936+0000] {processor.py:208} INFO - Processing /opt/airflow/dags/07_dynamic_task_mapping/02_expand_kwargs.py took 0.042 seconds
[2026-05-10T21:28:14.383+0000] {processor.py:186} INFO - Started process (PID=3948) to work on /opt/airflow/dags/07_dynamic_task_mapping/02_expand_kwargs.py
[2026-05-10T21:28:14.383+0000] {processor.py:914} INFO - Processing file /opt/airflow/dags/07_dynamic_task_mapping/02_expand_kwargs.py for tasks to queue
[2026-05-10T21:28:14.384+0000] {logging_mixin.py:190} INFO - [2026-05-10T21:28:14.384+0000] {dagbag.py:588} INFO - Filling up the DagBag from /opt/airflow/dags/07_dynamic_task_mapping/02_expand_kwargs.py
[2026-05-10T21:28:14.392+0000] {processor.py:925} INFO - DAG(s) 'mod_07_02_expand_kwargs' retrieved from /opt/airflow/dags/07_dynamic_task_mapping/02_expand_kwargs.py
[2026-05-10T21:28:14.403+0000] {logging_mixin.py:190} INFO - [2026-05-10T21:28:14.403+0000] {dag.py:3239} INFO - Sync 1 DAGs
[2026-05-10T21:28:14.410+0000] {logging_mixin.py:190} INFO - [2026-05-10T21:28:14.410+0000] {dag.py:4180} INFO - Setting next_dagrun for mod_07_02_expand_kwargs to None, run_after=None
[2026-05-10T21:28:14.418+0000] {processor.py:208} INFO - Processing /opt/airflow/dags/07_dynamic_task_mapping/02_expand_kwargs.py took 0.038 seconds
[2026-05-10T21:28:44.927+0000] {processor.py:186} INFO - Started process (PID=4149) to work on /opt/airflow/dags/07_dynamic_task_mapping/02_expand_kwargs.py
[2026-05-10T21:28:44.927+0000] {processor.py:914} INFO - Processing file /opt/airflow/dags/07_dynamic_task_mapping/02_expand_kwargs.py for tasks to queue
[2026-05-10T21:28:44.929+0000] {logging_mixin.py:190} INFO - [2026-05-10T21:28:44.928+0000] {dagbag.py:588} INFO - Filling up the DagBag from /opt/airflow/dags/07_dynamic_task_mapping/02_expand_kwargs.py
[2026-05-10T21:28:44.936+0000] {processor.py:925} INFO - DAG(s) 'mod_07_02_expand_kwargs' retrieved from /opt/airflow/dags/07_dynamic_task_mapping/02_expand_kwargs.py
[2026-05-10T21:28:44.947+0000] {logging_mixin.py:190} INFO - [2026-05-10T21:28:44.947+0000] {dag.py:3239} INFO - Sync 1 DAGs
[2026-05-10T21:28:44.954+0000] {logging_mixin.py:190} INFO - [2026-05-10T21:28:44.954+0000] {dag.py:4180} INFO - Setting next_dagrun for mod_07_02_expand_kwargs to None, run_after=None
[2026-05-10T21:28:44.965+0000] {processor.py:208} INFO - Processing /opt/airflow/dags/07_dynamic_task_mapping/02_expand_kwargs.py took 0.042 seconds
[2026-05-10T21:29:15.448+0000] {processor.py:186} INFO - Started process (PID=4352) to work on /opt/airflow/dags/07_dynamic_task_mapping/02_expand_kwargs.py
[2026-05-10T21:29:15.449+0000] {processor.py:914} INFO - Processing file /opt/airflow/dags/07_dynamic_task_mapping/02_expand_kwargs.py for tasks to queue
[2026-05-10T21:29:15.450+0000] {logging_mixin.py:190} INFO - [2026-05-10T21:29:15.450+0000] {dagbag.py:588} INFO - Filling up the DagBag from /opt/airflow/dags/07_dynamic_task_mapping/02_expand_kwargs.py
[2026-05-10T21:29:15.455+0000] {processor.py:925} INFO - DAG(s) 'mod_07_02_expand_kwargs' retrieved from /opt/airflow/dags/07_dynamic_task_mapping/02_expand_kwargs.py
[2026-05-10T21:29:15.469+0000] {logging_mixin.py:190} INFO - [2026-05-10T21:29:15.469+0000] {dag.py:3239} INFO - Sync 1 DAGs
[2026-05-10T21:29:15.474+0000] {logging_mixin.py:190} INFO - [2026-05-10T21:29:15.473+0000] {dag.py:4180} INFO - Setting next_dagrun for mod_07_02_expand_kwargs to None, run_after=None
[2026-05-10T21:29:15.482+0000] {processor.py:208} INFO - Processing /opt/airflow/dags/07_dynamic_task_mapping/02_expand_kwargs.py took 0.037 seconds
[2026-05-10T21:29:46.035+0000] {processor.py:186} INFO - Started process (PID=4555) to work on /opt/airflow/dags/07_dynamic_task_mapping/02_expand_kwargs.py
[2026-05-10T21:29:46.035+0000] {processor.py:914} INFO - Processing file /opt/airflow/dags/07_dynamic_task_mapping/02_expand_kwargs.py for tasks to queue
[2026-05-10T21:29:46.037+0000] {logging_mixin.py:190} INFO - [2026-05-10T21:29:46.037+0000] {dagbag.py:588} INFO - Filling up the DagBag from /opt/airflow/dags/07_dynamic_task_mapping/02_expand_kwargs.py
[2026-05-10T21:29:46.043+0000] {processor.py:925} INFO - DAG(s) 'mod_07_02_expand_kwargs' retrieved from /opt/airflow/dags/07_dynamic_task_mapping/02_expand_kwargs.py
[2026-05-10T21:29:46.053+0000] {logging_mixin.py:190} INFO - [2026-05-10T21:29:46.053+0000] {dag.py:3239} INFO - Sync 1 DAGs
[2026-05-10T21:29:46.062+0000] {logging_mixin.py:190} INFO - [2026-05-10T21:29:46.062+0000] {dag.py:4180} INFO - Setting next_dagrun for mod_07_02_expand_kwargs to None, run_after=None
[2026-05-10T21:29:46.070+0000] {processor.py:208} INFO - Processing /opt/airflow/dags/07_dynamic_task_mapping/02_expand_kwargs.py took 0.038 seconds
[2026-05-10T21:30:16.481+0000] {processor.py:186} INFO - Started process (PID=4758) to work on /opt/airflow/dags/07_dynamic_task_mapping/02_expand_kwargs.py
[2026-05-10T21:30:16.483+0000] {processor.py:914} INFO - Processing file /opt/airflow/dags/07_dynamic_task_mapping/02_expand_kwargs.py for tasks to queue
[2026-05-10T21:30:16.484+0000] {logging_mixin.py:190} INFO - [2026-05-10T21:30:16.484+0000] {dagbag.py:588} INFO - Filling up the DagBag from /opt/airflow/dags/07_dynamic_task_mapping/02_expand_kwargs.py
[2026-05-10T21:30:16.491+0000] {processor.py:925} INFO - DAG(s) 'mod_07_02_expand_kwargs' retrieved from /opt/airflow/dags/07_dynamic_task_mapping/02_expand_kwargs.py
[2026-05-10T21:30:16.504+0000] {logging_mixin.py:190} INFO - [2026-05-10T21:30:16.503+0000] {dag.py:3239} INFO - Sync 1 DAGs
[2026-05-10T21:30:16.509+0000] {logging_mixin.py:190} INFO - [2026-05-10T21:30:16.509+0000] {dag.py:4180} INFO - Setting next_dagrun for mod_07_02_expand_kwargs to None, run_after=None
[2026-05-10T21:30:16.520+0000] {processor.py:208} INFO - Processing /opt/airflow/dags/07_dynamic_task_mapping/02_expand_kwargs.py took 0.042 seconds
[2026-05-10T21:30:47.055+0000] {processor.py:186} INFO - Started process (PID=4963) to work on /opt/airflow/dags/07_dynamic_task_mapping/02_expand_kwargs.py
[2026-05-10T21:30:47.055+0000] {processor.py:914} INFO - Processing file /opt/airflow/dags/07_dynamic_task_mapping/02_expand_kwargs.py for tasks to queue
[2026-05-10T21:30:47.056+0000] {logging_mixin.py:190} INFO - [2026-05-10T21:30:47.056+0000] {dagbag.py:588} INFO - Filling up the DagBag from /opt/airflow/dags/07_dynamic_task_mapping/02_expand_kwargs.py
[2026-05-10T21:30:47.063+0000] {processor.py:925} INFO - DAG(s) 'mod_07_02_expand_kwargs' retrieved from /opt/airflow/dags/07_dynamic_task_mapping/02_expand_kwargs.py
[2026-05-10T21:30:47.074+0000] {logging_mixin.py:190} INFO - [2026-05-10T21:30:47.074+0000] {dag.py:3239} INFO - Sync 1 DAGs
[2026-05-10T21:30:47.079+0000] {logging_mixin.py:190} INFO - [2026-05-10T21:30:47.079+0000] {dag.py:4180} INFO - Setting next_dagrun for mod_07_02_expand_kwargs to None, run_after=None
[2026-05-10T21:30:47.088+0000] {processor.py:208} INFO - Processing /opt/airflow/dags/07_dynamic_task_mapping/02_expand_kwargs.py took 0.036 seconds
[2026-05-10T21:31:17.633+0000] {processor.py:186} INFO - Started process (PID=5166) to work on /opt/airflow/dags/07_dynamic_task_mapping/02_expand_kwargs.py
[2026-05-10T21:31:17.634+0000] {processor.py:914} INFO - Processing file /opt/airflow/dags/07_dynamic_task_mapping/02_expand_kwargs.py for tasks to queue
[2026-05-10T21:31:17.635+0000] {logging_mixin.py:190} INFO - [2026-05-10T21:31:17.635+0000] {dagbag.py:588} INFO - Filling up the DagBag from /opt/airflow/dags/07_dynamic_task_mapping/02_expand_kwargs.py
[2026-05-10T21:31:17.640+0000] {processor.py:925} INFO - DAG(s) 'mod_07_02_expand_kwargs' retrieved from /opt/airflow/dags/07_dynamic_task_mapping/02_expand_kwargs.py
[2026-05-10T21:31:17.648+0000] {logging_mixin.py:190} INFO - [2026-05-10T21:31:17.648+0000] {dag.py:3239} INFO - Sync 1 DAGs
[2026-05-10T21:31:17.652+0000] {logging_mixin.py:190} INFO - [2026-05-10T21:31:17.652+0000] {dag.py:4180} INFO - Setting next_dagrun for mod_07_02_expand_kwargs to None, run_after=None
[2026-05-10T21:31:17.658+0000] {processor.py:208} INFO - Processing /opt/airflow/dags/07_dynamic_task_mapping/02_expand_kwargs.py took 0.028 seconds
[2026-05-10T21:31:48.130+0000] {processor.py:186} INFO - Started process (PID=5369) to work on /opt/airflow/dags/07_dynamic_task_mapping/02_expand_kwargs.py
[2026-05-10T21:31:48.131+0000] {processor.py:914} INFO - Processing file /opt/airflow/dags/07_dynamic_task_mapping/02_expand_kwargs.py for tasks to queue
[2026-05-10T21:31:48.132+0000] {logging_mixin.py:190} INFO - [2026-05-10T21:31:48.131+0000] {dagbag.py:588} INFO - Filling up the DagBag from /opt/airflow/dags/07_dynamic_task_mapping/02_expand_kwargs.py
[2026-05-10T21:31:48.137+0000] {processor.py:925} INFO - DAG(s) 'mod_07_02_expand_kwargs' retrieved from /opt/airflow/dags/07_dynamic_task_mapping/02_expand_kwargs.py
[2026-05-10T21:31:48.151+0000] {logging_mixin.py:190} INFO - [2026-05-10T21:31:48.151+0000] {dag.py:3239} INFO - Sync 1 DAGs
[2026-05-10T21:31:48.156+0000] {logging_mixin.py:190} INFO - [2026-05-10T21:31:48.156+0000] {dag.py:4180} INFO - Setting next_dagrun for mod_07_02_expand_kwargs to None, run_after=None
[2026-05-10T21:31:48.164+0000] {processor.py:208} INFO - Processing /opt/airflow/dags/07_dynamic_task_mapping/02_expand_kwargs.py took 0.037 seconds
