[2026-05-10T21:19:05.510+0000] {processor.py:186} INFO - Started process (PID=298) to work on /opt/airflow/dags/06_sensors/02_external_task_sensor.py
[2026-05-10T21:19:05.511+0000] {processor.py:914} INFO - Processing file /opt/airflow/dags/06_sensors/02_external_task_sensor.py for tasks to queue
[2026-05-10T21:19:05.514+0000] {logging_mixin.py:190} INFO - [2026-05-10T21:19:05.513+0000] {dagbag.py:588} INFO - Filling up the DagBag from /opt/airflow/dags/06_sensors/02_external_task_sensor.py
[2026-05-10T21:19:05.524+0000] {processor.py:925} INFO - DAG(s) 'mod_06_02_external_task_sensor' retrieved from /opt/airflow/dags/06_sensors/02_external_task_sensor.py
[2026-05-10T21:19:05.574+0000] {logging_mixin.py:190} INFO - [2026-05-10T21:19:05.574+0000] {override.py:1912} INFO - Created Permission View: can delete on DAG:mod_06_02_external_task_sensor
[2026-05-10T21:19:05.578+0000] {logging_mixin.py:190} INFO - [2026-05-10T21:19:05.578+0000] {override.py:1912} INFO - Created Permission View: can edit on DAG:mod_06_02_external_task_sensor
[2026-05-10T21:19:05.582+0000] {logging_mixin.py:190} INFO - [2026-05-10T21:19:05.581+0000] {override.py:1912} INFO - Created Permission View: can read on DAG:mod_06_02_external_task_sensor
[2026-05-10T21:19:05.584+0000] {logging_mixin.py:190} INFO - [2026-05-10T21:19:05.584+0000] {override.py:1912} INFO - Created Permission View: can delete on DAG Run:mod_06_02_external_task_sensor
[2026-05-10T21:19:05.586+0000] {logging_mixin.py:190} INFO - [2026-05-10T21:19:05.586+0000] {override.py:1912} INFO - Created Permission View: menu access on DAG Run:mod_06_02_external_task_sensor
[2026-05-10T21:19:05.591+0000] {logging_mixin.py:190} INFO - [2026-05-10T21:19:05.591+0000] {override.py:1912} INFO - Created Permission View: can create on DAG Run:mod_06_02_external_task_sensor
[2026-05-10T21:19:05.593+0000] {logging_mixin.py:190} INFO - [2026-05-10T21:19:05.593+0000] {override.py:1912} INFO - Created Permission View: can read on DAG Run:mod_06_02_external_task_sensor
[2026-05-10T21:19:05.593+0000] {logging_mixin.py:190} INFO - [2026-05-10T21:19:05.593+0000] {dag.py:3239} INFO - Sync 1 DAGs
[2026-05-10T21:19:05.599+0000] {logging_mixin.py:190} INFO - [2026-05-10T21:19:05.599+0000] {dag.py:3262} INFO - Creating ORM DAG for mod_06_02_external_task_sensor
[2026-05-10T21:19:05.604+0000] {logging_mixin.py:190} INFO - [2026-05-10T21:19:05.604+0000] {dag.py:4180} INFO - Setting next_dagrun for mod_06_02_external_task_sensor to 2026-05-09 00:00:00+00:00, run_after=2026-05-10 00:00:00+00:00
[2026-05-10T21:19:05.614+0000] {processor.py:208} INFO - Processing /opt/airflow/dags/06_sensors/02_external_task_sensor.py took 0.107 seconds
[2026-05-10T21:19:35.739+0000] {processor.py:186} INFO - Started process (PID=501) to work on /opt/airflow/dags/06_sensors/02_external_task_sensor.py
[2026-05-10T21:19:35.740+0000] {processor.py:914} INFO - Processing file /opt/airflow/dags/06_sensors/02_external_task_sensor.py for tasks to queue
[2026-05-10T21:19:35.742+0000] {logging_mixin.py:190} INFO - [2026-05-10T21:19:35.741+0000] {dagbag.py:588} INFO - Filling up the DagBag from /opt/airflow/dags/06_sensors/02_external_task_sensor.py
[2026-05-10T21:19:35.747+0000] {processor.py:925} INFO - DAG(s) 'mod_06_02_external_task_sensor' retrieved from /opt/airflow/dags/06_sensors/02_external_task_sensor.py
[2026-05-10T21:19:35.756+0000] {logging_mixin.py:190} INFO - [2026-05-10T21:19:35.756+0000] {dag.py:3239} INFO - Sync 1 DAGs
[2026-05-10T21:19:35.768+0000] {logging_mixin.py:190} INFO - [2026-05-10T21:19:35.767+0000] {dag.py:4180} INFO - Setting next_dagrun for mod_06_02_external_task_sensor to 2026-05-09 00:00:00+00:00, run_after=2026-05-10 00:00:00+00:00
[2026-05-10T21:19:35.774+0000] {processor.py:208} INFO - Processing /opt/airflow/dags/06_sensors/02_external_task_sensor.py took 0.038 seconds
[2026-05-10T21:20:06.204+0000] {processor.py:186} INFO - Started process (PID=704) to work on /opt/airflow/dags/06_sensors/02_external_task_sensor.py
[2026-05-10T21:20:06.204+0000] {processor.py:914} INFO - Processing file /opt/airflow/dags/06_sensors/02_external_task_sensor.py for tasks to queue
[2026-05-10T21:20:06.205+0000] {logging_mixin.py:190} INFO - [2026-05-10T21:20:06.205+0000] {dagbag.py:588} INFO - Filling up the DagBag from /opt/airflow/dags/06_sensors/02_external_task_sensor.py
[2026-05-10T21:20:06.212+0000] {processor.py:925} INFO - DAG(s) 'mod_06_02_external_task_sensor' retrieved from /opt/airflow/dags/06_sensors/02_external_task_sensor.py
[2026-05-10T21:20:06.221+0000] {logging_mixin.py:190} INFO - [2026-05-10T21:20:06.221+0000] {dag.py:3239} INFO - Sync 1 DAGs
[2026-05-10T21:20:06.232+0000] {logging_mixin.py:190} INFO - [2026-05-10T21:20:06.232+0000] {dag.py:4180} INFO - Setting next_dagrun for mod_06_02_external_task_sensor to 2026-05-09 00:00:00+00:00, run_after=2026-05-10 00:00:00+00:00
[2026-05-10T21:20:06.244+0000] {processor.py:208} INFO - Processing /opt/airflow/dags/06_sensors/02_external_task_sensor.py took 0.043 seconds
[2026-05-10T21:20:36.821+0000] {processor.py:186} INFO - Started process (PID=909) to work on /opt/airflow/dags/06_sensors/02_external_task_sensor.py
[2026-05-10T21:20:36.821+0000] {processor.py:914} INFO - Processing file /opt/airflow/dags/06_sensors/02_external_task_sensor.py for tasks to queue
[2026-05-10T21:20:36.823+0000] {logging_mixin.py:190} INFO - [2026-05-10T21:20:36.823+0000] {dagbag.py:588} INFO - Filling up the DagBag from /opt/airflow/dags/06_sensors/02_external_task_sensor.py
[2026-05-10T21:20:36.828+0000] {processor.py:925} INFO - DAG(s) 'mod_06_02_external_task_sensor' retrieved from /opt/airflow/dags/06_sensors/02_external_task_sensor.py
[2026-05-10T21:20:36.838+0000] {logging_mixin.py:190} INFO - [2026-05-10T21:20:36.838+0000] {dag.py:3239} INFO - Sync 1 DAGs
[2026-05-10T21:20:36.846+0000] {logging_mixin.py:190} INFO - [2026-05-10T21:20:36.846+0000] {dag.py:4180} INFO - Setting next_dagrun for mod_06_02_external_task_sensor to 2026-05-09 00:00:00+00:00, run_after=2026-05-10 00:00:00+00:00
[2026-05-10T21:20:36.852+0000] {processor.py:208} INFO - Processing /opt/airflow/dags/06_sensors/02_external_task_sensor.py took 0.032 seconds
[2026-05-10T21:21:07.342+0000] {processor.py:186} INFO - Started process (PID=1112) to work on /opt/airflow/dags/06_sensors/02_external_task_sensor.py
[2026-05-10T21:21:07.342+0000] {processor.py:914} INFO - Processing file /opt/airflow/dags/06_sensors/02_external_task_sensor.py for tasks to queue
[2026-05-10T21:21:07.344+0000] {logging_mixin.py:190} INFO - [2026-05-10T21:21:07.344+0000] {dagbag.py:588} INFO - Filling up the DagBag from /opt/airflow/dags/06_sensors/02_external_task_sensor.py
[2026-05-10T21:21:07.349+0000] {processor.py:925} INFO - DAG(s) 'mod_06_02_external_task_sensor' retrieved from /opt/airflow/dags/06_sensors/02_external_task_sensor.py
[2026-05-10T21:21:07.359+0000] {logging_mixin.py:190} INFO - [2026-05-10T21:21:07.359+0000] {dag.py:3239} INFO - Sync 1 DAGs
[2026-05-10T21:21:07.367+0000] {logging_mixin.py:190} INFO - [2026-05-10T21:21:07.367+0000] {dag.py:4180} INFO - Setting next_dagrun for mod_06_02_external_task_sensor to 2026-05-09 00:00:00+00:00, run_after=2026-05-10 00:00:00+00:00
[2026-05-10T21:21:07.373+0000] {processor.py:208} INFO - Processing /opt/airflow/dags/06_sensors/02_external_task_sensor.py took 0.034 seconds
[2026-05-10T21:21:37.876+0000] {processor.py:186} INFO - Started process (PID=1313) to work on /opt/airflow/dags/06_sensors/02_external_task_sensor.py
[2026-05-10T21:21:37.877+0000] {processor.py:914} INFO - Processing file /opt/airflow/dags/06_sensors/02_external_task_sensor.py for tasks to queue
[2026-05-10T21:21:37.879+0000] {logging_mixin.py:190} INFO - [2026-05-10T21:21:37.878+0000] {dagbag.py:588} INFO - Filling up the DagBag from /opt/airflow/dags/06_sensors/02_external_task_sensor.py
[2026-05-10T21:21:37.888+0000] {processor.py:925} INFO - DAG(s) 'mod_06_02_external_task_sensor' retrieved from /opt/airflow/dags/06_sensors/02_external_task_sensor.py
[2026-05-10T21:21:37.897+0000] {logging_mixin.py:190} INFO - [2026-05-10T21:21:37.897+0000] {dag.py:3239} INFO - Sync 1 DAGs
[2026-05-10T21:21:37.908+0000] {logging_mixin.py:190} INFO - [2026-05-10T21:21:37.908+0000] {dag.py:4180} INFO - Setting next_dagrun for mod_06_02_external_task_sensor to 2026-05-09 00:00:00+00:00, run_after=2026-05-10 00:00:00+00:00
[2026-05-10T21:21:37.921+0000] {processor.py:208} INFO - Processing /opt/airflow/dags/06_sensors/02_external_task_sensor.py took 0.048 seconds
[2026-05-10T21:22:08.340+0000] {processor.py:186} INFO - Started process (PID=1516) to work on /opt/airflow/dags/06_sensors/02_external_task_sensor.py
[2026-05-10T21:22:08.341+0000] {processor.py:914} INFO - Processing file /opt/airflow/dags/06_sensors/02_external_task_sensor.py for tasks to queue
[2026-05-10T21:22:08.343+0000] {logging_mixin.py:190} INFO - [2026-05-10T21:22:08.343+0000] {dagbag.py:588} INFO - Filling up the DagBag from /opt/airflow/dags/06_sensors/02_external_task_sensor.py
[2026-05-10T21:22:08.351+0000] {processor.py:925} INFO - DAG(s) 'mod_06_02_external_task_sensor' retrieved from /opt/airflow/dags/06_sensors/02_external_task_sensor.py
[2026-05-10T21:22:08.360+0000] {logging_mixin.py:190} INFO - [2026-05-10T21:22:08.360+0000] {dag.py:3239} INFO - Sync 1 DAGs
[2026-05-10T21:22:08.371+0000] {logging_mixin.py:190} INFO - [2026-05-10T21:22:08.370+0000] {dag.py:4180} INFO - Setting next_dagrun for mod_06_02_external_task_sensor to 2026-05-09 00:00:00+00:00, run_after=2026-05-10 00:00:00+00:00
[2026-05-10T21:22:08.382+0000] {processor.py:208} INFO - Processing /opt/airflow/dags/06_sensors/02_external_task_sensor.py took 0.045 seconds
[2026-05-10T21:22:38.818+0000] {processor.py:186} INFO - Started process (PID=1721) to work on /opt/airflow/dags/06_sensors/02_external_task_sensor.py
[2026-05-10T21:22:38.818+0000] {processor.py:914} INFO - Processing file /opt/airflow/dags/06_sensors/02_external_task_sensor.py for tasks to queue
[2026-05-10T21:22:38.819+0000] {logging_mixin.py:190} INFO - [2026-05-10T21:22:38.819+0000] {dagbag.py:588} INFO - Filling up the DagBag from /opt/airflow/dags/06_sensors/02_external_task_sensor.py
[2026-05-10T21:22:38.825+0000] {processor.py:925} INFO - DAG(s) 'mod_06_02_external_task_sensor' retrieved from /opt/airflow/dags/06_sensors/02_external_task_sensor.py
[2026-05-10T21:22:38.837+0000] {logging_mixin.py:190} INFO - [2026-05-10T21:22:38.837+0000] {dag.py:3239} INFO - Sync 1 DAGs
[2026-05-10T21:22:38.849+0000] {logging_mixin.py:190} INFO - [2026-05-10T21:22:38.849+0000] {dag.py:4180} INFO - Setting next_dagrun for mod_06_02_external_task_sensor to 2026-05-09 00:00:00+00:00, run_after=2026-05-10 00:00:00+00:00
[2026-05-10T21:22:38.858+0000] {processor.py:208} INFO - Processing /opt/airflow/dags/06_sensors/02_external_task_sensor.py took 0.043 seconds
[2026-05-10T21:23:09.254+0000] {processor.py:186} INFO - Started process (PID=1924) to work on /opt/airflow/dags/06_sensors/02_external_task_sensor.py
[2026-05-10T21:23:09.254+0000] {processor.py:914} INFO - Processing file /opt/airflow/dags/06_sensors/02_external_task_sensor.py for tasks to queue
[2026-05-10T21:23:09.255+0000] {logging_mixin.py:190} INFO - [2026-05-10T21:23:09.255+0000] {dagbag.py:588} INFO - Filling up the DagBag from /opt/airflow/dags/06_sensors/02_external_task_sensor.py
[2026-05-10T21:23:09.262+0000] {processor.py:925} INFO - DAG(s) 'mod_06_02_external_task_sensor' retrieved from /opt/airflow/dags/06_sensors/02_external_task_sensor.py
[2026-05-10T21:23:09.272+0000] {logging_mixin.py:190} INFO - [2026-05-10T21:23:09.272+0000] {dag.py:3239} INFO - Sync 1 DAGs
[2026-05-10T21:23:09.281+0000] {logging_mixin.py:190} INFO - [2026-05-10T21:23:09.281+0000] {dag.py:4180} INFO - Setting next_dagrun for mod_06_02_external_task_sensor to 2026-05-09 00:00:00+00:00, run_after=2026-05-10 00:00:00+00:00
[2026-05-10T21:23:09.290+0000] {processor.py:208} INFO - Processing /opt/airflow/dags/06_sensors/02_external_task_sensor.py took 0.039 seconds
[2026-05-10T21:23:39.696+0000] {processor.py:186} INFO - Started process (PID=2125) to work on /opt/airflow/dags/06_sensors/02_external_task_sensor.py
[2026-05-10T21:23:39.696+0000] {processor.py:914} INFO - Processing file /opt/airflow/dags/06_sensors/02_external_task_sensor.py for tasks to queue
[2026-05-10T21:23:39.698+0000] {logging_mixin.py:190} INFO - [2026-05-10T21:23:39.698+0000] {dagbag.py:588} INFO - Filling up the DagBag from /opt/airflow/dags/06_sensors/02_external_task_sensor.py
[2026-05-10T21:23:39.704+0000] {processor.py:925} INFO - DAG(s) 'mod_06_02_external_task_sensor' retrieved from /opt/airflow/dags/06_sensors/02_external_task_sensor.py
[2026-05-10T21:23:39.713+0000] {logging_mixin.py:190} INFO - [2026-05-10T21:23:39.712+0000] {dag.py:3239} INFO - Sync 1 DAGs
[2026-05-10T21:23:39.724+0000] {logging_mixin.py:190} INFO - [2026-05-10T21:23:39.723+0000] {dag.py:4180} INFO - Setting next_dagrun for mod_06_02_external_task_sensor to 2026-05-09 00:00:00+00:00, run_after=2026-05-10 00:00:00+00:00
[2026-05-10T21:23:39.733+0000] {processor.py:208} INFO - Processing /opt/airflow/dags/06_sensors/02_external_task_sensor.py took 0.040 seconds
[2026-05-10T21:24:10.278+0000] {processor.py:186} INFO - Started process (PID=2344) to work on /opt/airflow/dags/06_sensors/02_external_task_sensor.py
[2026-05-10T21:24:10.278+0000] {processor.py:914} INFO - Processing file /opt/airflow/dags/06_sensors/02_external_task_sensor.py for tasks to queue
[2026-05-10T21:24:10.279+0000] {logging_mixin.py:190} INFO - [2026-05-10T21:24:10.279+0000] {dagbag.py:588} INFO - Filling up the DagBag from /opt/airflow/dags/06_sensors/02_external_task_sensor.py
[2026-05-10T21:24:10.289+0000] {processor.py:925} INFO - DAG(s) 'mod_06_02_external_task_sensor' retrieved from /opt/airflow/dags/06_sensors/02_external_task_sensor.py
[2026-05-10T21:24:10.298+0000] {logging_mixin.py:190} INFO - [2026-05-10T21:24:10.298+0000] {dag.py:3239} INFO - Sync 1 DAGs
[2026-05-10T21:24:10.308+0000] {logging_mixin.py:190} INFO - [2026-05-10T21:24:10.308+0000] {dag.py:4180} INFO - Setting next_dagrun for mod_06_02_external_task_sensor to 2026-05-09 00:00:00+00:00, run_after=2026-05-10 00:00:00+00:00
[2026-05-10T21:24:10.317+0000] {processor.py:208} INFO - Processing /opt/airflow/dags/06_sensors/02_external_task_sensor.py took 0.043 seconds
[2026-05-10T21:24:40.757+0000] {processor.py:186} INFO - Started process (PID=2547) to work on /opt/airflow/dags/06_sensors/02_external_task_sensor.py
[2026-05-10T21:24:40.758+0000] {processor.py:914} INFO - Processing file /opt/airflow/dags/06_sensors/02_external_task_sensor.py for tasks to queue
[2026-05-10T21:24:40.759+0000] {logging_mixin.py:190} INFO - [2026-05-10T21:24:40.758+0000] {dagbag.py:588} INFO - Filling up the DagBag from /opt/airflow/dags/06_sensors/02_external_task_sensor.py
[2026-05-10T21:24:40.766+0000] {processor.py:925} INFO - DAG(s) 'mod_06_02_external_task_sensor' retrieved from /opt/airflow/dags/06_sensors/02_external_task_sensor.py
[2026-05-10T21:24:40.779+0000] {logging_mixin.py:190} INFO - [2026-05-10T21:24:40.779+0000] {dag.py:3239} INFO - Sync 1 DAGs
[2026-05-10T21:24:40.790+0000] {logging_mixin.py:190} INFO - [2026-05-10T21:24:40.790+0000] {dag.py:4180} INFO - Setting next_dagrun for mod_06_02_external_task_sensor to 2026-05-09 00:00:00+00:00, run_after=2026-05-10 00:00:00+00:00
[2026-05-10T21:24:40.801+0000] {processor.py:208} INFO - Processing /opt/airflow/dags/06_sensors/02_external_task_sensor.py took 0.047 seconds
[2026-05-10T21:25:11.216+0000] {processor.py:186} INFO - Started process (PID=2748) to work on /opt/airflow/dags/06_sensors/02_external_task_sensor.py
[2026-05-10T21:25:11.217+0000] {processor.py:914} INFO - Processing file /opt/airflow/dags/06_sensors/02_external_task_sensor.py for tasks to queue
[2026-05-10T21:25:11.218+0000] {logging_mixin.py:190} INFO - [2026-05-10T21:25:11.218+0000] {dagbag.py:588} INFO - Filling up the DagBag from /opt/airflow/dags/06_sensors/02_external_task_sensor.py
[2026-05-10T21:25:11.223+0000] {processor.py:925} INFO - DAG(s) 'mod_06_02_external_task_sensor' retrieved from /opt/airflow/dags/06_sensors/02_external_task_sensor.py
[2026-05-10T21:25:11.233+0000] {logging_mixin.py:190} INFO - [2026-05-10T21:25:11.233+0000] {dag.py:3239} INFO - Sync 1 DAGs
[2026-05-10T21:25:11.244+0000] {logging_mixin.py:190} INFO - [2026-05-10T21:25:11.244+0000] {dag.py:4180} INFO - Setting next_dagrun for mod_06_02_external_task_sensor to 2026-05-09 00:00:00+00:00, run_after=2026-05-10 00:00:00+00:00
[2026-05-10T21:25:11.251+0000] {processor.py:208} INFO - Processing /opt/airflow/dags/06_sensors/02_external_task_sensor.py took 0.039 seconds
[2026-05-10T21:25:41.799+0000] {processor.py:186} INFO - Started process (PID=2953) to work on /opt/airflow/dags/06_sensors/02_external_task_sensor.py
[2026-05-10T21:25:41.799+0000] {processor.py:914} INFO - Processing file /opt/airflow/dags/06_sensors/02_external_task_sensor.py for tasks to queue
[2026-05-10T21:25:41.800+0000] {logging_mixin.py:190} INFO - [2026-05-10T21:25:41.800+0000] {dagbag.py:588} INFO - Filling up the DagBag from /opt/airflow/dags/06_sensors/02_external_task_sensor.py
[2026-05-10T21:25:41.805+0000] {processor.py:925} INFO - DAG(s) 'mod_06_02_external_task_sensor' retrieved from /opt/airflow/dags/06_sensors/02_external_task_sensor.py
[2026-05-10T21:25:41.813+0000] {logging_mixin.py:190} INFO - [2026-05-10T21:25:41.813+0000] {dag.py:3239} INFO - Sync 1 DAGs
[2026-05-10T21:25:41.820+0000] {logging_mixin.py:190} INFO - [2026-05-10T21:25:41.820+0000] {dag.py:4180} INFO - Setting next_dagrun for mod_06_02_external_task_sensor to 2026-05-09 00:00:00+00:00, run_after=2026-05-10 00:00:00+00:00
[2026-05-10T21:25:41.825+0000] {processor.py:208} INFO - Processing /opt/airflow/dags/06_sensors/02_external_task_sensor.py took 0.029 seconds
[2026-05-10T21:26:12.386+0000] {processor.py:186} INFO - Started process (PID=3156) to work on /opt/airflow/dags/06_sensors/02_external_task_sensor.py
[2026-05-10T21:26:12.387+0000] {processor.py:914} INFO - Processing file /opt/airflow/dags/06_sensors/02_external_task_sensor.py for tasks to queue
[2026-05-10T21:26:12.388+0000] {logging_mixin.py:190} INFO - [2026-05-10T21:26:12.388+0000] {dagbag.py:588} INFO - Filling up the DagBag from /opt/airflow/dags/06_sensors/02_external_task_sensor.py
[2026-05-10T21:26:12.393+0000] {processor.py:925} INFO - DAG(s) 'mod_06_02_external_task_sensor' retrieved from /opt/airflow/dags/06_sensors/02_external_task_sensor.py
[2026-05-10T21:26:12.400+0000] {logging_mixin.py:190} INFO - [2026-05-10T21:26:12.400+0000] {dag.py:3239} INFO - Sync 1 DAGs
[2026-05-10T21:26:12.408+0000] {logging_mixin.py:190} INFO - [2026-05-10T21:26:12.408+0000] {dag.py:4180} INFO - Setting next_dagrun for mod_06_02_external_task_sensor to 2026-05-09 00:00:00+00:00, run_after=2026-05-10 00:00:00+00:00
[2026-05-10T21:26:12.414+0000] {processor.py:208} INFO - Processing /opt/airflow/dags/06_sensors/02_external_task_sensor.py took 0.031 seconds
[2026-05-10T21:26:42.884+0000] {processor.py:186} INFO - Started process (PID=3359) to work on /opt/airflow/dags/06_sensors/02_external_task_sensor.py
[2026-05-10T21:26:42.885+0000] {processor.py:914} INFO - Processing file /opt/airflow/dags/06_sensors/02_external_task_sensor.py for tasks to queue
[2026-05-10T21:26:42.886+0000] {logging_mixin.py:190} INFO - [2026-05-10T21:26:42.886+0000] {dagbag.py:588} INFO - Filling up the DagBag from /opt/airflow/dags/06_sensors/02_external_task_sensor.py
[2026-05-10T21:26:42.891+0000] {processor.py:925} INFO - DAG(s) 'mod_06_02_external_task_sensor' retrieved from /opt/airflow/dags/06_sensors/02_external_task_sensor.py
[2026-05-10T21:26:42.899+0000] {logging_mixin.py:190} INFO - [2026-05-10T21:26:42.899+0000] {dag.py:3239} INFO - Sync 1 DAGs
[2026-05-10T21:26:42.907+0000] {logging_mixin.py:190} INFO - [2026-05-10T21:26:42.907+0000] {dag.py:4180} INFO - Setting next_dagrun for mod_06_02_external_task_sensor to 2026-05-09 00:00:00+00:00, run_after=2026-05-10 00:00:00+00:00
[2026-05-10T21:26:42.912+0000] {processor.py:208} INFO - Processing /opt/airflow/dags/06_sensors/02_external_task_sensor.py took 0.031 seconds
[2026-05-10T21:27:13.512+0000] {processor.py:186} INFO - Started process (PID=3562) to work on /opt/airflow/dags/06_sensors/02_external_task_sensor.py
[2026-05-10T21:27:13.512+0000] {processor.py:914} INFO - Processing file /opt/airflow/dags/06_sensors/02_external_task_sensor.py for tasks to queue
[2026-05-10T21:27:13.513+0000] {logging_mixin.py:190} INFO - [2026-05-10T21:27:13.513+0000] {dagbag.py:588} INFO - Filling up the DagBag from /opt/airflow/dags/06_sensors/02_external_task_sensor.py
[2026-05-10T21:27:13.519+0000] {processor.py:925} INFO - DAG(s) 'mod_06_02_external_task_sensor' retrieved from /opt/airflow/dags/06_sensors/02_external_task_sensor.py
[2026-05-10T21:27:13.533+0000] {logging_mixin.py:190} INFO - [2026-05-10T21:27:13.533+0000] {dag.py:3239} INFO - Sync 1 DAGs
[2026-05-10T21:27:13.543+0000] {logging_mixin.py:190} INFO - [2026-05-10T21:27:13.543+0000] {dag.py:4180} INFO - Setting next_dagrun for mod_06_02_external_task_sensor to 2026-05-09 00:00:00+00:00, run_after=2026-05-10 00:00:00+00:00
[2026-05-10T21:27:13.554+0000] {processor.py:208} INFO - Processing /opt/airflow/dags/06_sensors/02_external_task_sensor.py took 0.045 seconds
[2026-05-10T21:27:43.982+0000] {processor.py:186} INFO - Started process (PID=3763) to work on /opt/airflow/dags/06_sensors/02_external_task_sensor.py
[2026-05-10T21:27:43.983+0000] {processor.py:914} INFO - Processing file /opt/airflow/dags/06_sensors/02_external_task_sensor.py for tasks to queue
[2026-05-10T21:27:43.984+0000] {logging_mixin.py:190} INFO - [2026-05-10T21:27:43.984+0000] {dagbag.py:588} INFO - Filling up the DagBag from /opt/airflow/dags/06_sensors/02_external_task_sensor.py
[2026-05-10T21:27:43.993+0000] {processor.py:925} INFO - DAG(s) 'mod_06_02_external_task_sensor' retrieved from /opt/airflow/dags/06_sensors/02_external_task_sensor.py
[2026-05-10T21:27:44.004+0000] {logging_mixin.py:190} INFO - [2026-05-10T21:27:44.004+0000] {dag.py:3239} INFO - Sync 1 DAGs
[2026-05-10T21:27:44.011+0000] {logging_mixin.py:190} INFO - [2026-05-10T21:27:44.011+0000] {dag.py:4180} INFO - Setting next_dagrun for mod_06_02_external_task_sensor to 2026-05-09 00:00:00+00:00, run_after=2026-05-10 00:00:00+00:00
[2026-05-10T21:27:44.021+0000] {processor.py:208} INFO - Processing /opt/airflow/dags/06_sensors/02_external_task_sensor.py took 0.041 seconds
[2026-05-10T21:28:14.461+0000] {processor.py:186} INFO - Started process (PID=3966) to work on /opt/airflow/dags/06_sensors/02_external_task_sensor.py
[2026-05-10T21:28:14.461+0000] {processor.py:914} INFO - Processing file /opt/airflow/dags/06_sensors/02_external_task_sensor.py for tasks to queue
[2026-05-10T21:28:14.463+0000] {logging_mixin.py:190} INFO - [2026-05-10T21:28:14.463+0000] {dagbag.py:588} INFO - Filling up the DagBag from /opt/airflow/dags/06_sensors/02_external_task_sensor.py
[2026-05-10T21:28:14.472+0000] {processor.py:925} INFO - DAG(s) 'mod_06_02_external_task_sensor' retrieved from /opt/airflow/dags/06_sensors/02_external_task_sensor.py
[2026-05-10T21:28:14.482+0000] {logging_mixin.py:190} INFO - [2026-05-10T21:28:14.482+0000] {dag.py:3239} INFO - Sync 1 DAGs
[2026-05-10T21:28:14.491+0000] {logging_mixin.py:190} INFO - [2026-05-10T21:28:14.491+0000] {dag.py:4180} INFO - Setting next_dagrun for mod_06_02_external_task_sensor to 2026-05-09 00:00:00+00:00, run_after=2026-05-10 00:00:00+00:00
[2026-05-10T21:28:14.499+0000] {processor.py:208} INFO - Processing /opt/airflow/dags/06_sensors/02_external_task_sensor.py took 0.041 seconds
[2026-05-10T21:28:45.042+0000] {processor.py:186} INFO - Started process (PID=4171) to work on /opt/airflow/dags/06_sensors/02_external_task_sensor.py
[2026-05-10T21:28:45.042+0000] {processor.py:914} INFO - Processing file /opt/airflow/dags/06_sensors/02_external_task_sensor.py for tasks to queue
[2026-05-10T21:28:45.043+0000] {logging_mixin.py:190} INFO - [2026-05-10T21:28:45.043+0000] {dagbag.py:588} INFO - Filling up the DagBag from /opt/airflow/dags/06_sensors/02_external_task_sensor.py
[2026-05-10T21:28:45.048+0000] {processor.py:925} INFO - DAG(s) 'mod_06_02_external_task_sensor' retrieved from /opt/airflow/dags/06_sensors/02_external_task_sensor.py
[2026-05-10T21:28:45.056+0000] {logging_mixin.py:190} INFO - [2026-05-10T21:28:45.056+0000] {dag.py:3239} INFO - Sync 1 DAGs
[2026-05-10T21:28:45.063+0000] {logging_mixin.py:190} INFO - [2026-05-10T21:28:45.063+0000] {dag.py:4180} INFO - Setting next_dagrun for mod_06_02_external_task_sensor to 2026-05-09 00:00:00+00:00, run_after=2026-05-10 00:00:00+00:00
[2026-05-10T21:28:45.069+0000] {processor.py:208} INFO - Processing /opt/airflow/dags/06_sensors/02_external_task_sensor.py took 0.030 seconds
[2026-05-10T21:29:15.546+0000] {processor.py:186} INFO - Started process (PID=4372) to work on /opt/airflow/dags/06_sensors/02_external_task_sensor.py
[2026-05-10T21:29:15.546+0000] {processor.py:914} INFO - Processing file /opt/airflow/dags/06_sensors/02_external_task_sensor.py for tasks to queue
[2026-05-10T21:29:15.547+0000] {logging_mixin.py:190} INFO - [2026-05-10T21:29:15.547+0000] {dagbag.py:588} INFO - Filling up the DagBag from /opt/airflow/dags/06_sensors/02_external_task_sensor.py
[2026-05-10T21:29:15.555+0000] {processor.py:925} INFO - DAG(s) 'mod_06_02_external_task_sensor' retrieved from /opt/airflow/dags/06_sensors/02_external_task_sensor.py
[2026-05-10T21:29:15.567+0000] {logging_mixin.py:190} INFO - [2026-05-10T21:29:15.566+0000] {dag.py:3239} INFO - Sync 1 DAGs
[2026-05-10T21:29:15.575+0000] {logging_mixin.py:190} INFO - [2026-05-10T21:29:15.575+0000] {dag.py:4180} INFO - Setting next_dagrun for mod_06_02_external_task_sensor to 2026-05-09 00:00:00+00:00, run_after=2026-05-10 00:00:00+00:00
[2026-05-10T21:29:15.583+0000] {processor.py:208} INFO - Processing /opt/airflow/dags/06_sensors/02_external_task_sensor.py took 0.040 seconds
[2026-05-10T21:29:46.156+0000] {processor.py:186} INFO - Started process (PID=4577) to work on /opt/airflow/dags/06_sensors/02_external_task_sensor.py
[2026-05-10T21:29:46.156+0000] {processor.py:914} INFO - Processing file /opt/airflow/dags/06_sensors/02_external_task_sensor.py for tasks to queue
[2026-05-10T21:29:46.157+0000] {logging_mixin.py:190} INFO - [2026-05-10T21:29:46.157+0000] {dagbag.py:588} INFO - Filling up the DagBag from /opt/airflow/dags/06_sensors/02_external_task_sensor.py
[2026-05-10T21:29:46.162+0000] {processor.py:925} INFO - DAG(s) 'mod_06_02_external_task_sensor' retrieved from /opt/airflow/dags/06_sensors/02_external_task_sensor.py
[2026-05-10T21:29:46.170+0000] {logging_mixin.py:190} INFO - [2026-05-10T21:29:46.170+0000] {dag.py:3239} INFO - Sync 1 DAGs
[2026-05-10T21:29:46.177+0000] {logging_mixin.py:190} INFO - [2026-05-10T21:29:46.177+0000] {dag.py:4180} INFO - Setting next_dagrun for mod_06_02_external_task_sensor to 2026-05-09 00:00:00+00:00, run_after=2026-05-10 00:00:00+00:00
[2026-05-10T21:29:46.182+0000] {processor.py:208} INFO - Processing /opt/airflow/dags/06_sensors/02_external_task_sensor.py took 0.029 seconds
[2026-05-10T21:30:16.586+0000] {processor.py:186} INFO - Started process (PID=4778) to work on /opt/airflow/dags/06_sensors/02_external_task_sensor.py
[2026-05-10T21:30:16.587+0000] {processor.py:914} INFO - Processing file /opt/airflow/dags/06_sensors/02_external_task_sensor.py for tasks to queue
[2026-05-10T21:30:16.588+0000] {logging_mixin.py:190} INFO - [2026-05-10T21:30:16.588+0000] {dagbag.py:588} INFO - Filling up the DagBag from /opt/airflow/dags/06_sensors/02_external_task_sensor.py
[2026-05-10T21:30:16.594+0000] {processor.py:925} INFO - DAG(s) 'mod_06_02_external_task_sensor' retrieved from /opt/airflow/dags/06_sensors/02_external_task_sensor.py
[2026-05-10T21:30:16.605+0000] {logging_mixin.py:190} INFO - [2026-05-10T21:30:16.605+0000] {dag.py:3239} INFO - Sync 1 DAGs
[2026-05-10T21:30:16.615+0000] {logging_mixin.py:190} INFO - [2026-05-10T21:30:16.615+0000] {dag.py:4180} INFO - Setting next_dagrun for mod_06_02_external_task_sensor to 2026-05-09 00:00:00+00:00, run_after=2026-05-10 00:00:00+00:00
[2026-05-10T21:30:16.625+0000] {processor.py:208} INFO - Processing /opt/airflow/dags/06_sensors/02_external_task_sensor.py took 0.042 seconds
[2026-05-10T21:30:47.134+0000] {processor.py:186} INFO - Started process (PID=4981) to work on /opt/airflow/dags/06_sensors/02_external_task_sensor.py
[2026-05-10T21:30:47.134+0000] {processor.py:914} INFO - Processing file /opt/airflow/dags/06_sensors/02_external_task_sensor.py for tasks to queue
[2026-05-10T21:30:47.136+0000] {logging_mixin.py:190} INFO - [2026-05-10T21:30:47.136+0000] {dagbag.py:588} INFO - Filling up the DagBag from /opt/airflow/dags/06_sensors/02_external_task_sensor.py
[2026-05-10T21:30:47.143+0000] {processor.py:925} INFO - DAG(s) 'mod_06_02_external_task_sensor' retrieved from /opt/airflow/dags/06_sensors/02_external_task_sensor.py
[2026-05-10T21:30:47.152+0000] {logging_mixin.py:190} INFO - [2026-05-10T21:30:47.152+0000] {dag.py:3239} INFO - Sync 1 DAGs
[2026-05-10T21:30:47.161+0000] {logging_mixin.py:190} INFO - [2026-05-10T21:30:47.161+0000] {dag.py:4180} INFO - Setting next_dagrun for mod_06_02_external_task_sensor to 2026-05-09 00:00:00+00:00, run_after=2026-05-10 00:00:00+00:00
[2026-05-10T21:30:47.172+0000] {processor.py:208} INFO - Processing /opt/airflow/dags/06_sensors/02_external_task_sensor.py took 0.041 seconds
[2026-05-10T21:31:17.760+0000] {processor.py:186} INFO - Started process (PID=5186) to work on /opt/airflow/dags/06_sensors/02_external_task_sensor.py
[2026-05-10T21:31:17.760+0000] {processor.py:914} INFO - Processing file /opt/airflow/dags/06_sensors/02_external_task_sensor.py for tasks to queue
[2026-05-10T21:31:17.761+0000] {logging_mixin.py:190} INFO - [2026-05-10T21:31:17.761+0000] {dagbag.py:588} INFO - Filling up the DagBag from /opt/airflow/dags/06_sensors/02_external_task_sensor.py
[2026-05-10T21:31:17.769+0000] {processor.py:925} INFO - DAG(s) 'mod_06_02_external_task_sensor' retrieved from /opt/airflow/dags/06_sensors/02_external_task_sensor.py
[2026-05-10T21:31:17.787+0000] {logging_mixin.py:190} INFO - [2026-05-10T21:31:17.787+0000] {dag.py:3239} INFO - Sync 1 DAGs
[2026-05-10T21:31:17.800+0000] {logging_mixin.py:190} INFO - [2026-05-10T21:31:17.800+0000] {dag.py:4180} INFO - Setting next_dagrun for mod_06_02_external_task_sensor to 2026-05-09 00:00:00+00:00, run_after=2026-05-10 00:00:00+00:00
[2026-05-10T21:31:17.810+0000] {processor.py:208} INFO - Processing /opt/airflow/dags/06_sensors/02_external_task_sensor.py took 0.053 seconds
[2026-05-10T21:31:48.210+0000] {processor.py:186} INFO - Started process (PID=5387) to work on /opt/airflow/dags/06_sensors/02_external_task_sensor.py
[2026-05-10T21:31:48.211+0000] {processor.py:914} INFO - Processing file /opt/airflow/dags/06_sensors/02_external_task_sensor.py for tasks to queue
[2026-05-10T21:31:48.214+0000] {logging_mixin.py:190} INFO - [2026-05-10T21:31:48.213+0000] {dagbag.py:588} INFO - Filling up the DagBag from /opt/airflow/dags/06_sensors/02_external_task_sensor.py
[2026-05-10T21:31:48.222+0000] {processor.py:925} INFO - DAG(s) 'mod_06_02_external_task_sensor' retrieved from /opt/airflow/dags/06_sensors/02_external_task_sensor.py
[2026-05-10T21:31:48.234+0000] {logging_mixin.py:190} INFO - [2026-05-10T21:31:48.234+0000] {dag.py:3239} INFO - Sync 1 DAGs
[2026-05-10T21:31:48.244+0000] {logging_mixin.py:190} INFO - [2026-05-10T21:31:48.244+0000] {dag.py:4180} INFO - Setting next_dagrun for mod_06_02_external_task_sensor to 2026-05-09 00:00:00+00:00, run_after=2026-05-10 00:00:00+00:00
[2026-05-10T21:31:48.251+0000] {processor.py:208} INFO - Processing /opt/airflow/dags/06_sensors/02_external_task_sensor.py took 0.043 seconds
