[2026-05-10T21:19:05.393+0000] {processor.py:186} INFO - Started process (PID=288) to work on /opt/airflow/dags/06_sensors/04_deferrable_sensor.py
[2026-05-10T21:19:05.394+0000] {processor.py:914} INFO - Processing file /opt/airflow/dags/06_sensors/04_deferrable_sensor.py for tasks to queue
[2026-05-10T21:19:05.395+0000] {logging_mixin.py:190} INFO - [2026-05-10T21:19:05.395+0000] {dagbag.py:588} INFO - Filling up the DagBag from /opt/airflow/dags/06_sensors/04_deferrable_sensor.py
[2026-05-10T21:19:05.403+0000] {processor.py:925} INFO - DAG(s) 'mod_06_04_deferrable_sensor' retrieved from /opt/airflow/dags/06_sensors/04_deferrable_sensor.py
[2026-05-10T21:19:05.458+0000] {logging_mixin.py:190} INFO - [2026-05-10T21:19:05.457+0000] {override.py:1912} INFO - Created Permission View: can delete on DAG:mod_06_04_deferrable_sensor
[2026-05-10T21:19:05.463+0000] {logging_mixin.py:190} INFO - [2026-05-10T21:19:05.462+0000] {override.py:1912} INFO - Created Permission View: can edit on DAG:mod_06_04_deferrable_sensor
[2026-05-10T21:19:05.466+0000] {logging_mixin.py:190} INFO - [2026-05-10T21:19:05.466+0000] {override.py:1912} INFO - Created Permission View: can read on DAG:mod_06_04_deferrable_sensor
[2026-05-10T21:19:05.468+0000] {logging_mixin.py:190} INFO - [2026-05-10T21:19:05.468+0000] {override.py:1912} INFO - Created Permission View: can delete on DAG Run:mod_06_04_deferrable_sensor
[2026-05-10T21:19:05.472+0000] {logging_mixin.py:190} INFO - [2026-05-10T21:19:05.472+0000] {override.py:1912} INFO - Created Permission View: menu access on DAG Run:mod_06_04_deferrable_sensor
[2026-05-10T21:19:05.474+0000] {logging_mixin.py:190} INFO - [2026-05-10T21:19:05.474+0000] {override.py:1912} INFO - Created Permission View: can create on DAG Run:mod_06_04_deferrable_sensor
[2026-05-10T21:19:05.475+0000] {logging_mixin.py:190} INFO - [2026-05-10T21:19:05.475+0000] {override.py:1912} INFO - Created Permission View: can read on DAG Run:mod_06_04_deferrable_sensor
[2026-05-10T21:19:05.476+0000] {logging_mixin.py:190} INFO - [2026-05-10T21:19:05.476+0000] {dag.py:3239} INFO - Sync 1 DAGs
[2026-05-10T21:19:05.481+0000] {logging_mixin.py:190} INFO - [2026-05-10T21:19:05.481+0000] {dag.py:3262} INFO - Creating ORM DAG for mod_06_04_deferrable_sensor
[2026-05-10T21:19:05.482+0000] {logging_mixin.py:190} INFO - [2026-05-10T21:19:05.482+0000] {dag.py:4180} INFO - Setting next_dagrun for mod_06_04_deferrable_sensor to None, run_after=None
[2026-05-10T21:19:05.492+0000] {processor.py:208} INFO - Processing /opt/airflow/dags/06_sensors/04_deferrable_sensor.py took 0.102 seconds
[2026-05-10T21:19:35.689+0000] {processor.py:186} INFO - Started process (PID=491) to work on /opt/airflow/dags/06_sensors/04_deferrable_sensor.py
[2026-05-10T21:19:35.690+0000] {processor.py:914} INFO - Processing file /opt/airflow/dags/06_sensors/04_deferrable_sensor.py for tasks to queue
[2026-05-10T21:19:35.691+0000] {logging_mixin.py:190} INFO - [2026-05-10T21:19:35.691+0000] {dagbag.py:588} INFO - Filling up the DagBag from /opt/airflow/dags/06_sensors/04_deferrable_sensor.py
[2026-05-10T21:19:35.697+0000] {processor.py:925} INFO - DAG(s) 'mod_06_04_deferrable_sensor' retrieved from /opt/airflow/dags/06_sensors/04_deferrable_sensor.py
[2026-05-10T21:19:35.706+0000] {logging_mixin.py:190} INFO - [2026-05-10T21:19:35.706+0000] {dag.py:3239} INFO - Sync 1 DAGs
[2026-05-10T21:19:35.712+0000] {logging_mixin.py:190} INFO - [2026-05-10T21:19:35.712+0000] {dag.py:4180} INFO - Setting next_dagrun for mod_06_04_deferrable_sensor to None, run_after=None
[2026-05-10T21:19:35.724+0000] {processor.py:208} INFO - Processing /opt/airflow/dags/06_sensors/04_deferrable_sensor.py took 0.038 seconds
[2026-05-10T21:20:06.152+0000] {processor.py:186} INFO - Started process (PID=694) to work on /opt/airflow/dags/06_sensors/04_deferrable_sensor.py
[2026-05-10T21:20:06.153+0000] {processor.py:914} INFO - Processing file /opt/airflow/dags/06_sensors/04_deferrable_sensor.py for tasks to queue
[2026-05-10T21:20:06.155+0000] {logging_mixin.py:190} INFO - [2026-05-10T21:20:06.155+0000] {dagbag.py:588} INFO - Filling up the DagBag from /opt/airflow/dags/06_sensors/04_deferrable_sensor.py
[2026-05-10T21:20:06.161+0000] {processor.py:925} INFO - DAG(s) 'mod_06_04_deferrable_sensor' retrieved from /opt/airflow/dags/06_sensors/04_deferrable_sensor.py
[2026-05-10T21:20:06.172+0000] {logging_mixin.py:190} INFO - [2026-05-10T21:20:06.172+0000] {dag.py:3239} INFO - Sync 1 DAGs
[2026-05-10T21:20:06.178+0000] {logging_mixin.py:190} INFO - [2026-05-10T21:20:06.178+0000] {dag.py:4180} INFO - Setting next_dagrun for mod_06_04_deferrable_sensor to None, run_after=None
[2026-05-10T21:20:06.188+0000] {processor.py:208} INFO - Processing /opt/airflow/dags/06_sensors/04_deferrable_sensor.py took 0.038 seconds
[2026-05-10T21:20:36.749+0000] {processor.py:186} INFO - Started process (PID=899) to work on /opt/airflow/dags/06_sensors/04_deferrable_sensor.py
[2026-05-10T21:20:36.750+0000] {processor.py:914} INFO - Processing file /opt/airflow/dags/06_sensors/04_deferrable_sensor.py for tasks to queue
[2026-05-10T21:20:36.751+0000] {logging_mixin.py:190} INFO - [2026-05-10T21:20:36.751+0000] {dagbag.py:588} INFO - Filling up the DagBag from /opt/airflow/dags/06_sensors/04_deferrable_sensor.py
[2026-05-10T21:20:36.768+0000] {processor.py:925} INFO - DAG(s) 'mod_06_04_deferrable_sensor' retrieved from /opt/airflow/dags/06_sensors/04_deferrable_sensor.py
[2026-05-10T21:20:36.790+0000] {logging_mixin.py:190} INFO - [2026-05-10T21:20:36.790+0000] {dag.py:3239} INFO - Sync 1 DAGs
[2026-05-10T21:20:36.796+0000] {logging_mixin.py:190} INFO - [2026-05-10T21:20:36.796+0000] {dag.py:4180} INFO - Setting next_dagrun for mod_06_04_deferrable_sensor to None, run_after=None
[2026-05-10T21:20:36.807+0000] {processor.py:208} INFO - Processing /opt/airflow/dags/06_sensors/04_deferrable_sensor.py took 0.061 seconds
[2026-05-10T21:21:07.288+0000] {processor.py:186} INFO - Started process (PID=1102) to work on /opt/airflow/dags/06_sensors/04_deferrable_sensor.py
[2026-05-10T21:21:07.289+0000] {processor.py:914} INFO - Processing file /opt/airflow/dags/06_sensors/04_deferrable_sensor.py for tasks to queue
[2026-05-10T21:21:07.291+0000] {logging_mixin.py:190} INFO - [2026-05-10T21:21:07.291+0000] {dagbag.py:588} INFO - Filling up the DagBag from /opt/airflow/dags/06_sensors/04_deferrable_sensor.py
[2026-05-10T21:21:07.300+0000] {processor.py:925} INFO - DAG(s) 'mod_06_04_deferrable_sensor' retrieved from /opt/airflow/dags/06_sensors/04_deferrable_sensor.py
[2026-05-10T21:21:07.310+0000] {logging_mixin.py:190} INFO - [2026-05-10T21:21:07.310+0000] {dag.py:3239} INFO - Sync 1 DAGs
[2026-05-10T21:21:07.317+0000] {logging_mixin.py:190} INFO - [2026-05-10T21:21:07.317+0000] {dag.py:4180} INFO - Setting next_dagrun for mod_06_04_deferrable_sensor to None, run_after=None
[2026-05-10T21:21:07.329+0000] {processor.py:208} INFO - Processing /opt/airflow/dags/06_sensors/04_deferrable_sensor.py took 0.044 seconds
[2026-05-10T21:21:37.819+0000] {processor.py:186} INFO - Started process (PID=1303) to work on /opt/airflow/dags/06_sensors/04_deferrable_sensor.py
[2026-05-10T21:21:37.820+0000] {processor.py:914} INFO - Processing file /opt/airflow/dags/06_sensors/04_deferrable_sensor.py for tasks to queue
[2026-05-10T21:21:37.822+0000] {logging_mixin.py:190} INFO - [2026-05-10T21:21:37.822+0000] {dagbag.py:588} INFO - Filling up the DagBag from /opt/airflow/dags/06_sensors/04_deferrable_sensor.py
[2026-05-10T21:21:37.827+0000] {processor.py:925} INFO - DAG(s) 'mod_06_04_deferrable_sensor' retrieved from /opt/airflow/dags/06_sensors/04_deferrable_sensor.py
[2026-05-10T21:21:37.839+0000] {logging_mixin.py:190} INFO - [2026-05-10T21:21:37.838+0000] {dag.py:3239} INFO - Sync 1 DAGs
[2026-05-10T21:21:37.845+0000] {logging_mixin.py:190} INFO - [2026-05-10T21:21:37.845+0000] {dag.py:4180} INFO - Setting next_dagrun for mod_06_04_deferrable_sensor to None, run_after=None
[2026-05-10T21:21:37.856+0000] {processor.py:208} INFO - Processing /opt/airflow/dags/06_sensors/04_deferrable_sensor.py took 0.040 seconds
[2026-05-10T21:22:08.289+0000] {processor.py:186} INFO - Started process (PID=1506) to work on /opt/airflow/dags/06_sensors/04_deferrable_sensor.py
[2026-05-10T21:22:08.290+0000] {processor.py:914} INFO - Processing file /opt/airflow/dags/06_sensors/04_deferrable_sensor.py for tasks to queue
[2026-05-10T21:22:08.292+0000] {logging_mixin.py:190} INFO - [2026-05-10T21:22:08.292+0000] {dagbag.py:588} INFO - Filling up the DagBag from /opt/airflow/dags/06_sensors/04_deferrable_sensor.py
[2026-05-10T21:22:08.298+0000] {processor.py:925} INFO - DAG(s) 'mod_06_04_deferrable_sensor' retrieved from /opt/airflow/dags/06_sensors/04_deferrable_sensor.py
[2026-05-10T21:22:08.309+0000] {logging_mixin.py:190} INFO - [2026-05-10T21:22:08.309+0000] {dag.py:3239} INFO - Sync 1 DAGs
[2026-05-10T21:22:08.315+0000] {logging_mixin.py:190} INFO - [2026-05-10T21:22:08.315+0000] {dag.py:4180} INFO - Setting next_dagrun for mod_06_04_deferrable_sensor to None, run_after=None
[2026-05-10T21:22:08.326+0000] {processor.py:208} INFO - Processing /opt/airflow/dags/06_sensors/04_deferrable_sensor.py took 0.039 seconds
[2026-05-10T21:22:38.743+0000] {processor.py:186} INFO - Started process (PID=1709) to work on /opt/airflow/dags/06_sensors/04_deferrable_sensor.py
[2026-05-10T21:22:38.743+0000] {processor.py:914} INFO - Processing file /opt/airflow/dags/06_sensors/04_deferrable_sensor.py for tasks to queue
[2026-05-10T21:22:38.744+0000] {logging_mixin.py:190} INFO - [2026-05-10T21:22:38.744+0000] {dagbag.py:588} INFO - Filling up the DagBag from /opt/airflow/dags/06_sensors/04_deferrable_sensor.py
[2026-05-10T21:22:38.752+0000] {processor.py:925} INFO - DAG(s) 'mod_06_04_deferrable_sensor' retrieved from /opt/airflow/dags/06_sensors/04_deferrable_sensor.py
[2026-05-10T21:22:38.762+0000] {logging_mixin.py:190} INFO - [2026-05-10T21:22:38.762+0000] {dag.py:3239} INFO - Sync 1 DAGs
[2026-05-10T21:22:38.767+0000] {logging_mixin.py:190} INFO - [2026-05-10T21:22:38.767+0000] {dag.py:4180} INFO - Setting next_dagrun for mod_06_04_deferrable_sensor to None, run_after=None
[2026-05-10T21:22:38.775+0000] {processor.py:208} INFO - Processing /opt/airflow/dags/06_sensors/04_deferrable_sensor.py took 0.035 seconds
[2026-05-10T21:23:09.181+0000] {processor.py:186} INFO - Started process (PID=1912) to work on /opt/airflow/dags/06_sensors/04_deferrable_sensor.py
[2026-05-10T21:23:09.182+0000] {processor.py:914} INFO - Processing file /opt/airflow/dags/06_sensors/04_deferrable_sensor.py for tasks to queue
[2026-05-10T21:23:09.183+0000] {logging_mixin.py:190} INFO - [2026-05-10T21:23:09.183+0000] {dagbag.py:588} INFO - Filling up the DagBag from /opt/airflow/dags/06_sensors/04_deferrable_sensor.py
[2026-05-10T21:23:09.187+0000] {processor.py:925} INFO - DAG(s) 'mod_06_04_deferrable_sensor' retrieved from /opt/airflow/dags/06_sensors/04_deferrable_sensor.py
[2026-05-10T21:23:09.200+0000] {logging_mixin.py:190} INFO - [2026-05-10T21:23:09.200+0000] {dag.py:3239} INFO - Sync 1 DAGs
[2026-05-10T21:23:09.204+0000] {logging_mixin.py:190} INFO - [2026-05-10T21:23:09.204+0000] {dag.py:4180} INFO - Setting next_dagrun for mod_06_04_deferrable_sensor to None, run_after=None
[2026-05-10T21:23:09.212+0000] {processor.py:208} INFO - Processing /opt/airflow/dags/06_sensors/04_deferrable_sensor.py took 0.034 seconds
[2026-05-10T21:23:39.660+0000] {processor.py:186} INFO - Started process (PID=2117) to work on /opt/airflow/dags/06_sensors/04_deferrable_sensor.py
[2026-05-10T21:23:39.660+0000] {processor.py:914} INFO - Processing file /opt/airflow/dags/06_sensors/04_deferrable_sensor.py for tasks to queue
[2026-05-10T21:23:39.661+0000] {logging_mixin.py:190} INFO - [2026-05-10T21:23:39.661+0000] {dagbag.py:588} INFO - Filling up the DagBag from /opt/airflow/dags/06_sensors/04_deferrable_sensor.py
[2026-05-10T21:23:39.665+0000] {processor.py:925} INFO - DAG(s) 'mod_06_04_deferrable_sensor' retrieved from /opt/airflow/dags/06_sensors/04_deferrable_sensor.py
[2026-05-10T21:23:39.673+0000] {logging_mixin.py:190} INFO - [2026-05-10T21:23:39.672+0000] {dag.py:3239} INFO - Sync 1 DAGs
[2026-05-10T21:23:39.677+0000] {logging_mixin.py:190} INFO - [2026-05-10T21:23:39.677+0000] {dag.py:4180} INFO - Setting next_dagrun for mod_06_04_deferrable_sensor to None, run_after=None
[2026-05-10T21:23:39.683+0000] {processor.py:208} INFO - Processing /opt/airflow/dags/06_sensors/04_deferrable_sensor.py took 0.026 seconds
[2026-05-10T21:24:10.199+0000] {processor.py:186} INFO - Started process (PID=2332) to work on /opt/airflow/dags/06_sensors/04_deferrable_sensor.py
[2026-05-10T21:24:10.200+0000] {processor.py:914} INFO - Processing file /opt/airflow/dags/06_sensors/04_deferrable_sensor.py for tasks to queue
[2026-05-10T21:24:10.202+0000] {logging_mixin.py:190} INFO - [2026-05-10T21:24:10.202+0000] {dagbag.py:588} INFO - Filling up the DagBag from /opt/airflow/dags/06_sensors/04_deferrable_sensor.py
[2026-05-10T21:24:10.206+0000] {processor.py:925} INFO - DAG(s) 'mod_06_04_deferrable_sensor' retrieved from /opt/airflow/dags/06_sensors/04_deferrable_sensor.py
[2026-05-10T21:24:10.217+0000] {logging_mixin.py:190} INFO - [2026-05-10T21:24:10.217+0000] {dag.py:3239} INFO - Sync 1 DAGs
[2026-05-10T21:24:10.224+0000] {logging_mixin.py:190} INFO - [2026-05-10T21:24:10.224+0000] {dag.py:4180} INFO - Setting next_dagrun for mod_06_04_deferrable_sensor to None, run_after=None
[2026-05-10T21:24:10.233+0000] {processor.py:208} INFO - Processing /opt/airflow/dags/06_sensors/04_deferrable_sensor.py took 0.037 seconds
[2026-05-10T21:24:40.680+0000] {processor.py:186} INFO - Started process (PID=2535) to work on /opt/airflow/dags/06_sensors/04_deferrable_sensor.py
[2026-05-10T21:24:40.680+0000] {processor.py:914} INFO - Processing file /opt/airflow/dags/06_sensors/04_deferrable_sensor.py for tasks to queue
[2026-05-10T21:24:40.682+0000] {logging_mixin.py:190} INFO - [2026-05-10T21:24:40.681+0000] {dagbag.py:588} INFO - Filling up the DagBag from /opt/airflow/dags/06_sensors/04_deferrable_sensor.py
[2026-05-10T21:24:40.688+0000] {processor.py:925} INFO - DAG(s) 'mod_06_04_deferrable_sensor' retrieved from /opt/airflow/dags/06_sensors/04_deferrable_sensor.py
[2026-05-10T21:24:40.697+0000] {logging_mixin.py:190} INFO - [2026-05-10T21:24:40.697+0000] {dag.py:3239} INFO - Sync 1 DAGs
[2026-05-10T21:24:40.703+0000] {logging_mixin.py:190} INFO - [2026-05-10T21:24:40.703+0000] {dag.py:4180} INFO - Setting next_dagrun for mod_06_04_deferrable_sensor to None, run_after=None
[2026-05-10T21:24:40.712+0000] {processor.py:208} INFO - Processing /opt/airflow/dags/06_sensors/04_deferrable_sensor.py took 0.034 seconds
[2026-05-10T21:25:11.169+0000] {processor.py:186} INFO - Started process (PID=2738) to work on /opt/airflow/dags/06_sensors/04_deferrable_sensor.py
[2026-05-10T21:25:11.170+0000] {processor.py:914} INFO - Processing file /opt/airflow/dags/06_sensors/04_deferrable_sensor.py for tasks to queue
[2026-05-10T21:25:11.172+0000] {logging_mixin.py:190} INFO - [2026-05-10T21:25:11.172+0000] {dagbag.py:588} INFO - Filling up the DagBag from /opt/airflow/dags/06_sensors/04_deferrable_sensor.py
[2026-05-10T21:25:11.179+0000] {processor.py:925} INFO - DAG(s) 'mod_06_04_deferrable_sensor' retrieved from /opt/airflow/dags/06_sensors/04_deferrable_sensor.py
[2026-05-10T21:25:11.190+0000] {logging_mixin.py:190} INFO - [2026-05-10T21:25:11.190+0000] {dag.py:3239} INFO - Sync 1 DAGs
[2026-05-10T21:25:11.196+0000] {logging_mixin.py:190} INFO - [2026-05-10T21:25:11.196+0000] {dag.py:4180} INFO - Setting next_dagrun for mod_06_04_deferrable_sensor to None, run_after=None
[2026-05-10T21:25:11.203+0000] {processor.py:208} INFO - Processing /opt/airflow/dags/06_sensors/04_deferrable_sensor.py took 0.039 seconds
[2026-05-10T21:25:41.754+0000] {processor.py:186} INFO - Started process (PID=2943) to work on /opt/airflow/dags/06_sensors/04_deferrable_sensor.py
[2026-05-10T21:25:41.755+0000] {processor.py:914} INFO - Processing file /opt/airflow/dags/06_sensors/04_deferrable_sensor.py for tasks to queue
[2026-05-10T21:25:41.755+0000] {logging_mixin.py:190} INFO - [2026-05-10T21:25:41.755+0000] {dagbag.py:588} INFO - Filling up the DagBag from /opt/airflow/dags/06_sensors/04_deferrable_sensor.py
[2026-05-10T21:25:41.764+0000] {processor.py:925} INFO - DAG(s) 'mod_06_04_deferrable_sensor' retrieved from /opt/airflow/dags/06_sensors/04_deferrable_sensor.py
[2026-05-10T21:25:41.773+0000] {logging_mixin.py:190} INFO - [2026-05-10T21:25:41.772+0000] {dag.py:3239} INFO - Sync 1 DAGs
[2026-05-10T21:25:41.779+0000] {logging_mixin.py:190} INFO - [2026-05-10T21:25:41.779+0000] {dag.py:4180} INFO - Setting next_dagrun for mod_06_04_deferrable_sensor to None, run_after=None
[2026-05-10T21:25:41.786+0000] {processor.py:208} INFO - Processing /opt/airflow/dags/06_sensors/04_deferrable_sensor.py took 0.035 seconds
[2026-05-10T21:26:12.337+0000] {processor.py:186} INFO - Started process (PID=3146) to work on /opt/airflow/dags/06_sensors/04_deferrable_sensor.py
[2026-05-10T21:26:12.337+0000] {processor.py:914} INFO - Processing file /opt/airflow/dags/06_sensors/04_deferrable_sensor.py for tasks to queue
[2026-05-10T21:26:12.338+0000] {logging_mixin.py:190} INFO - [2026-05-10T21:26:12.338+0000] {dagbag.py:588} INFO - Filling up the DagBag from /opt/airflow/dags/06_sensors/04_deferrable_sensor.py
[2026-05-10T21:26:12.344+0000] {processor.py:925} INFO - DAG(s) 'mod_06_04_deferrable_sensor' retrieved from /opt/airflow/dags/06_sensors/04_deferrable_sensor.py
[2026-05-10T21:26:12.358+0000] {logging_mixin.py:190} INFO - [2026-05-10T21:26:12.355+0000] {dag.py:3239} INFO - Sync 1 DAGs
[2026-05-10T21:26:12.363+0000] {logging_mixin.py:190} INFO - [2026-05-10T21:26:12.363+0000] {dag.py:4180} INFO - Setting next_dagrun for mod_06_04_deferrable_sensor to None, run_after=None
[2026-05-10T21:26:12.373+0000] {processor.py:208} INFO - Processing /opt/airflow/dags/06_sensors/04_deferrable_sensor.py took 0.040 seconds
[2026-05-10T21:26:42.832+0000] {processor.py:186} INFO - Started process (PID=3349) to work on /opt/airflow/dags/06_sensors/04_deferrable_sensor.py
[2026-05-10T21:26:42.832+0000] {processor.py:914} INFO - Processing file /opt/airflow/dags/06_sensors/04_deferrable_sensor.py for tasks to queue
[2026-05-10T21:26:42.833+0000] {logging_mixin.py:190} INFO - [2026-05-10T21:26:42.833+0000] {dagbag.py:588} INFO - Filling up the DagBag from /opt/airflow/dags/06_sensors/04_deferrable_sensor.py
[2026-05-10T21:26:42.838+0000] {processor.py:925} INFO - DAG(s) 'mod_06_04_deferrable_sensor' retrieved from /opt/airflow/dags/06_sensors/04_deferrable_sensor.py
[2026-05-10T21:26:42.851+0000] {logging_mixin.py:190} INFO - [2026-05-10T21:26:42.851+0000] {dag.py:3239} INFO - Sync 1 DAGs
[2026-05-10T21:26:42.857+0000] {logging_mixin.py:190} INFO - [2026-05-10T21:26:42.857+0000] {dag.py:4180} INFO - Setting next_dagrun for mod_06_04_deferrable_sensor to None, run_after=None
[2026-05-10T21:26:42.869+0000] {processor.py:208} INFO - Processing /opt/airflow/dags/06_sensors/04_deferrable_sensor.py took 0.040 seconds
[2026-05-10T21:27:13.419+0000] {processor.py:186} INFO - Started process (PID=3550) to work on /opt/airflow/dags/06_sensors/04_deferrable_sensor.py
[2026-05-10T21:27:13.420+0000] {processor.py:914} INFO - Processing file /opt/airflow/dags/06_sensors/04_deferrable_sensor.py for tasks to queue
[2026-05-10T21:27:13.422+0000] {logging_mixin.py:190} INFO - [2026-05-10T21:27:13.421+0000] {dagbag.py:588} INFO - Filling up the DagBag from /opt/airflow/dags/06_sensors/04_deferrable_sensor.py
[2026-05-10T21:27:13.431+0000] {processor.py:925} INFO - DAG(s) 'mod_06_04_deferrable_sensor' retrieved from /opt/airflow/dags/06_sensors/04_deferrable_sensor.py
[2026-05-10T21:27:13.445+0000] {logging_mixin.py:190} INFO - [2026-05-10T21:27:13.445+0000] {dag.py:3239} INFO - Sync 1 DAGs
[2026-05-10T21:27:13.451+0000] {logging_mixin.py:190} INFO - [2026-05-10T21:27:13.451+0000] {dag.py:4180} INFO - Setting next_dagrun for mod_06_04_deferrable_sensor to None, run_after=None
[2026-05-10T21:27:13.462+0000] {processor.py:208} INFO - Processing /opt/airflow/dags/06_sensors/04_deferrable_sensor.py took 0.045 seconds
[2026-05-10T21:27:43.947+0000] {processor.py:186} INFO - Started process (PID=3755) to work on /opt/airflow/dags/06_sensors/04_deferrable_sensor.py
[2026-05-10T21:27:43.947+0000] {processor.py:914} INFO - Processing file /opt/airflow/dags/06_sensors/04_deferrable_sensor.py for tasks to queue
[2026-05-10T21:27:43.948+0000] {logging_mixin.py:190} INFO - [2026-05-10T21:27:43.948+0000] {dagbag.py:588} INFO - Filling up the DagBag from /opt/airflow/dags/06_sensors/04_deferrable_sensor.py
[2026-05-10T21:27:43.952+0000] {processor.py:925} INFO - DAG(s) 'mod_06_04_deferrable_sensor' retrieved from /opt/airflow/dags/06_sensors/04_deferrable_sensor.py
[2026-05-10T21:27:43.960+0000] {logging_mixin.py:190} INFO - [2026-05-10T21:27:43.960+0000] {dag.py:3239} INFO - Sync 1 DAGs
[2026-05-10T21:27:43.965+0000] {logging_mixin.py:190} INFO - [2026-05-10T21:27:43.964+0000] {dag.py:4180} INFO - Setting next_dagrun for mod_06_04_deferrable_sensor to None, run_after=None
[2026-05-10T21:27:43.970+0000] {processor.py:208} INFO - Processing /opt/airflow/dags/06_sensors/04_deferrable_sensor.py took 0.025 seconds
[2026-05-10T21:28:14.426+0000] {processor.py:186} INFO - Started process (PID=3958) to work on /opt/airflow/dags/06_sensors/04_deferrable_sensor.py
[2026-05-10T21:28:14.426+0000] {processor.py:914} INFO - Processing file /opt/airflow/dags/06_sensors/04_deferrable_sensor.py for tasks to queue
[2026-05-10T21:28:14.427+0000] {logging_mixin.py:190} INFO - [2026-05-10T21:28:14.427+0000] {dagbag.py:588} INFO - Filling up the DagBag from /opt/airflow/dags/06_sensors/04_deferrable_sensor.py
[2026-05-10T21:28:14.431+0000] {processor.py:925} INFO - DAG(s) 'mod_06_04_deferrable_sensor' retrieved from /opt/airflow/dags/06_sensors/04_deferrable_sensor.py
[2026-05-10T21:28:14.439+0000] {logging_mixin.py:190} INFO - [2026-05-10T21:28:14.438+0000] {dag.py:3239} INFO - Sync 1 DAGs
[2026-05-10T21:28:14.443+0000] {logging_mixin.py:190} INFO - [2026-05-10T21:28:14.443+0000] {dag.py:4180} INFO - Setting next_dagrun for mod_06_04_deferrable_sensor to None, run_after=None
[2026-05-10T21:28:14.448+0000] {processor.py:208} INFO - Processing /opt/airflow/dags/06_sensors/04_deferrable_sensor.py took 0.025 seconds
[2026-05-10T21:28:44.986+0000] {processor.py:186} INFO - Started process (PID=4159) to work on /opt/airflow/dags/06_sensors/04_deferrable_sensor.py
[2026-05-10T21:28:44.987+0000] {processor.py:914} INFO - Processing file /opt/airflow/dags/06_sensors/04_deferrable_sensor.py for tasks to queue
[2026-05-10T21:28:44.989+0000] {logging_mixin.py:190} INFO - [2026-05-10T21:28:44.988+0000] {dagbag.py:588} INFO - Filling up the DagBag from /opt/airflow/dags/06_sensors/04_deferrable_sensor.py
[2026-05-10T21:28:44.996+0000] {processor.py:925} INFO - DAG(s) 'mod_06_04_deferrable_sensor' retrieved from /opt/airflow/dags/06_sensors/04_deferrable_sensor.py
[2026-05-10T21:28:45.009+0000] {logging_mixin.py:190} INFO - [2026-05-10T21:28:45.009+0000] {dag.py:3239} INFO - Sync 1 DAGs
[2026-05-10T21:28:45.018+0000] {logging_mixin.py:190} INFO - [2026-05-10T21:28:45.018+0000] {dag.py:4180} INFO - Setting next_dagrun for mod_06_04_deferrable_sensor to None, run_after=None
[2026-05-10T21:28:45.028+0000] {processor.py:208} INFO - Processing /opt/airflow/dags/06_sensors/04_deferrable_sensor.py took 0.045 seconds
[2026-05-10T21:29:15.495+0000] {processor.py:186} INFO - Started process (PID=4362) to work on /opt/airflow/dags/06_sensors/04_deferrable_sensor.py
[2026-05-10T21:29:15.496+0000] {processor.py:914} INFO - Processing file /opt/airflow/dags/06_sensors/04_deferrable_sensor.py for tasks to queue
[2026-05-10T21:29:15.497+0000] {logging_mixin.py:190} INFO - [2026-05-10T21:29:15.497+0000] {dagbag.py:588} INFO - Filling up the DagBag from /opt/airflow/dags/06_sensors/04_deferrable_sensor.py
[2026-05-10T21:29:15.502+0000] {processor.py:925} INFO - DAG(s) 'mod_06_04_deferrable_sensor' retrieved from /opt/airflow/dags/06_sensors/04_deferrable_sensor.py
[2026-05-10T21:29:15.518+0000] {logging_mixin.py:190} INFO - [2026-05-10T21:29:15.518+0000] {dag.py:3239} INFO - Sync 1 DAGs
[2026-05-10T21:29:15.523+0000] {logging_mixin.py:190} INFO - [2026-05-10T21:29:15.523+0000] {dag.py:4180} INFO - Setting next_dagrun for mod_06_04_deferrable_sensor to None, run_after=None
[2026-05-10T21:29:15.533+0000] {processor.py:208} INFO - Processing /opt/airflow/dags/06_sensors/04_deferrable_sensor.py took 0.040 seconds
[2026-05-10T21:29:46.113+0000] {processor.py:186} INFO - Started process (PID=4567) to work on /opt/airflow/dags/06_sensors/04_deferrable_sensor.py
[2026-05-10T21:29:46.113+0000] {processor.py:914} INFO - Processing file /opt/airflow/dags/06_sensors/04_deferrable_sensor.py for tasks to queue
[2026-05-10T21:29:46.114+0000] {logging_mixin.py:190} INFO - [2026-05-10T21:29:46.114+0000] {dagbag.py:588} INFO - Filling up the DagBag from /opt/airflow/dags/06_sensors/04_deferrable_sensor.py
[2026-05-10T21:29:46.119+0000] {processor.py:925} INFO - DAG(s) 'mod_06_04_deferrable_sensor' retrieved from /opt/airflow/dags/06_sensors/04_deferrable_sensor.py
[2026-05-10T21:29:46.130+0000] {logging_mixin.py:190} INFO - [2026-05-10T21:29:46.130+0000] {dag.py:3239} INFO - Sync 1 DAGs
[2026-05-10T21:29:46.135+0000] {logging_mixin.py:190} INFO - [2026-05-10T21:29:46.135+0000] {dag.py:4180} INFO - Setting next_dagrun for mod_06_04_deferrable_sensor to None, run_after=None
[2026-05-10T21:29:46.143+0000] {processor.py:208} INFO - Processing /opt/airflow/dags/06_sensors/04_deferrable_sensor.py took 0.033 seconds
[2026-05-10T21:30:16.535+0000] {processor.py:186} INFO - Started process (PID=4768) to work on /opt/airflow/dags/06_sensors/04_deferrable_sensor.py
[2026-05-10T21:30:16.537+0000] {processor.py:914} INFO - Processing file /opt/airflow/dags/06_sensors/04_deferrable_sensor.py for tasks to queue
[2026-05-10T21:30:16.538+0000] {logging_mixin.py:190} INFO - [2026-05-10T21:30:16.538+0000] {dagbag.py:588} INFO - Filling up the DagBag from /opt/airflow/dags/06_sensors/04_deferrable_sensor.py
[2026-05-10T21:30:16.544+0000] {processor.py:925} INFO - DAG(s) 'mod_06_04_deferrable_sensor' retrieved from /opt/airflow/dags/06_sensors/04_deferrable_sensor.py
[2026-05-10T21:30:16.555+0000] {logging_mixin.py:190} INFO - [2026-05-10T21:30:16.555+0000] {dag.py:3239} INFO - Sync 1 DAGs
[2026-05-10T21:30:16.561+0000] {logging_mixin.py:190} INFO - [2026-05-10T21:30:16.561+0000] {dag.py:4180} INFO - Setting next_dagrun for mod_06_04_deferrable_sensor to None, run_after=None
[2026-05-10T21:30:16.572+0000] {processor.py:208} INFO - Processing /opt/airflow/dags/06_sensors/04_deferrable_sensor.py took 0.039 seconds
[2026-05-10T21:30:47.098+0000] {processor.py:186} INFO - Started process (PID=4973) to work on /opt/airflow/dags/06_sensors/04_deferrable_sensor.py
[2026-05-10T21:30:47.099+0000] {processor.py:914} INFO - Processing file /opt/airflow/dags/06_sensors/04_deferrable_sensor.py for tasks to queue
[2026-05-10T21:30:47.099+0000] {logging_mixin.py:190} INFO - [2026-05-10T21:30:47.099+0000] {dagbag.py:588} INFO - Filling up the DagBag from /opt/airflow/dags/06_sensors/04_deferrable_sensor.py
[2026-05-10T21:30:47.103+0000] {processor.py:925} INFO - DAG(s) 'mod_06_04_deferrable_sensor' retrieved from /opt/airflow/dags/06_sensors/04_deferrable_sensor.py
[2026-05-10T21:30:47.111+0000] {logging_mixin.py:190} INFO - [2026-05-10T21:30:47.111+0000] {dag.py:3239} INFO - Sync 1 DAGs
[2026-05-10T21:30:47.116+0000] {logging_mixin.py:190} INFO - [2026-05-10T21:30:47.116+0000] {dag.py:4180} INFO - Setting next_dagrun for mod_06_04_deferrable_sensor to None, run_after=None
[2026-05-10T21:30:47.122+0000] {processor.py:208} INFO - Processing /opt/airflow/dags/06_sensors/04_deferrable_sensor.py took 0.026 seconds
[2026-05-10T21:31:17.672+0000] {processor.py:186} INFO - Started process (PID=5174) to work on /opt/airflow/dags/06_sensors/04_deferrable_sensor.py
[2026-05-10T21:31:17.672+0000] {processor.py:914} INFO - Processing file /opt/airflow/dags/06_sensors/04_deferrable_sensor.py for tasks to queue
[2026-05-10T21:31:17.674+0000] {logging_mixin.py:190} INFO - [2026-05-10T21:31:17.674+0000] {dagbag.py:588} INFO - Filling up the DagBag from /opt/airflow/dags/06_sensors/04_deferrable_sensor.py
[2026-05-10T21:31:17.678+0000] {processor.py:925} INFO - DAG(s) 'mod_06_04_deferrable_sensor' retrieved from /opt/airflow/dags/06_sensors/04_deferrable_sensor.py
[2026-05-10T21:31:17.690+0000] {logging_mixin.py:190} INFO - [2026-05-10T21:31:17.690+0000] {dag.py:3239} INFO - Sync 1 DAGs
[2026-05-10T21:31:17.696+0000] {logging_mixin.py:190} INFO - [2026-05-10T21:31:17.696+0000] {dag.py:4180} INFO - Setting next_dagrun for mod_06_04_deferrable_sensor to None, run_after=None
[2026-05-10T21:31:17.707+0000] {processor.py:208} INFO - Processing /opt/airflow/dags/06_sensors/04_deferrable_sensor.py took 0.038 seconds
[2026-05-10T21:31:48.176+0000] {processor.py:186} INFO - Started process (PID=5379) to work on /opt/airflow/dags/06_sensors/04_deferrable_sensor.py
[2026-05-10T21:31:48.176+0000] {processor.py:914} INFO - Processing file /opt/airflow/dags/06_sensors/04_deferrable_sensor.py for tasks to queue
[2026-05-10T21:31:48.177+0000] {logging_mixin.py:190} INFO - [2026-05-10T21:31:48.177+0000] {dagbag.py:588} INFO - Filling up the DagBag from /opt/airflow/dags/06_sensors/04_deferrable_sensor.py
[2026-05-10T21:31:48.181+0000] {processor.py:925} INFO - DAG(s) 'mod_06_04_deferrable_sensor' retrieved from /opt/airflow/dags/06_sensors/04_deferrable_sensor.py
[2026-05-10T21:31:48.189+0000] {logging_mixin.py:190} INFO - [2026-05-10T21:31:48.189+0000] {dag.py:3239} INFO - Sync 1 DAGs
[2026-05-10T21:31:48.193+0000] {logging_mixin.py:190} INFO - [2026-05-10T21:31:48.193+0000] {dag.py:4180} INFO - Setting next_dagrun for mod_06_04_deferrable_sensor to None, run_after=None
[2026-05-10T21:31:48.199+0000] {processor.py:208} INFO - Processing /opt/airflow/dags/06_sensors/04_deferrable_sensor.py took 0.025 seconds
